<?xml version="1.0" encoding="UTF-8"?>
<testsuites>
  <testsuite name="/app/phpunit.xml.dist" tests="223" assertions="572" errors="0" failures="0" skipped="0" time="10.095543">
    <testsuite name="Unit" tests="124" assertions="468" errors="0" failures="0" skipped="0" time="4.848614">
      <testsuite name="Tests\Unit\Playground\Stub\Configuration\Configuration\AddClassFileToTest" file="/app/tests/Unit/Configuration/Configuration/AddClassFileToTest.php" tests="4" assertions="12" errors="0" failures="0" skipped="0" time="0.414325">
        <testcase name="test_addClassFileTo_without_property" file="/app/tests/Unit/Configuration/Configuration/AddClassFileToTest.php" line="23" class="Tests\Unit\Playground\Stub\Configuration\Configuration\AddClassFileToTest" classname="Tests.Unit.Playground.Stub.Configuration.Configuration.AddClassFileToTest" assertions="3" time="0.342923"/>
        <testcase name="test_addClassFileTo_without_file" file="/app/tests/Unit/Configuration/Configuration/AddClassFileToTest.php" line="43" class="Tests\Unit\Playground\Stub\Configuration\Configuration\AddClassFileToTest" classname="Tests.Unit.Playground.Stub.Configuration.Configuration.AddClassFileToTest" assertions="3" time="0.024764"/>
        <testcase name="test_addClassFileTo_with_missing_property" file="/app/tests/Unit/Configuration/Configuration/AddClassFileToTest.php" line="63" class="Tests\Unit\Playground\Stub\Configuration\Configuration\AddClassFileToTest" classname="Tests.Unit.Playground.Stub.Configuration.Configuration.AddClassFileToTest" assertions="3" time="0.022809"/>
        <testcase name="test_addClassFileTo_with_valid_parameters_and_succeed" file="/app/tests/Unit/Configuration/Configuration/AddClassFileToTest.php" line="83" class="Tests\Unit\Playground\Stub\Configuration\Configuration\AddClassFileToTest" classname="Tests.Unit.Playground.Stub.Configuration.Configuration.AddClassFileToTest" assertions="3" time="0.023829"/>
      </testsuite>
      <testsuite name="Tests\Unit\Playground\Stub\Configuration\Configuration\AddClassToTest" file="/app/tests/Unit/Configuration/Configuration/AddClassToTest.php" tests="4" assertions="12" errors="0" failures="0" skipped="0" time="0.099967">
        <testcase name="test_addClassTo_without_property" file="/app/tests/Unit/Configuration/Configuration/AddClassToTest.php" line="23" class="Tests\Unit\Playground\Stub\Configuration\Configuration\AddClassToTest" classname="Tests.Unit.Playground.Stub.Configuration.Configuration.AddClassToTest" assertions="3" time="0.031942"/>
        <testcase name="test_addClassTo_without_fqdn" file="/app/tests/Unit/Configuration/Configuration/AddClassToTest.php" line="43" class="Tests\Unit\Playground\Stub\Configuration\Configuration\AddClassToTest" classname="Tests.Unit.Playground.Stub.Configuration.Configuration.AddClassToTest" assertions="3" time="0.022926"/>
        <testcase name="test_addClassTo_with_missing_property" file="/app/tests/Unit/Configuration/Configuration/AddClassToTest.php" line="62" class="Tests\Unit\Playground\Stub\Configuration\Configuration\AddClassToTest" classname="Tests.Unit.Playground.Stub.Configuration.Configuration.AddClassToTest" assertions="3" time="0.022746"/>
        <testcase name="test_addClassTo_with_valid_parameters_and_succeed" file="/app/tests/Unit/Configuration/Configuration/AddClassToTest.php" line="82" class="Tests\Unit\Playground\Stub\Configuration\Configuration\AddClassToTest" classname="Tests.Unit.Playground.Stub.Configuration.Configuration.AddClassToTest" assertions="3" time="0.022354"/>
      </testsuite>
      <testsuite name="Tests\Unit\Playground\Stub\Configuration\Configuration\AddMappedClassToTest" file="/app/tests/Unit/Configuration/Configuration/AddMappedClassToTest.php" tests="5" assertions="15" errors="0" failures="0" skipped="0" time="0.114940">
        <testcase name="test_addMappedClassTo_without_property" file="/app/tests/Unit/Configuration/Configuration/AddMappedClassToTest.php" line="23" class="Tests\Unit\Playground\Stub\Configuration\Configuration\AddMappedClassToTest" classname="Tests.Unit.Playground.Stub.Configuration.Configuration.AddMappedClassToTest" assertions="3" time="0.023165"/>
        <testcase name="test_addMappedClassTo_without_key" file="/app/tests/Unit/Configuration/Configuration/AddMappedClassToTest.php" line="45" class="Tests\Unit\Playground\Stub\Configuration\Configuration\AddMappedClassToTest" classname="Tests.Unit.Playground.Stub.Configuration.Configuration.AddMappedClassToTest" assertions="3" time="0.022744"/>
        <testcase name="test_addMappedClassTo_without_value" file="/app/tests/Unit/Configuration/Configuration/AddMappedClassToTest.php" line="67" class="Tests\Unit\Playground\Stub\Configuration\Configuration\AddMappedClassToTest" classname="Tests.Unit.Playground.Stub.Configuration.Configuration.AddMappedClassToTest" assertions="3" time="0.022458"/>
        <testcase name="test_addMappedClassTo_with_missing_property" file="/app/tests/Unit/Configuration/Configuration/AddMappedClassToTest.php" line="89" class="Tests\Unit\Playground\Stub\Configuration\Configuration\AddMappedClassToTest" classname="Tests.Unit.Playground.Stub.Configuration.Configuration.AddMappedClassToTest" assertions="3" time="0.022649"/>
        <testcase name="test_addMappedClassTo_with_valid_parameters_and_succeed" file="/app/tests/Unit/Configuration/Configuration/AddMappedClassToTest.php" line="111" class="Tests\Unit\Playground\Stub\Configuration\Configuration\AddMappedClassToTest" classname="Tests.Unit.Playground.Stub.Configuration.Configuration.AddMappedClassToTest" assertions="3" time="0.023925"/>
      </testsuite>
      <testsuite name="Tests\Unit\Playground\Stub\Configuration\Configuration\AddToUseTest" file="/app/tests/Unit/Configuration/Configuration/AddToUseTest.php" tests="3" assertions="9" errors="0" failures="0" skipped="0" time="0.070677">
        <testcase name="test_addToUse_without_class" file="/app/tests/Unit/Configuration/Configuration/AddToUseTest.php" line="23" class="Tests\Unit\Playground\Stub\Configuration\Configuration\AddToUseTest" classname="Tests.Unit.Playground.Stub.Configuration.Configuration.AddToUseTest" assertions="3" time="0.022606"/>
        <testcase name="test_addToUse_without_key_and_succeed" file="/app/tests/Unit/Configuration/Configuration/AddToUseTest.php" line="43" class="Tests\Unit\Playground\Stub\Configuration\Configuration\AddToUseTest" classname="Tests.Unit.Playground.Stub.Configuration.Configuration.AddToUseTest" assertions="3" time="0.024261"/>
        <testcase name="test_addToUse_with_key_and_succeed" file="/app/tests/Unit/Configuration/Configuration/AddToUseTest.php" line="58" class="Tests\Unit\Playground\Stub\Configuration\Configuration\AddToUseTest" classname="Tests.Unit.Playground.Stub.Configuration.Configuration.AddToUseTest" assertions="3" time="0.023809"/>
      </testsuite>
      <testsuite name="Tests\Unit\Playground\Stub\Configuration\Configuration\InstanceTest" file="/app/tests/Unit/Configuration/Configuration/InstanceTest.php" tests="5" assertions="15" errors="0" failures="0" skipped="0" time="0.108636">
        <testcase name="test_instance" file="/app/tests/Unit/Configuration/Configuration/InstanceTest.php" line="21" class="Tests\Unit\Playground\Stub\Configuration\Configuration\InstanceTest" classname="Tests.Unit.Playground.Stub.Configuration.Configuration.InstanceTest" assertions="1" time="0.020954"/>
        <testcase name="test_instance_apply_without_options" file="/app/tests/Unit/Configuration/Configuration/InstanceTest.php" line="48" class="Tests\Unit\Playground\Stub\Configuration\Configuration\InstanceTest" classname="Tests.Unit.Playground.Stub.Configuration.Configuration.InstanceTest" assertions="4" time="0.021811"/>
        <testcase name="test_folder_is_empty_by_default" file="/app/tests/Unit/Configuration/Configuration/InstanceTest.php" line="65" class="Tests\Unit\Playground\Stub\Configuration\Configuration\InstanceTest" classname="Tests.Unit.Playground.Stub.Configuration.Configuration.InstanceTest" assertions="3" time="0.021933"/>
        <testcase name="test_folder_with_empty_setFolder" file="/app/tests/Unit/Configuration/Configuration/InstanceTest.php" line="75" class="Tests\Unit\Playground\Stub\Configuration\Configuration\InstanceTest" classname="Tests.Unit.Playground.Stub.Configuration.Configuration.InstanceTest" assertions="3" time="0.021823"/>
        <testcase name="test_folder_with_path_for_setFolder" file="/app/tests/Unit/Configuration/Configuration/InstanceTest.php" line="85" class="Tests\Unit\Playground\Stub\Configuration\Configuration\InstanceTest" classname="Tests.Unit.Playground.Stub.Configuration.Configuration.InstanceTest" assertions="4" time="0.022116"/>
      </testsuite>
      <testsuite name="Tests\Unit\Playground\Stub\Configuration\Configuration\PropertiesTest" file="/app/tests/Unit/Configuration/Configuration/PropertiesTest.php" tests="3" assertions="40" errors="0" failures="0" skipped="0" time="0.066802">
        <testcase name="test_properties" file="/app/tests/Unit/Configuration/Configuration/PropertiesTest.php" line="39" class="Tests\Unit\Playground\Stub\Configuration\Configuration\PropertiesTest" classname="Tests.Unit.Playground.Stub.Configuration.Configuration.PropertiesTest" assertions="5" time="0.021056"/>
        <testcase name="test_properties_with_all_options_without_apply" file="/app/tests/Unit/Configuration/Configuration/PropertiesTest.php" line="58" class="Tests\Unit\Playground\Stub\Configuration\Configuration\PropertiesTest" classname="Tests.Unit.Playground.Stub.Configuration.Configuration.PropertiesTest" assertions="17" time="0.023169"/>
        <testcase name="test_properties_with_all_options_with_apply" file="/app/tests/Unit/Configuration/Configuration/PropertiesTest.php" line="107" class="Tests\Unit\Playground\Stub\Configuration\Configuration\PropertiesTest" classname="Tests.Unit.Playground.Stub.Configuration.Configuration.PropertiesTest" assertions="18" time="0.022577"/>
      </testsuite>
      <testsuite name="Tests\Unit\Playground\Stub\Configuration\Configuration\SkeletonTest" file="/app/tests/Unit/Configuration/Configuration/SkeletonTest.php" tests="7" assertions="10" errors="0" failures="0" skipped="0" time="0.155630">
        <testcase name="test_skeleton" file="/app/tests/Unit/Configuration/Configuration/SkeletonTest.php" line="19" class="Tests\Unit\Playground\Stub\Configuration\Configuration\SkeletonTest" classname="Tests.Unit.Playground.Stub.Configuration.Configuration.SkeletonTest" assertions="2" time="0.021202"/>
        <testcase name="test_skeleton_withSkeleton" file="/app/tests/Unit/Configuration/Configuration/SkeletonTest.php" line="28" class="Tests\Unit\Playground\Stub\Configuration\Configuration\SkeletonTest" classname="Tests.Unit.Playground.Stub.Configuration.Configuration.SkeletonTest" assertions="2" time="0.021204"/>
        <testcase name="test_skeleton_option_as_false" file="/app/tests/Unit/Configuration/Configuration/SkeletonTest.php" line="39" class="Tests\Unit\Playground\Stub\Configuration\Configuration\SkeletonTest" classname="Tests.Unit.Playground.Stub.Configuration.Configuration.SkeletonTest" assertions="1" time="0.022171"/>
        <testcase name="test_skeleton_option_as_true" file="/app/tests/Unit/Configuration/Configuration/SkeletonTest.php" line="50" class="Tests\Unit\Playground\Stub\Configuration\Configuration\SkeletonTest" classname="Tests.Unit.Playground.Stub.Configuration.Configuration.SkeletonTest" assertions="1" time="0.024542"/>
        <testcase name="test_skeleton_parameter_as_true" file="/app/tests/Unit/Configuration/Configuration/SkeletonTest.php" line="61" class="Tests\Unit\Playground\Stub\Configuration\Configuration\SkeletonTest" classname="Tests.Unit.Playground.Stub.Configuration.Configuration.SkeletonTest" assertions="1" time="0.022060"/>
        <testcase name="test_skeleton_parameter_as_false_overrules_option" file="/app/tests/Unit/Configuration/Configuration/SkeletonTest.php" line="70" class="Tests\Unit\Playground\Stub\Configuration\Configuration\SkeletonTest" classname="Tests.Unit.Playground.Stub.Configuration.Configuration.SkeletonTest" assertions="1" time="0.022126"/>
        <testcase name="test_skeleton_parameter_as_true_overrules_option" file="/app/tests/Unit/Configuration/Configuration/SkeletonTest.php" line="81" class="Tests\Unit\Playground\Stub\Configuration\Configuration\SkeletonTest" classname="Tests.Unit.Playground.Stub.Configuration.Configuration.SkeletonTest" assertions="2" time="0.022326"/>
      </testsuite>
      <testsuite name="Tests\Unit\Playground\Stub\Configuration\Factory\InstanceTest" file="/app/tests/Unit/Configuration/Factory/InstanceTest.php" tests="4" assertions="21" errors="0" failures="0" skipped="0" time="0.095115">
        <testcase name="test_instance" file="/app/tests/Unit/Configuration/Factory/InstanceTest.php" line="19" class="Tests\Unit\Playground\Stub\Configuration\Factory\InstanceTest" classname="Tests.Unit.Playground.Stub.Configuration.Factory.InstanceTest" assertions="1" time="0.029837"/>
        <testcase name="test_instance_apply_without_options" file="/app/tests/Unit/Configuration/Factory/InstanceTest.php" line="46" class="Tests\Unit\Playground\Stub\Configuration\Factory\InstanceTest" classname="Tests.Unit.Playground.Stub.Configuration.Factory.InstanceTest" assertions="4" time="0.021590"/>
        <testcase name="test_folder_is_empty_by_default" file="/app/tests/Unit/Configuration/Factory/InstanceTest.php" line="63" class="Tests\Unit\Playground\Stub\Configuration\Factory\InstanceTest" classname="Tests.Unit.Playground.Stub.Configuration.Factory.InstanceTest" assertions="3" time="0.021439"/>
        <testcase name="test_factory_for_model_with_file_and_skeleton" file="/app/tests/Unit/Configuration/Factory/InstanceTest.php" line="73" class="Tests\Unit\Playground\Stub\Configuration\Factory\InstanceTest" classname="Tests.Unit.Playground.Stub.Configuration.Factory.InstanceTest" assertions="13" time="0.022249"/>
      </testsuite>
      <testsuite name="Tests\Unit\Playground\Stub\Configuration\Migration\InstanceTest" file="/app/tests/Unit/Configuration/Migration/InstanceTest.php" tests="4" assertions="24" errors="0" failures="0" skipped="0" time="0.100452">
        <testcase name="test_instance" file="/app/tests/Unit/Configuration/Migration/InstanceTest.php" line="19" class="Tests\Unit\Playground\Stub\Configuration\Migration\InstanceTest" classname="Tests.Unit.Playground.Stub.Configuration.Migration.InstanceTest" assertions="1" time="0.033169"/>
        <testcase name="test_instance_apply_without_options" file="/app/tests/Unit/Configuration/Migration/InstanceTest.php" line="47" class="Tests\Unit\Playground\Stub\Configuration\Migration\InstanceTest" classname="Tests.Unit.Playground.Stub.Configuration.Migration.InstanceTest" assertions="4" time="0.023101"/>
        <testcase name="test_folder_is_empty_by_default" file="/app/tests/Unit/Configuration/Migration/InstanceTest.php" line="64" class="Tests\Unit\Playground\Stub\Configuration\Migration\InstanceTest" classname="Tests.Unit.Playground.Stub.Configuration.Migration.InstanceTest" assertions="3" time="0.021663"/>
        <testcase name="test_migration_for_model_with_file_and_skeleton" file="/app/tests/Unit/Configuration/Migration/InstanceTest.php" line="74" class="Tests\Unit\Playground\Stub\Configuration\Migration\InstanceTest" classname="Tests.Unit.Playground.Stub.Configuration.Migration.InstanceTest" assertions="16" time="0.022519"/>
      </testsuite>
      <testsuite name="Tests\Unit\Playground\Stub\Configuration\Model\AttributesTest" file="/app/tests/Unit/Configuration/Model/AttributesTest.php" tests="6" assertions="19" errors="0" failures="0" skipped="0" time="0.229023">
        <testcase name="test_addModelProperties_with_empty_options" file="/app/tests/Unit/Configuration/Model/AttributesTest.php" line="21" class="Tests\Unit\Playground\Stub\Configuration\Model\AttributesTest" classname="Tests.Unit.Playground.Stub.Configuration.Model.AttributesTest" assertions="4" time="0.112677"/>
        <testcase name="test_addAttribute_with_invalid_column" file="/app/tests/Unit/Configuration/Model/AttributesTest.php" line="36" class="Tests\Unit\Playground\Stub\Configuration\Model\AttributesTest" classname="Tests.Unit.Playground.Stub.Configuration.Model.AttributesTest" assertions="3" time="0.023358"/>
        <testcase name="test_addAttribute_with_invalid_default_value_of_array" file="/app/tests/Unit/Configuration/Model/AttributesTest.php" line="56" class="Tests\Unit\Playground\Stub\Configuration\Model\AttributesTest" classname="Tests.Unit.Playground.Stub.Configuration.Model.AttributesTest" assertions="3" time="0.022392"/>
        <testcase name="test_addCast_with_invalid_column_and_set_empty_string" file="/app/tests/Unit/Configuration/Model/AttributesTest.php" line="74" class="Tests\Unit\Playground\Stub\Configuration\Model\AttributesTest" classname="Tests.Unit.Playground.Stub.Configuration.Model.AttributesTest" assertions="3" time="0.023644"/>
        <testcase name="test_addCast_with_invalid_cast_value_and_treat_as_string" file="/app/tests/Unit/Configuration/Model/AttributesTest.php" line="94" class="Tests\Unit\Playground\Stub\Configuration\Model\AttributesTest" classname="Tests.Unit.Playground.Stub.Configuration.Model.AttributesTest" assertions="3" time="0.022989"/>
        <testcase name="test_addFillable_with_invalid_column" file="/app/tests/Unit/Configuration/Model/AttributesTest.php" line="111" class="Tests\Unit\Playground\Stub\Configuration\Model\AttributesTest" classname="Tests.Unit.Playground.Stub.Configuration.Model.AttributesTest" assertions="3" time="0.023963"/>
      </testsuite>
      <testsuite name="Tests\Unit\Playground\Stub\Configuration\Model\ClassesTest" file="/app/tests/Unit/Configuration/Model/ClassesTest.php" tests="3" assertions="6" errors="0" failures="0" skipped="0" time="0.067562">
        <testcase name="test_addExtends_with_string" file="/app/tests/Unit/Configuration/Model/ClassesTest.php" line="21" class="Tests\Unit\Playground\Stub\Configuration\Model\ClassesTest" classname="Tests.Unit.Playground.Stub.Configuration.Model.ClassesTest" assertions="2" time="0.021415"/>
        <testcase name="test_addImplements_with_string" file="/app/tests/Unit/Configuration/Model/ClassesTest.php" line="36" class="Tests\Unit\Playground\Stub\Configuration\Model\ClassesTest" classname="Tests.Unit.Playground.Stub.Configuration.Model.ClassesTest" assertions="2" time="0.023651"/>
        <testcase name="test_addModels_with_string" file="/app/tests/Unit/Configuration/Model/ClassesTest.php" line="54" class="Tests\Unit\Playground\Stub\Configuration\Model\ClassesTest" classname="Tests.Unit.Playground.Stub.Configuration.Model.ClassesTest" assertions="2" time="0.022497"/>
      </testsuite>
      <testsuite name="Tests\Unit\Playground\Stub\Configuration\Model\CreateColumn\InstanceTest" file="/app/tests/Unit/Configuration/Model/Create/InstanceTest.php" tests="3" assertions="9" errors="0" failures="0" skipped="0" time="0.089203">
        <testcase name="test_instance" file="/app/tests/Unit/Configuration/Model/Create/InstanceTest.php" line="21" class="Tests\Unit\Playground\Stub\Configuration\Model\CreateColumn\InstanceTest" classname="Tests.Unit.Playground.Stub.Configuration.Model.CreateColumn.InstanceTest" assertions="1" time="0.044117"/>
        <testcase name="test_model_with_file_and_skeleton_jsonSerialize" file="/app/tests/Unit/Configuration/Model/Create/InstanceTest.php" line="43" class="Tests\Unit\Playground\Stub\Configuration\Model\CreateColumn\InstanceTest" classname="Tests.Unit.Playground.Stub.Configuration.Model.CreateColumn.InstanceTest" assertions="5" time="0.021643"/>
        <testcase name="test_setOptions_unsupported_primary_and_log_message" file="/app/tests/Unit/Configuration/Model/Create/InstanceTest.php" line="75" class="Tests\Unit\Playground\Stub\Configuration\Model\CreateColumn\InstanceTest" classname="Tests.Unit.Playground.Stub.Configuration.Model.CreateColumn.InstanceTest" assertions="3" time="0.023443"/>
      </testsuite>
      <testsuite name="Tests\Unit\Playground\Stub\Configuration\Model\Create\InstanceTest" file="/app/tests/Unit/Configuration/Model/CreateColumn/InstanceTest.php" tests="12" assertions="33" errors="0" failures="0" skipped="0" time="0.366278">
        <testcase name="test_instance" file="/app/tests/Unit/Configuration/Model/CreateColumn/InstanceTest.php" line="21" class="Tests\Unit\Playground\Stub\Configuration\Model\Create\InstanceTest" classname="Tests.Unit.Playground.Stub.Configuration.Model.Create.InstanceTest" assertions="1" time="0.076280"/>
        <testcase name="test_model_with_file_and_skeleton" file="/app/tests/Unit/Configuration/Model/CreateColumn/InstanceTest.php" line="48" class="Tests\Unit\Playground\Stub\Configuration\Model\Create\InstanceTest" classname="Tests.Unit.Playground.Stub.Configuration.Model.Create.InstanceTest" assertions="2" time="0.056306"/>
        <testcase name="test_setOptions_unsupported_primary_and_ignore" file="/app/tests/Unit/Configuration/Model/CreateColumn/InstanceTest.php" line="73" class="Tests\Unit\Playground\Stub\Configuration\Model\Create\InstanceTest" classname="Tests.Unit.Playground.Stub.Configuration.Model.Create.InstanceTest" assertions="3" time="0.024035"/>
        <testcase name="test_addId_with_empty_column" file="/app/tests/Unit/Configuration/Model/CreateColumn/InstanceTest.php" line="106" class="Tests\Unit\Playground\Stub\Configuration\Model\Create\InstanceTest" classname="Tests.Unit.Playground.Stub.Configuration.Model.Create.InstanceTest" assertions="3" time="0.022404"/>
        <testcase name="test_addUnique_with_empty_column" file="/app/tests/Unit/Configuration/Model/CreateColumn/InstanceTest.php" line="122" class="Tests\Unit\Playground\Stub\Configuration\Model\Create\InstanceTest" classname="Tests.Unit.Playground.Stub.Configuration.Model.Create.InstanceTest" assertions="3" time="0.024141"/>
        <testcase name="test_addDate_with_empty_column" file="/app/tests/Unit/Configuration/Model/CreateColumn/InstanceTest.php" line="138" class="Tests\Unit\Playground\Stub\Configuration\Model\Create\InstanceTest" classname="Tests.Unit.Playground.Stub.Configuration.Model.Create.InstanceTest" assertions="3" time="0.022548"/>
        <testcase name="test_addFlag_with_empty_column" file="/app/tests/Unit/Configuration/Model/CreateColumn/InstanceTest.php" line="154" class="Tests\Unit\Playground\Stub\Configuration\Model\Create\InstanceTest" classname="Tests.Unit.Playground.Stub.Configuration.Model.Create.InstanceTest" assertions="3" time="0.023350"/>
        <testcase name="test_addColumn_with_empty_column" file="/app/tests/Unit/Configuration/Model/CreateColumn/InstanceTest.php" line="170" class="Tests\Unit\Playground\Stub\Configuration\Model\Create\InstanceTest" classname="Tests.Unit.Playground.Stub.Configuration.Model.Create.InstanceTest" assertions="3" time="0.023009"/>
        <testcase name="test_addPermission_with_empty_column" file="/app/tests/Unit/Configuration/Model/CreateColumn/InstanceTest.php" line="186" class="Tests\Unit\Playground\Stub\Configuration\Model\Create\InstanceTest" classname="Tests.Unit.Playground.Stub.Configuration.Model.Create.InstanceTest" assertions="3" time="0.023274"/>
        <testcase name="test_addStatus_with_empty_column" file="/app/tests/Unit/Configuration/Model/CreateColumn/InstanceTest.php" line="202" class="Tests\Unit\Playground\Stub\Configuration\Model\Create\InstanceTest" classname="Tests.Unit.Playground.Stub.Configuration.Model.Create.InstanceTest" assertions="3" time="0.023208"/>
        <testcase name="test_addUi_with_empty_column" file="/app/tests/Unit/Configuration/Model/CreateColumn/InstanceTest.php" line="218" class="Tests\Unit\Playground\Stub\Configuration\Model\Create\InstanceTest" classname="Tests.Unit.Playground.Stub.Configuration.Model.Create.InstanceTest" assertions="3" time="0.023712"/>
        <testcase name="test_addJson_with_empty_column" file="/app/tests/Unit/Configuration/Model/CreateColumn/InstanceTest.php" line="234" class="Tests\Unit\Playground\Stub\Configuration\Model\Create\InstanceTest" classname="Tests.Unit.Playground.Stub.Configuration.Model.Create.InstanceTest" assertions="3" time="0.024010"/>
      </testsuite>
      <testsuite name="Tests\Unit\Playground\Stub\Configuration\Model\Filter\InstanceTest" file="/app/tests/Unit/Configuration/Model/Filter/InstanceTest.php" tests="2" assertions="2" errors="0" failures="0" skipped="0" time="0.100826">
        <testcase name="test_instance" file="/app/tests/Unit/Configuration/Model/Filter/InstanceTest.php" line="19" class="Tests\Unit\Playground\Stub\Configuration\Model\Filter\InstanceTest" classname="Tests.Unit.Playground.Stub.Configuration.Model.Filter.InstanceTest" assertions="1" time="0.034056"/>
        <testcase name="test_instance_apply_without_options" file="/app/tests/Unit/Configuration/Model/Filter/InstanceTest.php" line="26" class="Tests\Unit\Playground\Stub\Configuration\Model\Filter\InstanceTest" classname="Tests.Unit.Playground.Stub.Configuration.Model.Filter.InstanceTest" assertions="1" time="0.066770"/>
      </testsuite>
      <testsuite name="Tests\Unit\Playground\Stub\Configuration\Model\Filters\InstanceTest" file="/app/tests/Unit/Configuration/Model/Filters/InstanceTest.php" tests="13" assertions="38" errors="0" failures="0" skipped="0" time="0.307785">
        <testcase name="test_instance" file="/app/tests/Unit/Configuration/Model/Filters/InstanceTest.php" line="20" class="Tests\Unit\Playground\Stub\Configuration\Model\Filters\InstanceTest" classname="Tests.Unit.Playground.Stub.Configuration.Model.Filters.InstanceTest" assertions="1" time="0.021977"/>
        <testcase name="test_instance_apply_without_options" file="/app/tests/Unit/Configuration/Model/Filters/InstanceTest.php" line="47" class="Tests\Unit\Playground\Stub\Configuration\Model\Filters\InstanceTest" classname="Tests.Unit.Playground.Stub.Configuration.Model.Filters.InstanceTest" assertions="4" time="0.021796"/>
        <testcase name="test_model_with_file_and_skeleton" file="/app/tests/Unit/Configuration/Model/Filters/InstanceTest.php" line="64" class="Tests\Unit\Playground\Stub\Configuration\Model\Filters\InstanceTest" classname="Tests.Unit.Playground.Stub.Configuration.Model.Filters.InstanceTest" assertions="5" time="0.026131"/>
        <testcase name="test_setOptions_with_builder_in_options" file="/app/tests/Unit/Configuration/Model/Filters/InstanceTest.php" line="92" class="Tests\Unit\Playground\Stub\Configuration\Model\Filters\InstanceTest" classname="Tests.Unit.Playground.Stub.Configuration.Model.Filters.InstanceTest" assertions="1" time="0.023701"/>
        <testcase name="test_addId_with_empty_meta" file="/app/tests/Unit/Configuration/Model/Filters/InstanceTest.php" line="101" class="Tests\Unit\Playground\Stub\Configuration\Model\Filters\InstanceTest" classname="Tests.Unit.Playground.Stub.Configuration.Model.Filters.InstanceTest" assertions="3" time="0.022681"/>
        <testcase name="test_addDate_with_empty_meta" file="/app/tests/Unit/Configuration/Model/Filters/InstanceTest.php" line="117" class="Tests\Unit\Playground\Stub\Configuration\Model\Filters\InstanceTest" classname="Tests.Unit.Playground.Stub.Configuration.Model.Filters.InstanceTest" assertions="3" time="0.022624"/>
        <testcase name="test_addFlag_with_empty_meta" file="/app/tests/Unit/Configuration/Model/Filters/InstanceTest.php" line="133" class="Tests\Unit\Playground\Stub\Configuration\Model\Filters\InstanceTest" classname="Tests.Unit.Playground.Stub.Configuration.Model.Filters.InstanceTest" assertions="3" time="0.022692"/>
        <testcase name="test_handleTrash_with_empty_meta" file="/app/tests/Unit/Configuration/Model/Filters/InstanceTest.php" line="149" class="Tests\Unit\Playground\Stub\Configuration\Model\Filters\InstanceTest" classname="Tests.Unit.Playground.Stub.Configuration.Model.Filters.InstanceTest" assertions="3" time="0.025762"/>
        <testcase name="test_addColumn_with_empty_meta" file="/app/tests/Unit/Configuration/Model/Filters/InstanceTest.php" line="162" class="Tests\Unit\Playground\Stub\Configuration\Model\Filters\InstanceTest" classname="Tests.Unit.Playground.Stub.Configuration.Model.Filters.InstanceTest" assertions="3" time="0.023306"/>
        <testcase name="test_addPermission_with_empty_meta" file="/app/tests/Unit/Configuration/Model/Filters/InstanceTest.php" line="178" class="Tests\Unit\Playground\Stub\Configuration\Model\Filters\InstanceTest" classname="Tests.Unit.Playground.Stub.Configuration.Model.Filters.InstanceTest" assertions="3" time="0.023358"/>
        <testcase name="test_addStatus_with_empty_meta" file="/app/tests/Unit/Configuration/Model/Filters/InstanceTest.php" line="194" class="Tests\Unit\Playground\Stub\Configuration\Model\Filters\InstanceTest" classname="Tests.Unit.Playground.Stub.Configuration.Model.Filters.InstanceTest" assertions="3" time="0.023594"/>
        <testcase name="test_addUi_with_empty_meta" file="/app/tests/Unit/Configuration/Model/Filters/InstanceTest.php" line="210" class="Tests\Unit\Playground\Stub\Configuration\Model\Filters\InstanceTest" classname="Tests.Unit.Playground.Stub.Configuration.Model.Filters.InstanceTest" assertions="3" time="0.025792"/>
        <testcase name="test_addJson_with_empty_meta" file="/app/tests/Unit/Configuration/Model/Filters/InstanceTest.php" line="226" class="Tests\Unit\Playground\Stub\Configuration\Model\Filters\InstanceTest" classname="Tests.Unit.Playground.Stub.Configuration.Model.Filters.InstanceTest" assertions="3" time="0.024370"/>
      </testsuite>
      <testsuite name="Tests\Unit\Playground\Stub\Configuration\Model\InstanceTest" file="/app/tests/Unit/Configuration/Model/InstanceTest.php" tests="4" assertions="28" errors="0" failures="0" skipped="0" time="0.154828">
        <testcase name="test_instance" file="/app/tests/Unit/Configuration/Model/InstanceTest.php" line="36" class="Tests\Unit\Playground\Stub\Configuration\Model\InstanceTest" classname="Tests.Unit.Playground.Stub.Configuration.Model.InstanceTest" assertions="1" time="0.058452"/>
        <testcase name="test_instance_apply_without_options" file="/app/tests/Unit/Configuration/Model/InstanceTest.php" line="95" class="Tests\Unit\Playground\Stub\Configuration\Model\InstanceTest" classname="Tests.Unit.Playground.Stub.Configuration.Model.InstanceTest" assertions="4" time="0.023848"/>
        <testcase name="test_folder_is_empty_by_default" file="/app/tests/Unit/Configuration/Model/InstanceTest.php" line="112" class="Tests\Unit\Playground\Stub\Configuration\Model\InstanceTest" classname="Tests.Unit.Playground.Stub.Configuration.Model.InstanceTest" assertions="3" time="0.023158"/>
        <testcase name="test_model_with_file_and_skeleton" file="/app/tests/Unit/Configuration/Model/InstanceTest.php" line="122" class="Tests\Unit\Playground\Stub\Configuration\Model\InstanceTest" classname="Tests.Unit.Playground.Stub.Configuration.Model.InstanceTest" assertions="20" time="0.049371"/>
      </testsuite>
      <testsuite name="Tests\Unit\Playground\Stub\Configuration\Model\RelationshipsTest" file="/app/tests/Unit/Configuration/Model/RelationshipsTest.php" tests="4" assertions="12" errors="0" failures="0" skipped="0" time="0.093321">
        <testcase name="test_addRelationships_for_HasOne_with_invalid_accessor" file="/app/tests/Unit/Configuration/Model/RelationshipsTest.php" line="21" class="Tests\Unit\Playground\Stub\Configuration\Model\RelationshipsTest" classname="Tests.Unit.Playground.Stub.Configuration.Model.RelationshipsTest" assertions="3" time="0.022963"/>
        <testcase name="test_addRelationships_for_HasMany_with_invalid_accessor" file="/app/tests/Unit/Configuration/Model/RelationshipsTest.php" line="47" class="Tests\Unit\Playground\Stub\Configuration\Model\RelationshipsTest" classname="Tests.Unit.Playground.Stub.Configuration.Model.RelationshipsTest" assertions="3" time="0.022984"/>
        <testcase name="test_addHasOne_without_meta" file="/app/tests/Unit/Configuration/Model/RelationshipsTest.php" line="76" class="Tests\Unit\Playground\Stub\Configuration\Model\RelationshipsTest" classname="Tests.Unit.Playground.Stub.Configuration.Model.RelationshipsTest" assertions="3" time="0.022806"/>
        <testcase name="test_addHasMany_without_meta" file="/app/tests/Unit/Configuration/Model/RelationshipsTest.php" line="91" class="Tests\Unit\Playground\Stub\Configuration\Model\RelationshipsTest" classname="Tests.Unit.Playground.Stub.Configuration.Model.RelationshipsTest" assertions="3" time="0.024569"/>
      </testsuite>
      <testsuite name="Tests\Unit\Playground\Stub\Configuration\Model\ScopesTest" file="/app/tests/Unit/Configuration/Model/ScopesTest.php" tests="4" assertions="15" errors="0" failures="0" skipped="0" time="0.092195">
        <testcase name="test_addScopes_with_sort" file="/app/tests/Unit/Configuration/Model/ScopesTest.php" line="23" class="Tests\Unit\Playground\Stub\Configuration\Model\ScopesTest" classname="Tests.Unit.Playground.Stub.Configuration.Model.ScopesTest" assertions="3" time="0.022183"/>
        <testcase name="test_addScope_with_invalid_scope" file="/app/tests/Unit/Configuration/Model/ScopesTest.php" line="46" class="Tests\Unit\Playground\Stub\Configuration\Model\ScopesTest" classname="Tests.Unit.Playground.Stub.Configuration.Model.ScopesTest" assertions="4" time="0.022709"/>
        <testcase name="test_addScope_for_sort_without_meta" file="/app/tests/Unit/Configuration/Model/ScopesTest.php" line="65" class="Tests\Unit\Playground\Stub\Configuration\Model\ScopesTest" classname="Tests.Unit.Playground.Stub.Configuration.Model.ScopesTest" assertions="3" time="0.024057"/>
        <testcase name="test_addScope_unsupported_scope_and_ignore" file="/app/tests/Unit/Configuration/Model/ScopesTest.php" line="80" class="Tests\Unit\Playground\Stub\Configuration\Model\ScopesTest" classname="Tests.Unit.Playground.Stub.Configuration.Model.ScopesTest" assertions="5" time="0.023246"/>
      </testsuite>
      <testsuite name="Tests\Unit\Playground\Stub\Configuration\Model\SortingTest" file="/app/tests/Unit/Configuration/Model/SortingTest.php" tests="3" assertions="10" errors="0" failures="0" skipped="0" time="0.069308">
        <testcase name="test_addSortable_without_column" file="/app/tests/Unit/Configuration/Model/SortingTest.php" line="21" class="Tests\Unit\Playground\Stub\Configuration\Model\SortingTest" classname="Tests.Unit.Playground.Stub.Configuration.Model.SortingTest" assertions="4" time="0.023792"/>
        <testcase name="test_addSortable_with_index" file="/app/tests/Unit/Configuration/Model/SortingTest.php" line="40" class="Tests\Unit\Playground\Stub\Configuration\Model\SortingTest" classname="Tests.Unit.Playground.Stub.Configuration.Model.SortingTest" assertions="3" time="0.022742"/>
        <testcase name="test_addSortable_without_index" file="/app/tests/Unit/Configuration/Model/SortingTest.php" line="57" class="Tests\Unit\Playground\Stub\Configuration\Model\SortingTest" classname="Tests.Unit.Playground.Stub.Configuration.Model.SortingTest" assertions="3" time="0.022773"/>
      </testsuite>
      <testsuite name="Tests\Unit\Playground\Stub\Configuration\Package\InstanceTest" file="/app/tests/Unit/Configuration/Package/InstanceTest.php" tests="10" assertions="77" errors="0" failures="0" skipped="0" time="0.233583">
        <testcase name="test_instance" file="/app/tests/Unit/Configuration/Package/InstanceTest.php" line="21" class="Tests\Unit\Playground\Stub\Configuration\Package\InstanceTest" classname="Tests.Unit.Playground.Stub.Configuration.Package.InstanceTest" assertions="1" time="0.021260"/>
        <testcase name="test_instance_apply_without_options" file="/app/tests/Unit/Configuration/Package/InstanceTest.php" line="65" class="Tests\Unit\Playground\Stub\Configuration\Package\InstanceTest" classname="Tests.Unit.Playground.Stub.Configuration.Package.InstanceTest" assertions="4" time="0.021467"/>
        <testcase name="test_folder_is_empty_by_default" file="/app/tests/Unit/Configuration/Package/InstanceTest.php" line="82" class="Tests\Unit\Playground\Stub\Configuration\Package\InstanceTest" classname="Tests.Unit.Playground.Stub.Configuration.Package.InstanceTest" assertions="3" time="0.021923"/>
        <testcase name="test_package_for_model_with_file_and_skeleton" file="/app/tests/Unit/Configuration/Package/InstanceTest.php" line="92" class="Tests\Unit\Playground\Stub\Configuration\Package\InstanceTest" classname="Tests.Unit.Playground.Stub.Configuration.Package.InstanceTest" assertions="22" time="0.026133"/>
        <testcase name="test_package_for_api_with_file_and_skeleton" file="/app/tests/Unit/Configuration/Package/InstanceTest.php" line="155" class="Tests\Unit\Playground\Stub\Configuration\Package\InstanceTest" classname="Tests.Unit.Playground.Stub.Configuration.Package.InstanceTest" assertions="22" time="0.025082"/>
        <testcase name="test_addKeyword_with_invalid_keyword_and_log_message" file="/app/tests/Unit/Configuration/Package/InstanceTest.php" line="228" class="Tests\Unit\Playground\Stub\Configuration\Package\InstanceTest" classname="Tests.Unit.Playground.Stub.Configuration.Package.InstanceTest" assertions="5" time="0.022951"/>
        <testcase name="test_addRequire_with_invalid_package_and_log_message" file="/app/tests/Unit/Configuration/Package/InstanceTest.php" line="255" class="Tests\Unit\Playground\Stub\Configuration\Package\InstanceTest" classname="Tests.Unit.Playground.Stub.Configuration.Package.InstanceTest" assertions="5" time="0.023116"/>
        <testcase name="test_addRequire_with_invalid_version_and_log_message" file="/app/tests/Unit/Configuration/Package/InstanceTest.php" line="284" class="Tests\Unit\Playground\Stub\Configuration\Package\InstanceTest" classname="Tests.Unit.Playground.Stub.Configuration.Package.InstanceTest" assertions="5" time="0.023340"/>
        <testcase name="test_addRequireDev_with_invalid_package_and_log_message" file="/app/tests/Unit/Configuration/Package/InstanceTest.php" line="313" class="Tests\Unit\Playground\Stub\Configuration\Package\InstanceTest" classname="Tests.Unit.Playground.Stub.Configuration.Package.InstanceTest" assertions="5" time="0.024797"/>
        <testcase name="test_addRequireDev_with_invalid_version_and_log_message" file="/app/tests/Unit/Configuration/Package/InstanceTest.php" line="342" class="Tests\Unit\Playground\Stub\Configuration\Package\InstanceTest" classname="Tests.Unit.Playground.Stub.Configuration.Package.InstanceTest" assertions="5" time="0.023514"/>
      </testsuite>
      <testsuite name="Tests\Unit\Playground\Stub\Configuration\Policy\InstanceTest" file="/app/tests/Unit/Configuration/Policy/InstanceTest.php" tests="4" assertions="23" errors="0" failures="0" skipped="0" time="0.098162">
        <testcase name="test_instance" file="/app/tests/Unit/Configuration/Policy/InstanceTest.php" line="19" class="Tests\Unit\Playground\Stub\Configuration\Policy\InstanceTest" classname="Tests.Unit.Playground.Stub.Configuration.Policy.InstanceTest" assertions="1" time="0.032584"/>
        <testcase name="test_instance_apply_without_options" file="/app/tests/Unit/Configuration/Policy/InstanceTest.php" line="46" class="Tests\Unit\Playground\Stub\Configuration\Policy\InstanceTest" classname="Tests.Unit.Playground.Stub.Configuration.Policy.InstanceTest" assertions="4" time="0.021705"/>
        <testcase name="test_folder_is_empty_by_default" file="/app/tests/Unit/Configuration/Policy/InstanceTest.php" line="63" class="Tests\Unit\Playground\Stub\Configuration\Policy\InstanceTest" classname="Tests.Unit.Playground.Stub.Configuration.Policy.InstanceTest" assertions="3" time="0.021569"/>
        <testcase name="test_test_with_file_and_skeleton" file="/app/tests/Unit/Configuration/Policy/InstanceTest.php" line="73" class="Tests\Unit\Playground\Stub\Configuration\Policy\InstanceTest" classname="Tests.Unit.Playground.Stub.Configuration.Policy.InstanceTest" assertions="15" time="0.022303"/>
      </testsuite>
      <testsuite name="Tests\Unit\Playground\Stub\Configuration\Test\InstanceTest" file="/app/tests/Unit/Configuration/Test/InstanceTest.php" tests="4" assertions="25" errors="0" failures="0" skipped="0" time="0.088010">
        <testcase name="test_instance" file="/app/tests/Unit/Configuration/Test/InstanceTest.php" line="19" class="Tests\Unit\Playground\Stub\Configuration\Test\InstanceTest" classname="Tests.Unit.Playground.Stub.Configuration.Test.InstanceTest" assertions="1" time="0.021013"/>
        <testcase name="test_instance_apply_without_options" file="/app/tests/Unit/Configuration/Test/InstanceTest.php" line="48" class="Tests\Unit\Playground\Stub\Configuration\Test\InstanceTest" classname="Tests.Unit.Playground.Stub.Configuration.Test.InstanceTest" assertions="4" time="0.021698"/>
        <testcase name="test_folder_is_empty_by_default" file="/app/tests/Unit/Configuration/Test/InstanceTest.php" line="65" class="Tests\Unit\Playground\Stub\Configuration\Test\InstanceTest" classname="Tests.Unit.Playground.Stub.Configuration.Test.InstanceTest" assertions="3" time="0.021489"/>
        <testcase name="test_test_with_file_and_skeleton" file="/app/tests/Unit/Configuration/Test/InstanceTest.php" line="75" class="Tests\Unit\Playground\Stub\Configuration\Test\InstanceTest" classname="Tests.Unit.Playground.Stub.Configuration.Test.InstanceTest" assertions="17" time="0.023811"/>
      </testsuite>
      <testsuite name="Tests\Unit\Playground\Stub\Console\Commands\ControllerMakeCommand\CommandTest" file="/app/tests/Unit/Console/Commands/ControllerMakeCommand/CommandTest.php" tests="1" assertions="1" errors="0" failures="0" skipped="0" time="1.249557">
        <testcase name="test_command_displays_help" file="/app/tests/Unit/Console/Commands/ControllerMakeCommand/CommandTest.php" line="19" class="Tests\Unit\Playground\Stub\Console\Commands\ControllerMakeCommand\CommandTest" classname="Tests.Unit.Playground.Stub.Console.Commands.ControllerMakeCommand.CommandTest" assertions="1" time="1.249557"/>
      </testsuite>
      <testsuite name="Tests\Unit\Playground\Stub\Console\Commands\FactoryMakeCommand\CommandTest" file="/app/tests/Unit/Console/Commands/FactoryMakeCommand/CommandTest.php" tests="1" assertions="1" errors="0" failures="0" skipped="0" time="0.031701">
        <testcase name="test_command_displays_help" file="/app/tests/Unit/Console/Commands/FactoryMakeCommand/CommandTest.php" line="19" class="Tests\Unit\Playground\Stub\Console\Commands\FactoryMakeCommand\CommandTest" classname="Tests.Unit.Playground.Stub.Console.Commands.FactoryMakeCommand.CommandTest" assertions="1" time="0.031701"/>
      </testsuite>
      <testsuite name="Tests\Unit\Playground\Stub\Console\Commands\MigrationMakeCommand\CommandTest" file="/app/tests/Unit/Console/Commands/MigrationMakeCommand/CommandTest.php" tests="1" assertions="1" errors="0" failures="0" skipped="0" time="0.031831">
        <testcase name="test_command_displays_help" file="/app/tests/Unit/Console/Commands/MigrationMakeCommand/CommandTest.php" line="19" class="Tests\Unit\Playground\Stub\Console\Commands\MigrationMakeCommand\CommandTest" classname="Tests.Unit.Playground.Stub.Console.Commands.MigrationMakeCommand.CommandTest" assertions="1" time="0.031831"/>
      </testsuite>
      <testsuite name="Tests\Unit\Playground\Stub\Console\Commands\ModelMakeCommand\CommandTest" file="/app/tests/Unit/Console/Commands/ModelMakeCommand/CommandTest.php" tests="1" assertions="1" errors="0" failures="0" skipped="0" time="0.034086">
        <testcase name="test_command_displays_help" file="/app/tests/Unit/Console/Commands/ModelMakeCommand/CommandTest.php" line="19" class="Tests\Unit\Playground\Stub\Console\Commands\ModelMakeCommand\CommandTest" classname="Tests.Unit.Playground.Stub.Console.Commands.ModelMakeCommand.CommandTest" assertions="1" time="0.034086"/>
      </testsuite>
      <testsuite name="Tests\Unit\Playground\Stub\Console\Commands\PackageMakeCommand\CommandTest" file="/app/tests/Unit/Console/Commands/PackageMakeCommand/CommandTest.php" tests="1" assertions="1" errors="0" failures="0" skipped="0" time="0.033904">
        <testcase name="test_command_displays_help" file="/app/tests/Unit/Console/Commands/PackageMakeCommand/CommandTest.php" line="19" class="Tests\Unit\Playground\Stub\Console\Commands\PackageMakeCommand\CommandTest" classname="Tests.Unit.Playground.Stub.Console.Commands.PackageMakeCommand.CommandTest" assertions="1" time="0.033904"/>
      </testsuite>
      <testsuite name="Tests\Unit\Playground\Stub\Console\Commands\PolicyMakeCommand\CommandTest" file="/app/tests/Unit/Console/Commands/PolicyMakeCommand/CommandTest.php" tests="1" assertions="1" errors="0" failures="0" skipped="0" time="0.032087">
        <testcase name="test_command_displays_help" file="/app/tests/Unit/Console/Commands/PolicyMakeCommand/CommandTest.php" line="19" class="Tests\Unit\Playground\Stub\Console\Commands\PolicyMakeCommand\CommandTest" classname="Tests.Unit.Playground.Stub.Console.Commands.PolicyMakeCommand.CommandTest" assertions="1" time="0.032087"/>
      </testsuite>
      <testsuite name="Tests\Unit\Playground\Stub\Console\Commands\RequestMakeCommand\CommandTest" file="/app/tests/Unit/Console/Commands/RequestMakeCommand/CommandTest.php" tests="1" assertions="1" errors="0" failures="0" skipped="0" time="0.032064">
        <testcase name="test_command_displays_help" file="/app/tests/Unit/Console/Commands/RequestMakeCommand/CommandTest.php" line="19" class="Tests\Unit\Playground\Stub\Console\Commands\RequestMakeCommand\CommandTest" classname="Tests.Unit.Playground.Stub.Console.Commands.RequestMakeCommand.CommandTest" assertions="1" time="0.032064"/>
      </testsuite>
      <testsuite name="Tests\Unit\Playground\Stub\Console\Commands\ResourceMakeCommand\CommandTest" file="/app/tests/Unit/Console/Commands/ResourceMakeCommand/CommandTest.php" tests="1" assertions="1" errors="0" failures="0" skipped="0" time="0.030625">
        <testcase name="test_command_displays_help" file="/app/tests/Unit/Console/Commands/ResourceMakeCommand/CommandTest.php" line="19" class="Tests\Unit\Playground\Stub\Console\Commands\ResourceMakeCommand\CommandTest" classname="Tests.Unit.Playground.Stub.Console.Commands.ResourceMakeCommand.CommandTest" assertions="1" time="0.030625"/>
      </testsuite>
      <testsuite name="Tests\Unit\Playground\Stub\Console\Commands\RouteMakeCommand\CommandTest" file="/app/tests/Unit/Console/Commands/RouteMakeCommand/CommandTest.php" tests="1" assertions="1" errors="0" failures="0" skipped="0" time="0.030469">
        <testcase name="test_command_displays_help" file="/app/tests/Unit/Console/Commands/RouteMakeCommand/CommandTest.php" line="19" class="Tests\Unit\Playground\Stub\Console\Commands\RouteMakeCommand\CommandTest" classname="Tests.Unit.Playground.Stub.Console.Commands.RouteMakeCommand.CommandTest" assertions="1" time="0.030469"/>
      </testsuite>
      <testsuite name="Tests\Unit\Playground\Stub\Console\Commands\SeederMakeCommand\CommandTest" file="/app/tests/Unit/Console/Commands/SeederMakeCommand/CommandTest.php" tests="1" assertions="1" errors="0" failures="0" skipped="0" time="0.030056">
        <testcase name="test_command_displays_help" file="/app/tests/Unit/Console/Commands/SeederMakeCommand/CommandTest.php" line="19" class="Tests\Unit\Playground\Stub\Console\Commands\SeederMakeCommand\CommandTest" classname="Tests.Unit.Playground.Stub.Console.Commands.SeederMakeCommand.CommandTest" assertions="1" time="0.030056"/>
      </testsuite>
      <testsuite name="Tests\Unit\Playground\Stub\Console\Commands\SwaggerMakeCommand\CommandTest" file="/app/tests/Unit/Console/Commands/SwaggerMakeCommand/CommandTest.php" tests="1" assertions="1" errors="0" failures="0" skipped="0" time="0.031727">
        <testcase name="test_command_displays_help" file="/app/tests/Unit/Console/Commands/SwaggerMakeCommand/CommandTest.php" line="19" class="Tests\Unit\Playground\Stub\Console\Commands\SwaggerMakeCommand\CommandTest" classname="Tests.Unit.Playground.Stub.Console.Commands.SwaggerMakeCommand.CommandTest" assertions="1" time="0.031727"/>
      </testsuite>
      <testsuite name="Tests\Unit\Playground\Stub\Console\Commands\TemplateMakeCommand\CommandTest" file="/app/tests/Unit/Console/Commands/TemplateMakeCommand/CommandTest.php" tests="1" assertions="1" errors="0" failures="0" skipped="0" time="0.033187">
        <testcase name="test_command_displays_help" file="/app/tests/Unit/Console/Commands/TemplateMakeCommand/CommandTest.php" line="19" class="Tests\Unit\Playground\Stub\Console\Commands\TemplateMakeCommand\CommandTest" classname="Tests.Unit.Playground.Stub.Console.Commands.TemplateMakeCommand.CommandTest" assertions="1" time="0.033187"/>
      </testsuite>
      <testsuite name="Tests\Unit\Playground\Stub\Console\Commands\TestMakeCommand\CommandTest" file="/app/tests/Unit/Console/Commands/TestMakeCommand/CommandTest.php" tests="1" assertions="1" errors="0" failures="0" skipped="0" time="0.030690">
        <testcase name="test_command_displays_help" file="/app/tests/Unit/Console/Commands/TestMakeCommand/CommandTest.php" line="19" class="Tests\Unit\Playground\Stub\Console\Commands\TestMakeCommand\CommandTest" classname="Tests.Unit.Playground.Stub.Console.Commands.TestMakeCommand.CommandTest" assertions="1" time="0.030690"/>
      </testsuite>
    </testsuite>
    <testsuite name="Feature" tests="99" assertions="104" errors="0" failures="0" skipped="0" time="5.246929">
      <testsuite name="Tests\Feature\Playground\Stub\Console\Commands\About\CommandTest" file="/app/tests/Feature/Console/Commands/About/CommandTest.php" tests="1" assertions="2" errors="0" failures="0" skipped="0" time="0.118708">
        <testcase name="test_command_about_displays_package_information_and_succeed_with_code_0" file="/app/tests/Feature/Console/Commands/About/CommandTest.php" line="28" class="Tests\Feature\Playground\Stub\Console\Commands\About\CommandTest" classname="Tests.Feature.Playground.Stub.Console.Commands.About.CommandTest" assertions="2" time="0.118708"/>
      </testsuite>
      <testsuite name="Tests\Feature\Playground\Stub\Console\Commands\ControllerMakeCommand\CommandTest" file="/app/tests/Feature/Console/Commands/ControllerMakeCommand/CommandTest.php" tests="2" assertions="2" errors="0" failures="0" skipped="0" time="0.089863">
        <testcase name="test_command_without_options_or_arguments" file="/app/tests/Feature/Console/Commands/ControllerMakeCommand/CommandTest.php" line="24" class="Tests\Feature\Playground\Stub\Console\Commands\ControllerMakeCommand\CommandTest" classname="Tests.Feature.Playground.Stub.Console.Commands.ControllerMakeCommand.CommandTest" assertions="1" time="0.049632"/>
        <testcase name="test_command_skeleton" file="/app/tests/Feature/Console/Commands/ControllerMakeCommand/CommandTest.php" line="33" class="Tests\Feature\Playground\Stub\Console\Commands\ControllerMakeCommand\CommandTest" classname="Tests.Feature.Playground.Stub.Console.Commands.ControllerMakeCommand.CommandTest" assertions="1" time="0.040231"/>
      </testsuite>
      <testsuite name="Tests\Feature\Playground\Stub\Console\Commands\ControllerMakeCommand\ModelTest" file="/app/tests/Feature/Console/Commands/ControllerMakeCommand/ModelTest.php" tests="2" assertions="2" errors="0" failures="0" skipped="0" time="0.078076">
        <testcase name="test_command_make_controller_with_force_and_without_skeleton" file="/app/tests/Feature/Console/Commands/ControllerMakeCommand/ModelTest.php" line="23" class="Tests\Feature\Playground\Stub\Console\Commands\ControllerMakeCommand\ModelTest" classname="Tests.Feature.Playground.Stub.Console.Commands.ControllerMakeCommand.ModelTest" assertions="1" time="0.035020"/>
        <testcase name="test_command_make_controller_with_force_and_with_skeleton" file="/app/tests/Feature/Console/Commands/ControllerMakeCommand/ModelTest.php" line="37" class="Tests\Feature\Playground\Stub\Console\Commands\ControllerMakeCommand\ModelTest" classname="Tests.Feature.Playground.Stub.Console.Commands.ControllerMakeCommand.ModelTest" assertions="1" time="0.043056"/>
      </testsuite>
      <testsuite name="Tests\Feature\Playground\Stub\Console\Commands\FactoryMakeCommand\CommandTest" file="/app/tests/Feature/Console/Commands/FactoryMakeCommand/CommandTest.php" tests="2" assertions="2" errors="0" failures="0" skipped="0" time="0.057693">
        <testcase name="test_command_without_options_or_arguments" file="/app/tests/Feature/Console/Commands/FactoryMakeCommand/CommandTest.php" line="19" class="Tests\Feature\Playground\Stub\Console\Commands\FactoryMakeCommand\CommandTest" classname="Tests.Feature.Playground.Stub.Console.Commands.FactoryMakeCommand.CommandTest" assertions="1" time="0.027545"/>
        <testcase name="test_command_skeleton" file="/app/tests/Feature/Console/Commands/FactoryMakeCommand/CommandTest.php" line="28" class="Tests\Feature\Playground\Stub\Console\Commands\FactoryMakeCommand\CommandTest" classname="Tests.Feature.Playground.Stub.Console.Commands.FactoryMakeCommand.CommandTest" assertions="1" time="0.030148"/>
      </testsuite>
      <testsuite name="Tests\Feature\Playground\Stub\Console\Commands\FactoryMakeCommand\ModelTest" file="/app/tests/Feature/Console/Commands/FactoryMakeCommand/ModelTest.php" tests="2" assertions="2" errors="0" failures="0" skipped="0" time="0.068695">
        <testcase name="test_command_make_factory_with_force_and_without_skeleton" file="/app/tests/Feature/Console/Commands/FactoryMakeCommand/ModelTest.php" line="19" class="Tests\Feature\Playground\Stub\Console\Commands\FactoryMakeCommand\ModelTest" classname="Tests.Feature.Playground.Stub.Console.Commands.FactoryMakeCommand.ModelTest" assertions="1" time="0.034050"/>
        <testcase name="test_command_make_factory_with_force_and_with_skeleton" file="/app/tests/Feature/Console/Commands/FactoryMakeCommand/ModelTest.php" line="33" class="Tests\Feature\Playground\Stub\Console\Commands\FactoryMakeCommand\ModelTest" classname="Tests.Feature.Playground.Stub.Console.Commands.FactoryMakeCommand.ModelTest" assertions="1" time="0.034646"/>
      </testsuite>
      <testsuite name="Tests\Feature\Playground\Stub\Console\Commands\MigrationMakeCommand\CommandTest" file="/app/tests/Feature/Console/Commands/MigrationMakeCommand/CommandTest.php" tests="2" assertions="2" errors="0" failures="0" skipped="0" time="0.058557">
        <testcase name="test_command_without_options_or_arguments" file="/app/tests/Feature/Console/Commands/MigrationMakeCommand/CommandTest.php" line="19" class="Tests\Feature\Playground\Stub\Console\Commands\MigrationMakeCommand\CommandTest" classname="Tests.Feature.Playground.Stub.Console.Commands.MigrationMakeCommand.CommandTest" assertions="1" time="0.028440"/>
        <testcase name="test_command_skeleton" file="/app/tests/Feature/Console/Commands/MigrationMakeCommand/CommandTest.php" line="28" class="Tests\Feature\Playground\Stub\Console\Commands\MigrationMakeCommand\CommandTest" classname="Tests.Feature.Playground.Stub.Console.Commands.MigrationMakeCommand.CommandTest" assertions="1" time="0.030117"/>
      </testsuite>
      <testsuite name="Tests\Feature\Playground\Stub\Console\Commands\MigrationMakeCommand\ModelTest" file="/app/tests/Feature/Console/Commands/MigrationMakeCommand/ModelTest.php" tests="9" assertions="9" errors="0" failures="0" skipped="0" time="0.409063">
        <testcase name="test_command_make_migration_with_force_and_without_skeleton" file="/app/tests/Feature/Console/Commands/MigrationMakeCommand/ModelTest.php" line="20" class="Tests\Feature\Playground\Stub\Console\Commands\MigrationMakeCommand\ModelTest" classname="Tests.Feature.Playground.Stub.Console.Commands.MigrationMakeCommand.ModelTest" assertions="1" time="0.043612"/>
        <testcase name="test_command_make_migration_with_force_and_with_skeleton" file="/app/tests/Feature/Console/Commands/MigrationMakeCommand/ModelTest.php" line="34" class="Tests\Feature\Playground\Stub\Console\Commands\MigrationMakeCommand\ModelTest" classname="Tests.Feature.Playground.Stub.Console.Commands.MigrationMakeCommand.ModelTest" assertions="1" time="0.049263"/>
        <testcase name="test_command_make_create_migration_with_force_and_without_skeleton" file="/app/tests/Feature/Console/Commands/MigrationMakeCommand/ModelTest.php" line="49" class="Tests\Feature\Playground\Stub\Console\Commands\MigrationMakeCommand\ModelTest" classname="Tests.Feature.Playground.Stub.Console.Commands.MigrationMakeCommand.ModelTest" assertions="1" time="0.043861"/>
        <testcase name="test_command_make_create_migration_with_force_and_with_skeleton" file="/app/tests/Feature/Console/Commands/MigrationMakeCommand/ModelTest.php" line="63" class="Tests\Feature\Playground\Stub\Console\Commands\MigrationMakeCommand\ModelTest" classname="Tests.Feature.Playground.Stub.Console.Commands.MigrationMakeCommand.ModelTest" assertions="1" time="0.050916"/>
        <testcase name="test_command_make_update_migration_with_force_and_without_skeleton" file="/app/tests/Feature/Console/Commands/MigrationMakeCommand/ModelTest.php" line="78" class="Tests\Feature\Playground\Stub\Console\Commands\MigrationMakeCommand\ModelTest" classname="Tests.Feature.Playground.Stub.Console.Commands.MigrationMakeCommand.ModelTest" assertions="1" time="0.049448"/>
        <testcase name="test_command_make_update_migration_with_force_and_with_skeleton" file="/app/tests/Feature/Console/Commands/MigrationMakeCommand/ModelTest.php" line="92" class="Tests\Feature\Playground\Stub\Console\Commands\MigrationMakeCommand\ModelTest" classname="Tests.Feature.Playground.Stub.Console.Commands.MigrationMakeCommand.ModelTest" assertions="1" time="0.050417"/>
        <testcase name="test_command_make_create_migration_and_load_model_from_migration_configuration" file="/app/tests/Feature/Console/Commands/MigrationMakeCommand/ModelTest.php" line="107" class="Tests\Feature\Playground\Stub\Console\Commands\MigrationMakeCommand\ModelTest" classname="Tests.Feature.Playground.Stub.Console.Commands.MigrationMakeCommand.ModelTest" assertions="1" time="0.049895"/>
        <testcase name="test_command_make_create_migration_with_bare_model_skeleton" file="/app/tests/Feature/Console/Commands/MigrationMakeCommand/ModelTest.php" line="123" class="Tests\Feature\Playground\Stub\Console\Commands\MigrationMakeCommand\ModelTest" classname="Tests.Feature.Playground.Stub.Console.Commands.MigrationMakeCommand.ModelTest" assertions="1" time="0.035410"/>
        <testcase name="test_command_make_create_migration_with_sparse_model_skeleton" file="/app/tests/Feature/Console/Commands/MigrationMakeCommand/ModelTest.php" line="137" class="Tests\Feature\Playground\Stub\Console\Commands\MigrationMakeCommand\ModelTest" classname="Tests.Feature.Playground.Stub.Console.Commands.MigrationMakeCommand.ModelTest" assertions="1" time="0.036242"/>
      </testsuite>
      <testsuite name="Tests\Feature\Playground\Stub\Console\Commands\ModelMakeCommand\CommandTest" file="/app/tests/Feature/Console/Commands/ModelMakeCommand/CommandTest.php" tests="2" assertions="2" errors="0" failures="0" skipped="0" time="0.063006">
        <testcase name="test_command_without_options_or_arguments" file="/app/tests/Feature/Console/Commands/ModelMakeCommand/CommandTest.php" line="23" class="Tests\Feature\Playground\Stub\Console\Commands\ModelMakeCommand\CommandTest" classname="Tests.Feature.Playground.Stub.Console.Commands.ModelMakeCommand.CommandTest" assertions="1" time="0.028810"/>
        <testcase name="test_command_skeleton" file="/app/tests/Feature/Console/Commands/ModelMakeCommand/CommandTest.php" line="32" class="Tests\Feature\Playground\Stub\Console\Commands\ModelMakeCommand\CommandTest" classname="Tests.Feature.Playground.Stub.Console.Commands.ModelMakeCommand.CommandTest" assertions="1" time="0.034197"/>
      </testsuite>
      <testsuite name="Tests\Feature\Playground\Stub\Console\Commands\ModelMakeCommand\ConfigurationTest" file="/app/tests/Feature/Console/Commands/ModelMakeCommand/ConfigurationTest.php" tests="1" assertions="1" errors="0" failures="0" skipped="0" time="0.071729">
        <testcase name="test_command_with_file_skeleton_and_force" file="/app/tests/Feature/Console/Commands/ModelMakeCommand/ConfigurationTest.php" line="24" class="Tests\Feature\Playground\Stub\Console\Commands\ModelMakeCommand\ConfigurationTest" classname="Tests.Feature.Playground.Stub.Console.Commands.ModelMakeCommand.ConfigurationTest" assertions="1" time="0.071729"/>
      </testsuite>
      <testsuite name="Tests\Feature\Playground\Stub\Console\Commands\ModelMakeCommand\ModelTest" file="/app/tests/Feature/Console/Commands/ModelMakeCommand/ModelTest.php" tests="5" assertions="5" errors="0" failures="0" skipped="0" time="1.010410">
        <testcase name="test_command_make_model_with_force" file="/app/tests/Feature/Console/Commands/ModelMakeCommand/ModelTest.php" line="23" class="Tests\Feature\Playground\Stub\Console\Commands\ModelMakeCommand\ModelTest" classname="Tests.Feature.Playground.Stub.Console.Commands.ModelMakeCommand.ModelTest" assertions="1" time="0.074791"/>
        <testcase name="test_command_make_playground_model_api_with_force" file="/app/tests/Feature/Console/Commands/ModelMakeCommand/ModelTest.php" line="37" class="Tests\Feature\Playground\Stub\Console\Commands\ModelMakeCommand\ModelTest" classname="Tests.Feature.Playground.Stub.Console.Commands.ModelMakeCommand.ModelTest" assertions="1" time="0.222731"/>
        <testcase name="test_command_make_playground_model_resource_with_force" file="/app/tests/Feature/Console/Commands/ModelMakeCommand/ModelTest.php" line="51" class="Tests\Feature\Playground\Stub\Console\Commands\ModelMakeCommand\ModelTest" classname="Tests.Feature.Playground.Stub.Console.Commands.ModelMakeCommand.ModelTest" assertions="1" time="0.219431"/>
        <testcase name="test_command_make_all_playground_model_api_with_force" file="/app/tests/Feature/Console/Commands/ModelMakeCommand/ModelTest.php" line="65" class="Tests\Feature\Playground\Stub\Console\Commands\ModelMakeCommand\ModelTest" classname="Tests.Feature.Playground.Stub.Console.Commands.ModelMakeCommand.ModelTest" assertions="1" time="0.244491"/>
        <testcase name="test_command_make_all_playground_model_resource_with_force" file="/app/tests/Feature/Console/Commands/ModelMakeCommand/ModelTest.php" line="79" class="Tests\Feature\Playground\Stub\Console\Commands\ModelMakeCommand\ModelTest" classname="Tests.Feature.Playground.Stub.Console.Commands.ModelMakeCommand.ModelTest" assertions="1" time="0.248965"/>
      </testsuite>
      <testsuite name="Tests\Feature\Playground\Stub\Console\Commands\ModelMakeCommand\OptionsTest" file="/app/tests/Feature/Console/Commands/ModelMakeCommand/OptionsTest.php" tests="10" assertions="10" errors="0" failures="0" skipped="0" time="0.445797">
        <testcase name="test_command_make_model_with_all_of_the_option_flags" file="/app/tests/Feature/Console/Commands/ModelMakeCommand/OptionsTest.php" line="23" class="Tests\Feature\Playground\Stub\Console\Commands\ModelMakeCommand\OptionsTest" classname="Tests.Feature.Playground.Stub.Console.Commands.ModelMakeCommand.OptionsTest" assertions="1" time="0.081702"/>
        <testcase name="test_command_make_model_with_pivot_type" file="/app/tests/Feature/Console/Commands/ModelMakeCommand/OptionsTest.php" line="34" class="Tests\Feature\Playground\Stub\Console\Commands\ModelMakeCommand\OptionsTest" classname="Tests.Feature.Playground.Stub.Console.Commands.ModelMakeCommand.OptionsTest" assertions="1" time="0.040160"/>
        <testcase name="test_command_make_model_with_pivot_option" file="/app/tests/Feature/Console/Commands/ModelMakeCommand/OptionsTest.php" line="45" class="Tests\Feature\Playground\Stub\Console\Commands\ModelMakeCommand\OptionsTest" classname="Tests.Feature.Playground.Stub.Console.Commands.ModelMakeCommand.OptionsTest" assertions="1" time="0.039348"/>
        <testcase name="test_command_make_model_with_morph_pivot_type" file="/app/tests/Feature/Console/Commands/ModelMakeCommand/OptionsTest.php" line="56" class="Tests\Feature\Playground\Stub\Console\Commands\ModelMakeCommand\OptionsTest" classname="Tests.Feature.Playground.Stub.Console.Commands.ModelMakeCommand.OptionsTest" assertions="1" time="0.040372"/>
        <testcase name="test_command_make_model_with_morph_pivot_option" file="/app/tests/Feature/Console/Commands/ModelMakeCommand/OptionsTest.php" line="67" class="Tests\Feature\Playground\Stub\Console\Commands\ModelMakeCommand\OptionsTest" classname="Tests.Feature.Playground.Stub.Console.Commands.ModelMakeCommand.OptionsTest" assertions="1" time="0.039997"/>
        <testcase name="test_command_make_model_with_api_type" file="/app/tests/Feature/Console/Commands/ModelMakeCommand/OptionsTest.php" line="78" class="Tests\Feature\Playground\Stub\Console\Commands\ModelMakeCommand\OptionsTest" classname="Tests.Feature.Playground.Stub.Console.Commands.ModelMakeCommand.OptionsTest" assertions="1" time="0.047067"/>
        <testcase name="test_command_make_model_with_abstract_type" file="/app/tests/Feature/Console/Commands/ModelMakeCommand/OptionsTest.php" line="89" class="Tests\Feature\Playground\Stub\Console\Commands\ModelMakeCommand\OptionsTest" classname="Tests.Feature.Playground.Stub.Console.Commands.ModelMakeCommand.OptionsTest" assertions="1" time="0.035587"/>
        <testcase name="test_command_make_model_with_model_type" file="/app/tests/Feature/Console/Commands/ModelMakeCommand/OptionsTest.php" line="100" class="Tests\Feature\Playground\Stub\Console\Commands\ModelMakeCommand\OptionsTest" classname="Tests.Feature.Playground.Stub.Console.Commands.ModelMakeCommand.OptionsTest" assertions="1" time="0.035422"/>
        <testcase name="test_command_make_model_with_api_controller_option" file="/app/tests/Feature/Console/Commands/ModelMakeCommand/OptionsTest.php" line="111" class="Tests\Feature\Playground\Stub\Console\Commands\ModelMakeCommand\OptionsTest" classname="Tests.Feature.Playground.Stub.Console.Commands.ModelMakeCommand.OptionsTest" assertions="1" time="0.044079"/>
        <testcase name="test_command_make_model_with_resource_controller_option" file="/app/tests/Feature/Console/Commands/ModelMakeCommand/OptionsTest.php" line="122" class="Tests\Feature\Playground\Stub\Console\Commands\ModelMakeCommand\OptionsTest" classname="Tests.Feature.Playground.Stub.Console.Commands.ModelMakeCommand.OptionsTest" assertions="1" time="0.042064"/>
      </testsuite>
      <testsuite name="Tests\Feature\Playground\Stub\Console\Commands\PackageMakeCommand\CommandTest" file="/app/tests/Feature/Console/Commands/PackageMakeCommand/CommandTest.php" tests="2" assertions="2" errors="0" failures="0" skipped="0" time="0.072578">
        <testcase name="test_command_without_options_or_arguments" file="/app/tests/Feature/Console/Commands/PackageMakeCommand/CommandTest.php" line="19" class="Tests\Feature\Playground\Stub\Console\Commands\PackageMakeCommand\CommandTest" classname="Tests.Feature.Playground.Stub.Console.Commands.PackageMakeCommand.CommandTest" assertions="1" time="0.027673"/>
        <testcase name="test_command_skeleton" file="/app/tests/Feature/Console/Commands/PackageMakeCommand/CommandTest.php" line="28" class="Tests\Feature\Playground\Stub\Console\Commands\PackageMakeCommand\CommandTest" classname="Tests.Feature.Playground.Stub.Console.Commands.PackageMakeCommand.CommandTest" assertions="1" time="0.044904"/>
      </testsuite>
      <testsuite name="Tests\Acceptance\Playground\Stub\Console\Commands\PackageMakeCommand\ModelTest" file="/app/tests/Feature/Console/Commands/PackageMakeCommand/ModelTest.php" tests="2" assertions="2" errors="0" failures="0" skipped="0" time="0.231080">
        <testcase name="test_command_make_api_package_with_force_and_without_skeleton" file="/app/tests/Feature/Console/Commands/PackageMakeCommand/ModelTest.php" line="19" class="Tests\Acceptance\Playground\Stub\Console\Commands\PackageMakeCommand\ModelTest" classname="Tests.Acceptance.Playground.Stub.Console.Commands.PackageMakeCommand.ModelTest" assertions="1" time="0.118694"/>
        <testcase name="test_command_make_api_package_with_force_and_with_skeleton" file="/app/tests/Feature/Console/Commands/PackageMakeCommand/ModelTest.php" line="33" class="Tests\Acceptance\Playground\Stub\Console\Commands\PackageMakeCommand\ModelTest" classname="Tests.Acceptance.Playground.Stub.Console.Commands.PackageMakeCommand.ModelTest" assertions="1" time="0.112386"/>
      </testsuite>
      <testsuite name="Tests\Feature\Playground\Stub\Console\Commands\PolicyMakeCommand\CommandTest" file="/app/tests/Feature/Console/Commands/PolicyMakeCommand/CommandTest.php" tests="10" assertions="11" errors="0" failures="0" skipped="0" time="0.310020">
        <testcase name="test_command_without_options_or_arguments" file="/app/tests/Feature/Console/Commands/PolicyMakeCommand/CommandTest.php" line="19" class="Tests\Feature\Playground\Stub\Console\Commands\PolicyMakeCommand\CommandTest" classname="Tests.Feature.Playground.Stub.Console.Commands.PolicyMakeCommand.CommandTest" assertions="1" time="0.027665"/>
        <testcase name="test_command_skeleton" file="/app/tests/Feature/Console/Commands/PolicyMakeCommand/CommandTest.php" line="28" class="Tests\Feature\Playground\Stub\Console\Commands\PolicyMakeCommand\CommandTest" classname="Tests.Feature.Playground.Stub.Console.Commands.PolicyMakeCommand.CommandTest" assertions="1" time="0.030738"/>
        <testcase name="test_command_skeleton_with_roles_action" file="/app/tests/Feature/Console/Commands/PolicyMakeCommand/CommandTest.php" line="37" class="Tests\Feature\Playground\Stub\Console\Commands\PolicyMakeCommand\CommandTest" classname="Tests.Feature.Playground.Stub.Console.Commands.PolicyMakeCommand.CommandTest" assertions="1" time="0.032226"/>
        <testcase name="test_command_skeleton_with_roles_view" file="/app/tests/Feature/Console/Commands/PolicyMakeCommand/CommandTest.php" line="46" class="Tests\Feature\Playground\Stub\Console\Commands\PolicyMakeCommand\CommandTest" classname="Tests.Feature.Playground.Stub.Console.Commands.PolicyMakeCommand.CommandTest" assertions="1" time="0.031068"/>
        <testcase name="test_command_skeleton_with_roles_and_action_view" file="/app/tests/Feature/Console/Commands/PolicyMakeCommand/CommandTest.php" line="55" class="Tests\Feature\Playground\Stub\Console\Commands\PolicyMakeCommand\CommandTest" classname="Tests.Feature.Playground.Stub.Console.Commands.PolicyMakeCommand.CommandTest" assertions="1" time="0.031999"/>
        <testcase name="test_command_userProviderModelGuard_with_invalid_guard" file="/app/tests/Feature/Console/Commands/PolicyMakeCommand/CommandTest.php" line="64" class="Tests\Feature\Playground\Stub\Console\Commands\PolicyMakeCommand\CommandTest" classname="Tests.Feature.Playground.Stub.Console.Commands.PolicyMakeCommand.CommandTest" assertions="2" time="0.028402"/>
        <testcase name="test_command_skeleton_with_type_playground_resource" file="/app/tests/Feature/Console/Commands/PolicyMakeCommand/CommandTest.php" line="78" class="Tests\Feature\Playground\Stub\Console\Commands\PolicyMakeCommand\CommandTest" classname="Tests.Feature.Playground.Stub.Console.Commands.PolicyMakeCommand.CommandTest" assertions="1" time="0.033279"/>
        <testcase name="test_command_skeleton_with_type_playground_api" file="/app/tests/Feature/Console/Commands/PolicyMakeCommand/CommandTest.php" line="87" class="Tests\Feature\Playground\Stub\Console\Commands\PolicyMakeCommand\CommandTest" classname="Tests.Feature.Playground.Stub.Console.Commands.PolicyMakeCommand.CommandTest" assertions="1" time="0.031398"/>
        <testcase name="test_command_skeleton_with_type_api" file="/app/tests/Feature/Console/Commands/PolicyMakeCommand/CommandTest.php" line="96" class="Tests\Feature\Playground\Stub\Console\Commands\PolicyMakeCommand\CommandTest" classname="Tests.Feature.Playground.Stub.Console.Commands.PolicyMakeCommand.CommandTest" assertions="1" time="0.031583"/>
        <testcase name="test_command_skeleton_with_type_resource" file="/app/tests/Feature/Console/Commands/PolicyMakeCommand/CommandTest.php" line="105" class="Tests\Feature\Playground\Stub\Console\Commands\PolicyMakeCommand\CommandTest" classname="Tests.Feature.Playground.Stub.Console.Commands.PolicyMakeCommand.CommandTest" assertions="1" time="0.031661"/>
      </testsuite>
      <testsuite name="Tests\Feature\Playground\Stub\Console\Commands\PolicyMakeCommand\ModelTest" file="/app/tests/Feature/Console/Commands/PolicyMakeCommand/ModelTest.php" tests="2" assertions="2" errors="0" failures="0" skipped="0" time="0.063798">
        <testcase name="test_command_make_policy_with_force_and_without_skeleton" file="/app/tests/Feature/Console/Commands/PolicyMakeCommand/ModelTest.php" line="19" class="Tests\Feature\Playground\Stub\Console\Commands\PolicyMakeCommand\ModelTest" classname="Tests.Feature.Playground.Stub.Console.Commands.PolicyMakeCommand.ModelTest" assertions="1" time="0.031810"/>
        <testcase name="test_command_make_policy_with_force_and_with_skeleton" file="/app/tests/Feature/Console/Commands/PolicyMakeCommand/ModelTest.php" line="33" class="Tests\Feature\Playground\Stub\Console\Commands\PolicyMakeCommand\ModelTest" classname="Tests.Feature.Playground.Stub.Console.Commands.PolicyMakeCommand.ModelTest" assertions="1" time="0.031988"/>
      </testsuite>
      <testsuite name="Tests\Feature\Playground\Stub\Console\Commands\RequestMakeCommand\CommandTest" file="/app/tests/Feature/Console/Commands/RequestMakeCommand/CommandTest.php" tests="2" assertions="2" errors="0" failures="0" skipped="0" time="0.067680">
        <testcase name="test_command_without_options_or_arguments" file="/app/tests/Feature/Console/Commands/RequestMakeCommand/CommandTest.php" line="19" class="Tests\Feature\Playground\Stub\Console\Commands\RequestMakeCommand\CommandTest" classname="Tests.Feature.Playground.Stub.Console.Commands.RequestMakeCommand.CommandTest" assertions="1" time="0.036456"/>
        <testcase name="test_command_skeleton" file="/app/tests/Feature/Console/Commands/RequestMakeCommand/CommandTest.php" line="28" class="Tests\Feature\Playground\Stub\Console\Commands\RequestMakeCommand\CommandTest" classname="Tests.Feature.Playground.Stub.Console.Commands.RequestMakeCommand.CommandTest" assertions="1" time="0.031224"/>
      </testsuite>
      <testsuite name="Tests\Feature\Playground\Stub\Console\Commands\RequestMakeCommand\ModelTest" file="/app/tests/Feature/Console/Commands/RequestMakeCommand/ModelTest.php" tests="2" assertions="2" errors="0" failures="0" skipped="0" time="0.066090">
        <testcase name="test_command_make_request_with_force_and_without_skeleton" file="/app/tests/Feature/Console/Commands/RequestMakeCommand/ModelTest.php" line="19" class="Tests\Feature\Playground\Stub\Console\Commands\RequestMakeCommand\ModelTest" classname="Tests.Feature.Playground.Stub.Console.Commands.RequestMakeCommand.ModelTest" assertions="1" time="0.034062"/>
        <testcase name="test_command_make_request_with_force_and_with_skeleton" file="/app/tests/Feature/Console/Commands/RequestMakeCommand/ModelTest.php" line="33" class="Tests\Feature\Playground\Stub\Console\Commands\RequestMakeCommand\ModelTest" classname="Tests.Feature.Playground.Stub.Console.Commands.RequestMakeCommand.ModelTest" assertions="1" time="0.032029"/>
      </testsuite>
      <testsuite name="Tests\Feature\Playground\Stub\Console\Commands\ResourceMakeCommand\CommandTest" file="/app/tests/Feature/Console/Commands/ResourceMakeCommand/CommandTest.php" tests="2" assertions="2" errors="0" failures="0" skipped="0" time="0.071187">
        <testcase name="test_command_without_options_or_arguments" file="/app/tests/Feature/Console/Commands/ResourceMakeCommand/CommandTest.php" line="19" class="Tests\Feature\Playground\Stub\Console\Commands\ResourceMakeCommand\CommandTest" classname="Tests.Feature.Playground.Stub.Console.Commands.ResourceMakeCommand.CommandTest" assertions="1" time="0.038600"/>
        <testcase name="test_command_skeleton" file="/app/tests/Feature/Console/Commands/ResourceMakeCommand/CommandTest.php" line="28" class="Tests\Feature\Playground\Stub\Console\Commands\ResourceMakeCommand\CommandTest" classname="Tests.Feature.Playground.Stub.Console.Commands.ResourceMakeCommand.CommandTest" assertions="1" time="0.032587"/>
      </testsuite>
      <testsuite name="Tests\Feature\Playground\Stub\Console\Commands\ResourceMakeCommand\ModelTest" file="/app/tests/Feature/Console/Commands/ResourceMakeCommand/ModelTest.php" tests="2" assertions="2" errors="0" failures="0" skipped="0" time="0.065089">
        <testcase name="test_command_make_resource_with_force_and_without_skeleton" file="/app/tests/Feature/Console/Commands/ResourceMakeCommand/ModelTest.php" line="19" class="Tests\Feature\Playground\Stub\Console\Commands\ResourceMakeCommand\ModelTest" classname="Tests.Feature.Playground.Stub.Console.Commands.ResourceMakeCommand.ModelTest" assertions="1" time="0.032055"/>
        <testcase name="test_command_make_resource_with_force_and_with_skeleton" file="/app/tests/Feature/Console/Commands/ResourceMakeCommand/ModelTest.php" line="33" class="Tests\Feature\Playground\Stub\Console\Commands\ResourceMakeCommand\ModelTest" classname="Tests.Feature.Playground.Stub.Console.Commands.ResourceMakeCommand.ModelTest" assertions="1" time="0.033034"/>
      </testsuite>
      <testsuite name="Tests\Feature\Playground\Stub\Console\Commands\RouteMakeCommand\ApiTest" file="/app/tests/Feature/Console/Commands/RouteMakeCommand/ApiTest.php" tests="3" assertions="4" errors="0" failures="0" skipped="0" time="0.161518">
        <testcase name="test_command_make_playground_api_route_with_force_and_without_skeleton" file="/app/tests/Feature/Console/Commands/RouteMakeCommand/ApiTest.php" line="19" class="Tests\Feature\Playground\Stub\Console\Commands\RouteMakeCommand\ApiTest" classname="Tests.Feature.Playground.Stub.Console.Commands.RouteMakeCommand.ApiTest" assertions="1" time="0.082090"/>
        <testcase name="test_command_make_api_route_with_force_and_with_skeleton" file="/app/tests/Feature/Console/Commands/RouteMakeCommand/ApiTest.php" line="33" class="Tests\Feature\Playground\Stub\Console\Commands\RouteMakeCommand\ApiTest" classname="Tests.Feature.Playground.Stub.Console.Commands.RouteMakeCommand.ApiTest" assertions="1" time="0.050524"/>
        <testcase name="test_command_make_api_route_without_model_file" file="/app/tests/Feature/Console/Commands/RouteMakeCommand/ApiTest.php" line="47" class="Tests\Feature\Playground\Stub\Console\Commands\RouteMakeCommand\ApiTest" classname="Tests.Feature.Playground.Stub.Console.Commands.RouteMakeCommand.ApiTest" assertions="2" time="0.028904"/>
      </testsuite>
      <testsuite name="Tests\Feature\Playground\Stub\Console\Commands\RouteMakeCommand\CommandTest" file="/app/tests/Feature/Console/Commands/RouteMakeCommand/CommandTest.php" tests="3" assertions="3" errors="0" failures="0" skipped="0" time="0.091880">
        <testcase name="test_command_without_options_or_arguments" file="/app/tests/Feature/Console/Commands/RouteMakeCommand/CommandTest.php" line="19" class="Tests\Feature\Playground\Stub\Console\Commands\RouteMakeCommand\CommandTest" classname="Tests.Feature.Playground.Stub.Console.Commands.RouteMakeCommand.CommandTest" assertions="1" time="0.028799"/>
        <testcase name="test_command_skeleton" file="/app/tests/Feature/Console/Commands/RouteMakeCommand/CommandTest.php" line="28" class="Tests\Feature\Playground\Stub\Console\Commands\RouteMakeCommand\CommandTest" classname="Tests.Feature.Playground.Stub.Console.Commands.RouteMakeCommand.CommandTest" assertions="1" time="0.030614"/>
        <testcase name="test_command_with_options" file="/app/tests/Feature/Console/Commands/RouteMakeCommand/CommandTest.php" line="37" class="Tests\Feature\Playground\Stub\Console\Commands\RouteMakeCommand\CommandTest" classname="Tests.Feature.Playground.Stub.Console.Commands.RouteMakeCommand.CommandTest" assertions="1" time="0.032467"/>
      </testsuite>
      <testsuite name="Tests\Feature\Playground\Stub\Console\Commands\RouteMakeCommand\FileTest" file="/app/tests/Feature/Console/Commands/RouteMakeCommand/FileTest.php" tests="2" assertions="2" errors="0" failures="0" skipped="0" time="0.120915">
        <testcase name="test_command_make_route_with_force_and_without_skeleton" file="/app/tests/Feature/Console/Commands/RouteMakeCommand/FileTest.php" line="19" class="Tests\Feature\Playground\Stub\Console\Commands\RouteMakeCommand\FileTest" classname="Tests.Feature.Playground.Stub.Console.Commands.RouteMakeCommand.FileTest" assertions="1" time="0.060141"/>
        <testcase name="test_command_make_route_with_force_and_with_skeleton" file="/app/tests/Feature/Console/Commands/RouteMakeCommand/FileTest.php" line="33" class="Tests\Feature\Playground\Stub\Console\Commands\RouteMakeCommand\FileTest" classname="Tests.Feature.Playground.Stub.Console.Commands.RouteMakeCommand.FileTest" assertions="1" time="0.060774"/>
      </testsuite>
      <testsuite name="Tests\Feature\Playground\Stub\Console\Commands\RouteMakeCommand\ResourceTest" file="/app/tests/Feature/Console/Commands/RouteMakeCommand/ResourceTest.php" tests="6" assertions="7" errors="0" failures="0" skipped="0" time="0.268570">
        <testcase name="test_command_make_playground_resource_route_with_force_and_without_skeleton" file="/app/tests/Feature/Console/Commands/RouteMakeCommand/ResourceTest.php" line="19" class="Tests\Feature\Playground\Stub\Console\Commands\RouteMakeCommand\ResourceTest" classname="Tests.Feature.Playground.Stub.Console.Commands.RouteMakeCommand.ResourceTest" assertions="1" time="0.051018"/>
        <testcase name="test_command_make_resource_route_with_force_and_with_skeleton" file="/app/tests/Feature/Console/Commands/RouteMakeCommand/ResourceTest.php" line="33" class="Tests\Feature\Playground\Stub\Console\Commands\RouteMakeCommand\ResourceTest" classname="Tests.Feature.Playground.Stub.Console.Commands.RouteMakeCommand.ResourceTest" assertions="1" time="0.051111"/>
        <testcase name="test_command_make_resource_route_without_model_file" file="/app/tests/Feature/Console/Commands/RouteMakeCommand/ResourceTest.php" line="47" class="Tests\Feature\Playground\Stub\Console\Commands\RouteMakeCommand\ResourceTest" classname="Tests.Feature.Playground.Stub.Console.Commands.RouteMakeCommand.ResourceTest" assertions="2" time="0.028186"/>
        <testcase name="test_command_make_playground_resource_index_route_with_force_and_without_skeleton" file="/app/tests/Feature/Console/Commands/RouteMakeCommand/ResourceTest.php" line="57" class="Tests\Feature\Playground\Stub\Console\Commands\RouteMakeCommand\ResourceTest" classname="Tests.Feature.Playground.Stub.Console.Commands.RouteMakeCommand.ResourceTest" assertions="1" time="0.056081"/>
        <testcase name="test_command_make_resource_index_route_with_force_and_with_skeleton" file="/app/tests/Feature/Console/Commands/RouteMakeCommand/ResourceTest.php" line="71" class="Tests\Feature\Playground\Stub\Console\Commands\RouteMakeCommand\ResourceTest" classname="Tests.Feature.Playground.Stub.Console.Commands.RouteMakeCommand.ResourceTest" assertions="1" time="0.050752"/>
        <testcase name="test_command_make_resource_index_route_without_model_file" file="/app/tests/Feature/Console/Commands/RouteMakeCommand/ResourceTest.php" line="85" class="Tests\Feature\Playground\Stub\Console\Commands\RouteMakeCommand\ResourceTest" classname="Tests.Feature.Playground.Stub.Console.Commands.RouteMakeCommand.ResourceTest" assertions="1" time="0.031422"/>
      </testsuite>
      <testsuite name="Tests\Feature\Playground\Stub\Console\Commands\SeederMakeCommand\CommandTest" file="/app/tests/Feature/Console/Commands/SeederMakeCommand/CommandTest.php" tests="2" assertions="2" errors="0" failures="0" skipped="0" time="0.057426">
        <testcase name="test_command_without_options_or_arguments" file="/app/tests/Feature/Console/Commands/SeederMakeCommand/CommandTest.php" line="19" class="Tests\Feature\Playground\Stub\Console\Commands\SeederMakeCommand\CommandTest" classname="Tests.Feature.Playground.Stub.Console.Commands.SeederMakeCommand.CommandTest" assertions="1" time="0.026844"/>
        <testcase name="test_command_skeleton" file="/app/tests/Feature/Console/Commands/SeederMakeCommand/CommandTest.php" line="28" class="Tests\Feature\Playground\Stub\Console\Commands\SeederMakeCommand\CommandTest" classname="Tests.Feature.Playground.Stub.Console.Commands.SeederMakeCommand.CommandTest" assertions="1" time="0.030582"/>
      </testsuite>
      <testsuite name="Tests\Feature\Playground\Stub\Console\Commands\SwaggerMakeCommand\ApiTest" file="/app/tests/Feature/Console/Commands/SwaggerMakeCommand/ApiTest.php" tests="2" assertions="2" errors="0" failures="0" skipped="0" time="0.137892">
        <testcase name="test_command_make_swagger_with_force_and_without_skeleton" file="/app/tests/Feature/Console/Commands/SwaggerMakeCommand/ApiTest.php" line="19" class="Tests\Feature\Playground\Stub\Console\Commands\SwaggerMakeCommand\ApiTest" classname="Tests.Feature.Playground.Stub.Console.Commands.SwaggerMakeCommand.ApiTest" assertions="1" time="0.101427"/>
        <testcase name="test_command_make_swagger_with_force_and_with_skeleton" file="/app/tests/Feature/Console/Commands/SwaggerMakeCommand/ApiTest.php" line="33" class="Tests\Feature\Playground\Stub\Console\Commands\SwaggerMakeCommand\ApiTest" classname="Tests.Feature.Playground.Stub.Console.Commands.SwaggerMakeCommand.ApiTest" assertions="1" time="0.036465"/>
      </testsuite>
      <testsuite name="Tests\Feature\Playground\Stub\Console\Commands\SwaggerMakeCommand\CommandTest" file="/app/tests/Feature/Console/Commands/SwaggerMakeCommand/CommandTest.php" tests="2" assertions="2" errors="0" failures="0" skipped="0" time="0.057704">
        <testcase name="test_command_without_options_or_arguments" file="/app/tests/Feature/Console/Commands/SwaggerMakeCommand/CommandTest.php" line="19" class="Tests\Feature\Playground\Stub\Console\Commands\SwaggerMakeCommand\CommandTest" classname="Tests.Feature.Playground.Stub.Console.Commands.SwaggerMakeCommand.CommandTest" assertions="1" time="0.028529"/>
        <testcase name="test_command_skeleton" file="/app/tests/Feature/Console/Commands/SwaggerMakeCommand/CommandTest.php" line="28" class="Tests\Feature\Playground\Stub\Console\Commands\SwaggerMakeCommand\CommandTest" classname="Tests.Feature.Playground.Stub.Console.Commands.SwaggerMakeCommand.CommandTest" assertions="1" time="0.029175"/>
      </testsuite>
      <testsuite name="Tests\Feature\Playground\Stub\Console\Commands\SwaggerMakeCommand\ModelTest" file="/app/tests/Feature/Console/Commands/SwaggerMakeCommand/ModelTest.php" tests="5" assertions="6" errors="0" failures="0" skipped="0" time="0.318725">
        <testcase name="test_command_make_swagger_with_force_and_without_skeleton" file="/app/tests/Feature/Console/Commands/SwaggerMakeCommand/ModelTest.php" line="19" class="Tests\Feature\Playground\Stub\Console\Commands\SwaggerMakeCommand\ModelTest" classname="Tests.Feature.Playground.Stub.Console.Commands.SwaggerMakeCommand.ModelTest" assertions="1" time="0.080723"/>
        <testcase name="test_command_make_swagger_with_force_and_with_skeleton" file="/app/tests/Feature/Console/Commands/SwaggerMakeCommand/ModelTest.php" line="33" class="Tests\Feature\Playground\Stub\Console\Commands\SwaggerMakeCommand\ModelTest" classname="Tests.Feature.Playground.Stub.Console.Commands.SwaggerMakeCommand.ModelTest" assertions="1" time="0.080025"/>
        <testcase name="test_command_make_swagger_model_with_force_and_without_skeleton" file="/app/tests/Feature/Console/Commands/SwaggerMakeCommand/ModelTest.php" line="47" class="Tests\Feature\Playground\Stub\Console\Commands\SwaggerMakeCommand\ModelTest" classname="Tests.Feature.Playground.Stub.Console.Commands.SwaggerMakeCommand.ModelTest" assertions="1" time="0.063702"/>
        <testcase name="test_command_make_swagger_model_with_force_and_with_skeleton" file="/app/tests/Feature/Console/Commands/SwaggerMakeCommand/ModelTest.php" line="61" class="Tests\Feature\Playground\Stub\Console\Commands\SwaggerMakeCommand\ModelTest" classname="Tests.Feature.Playground.Stub.Console.Commands.SwaggerMakeCommand.ModelTest" assertions="1" time="0.064366"/>
        <testcase name="test_command_make_swagger_model_without_model_file" file="/app/tests/Feature/Console/Commands/SwaggerMakeCommand/ModelTest.php" line="75" class="Tests\Feature\Playground\Stub\Console\Commands\SwaggerMakeCommand\ModelTest" classname="Tests.Feature.Playground.Stub.Console.Commands.SwaggerMakeCommand.ModelTest" assertions="2" time="0.029908"/>
      </testsuite>
      <testsuite name="Tests\Feature\Playground\Stub\Console\Commands\SwaggerMakeCommand\ResourceTest" file="/app/tests/Feature/Console/Commands/SwaggerMakeCommand/ResourceTest.php" tests="2" assertions="2" errors="0" failures="0" skipped="0" time="0.273927">
        <testcase name="test_command_make_swagger_with_force_and_without_skeleton" file="/app/tests/Feature/Console/Commands/SwaggerMakeCommand/ResourceTest.php" line="19" class="Tests\Feature\Playground\Stub\Console\Commands\SwaggerMakeCommand\ResourceTest" classname="Tests.Feature.Playground.Stub.Console.Commands.SwaggerMakeCommand.ResourceTest" assertions="1" time="0.185822"/>
        <testcase name="test_command_make_swagger_with_force_and_with_skeleton" file="/app/tests/Feature/Console/Commands/SwaggerMakeCommand/ResourceTest.php" line="33" class="Tests\Feature\Playground\Stub\Console\Commands\SwaggerMakeCommand\ResourceTest" classname="Tests.Feature.Playground.Stub.Console.Commands.SwaggerMakeCommand.ResourceTest" assertions="1" time="0.088106"/>
      </testsuite>
      <testsuite name="Tests\Feature\Playground\Stub\Console\Commands\TemplateMakeCommand\CommandTest" file="/app/tests/Feature/Console/Commands/TemplateMakeCommand/CommandTest.php" tests="2" assertions="2" errors="0" failures="0" skipped="0" time="0.068779">
        <testcase name="test_command_without_options_or_arguments" file="/app/tests/Feature/Console/Commands/TemplateMakeCommand/CommandTest.php" line="19" class="Tests\Feature\Playground\Stub\Console\Commands\TemplateMakeCommand\CommandTest" classname="Tests.Feature.Playground.Stub.Console.Commands.TemplateMakeCommand.CommandTest" assertions="1" time="0.037395"/>
        <testcase name="test_command_skeleton" file="/app/tests/Feature/Console/Commands/TemplateMakeCommand/CommandTest.php" line="28" class="Tests\Feature\Playground\Stub\Console\Commands\TemplateMakeCommand\CommandTest" classname="Tests.Feature.Playground.Stub.Console.Commands.TemplateMakeCommand.CommandTest" assertions="1" time="0.031384"/>
      </testsuite>
      <testsuite name="Tests\Feature\Playground\Stub\Console\Commands\TemplateMakeCommand\ModelTest" file="/app/tests/Feature/Console/Commands/TemplateMakeCommand/ModelTest.php" tests="2" assertions="2" errors="0" failures="0" skipped="0" time="0.067637">
        <testcase name="test_command_make_template_with_force_and_without_skeleton" file="/app/tests/Feature/Console/Commands/TemplateMakeCommand/ModelTest.php" line="19" class="Tests\Feature\Playground\Stub\Console\Commands\TemplateMakeCommand\ModelTest" classname="Tests.Feature.Playground.Stub.Console.Commands.TemplateMakeCommand.ModelTest" assertions="1" time="0.034421"/>
        <testcase name="test_command_make_template_with_force_and_with_skeleton" file="/app/tests/Feature/Console/Commands/TemplateMakeCommand/ModelTest.php" line="33" class="Tests\Feature\Playground\Stub\Console\Commands\TemplateMakeCommand\ModelTest" classname="Tests.Feature.Playground.Stub.Console.Commands.TemplateMakeCommand.ModelTest" assertions="1" time="0.033217"/>
      </testsuite>
      <testsuite name="Tests\Feature\Playground\Stub\Console\Commands\TestMakeCommand\CommandTest" file="/app/tests/Feature/Console/Commands/TestMakeCommand/CommandTest.php" tests="2" assertions="2" errors="0" failures="0" skipped="0" time="0.059892">
        <testcase name="test_command_without_options_or_arguments" file="/app/tests/Feature/Console/Commands/TestMakeCommand/CommandTest.php" line="19" class="Tests\Feature\Playground\Stub\Console\Commands\TestMakeCommand\CommandTest" classname="Tests.Feature.Playground.Stub.Console.Commands.TestMakeCommand.CommandTest" assertions="1" time="0.027674"/>
        <testcase name="test_command_skeleton" file="/app/tests/Feature/Console/Commands/TestMakeCommand/CommandTest.php" line="28" class="Tests\Feature\Playground\Stub\Console\Commands\TestMakeCommand\CommandTest" classname="Tests.Feature.Playground.Stub.Console.Commands.TestMakeCommand.CommandTest" assertions="1" time="0.032219"/>
      </testsuite>
      <testsuite name="Tests\Feature\Playground\Stub\Console\Commands\TestMakeCommand\ModelTest" file="/app/tests/Feature/Console/Commands/TestMakeCommand/ModelTest.php" tests="4" assertions="4" errors="0" failures="0" skipped="0" time="0.142940">
        <testcase name="test_command_make_test_with_force_and_without_skeleton" file="/app/tests/Feature/Console/Commands/TestMakeCommand/ModelTest.php" line="19" class="Tests\Feature\Playground\Stub\Console\Commands\TestMakeCommand\ModelTest" classname="Tests.Feature.Playground.Stub.Console.Commands.TestMakeCommand.ModelTest" assertions="1" time="0.035586"/>
        <testcase name="test_command_make_test_with_force_and_with_skeleton" file="/app/tests/Feature/Console/Commands/TestMakeCommand/ModelTest.php" line="33" class="Tests\Feature\Playground\Stub\Console\Commands\TestMakeCommand\ModelTest" classname="Tests.Feature.Playground.Stub.Console.Commands.TestMakeCommand.ModelTest" assertions="1" time="0.034988"/>
        <testcase name="test_command_make_playground_model_api_with_force" file="/app/tests/Feature/Console/Commands/TestMakeCommand/ModelTest.php" line="47" class="Tests\Feature\Playground\Stub\Console\Commands\TestMakeCommand\ModelTest" classname="Tests.Feature.Playground.Stub.Console.Commands.TestMakeCommand.ModelTest" assertions="1" time="0.035091"/>
        <testcase name="test_command_make_playground_model_resource_with_force" file="/app/tests/Feature/Console/Commands/TestMakeCommand/ModelTest.php" line="61" class="Tests\Feature\Playground\Stub\Console\Commands\TestMakeCommand\ModelTest" classname="Tests.Feature.Playground.Stub.Console.Commands.TestMakeCommand.ModelTest" assertions="1" time="0.037274"/>
      </testsuite>
    </testsuite>
  </testsuite>
</testsuites>
