<?xml version="1.0" encoding="UTF-8"?>
<testsuites>
  <testsuite name="/app/phpunit.xml.dist" tests="345" assertions="738" errors="0" failures="0" skipped="0" time="17.752402">
    <testsuite name="Unit" tests="129" assertions="490" errors="0" failures="0" skipped="0" time="5.434360">
      <testsuite name="Tests\Unit\Playground\Stub\Configuration\Configuration\InstanceTest" file="/app/tests/Unit/Configuration/Configuration/InstanceTest.php" tests="2" assertions="5" errors="0" failures="0" skipped="0" time="0.275260">
        <testcase name="test_instance" file="/app/tests/Unit/Configuration/Configuration/InstanceTest.php" line="21" class="Tests\Unit\Playground\Stub\Configuration\Configuration\InstanceTest" classname="Tests.Unit.Playground.Stub.Configuration.Configuration.InstanceTest" assertions="1" time="0.251698"/>
        <testcase name="test_instance_apply_without_options" file="/app/tests/Unit/Configuration/Configuration/InstanceTest.php" line="33" class="Tests\Unit\Playground\Stub\Configuration\Configuration\InstanceTest" classname="Tests.Unit.Playground.Stub.Configuration.Configuration.InstanceTest" assertions="4" time="0.023562"/>
      </testsuite>
      <testsuite name="Tests\Unit\Playground\Stub\Configuration\Configuration\PropertiesTest" file="/app/tests/Unit/Configuration/Configuration/PropertiesTest.php" tests="3" assertions="12" errors="0" failures="0" skipped="0" time="0.066551">
        <testcase name="test_properties" file="/app/tests/Unit/Configuration/Configuration/PropertiesTest.php" line="24" class="Tests\Unit\Playground\Stub\Configuration\Configuration\PropertiesTest" classname="Tests.Unit.Playground.Stub.Configuration.Configuration.PropertiesTest" assertions="5" time="0.023166"/>
        <testcase name="test_properties_with_all_options_without_apply" file="/app/tests/Unit/Configuration/Configuration/PropertiesTest.php" line="43" class="Tests\Unit\Playground\Stub\Configuration\Configuration\PropertiesTest" classname="Tests.Unit.Playground.Stub.Configuration.Configuration.PropertiesTest" assertions="3" time="0.021618"/>
        <testcase name="test_properties_with_all_options_with_apply" file="/app/tests/Unit/Configuration/Configuration/PropertiesTest.php" line="61" class="Tests\Unit\Playground\Stub\Configuration\Configuration\PropertiesTest" classname="Tests.Unit.Playground.Stub.Configuration.Configuration.PropertiesTest" assertions="4" time="0.021766"/>
      </testsuite>
      <testsuite name="Tests\Unit\Playground\Stub\Configuration\Factory\InstanceTest" file="/app/tests/Unit/Configuration/Factory/InstanceTest.php" tests="4" assertions="21" errors="0" failures="0" skipped="0" time="0.162269">
        <testcase name="test_instance" file="/app/tests/Unit/Configuration/Factory/InstanceTest.php" line="19" class="Tests\Unit\Playground\Stub\Configuration\Factory\InstanceTest" classname="Tests.Unit.Playground.Stub.Configuration.Factory.InstanceTest" assertions="1" time="0.095514"/>
        <testcase name="test_instance_apply_without_options" file="/app/tests/Unit/Configuration/Factory/InstanceTest.php" line="46" class="Tests\Unit\Playground\Stub\Configuration\Factory\InstanceTest" classname="Tests.Unit.Playground.Stub.Configuration.Factory.InstanceTest" assertions="4" time="0.022270"/>
        <testcase name="test_folder_is_empty_by_default" file="/app/tests/Unit/Configuration/Factory/InstanceTest.php" line="63" class="Tests\Unit\Playground\Stub\Configuration\Factory\InstanceTest" classname="Tests.Unit.Playground.Stub.Configuration.Factory.InstanceTest" assertions="3" time="0.021808"/>
        <testcase name="test_factory_for_model_with_file_and_skeleton" file="/app/tests/Unit/Configuration/Factory/InstanceTest.php" line="73" class="Tests\Unit\Playground\Stub\Configuration\Factory\InstanceTest" classname="Tests.Unit.Playground.Stub.Configuration.Factory.InstanceTest" assertions="13" time="0.022677"/>
      </testsuite>
      <testsuite name="Tests\Unit\Playground\Stub\Configuration\Migration\InstanceTest" file="/app/tests/Unit/Configuration/Migration/InstanceTest.php" tests="4" assertions="24" errors="0" failures="0" skipped="0" time="0.100781">
        <testcase name="test_instance" file="/app/tests/Unit/Configuration/Migration/InstanceTest.php" line="19" class="Tests\Unit\Playground\Stub\Configuration\Migration\InstanceTest" classname="Tests.Unit.Playground.Stub.Configuration.Migration.InstanceTest" assertions="1" time="0.033816"/>
        <testcase name="test_instance_apply_without_options" file="/app/tests/Unit/Configuration/Migration/InstanceTest.php" line="47" class="Tests\Unit\Playground\Stub\Configuration\Migration\InstanceTest" classname="Tests.Unit.Playground.Stub.Configuration.Migration.InstanceTest" assertions="4" time="0.021959"/>
        <testcase name="test_folder_is_empty_by_default" file="/app/tests/Unit/Configuration/Migration/InstanceTest.php" line="64" class="Tests\Unit\Playground\Stub\Configuration\Migration\InstanceTest" classname="Tests.Unit.Playground.Stub.Configuration.Migration.InstanceTest" assertions="3" time="0.022423"/>
        <testcase name="test_migration_for_model_with_file_and_skeleton" file="/app/tests/Unit/Configuration/Migration/InstanceTest.php" line="74" class="Tests\Unit\Playground\Stub\Configuration\Migration\InstanceTest" classname="Tests.Unit.Playground.Stub.Configuration.Migration.InstanceTest" assertions="16" time="0.022584"/>
      </testsuite>
      <testsuite name="Tests\Unit\Playground\Stub\Configuration\Model\AttributesTest" file="/app/tests/Unit/Configuration/Model/AttributesTest.php" tests="6" assertions="19" errors="0" failures="0" skipped="0" time="0.267939">
        <testcase name="test_addModelProperties_with_empty_options" file="/app/tests/Unit/Configuration/Model/AttributesTest.php" line="21" class="Tests\Unit\Playground\Stub\Configuration\Model\AttributesTest" classname="Tests.Unit.Playground.Stub.Configuration.Model.AttributesTest" assertions="4" time="0.147582"/>
        <testcase name="test_addAttribute_with_invalid_column" file="/app/tests/Unit/Configuration/Model/AttributesTest.php" line="36" class="Tests\Unit\Playground\Stub\Configuration\Model\AttributesTest" classname="Tests.Unit.Playground.Stub.Configuration.Model.AttributesTest" assertions="3" time="0.026791"/>
        <testcase name="test_addAttribute_with_invalid_default_value_of_array" file="/app/tests/Unit/Configuration/Model/AttributesTest.php" line="56" class="Tests\Unit\Playground\Stub\Configuration\Model\AttributesTest" classname="Tests.Unit.Playground.Stub.Configuration.Model.AttributesTest" assertions="3" time="0.022761"/>
        <testcase name="test_addCast_with_invalid_column_and_set_empty_string" file="/app/tests/Unit/Configuration/Model/AttributesTest.php" line="74" class="Tests\Unit\Playground\Stub\Configuration\Model\AttributesTest" classname="Tests.Unit.Playground.Stub.Configuration.Model.AttributesTest" assertions="3" time="0.023248"/>
        <testcase name="test_addCast_with_invalid_cast_value_and_treat_as_string" file="/app/tests/Unit/Configuration/Model/AttributesTest.php" line="94" class="Tests\Unit\Playground\Stub\Configuration\Model\AttributesTest" classname="Tests.Unit.Playground.Stub.Configuration.Model.AttributesTest" assertions="3" time="0.023557"/>
        <testcase name="test_addFillable_with_invalid_column" file="/app/tests/Unit/Configuration/Model/AttributesTest.php" line="111" class="Tests\Unit\Playground\Stub\Configuration\Model\AttributesTest" classname="Tests.Unit.Playground.Stub.Configuration.Model.AttributesTest" assertions="3" time="0.024000"/>
      </testsuite>
      <testsuite name="Tests\Unit\Playground\Stub\Configuration\Model\ClassesTest" file="/app/tests/Unit/Configuration/Model/ClassesTest.php" tests="3" assertions="6" errors="0" failures="0" skipped="0" time="0.066422">
        <testcase name="test_addExtends_with_string" file="/app/tests/Unit/Configuration/Model/ClassesTest.php" line="21" class="Tests\Unit\Playground\Stub\Configuration\Model\ClassesTest" classname="Tests.Unit.Playground.Stub.Configuration.Model.ClassesTest" assertions="2" time="0.021779"/>
        <testcase name="test_addImplements_with_string" file="/app/tests/Unit/Configuration/Model/ClassesTest.php" line="36" class="Tests\Unit\Playground\Stub\Configuration\Model\ClassesTest" classname="Tests.Unit.Playground.Stub.Configuration.Model.ClassesTest" assertions="2" time="0.022556"/>
        <testcase name="test_addModels_with_string" file="/app/tests/Unit/Configuration/Model/ClassesTest.php" line="54" class="Tests\Unit\Playground\Stub\Configuration\Model\ClassesTest" classname="Tests.Unit.Playground.Stub.Configuration.Model.ClassesTest" assertions="2" time="0.022087"/>
      </testsuite>
      <testsuite name="Tests\Unit\Playground\Stub\Configuration\Model\CreateColumn\InstanceTest" file="/app/tests/Unit/Configuration/Model/Create/InstanceTest.php" tests="3" assertions="8" errors="0" failures="0" skipped="0" time="0.102794">
        <testcase name="test_instance" file="/app/tests/Unit/Configuration/Model/Create/InstanceTest.php" line="21" class="Tests\Unit\Playground\Stub\Configuration\Model\CreateColumn\InstanceTest" classname="Tests.Unit.Playground.Stub.Configuration.Model.CreateColumn.InstanceTest" assertions="1" time="0.054705"/>
        <testcase name="test_model_with_file_jsonSerialize" file="/app/tests/Unit/Configuration/Model/Create/InstanceTest.php" line="43" class="Tests\Unit\Playground\Stub\Configuration\Model\CreateColumn\InstanceTest" classname="Tests.Unit.Playground.Stub.Configuration.Model.CreateColumn.InstanceTest" assertions="4" time="0.024101"/>
        <testcase name="test_setOptions_unsupported_primary_and_log_message" file="/app/tests/Unit/Configuration/Model/Create/InstanceTest.php" line="74" class="Tests\Unit\Playground\Stub\Configuration\Model\CreateColumn\InstanceTest" classname="Tests.Unit.Playground.Stub.Configuration.Model.CreateColumn.InstanceTest" assertions="3" time="0.023987"/>
      </testsuite>
      <testsuite name="Tests\Unit\Playground\Stub\Configuration\Model\Create\InstanceTest" file="/app/tests/Unit/Configuration/Model/CreateColumn/InstanceTest.php" tests="12" assertions="32" errors="0" failures="0" skipped="0" time="0.385392">
        <testcase name="test_instance" file="/app/tests/Unit/Configuration/Model/CreateColumn/InstanceTest.php" line="21" class="Tests\Unit\Playground\Stub\Configuration\Model\Create\InstanceTest" classname="Tests.Unit.Playground.Stub.Configuration.Model.Create.InstanceTest" assertions="1" time="0.090201"/>
        <testcase name="test_model_with_file" file="/app/tests/Unit/Configuration/Model/CreateColumn/InstanceTest.php" line="48" class="Tests\Unit\Playground\Stub\Configuration\Model\Create\InstanceTest" classname="Tests.Unit.Playground.Stub.Configuration.Model.Create.InstanceTest" assertions="1" time="0.061521"/>
        <testcase name="test_setOptions_unsupported_primary_and_ignore" file="/app/tests/Unit/Configuration/Model/CreateColumn/InstanceTest.php" line="59" class="Tests\Unit\Playground\Stub\Configuration\Model\Create\InstanceTest" classname="Tests.Unit.Playground.Stub.Configuration.Model.Create.InstanceTest" assertions="3" time="0.023250"/>
        <testcase name="test_addId_with_empty_column" file="/app/tests/Unit/Configuration/Model/CreateColumn/InstanceTest.php" line="91" class="Tests\Unit\Playground\Stub\Configuration\Model\Create\InstanceTest" classname="Tests.Unit.Playground.Stub.Configuration.Model.Create.InstanceTest" assertions="3" time="0.022609"/>
        <testcase name="test_addUnique_with_empty_column" file="/app/tests/Unit/Configuration/Model/CreateColumn/InstanceTest.php" line="107" class="Tests\Unit\Playground\Stub\Configuration\Model\Create\InstanceTest" classname="Tests.Unit.Playground.Stub.Configuration.Model.Create.InstanceTest" assertions="3" time="0.022764"/>
        <testcase name="test_addDate_with_empty_column" file="/app/tests/Unit/Configuration/Model/CreateColumn/InstanceTest.php" line="123" class="Tests\Unit\Playground\Stub\Configuration\Model\Create\InstanceTest" classname="Tests.Unit.Playground.Stub.Configuration.Model.Create.InstanceTest" assertions="3" time="0.024231"/>
        <testcase name="test_addFlag_with_empty_column" file="/app/tests/Unit/Configuration/Model/CreateColumn/InstanceTest.php" line="139" class="Tests\Unit\Playground\Stub\Configuration\Model\Create\InstanceTest" classname="Tests.Unit.Playground.Stub.Configuration.Model.Create.InstanceTest" assertions="3" time="0.022925"/>
        <testcase name="test_addColumn_with_empty_column" file="/app/tests/Unit/Configuration/Model/CreateColumn/InstanceTest.php" line="155" class="Tests\Unit\Playground\Stub\Configuration\Model\Create\InstanceTest" classname="Tests.Unit.Playground.Stub.Configuration.Model.Create.InstanceTest" assertions="3" time="0.023177"/>
        <testcase name="test_addPermission_with_empty_column" file="/app/tests/Unit/Configuration/Model/CreateColumn/InstanceTest.php" line="171" class="Tests\Unit\Playground\Stub\Configuration\Model\Create\InstanceTest" classname="Tests.Unit.Playground.Stub.Configuration.Model.Create.InstanceTest" assertions="3" time="0.023397"/>
        <testcase name="test_addStatus_with_empty_column" file="/app/tests/Unit/Configuration/Model/CreateColumn/InstanceTest.php" line="187" class="Tests\Unit\Playground\Stub\Configuration\Model\Create\InstanceTest" classname="Tests.Unit.Playground.Stub.Configuration.Model.Create.InstanceTest" assertions="3" time="0.023798"/>
        <testcase name="test_addUi_with_empty_column" file="/app/tests/Unit/Configuration/Model/CreateColumn/InstanceTest.php" line="203" class="Tests\Unit\Playground\Stub\Configuration\Model\Create\InstanceTest" classname="Tests.Unit.Playground.Stub.Configuration.Model.Create.InstanceTest" assertions="3" time="0.023656"/>
        <testcase name="test_addJson_with_empty_column" file="/app/tests/Unit/Configuration/Model/CreateColumn/InstanceTest.php" line="219" class="Tests\Unit\Playground\Stub\Configuration\Model\Create\InstanceTest" classname="Tests.Unit.Playground.Stub.Configuration.Model.Create.InstanceTest" assertions="3" time="0.023862"/>
      </testsuite>
      <testsuite name="Tests\Unit\Playground\Stub\Configuration\Model\Filter\InstanceTest" file="/app/tests/Unit/Configuration/Model/Filter/InstanceTest.php" tests="2" assertions="2" errors="0" failures="0" skipped="0" time="0.124659">
        <testcase name="test_instance" file="/app/tests/Unit/Configuration/Model/Filter/InstanceTest.php" line="19" class="Tests\Unit\Playground\Stub\Configuration\Model\Filter\InstanceTest" classname="Tests.Unit.Playground.Stub.Configuration.Model.Filter.InstanceTest" assertions="1" time="0.033909"/>
        <testcase name="test_instance_apply_without_options" file="/app/tests/Unit/Configuration/Model/Filter/InstanceTest.php" line="26" class="Tests\Unit\Playground\Stub\Configuration\Model\Filter\InstanceTest" classname="Tests.Unit.Playground.Stub.Configuration.Model.Filter.InstanceTest" assertions="1" time="0.090750"/>
      </testsuite>
      <testsuite name="Tests\Unit\Playground\Stub\Configuration\Model\Filters\InstanceTest" file="/app/tests/Unit/Configuration/Model/Filters/InstanceTest.php" tests="13" assertions="37" errors="0" failures="0" skipped="0" time="0.312030">
        <testcase name="test_instance" file="/app/tests/Unit/Configuration/Model/Filters/InstanceTest.php" line="20" class="Tests\Unit\Playground\Stub\Configuration\Model\Filters\InstanceTest" classname="Tests.Unit.Playground.Stub.Configuration.Model.Filters.InstanceTest" assertions="1" time="0.023439"/>
        <testcase name="test_instance_apply_without_options" file="/app/tests/Unit/Configuration/Model/Filters/InstanceTest.php" line="48" class="Tests\Unit\Playground\Stub\Configuration\Model\Filters\InstanceTest" classname="Tests.Unit.Playground.Stub.Configuration.Model.Filters.InstanceTest" assertions="4" time="0.022145"/>
        <testcase name="test_model_with_file" file="/app/tests/Unit/Configuration/Model/Filters/InstanceTest.php" line="65" class="Tests\Unit\Playground\Stub\Configuration\Model\Filters\InstanceTest" classname="Tests.Unit.Playground.Stub.Configuration.Model.Filters.InstanceTest" assertions="4" time="0.025619"/>
        <testcase name="test_setOptions_with_builder_in_options" file="/app/tests/Unit/Configuration/Model/Filters/InstanceTest.php" line="92" class="Tests\Unit\Playground\Stub\Configuration\Model\Filters\InstanceTest" classname="Tests.Unit.Playground.Stub.Configuration.Model.Filters.InstanceTest" assertions="1" time="0.022075"/>
        <testcase name="test_addId_with_empty_meta" file="/app/tests/Unit/Configuration/Model/Filters/InstanceTest.php" line="101" class="Tests\Unit\Playground\Stub\Configuration\Model\Filters\InstanceTest" classname="Tests.Unit.Playground.Stub.Configuration.Model.Filters.InstanceTest" assertions="3" time="0.024561"/>
        <testcase name="test_addDate_with_empty_meta" file="/app/tests/Unit/Configuration/Model/Filters/InstanceTest.php" line="117" class="Tests\Unit\Playground\Stub\Configuration\Model\Filters\InstanceTest" classname="Tests.Unit.Playground.Stub.Configuration.Model.Filters.InstanceTest" assertions="3" time="0.023020"/>
        <testcase name="test_addFlag_with_empty_meta" file="/app/tests/Unit/Configuration/Model/Filters/InstanceTest.php" line="133" class="Tests\Unit\Playground\Stub\Configuration\Model\Filters\InstanceTest" classname="Tests.Unit.Playground.Stub.Configuration.Model.Filters.InstanceTest" assertions="3" time="0.024070"/>
        <testcase name="test_handleTrash_with_empty_meta" file="/app/tests/Unit/Configuration/Model/Filters/InstanceTest.php" line="149" class="Tests\Unit\Playground\Stub\Configuration\Model\Filters\InstanceTest" classname="Tests.Unit.Playground.Stub.Configuration.Model.Filters.InstanceTest" assertions="3" time="0.023843"/>
        <testcase name="test_addColumn_with_empty_meta" file="/app/tests/Unit/Configuration/Model/Filters/InstanceTest.php" line="162" class="Tests\Unit\Playground\Stub\Configuration\Model\Filters\InstanceTest" classname="Tests.Unit.Playground.Stub.Configuration.Model.Filters.InstanceTest" assertions="3" time="0.025708"/>
        <testcase name="test_addPermission_with_empty_meta" file="/app/tests/Unit/Configuration/Model/Filters/InstanceTest.php" line="178" class="Tests\Unit\Playground\Stub\Configuration\Model\Filters\InstanceTest" classname="Tests.Unit.Playground.Stub.Configuration.Model.Filters.InstanceTest" assertions="3" time="0.023742"/>
        <testcase name="test_addStatus_with_empty_meta" file="/app/tests/Unit/Configuration/Model/Filters/InstanceTest.php" line="194" class="Tests\Unit\Playground\Stub\Configuration\Model\Filters\InstanceTest" classname="Tests.Unit.Playground.Stub.Configuration.Model.Filters.InstanceTest" assertions="3" time="0.023674"/>
        <testcase name="test_addUi_with_empty_meta" file="/app/tests/Unit/Configuration/Model/Filters/InstanceTest.php" line="210" class="Tests\Unit\Playground\Stub\Configuration\Model\Filters\InstanceTest" classname="Tests.Unit.Playground.Stub.Configuration.Model.Filters.InstanceTest" assertions="3" time="0.023978"/>
        <testcase name="test_addJson_with_empty_meta" file="/app/tests/Unit/Configuration/Model/Filters/InstanceTest.php" line="226" class="Tests\Unit\Playground\Stub\Configuration\Model\Filters\InstanceTest" classname="Tests.Unit.Playground.Stub.Configuration.Model.Filters.InstanceTest" assertions="3" time="0.026157"/>
      </testsuite>
      <testsuite name="Tests\Unit\Playground\Stub\Configuration\Model\InstanceTest" file="/app/tests/Unit/Configuration/Model/InstanceTest.php" tests="4" assertions="28" errors="0" failures="0" skipped="0" time="0.161598">
        <testcase name="test_instance" file="/app/tests/Unit/Configuration/Model/InstanceTest.php" line="36" class="Tests\Unit\Playground\Stub\Configuration\Model\InstanceTest" classname="Tests.Unit.Playground.Stub.Configuration.Model.InstanceTest" assertions="1" time="0.059700"/>
        <testcase name="test_instance_apply_without_options" file="/app/tests/Unit/Configuration/Model/InstanceTest.php" line="100" class="Tests\Unit\Playground\Stub\Configuration\Model\InstanceTest" classname="Tests.Unit.Playground.Stub.Configuration.Model.InstanceTest" assertions="4" time="0.025054"/>
        <testcase name="test_folder_is_empty_by_default" file="/app/tests/Unit/Configuration/Model/InstanceTest.php" line="117" class="Tests\Unit\Playground\Stub\Configuration\Model\InstanceTest" classname="Tests.Unit.Playground.Stub.Configuration.Model.InstanceTest" assertions="3" time="0.023549"/>
        <testcase name="test_model_with_file_and_skeleton" file="/app/tests/Unit/Configuration/Model/InstanceTest.php" line="127" class="Tests\Unit\Playground\Stub\Configuration\Model\InstanceTest" classname="Tests.Unit.Playground.Stub.Configuration.Model.InstanceTest" assertions="20" time="0.053296"/>
      </testsuite>
      <testsuite name="Tests\Unit\Playground\Stub\Configuration\Model\RelationshipsTest" file="/app/tests/Unit/Configuration/Model/RelationshipsTest.php" tests="4" assertions="12" errors="0" failures="0" skipped="0" time="0.094744">
        <testcase name="test_addRelationships_for_HasOne_with_invalid_accessor" file="/app/tests/Unit/Configuration/Model/RelationshipsTest.php" line="21" class="Tests\Unit\Playground\Stub\Configuration\Model\RelationshipsTest" classname="Tests.Unit.Playground.Stub.Configuration.Model.RelationshipsTest" assertions="3" time="0.024901"/>
        <testcase name="test_addRelationships_for_HasMany_with_invalid_accessor" file="/app/tests/Unit/Configuration/Model/RelationshipsTest.php" line="47" class="Tests\Unit\Playground\Stub\Configuration\Model\RelationshipsTest" classname="Tests.Unit.Playground.Stub.Configuration.Model.RelationshipsTest" assertions="3" time="0.023510"/>
        <testcase name="test_addHasOne_without_meta" file="/app/tests/Unit/Configuration/Model/RelationshipsTest.php" line="76" class="Tests\Unit\Playground\Stub\Configuration\Model\RelationshipsTest" classname="Tests.Unit.Playground.Stub.Configuration.Model.RelationshipsTest" assertions="3" time="0.023162"/>
        <testcase name="test_addHasMany_without_meta" file="/app/tests/Unit/Configuration/Model/RelationshipsTest.php" line="91" class="Tests\Unit\Playground\Stub\Configuration\Model\RelationshipsTest" classname="Tests.Unit.Playground.Stub.Configuration.Model.RelationshipsTest" assertions="3" time="0.023172"/>
      </testsuite>
      <testsuite name="Tests\Unit\Playground\Stub\Configuration\Model\ScopesTest" file="/app/tests/Unit/Configuration/Model/ScopesTest.php" tests="4" assertions="15" errors="0" failures="0" skipped="0" time="0.091936">
        <testcase name="test_addScopes_with_sort" file="/app/tests/Unit/Configuration/Model/ScopesTest.php" line="23" class="Tests\Unit\Playground\Stub\Configuration\Model\ScopesTest" classname="Tests.Unit.Playground.Stub.Configuration.Model.ScopesTest" assertions="3" time="0.022146"/>
        <testcase name="test_addScope_with_invalid_scope" file="/app/tests/Unit/Configuration/Model/ScopesTest.php" line="46" class="Tests\Unit\Playground\Stub\Configuration\Model\ScopesTest" classname="Tests.Unit.Playground.Stub.Configuration.Model.ScopesTest" assertions="4" time="0.022680"/>
        <testcase name="test_addScope_for_sort_without_meta" file="/app/tests/Unit/Configuration/Model/ScopesTest.php" line="65" class="Tests\Unit\Playground\Stub\Configuration\Model\ScopesTest" classname="Tests.Unit.Playground.Stub.Configuration.Model.ScopesTest" assertions="3" time="0.022316"/>
        <testcase name="test_addScope_unsupported_scope_and_ignore" file="/app/tests/Unit/Configuration/Model/ScopesTest.php" line="80" class="Tests\Unit\Playground\Stub\Configuration\Model\ScopesTest" classname="Tests.Unit.Playground.Stub.Configuration.Model.ScopesTest" assertions="5" time="0.024794"/>
      </testsuite>
      <testsuite name="Tests\Unit\Playground\Stub\Configuration\Model\SortingTest" file="/app/tests/Unit/Configuration/Model/SortingTest.php" tests="3" assertions="10" errors="0" failures="0" skipped="0" time="0.089971">
        <testcase name="test_addSortable_without_column" file="/app/tests/Unit/Configuration/Model/SortingTest.php" line="21" class="Tests\Unit\Playground\Stub\Configuration\Model\SortingTest" classname="Tests.Unit.Playground.Stub.Configuration.Model.SortingTest" assertions="4" time="0.022486"/>
        <testcase name="test_addSortable_with_index" file="/app/tests/Unit/Configuration/Model/SortingTest.php" line="40" class="Tests\Unit\Playground\Stub\Configuration\Model\SortingTest" classname="Tests.Unit.Playground.Stub.Configuration.Model.SortingTest" assertions="3" time="0.032424"/>
        <testcase name="test_addSortable_without_index" file="/app/tests/Unit/Configuration/Model/SortingTest.php" line="57" class="Tests\Unit\Playground\Stub\Configuration\Model\SortingTest" classname="Tests.Unit.Playground.Stub.Configuration.Model.SortingTest" assertions="3" time="0.035061"/>
      </testsuite>
      <testsuite name="Tests\Unit\Playground\Stub\Configuration\Package\InstanceTest" file="/app/tests/Unit/Configuration/Package/InstanceTest.php" tests="10" assertions="85" errors="0" failures="0" skipped="0" time="0.316533">
        <testcase name="test_instance" file="/app/tests/Unit/Configuration/Package/InstanceTest.php" line="21" class="Tests\Unit\Playground\Stub\Configuration\Package\InstanceTest" classname="Tests.Unit.Playground.Stub.Configuration.Package.InstanceTest" assertions="1" time="0.101600"/>
        <testcase name="test_instance_apply_without_options" file="/app/tests/Unit/Configuration/Package/InstanceTest.php" line="69" class="Tests\Unit\Playground\Stub\Configuration\Package\InstanceTest" classname="Tests.Unit.Playground.Stub.Configuration.Package.InstanceTest" assertions="4" time="0.023352"/>
        <testcase name="test_folder_is_empty_by_default" file="/app/tests/Unit/Configuration/Package/InstanceTest.php" line="86" class="Tests\Unit\Playground\Stub\Configuration\Package\InstanceTest" classname="Tests.Unit.Playground.Stub.Configuration.Package.InstanceTest" assertions="3" time="0.022016"/>
        <testcase name="test_package_for_model_with_file_and_skeleton" file="/app/tests/Unit/Configuration/Package/InstanceTest.php" line="96" class="Tests\Unit\Playground\Stub\Configuration\Package\InstanceTest" classname="Tests.Unit.Playground.Stub.Configuration.Package.InstanceTest" assertions="26" time="0.023259"/>
        <testcase name="test_package_for_api_with_file_and_skeleton" file="/app/tests/Unit/Configuration/Package/InstanceTest.php" line="163" class="Tests\Unit\Playground\Stub\Configuration\Package\InstanceTest" classname="Tests.Unit.Playground.Stub.Configuration.Package.InstanceTest" assertions="26" time="0.024069"/>
        <testcase name="test_addKeyword_with_invalid_keyword_and_log_message" file="/app/tests/Unit/Configuration/Package/InstanceTest.php" line="240" class="Tests\Unit\Playground\Stub\Configuration\Package\InstanceTest" classname="Tests.Unit.Playground.Stub.Configuration.Package.InstanceTest" assertions="5" time="0.025599"/>
        <testcase name="test_addRequire_with_invalid_package_and_log_message" file="/app/tests/Unit/Configuration/Package/InstanceTest.php" line="267" class="Tests\Unit\Playground\Stub\Configuration\Package\InstanceTest" classname="Tests.Unit.Playground.Stub.Configuration.Package.InstanceTest" assertions="5" time="0.023454"/>
        <testcase name="test_addRequire_with_invalid_version_and_log_message" file="/app/tests/Unit/Configuration/Package/InstanceTest.php" line="296" class="Tests\Unit\Playground\Stub\Configuration\Package\InstanceTest" classname="Tests.Unit.Playground.Stub.Configuration.Package.InstanceTest" assertions="5" time="0.023542"/>
        <testcase name="test_addRequireDev_with_invalid_package_and_log_message" file="/app/tests/Unit/Configuration/Package/InstanceTest.php" line="325" class="Tests\Unit\Playground\Stub\Configuration\Package\InstanceTest" classname="Tests.Unit.Playground.Stub.Configuration.Package.InstanceTest" assertions="5" time="0.023923"/>
        <testcase name="test_addRequireDev_with_invalid_version_and_log_message" file="/app/tests/Unit/Configuration/Package/InstanceTest.php" line="354" class="Tests\Unit\Playground\Stub\Configuration\Package\InstanceTest" classname="Tests.Unit.Playground.Stub.Configuration.Package.InstanceTest" assertions="5" time="0.025719"/>
      </testsuite>
      <testsuite name="Tests\Unit\Playground\Stub\Configuration\Policy\InstanceTest" file="/app/tests/Unit/Configuration/Policy/InstanceTest.php" tests="4" assertions="23" errors="0" failures="0" skipped="0" time="0.098325">
        <testcase name="test_instance" file="/app/tests/Unit/Configuration/Policy/InstanceTest.php" line="19" class="Tests\Unit\Playground\Stub\Configuration\Policy\InstanceTest" classname="Tests.Unit.Playground.Stub.Configuration.Policy.InstanceTest" assertions="1" time="0.032576"/>
        <testcase name="test_instance_apply_without_options" file="/app/tests/Unit/Configuration/Policy/InstanceTest.php" line="46" class="Tests\Unit\Playground\Stub\Configuration\Policy\InstanceTest" classname="Tests.Unit.Playground.Stub.Configuration.Policy.InstanceTest" assertions="4" time="0.021652"/>
        <testcase name="test_folder_is_empty_by_default" file="/app/tests/Unit/Configuration/Policy/InstanceTest.php" line="63" class="Tests\Unit\Playground\Stub\Configuration\Policy\InstanceTest" classname="Tests.Unit.Playground.Stub.Configuration.Policy.InstanceTest" assertions="3" time="0.021626"/>
        <testcase name="test_test_with_file_and_skeleton" file="/app/tests/Unit/Configuration/Policy/InstanceTest.php" line="73" class="Tests\Unit\Playground\Stub\Configuration\Policy\InstanceTest" classname="Tests.Unit.Playground.Stub.Configuration.Policy.InstanceTest" assertions="15" time="0.022472"/>
      </testsuite>
      <testsuite name="Tests\Unit\Playground\Stub\Configuration\PrimaryConfiguration\AddClassFileToTest" file="/app/tests/Unit/Configuration/PrimaryConfiguration/AddClassFileToTest.php" tests="4" assertions="12" errors="0" failures="0" skipped="0" time="0.091094">
        <testcase name="test_addClassFileTo_without_property" file="/app/tests/Unit/Configuration/PrimaryConfiguration/AddClassFileToTest.php" line="23" class="Tests\Unit\Playground\Stub\Configuration\PrimaryConfiguration\AddClassFileToTest" classname="Tests.Unit.Playground.Stub.Configuration.PrimaryConfiguration.AddClassFileToTest" assertions="3" time="0.022907"/>
        <testcase name="test_addClassFileTo_without_file" file="/app/tests/Unit/Configuration/PrimaryConfiguration/AddClassFileToTest.php" line="43" class="Tests\Unit\Playground\Stub\Configuration\PrimaryConfiguration\AddClassFileToTest" classname="Tests.Unit.Playground.Stub.Configuration.PrimaryConfiguration.AddClassFileToTest" assertions="3" time="0.022544"/>
        <testcase name="test_addClassFileTo_with_missing_property" file="/app/tests/Unit/Configuration/PrimaryConfiguration/AddClassFileToTest.php" line="63" class="Tests\Unit\Playground\Stub\Configuration\PrimaryConfiguration\AddClassFileToTest" classname="Tests.Unit.Playground.Stub.Configuration.PrimaryConfiguration.AddClassFileToTest" assertions="3" time="0.022728"/>
        <testcase name="test_addClassFileTo_with_valid_parameters_and_succeed" file="/app/tests/Unit/Configuration/PrimaryConfiguration/AddClassFileToTest.php" line="83" class="Tests\Unit\Playground\Stub\Configuration\PrimaryConfiguration\AddClassFileToTest" classname="Tests.Unit.Playground.Stub.Configuration.PrimaryConfiguration.AddClassFileToTest" assertions="3" time="0.022914"/>
      </testsuite>
      <testsuite name="Tests\Unit\Playground\Stub\Configuration\PrimaryConfiguration\AddClassToTest" file="/app/tests/Unit/Configuration/PrimaryConfiguration/AddClassToTest.php" tests="4" assertions="12" errors="0" failures="0" skipped="0" time="0.105838">
        <testcase name="test_addClassTo_without_property" file="/app/tests/Unit/Configuration/PrimaryConfiguration/AddClassToTest.php" line="23" class="Tests\Unit\Playground\Stub\Configuration\PrimaryConfiguration\AddClassToTest" classname="Tests.Unit.Playground.Stub.Configuration.PrimaryConfiguration.AddClassToTest" assertions="3" time="0.034272"/>
        <testcase name="test_addClassTo_without_fqdn" file="/app/tests/Unit/Configuration/PrimaryConfiguration/AddClassToTest.php" line="43" class="Tests\Unit\Playground\Stub\Configuration\PrimaryConfiguration\AddClassToTest" classname="Tests.Unit.Playground.Stub.Configuration.PrimaryConfiguration.AddClassToTest" assertions="3" time="0.023146"/>
        <testcase name="test_addClassTo_with_missing_property" file="/app/tests/Unit/Configuration/PrimaryConfiguration/AddClassToTest.php" line="62" class="Tests\Unit\Playground\Stub\Configuration\PrimaryConfiguration\AddClassToTest" classname="Tests.Unit.Playground.Stub.Configuration.PrimaryConfiguration.AddClassToTest" assertions="3" time="0.023255"/>
        <testcase name="test_addClassTo_with_valid_parameters_and_succeed" file="/app/tests/Unit/Configuration/PrimaryConfiguration/AddClassToTest.php" line="82" class="Tests\Unit\Playground\Stub\Configuration\PrimaryConfiguration\AddClassToTest" classname="Tests.Unit.Playground.Stub.Configuration.PrimaryConfiguration.AddClassToTest" assertions="3" time="0.025165"/>
      </testsuite>
      <testsuite name="Tests\Unit\Playground\Stub\Configuration\PrimaryConfiguration\AddMappedClassToTest" file="/app/tests/Unit/Configuration/PrimaryConfiguration/AddMappedClassToTest.php" tests="5" assertions="15" errors="0" failures="0" skipped="0" time="0.117347">
        <testcase name="test_addMappedClassTo_without_property" file="/app/tests/Unit/Configuration/PrimaryConfiguration/AddMappedClassToTest.php" line="23" class="Tests\Unit\Playground\Stub\Configuration\PrimaryConfiguration\AddMappedClassToTest" classname="Tests.Unit.Playground.Stub.Configuration.PrimaryConfiguration.AddMappedClassToTest" assertions="3" time="0.022607"/>
        <testcase name="test_addMappedClassTo_without_key" file="/app/tests/Unit/Configuration/PrimaryConfiguration/AddMappedClassToTest.php" line="45" class="Tests\Unit\Playground\Stub\Configuration\PrimaryConfiguration\AddMappedClassToTest" classname="Tests.Unit.Playground.Stub.Configuration.PrimaryConfiguration.AddMappedClassToTest" assertions="3" time="0.022847"/>
        <testcase name="test_addMappedClassTo_without_value" file="/app/tests/Unit/Configuration/PrimaryConfiguration/AddMappedClassToTest.php" line="67" class="Tests\Unit\Playground\Stub\Configuration\PrimaryConfiguration\AddMappedClassToTest" classname="Tests.Unit.Playground.Stub.Configuration.PrimaryConfiguration.AddMappedClassToTest" assertions="3" time="0.024991"/>
        <testcase name="test_addMappedClassTo_with_missing_property" file="/app/tests/Unit/Configuration/PrimaryConfiguration/AddMappedClassToTest.php" line="89" class="Tests\Unit\Playground\Stub\Configuration\PrimaryConfiguration\AddMappedClassToTest" classname="Tests.Unit.Playground.Stub.Configuration.PrimaryConfiguration.AddMappedClassToTest" assertions="3" time="0.023500"/>
        <testcase name="test_addMappedClassTo_with_valid_parameters_and_succeed" file="/app/tests/Unit/Configuration/PrimaryConfiguration/AddMappedClassToTest.php" line="111" class="Tests\Unit\Playground\Stub\Configuration\PrimaryConfiguration\AddMappedClassToTest" classname="Tests.Unit.Playground.Stub.Configuration.PrimaryConfiguration.AddMappedClassToTest" assertions="3" time="0.023402"/>
      </testsuite>
      <testsuite name="Tests\Unit\Playground\Stub\Configuration\PrimaryConfiguration\AddToUseTest" file="/app/tests/Unit/Configuration/PrimaryConfiguration/AddToUseTest.php" tests="3" assertions="9" errors="0" failures="0" skipped="0" time="0.067406">
        <testcase name="test_addToUse_without_class" file="/app/tests/Unit/Configuration/PrimaryConfiguration/AddToUseTest.php" line="23" class="Tests\Unit\Playground\Stub\Configuration\PrimaryConfiguration\AddToUseTest" classname="Tests.Unit.Playground.Stub.Configuration.PrimaryConfiguration.AddToUseTest" assertions="3" time="0.022751"/>
        <testcase name="test_addToUse_without_key_and_succeed" file="/app/tests/Unit/Configuration/PrimaryConfiguration/AddToUseTest.php" line="43" class="Tests\Unit\Playground\Stub\Configuration\PrimaryConfiguration\AddToUseTest" classname="Tests.Unit.Playground.Stub.Configuration.PrimaryConfiguration.AddToUseTest" assertions="3" time="0.022124"/>
        <testcase name="test_addToUse_with_key_and_succeed" file="/app/tests/Unit/Configuration/PrimaryConfiguration/AddToUseTest.php" line="58" class="Tests\Unit\Playground\Stub\Configuration\PrimaryConfiguration\AddToUseTest" classname="Tests.Unit.Playground.Stub.Configuration.PrimaryConfiguration.AddToUseTest" assertions="3" time="0.022531"/>
      </testsuite>
      <testsuite name="Tests\Unit\Playground\Stub\Configuration\PrimaryConfiguration\InstanceTest" file="/app/tests/Unit/Configuration/PrimaryConfiguration/InstanceTest.php" tests="5" assertions="15" errors="0" failures="0" skipped="0" time="0.111071">
        <testcase name="test_instance" file="/app/tests/Unit/Configuration/PrimaryConfiguration/InstanceTest.php" line="21" class="Tests\Unit\Playground\Stub\Configuration\PrimaryConfiguration\InstanceTest" classname="Tests.Unit.Playground.Stub.Configuration.PrimaryConfiguration.InstanceTest" assertions="1" time="0.021402"/>
        <testcase name="test_instance_apply_without_options" file="/app/tests/Unit/Configuration/PrimaryConfiguration/InstanceTest.php" line="48" class="Tests\Unit\Playground\Stub\Configuration\PrimaryConfiguration\InstanceTest" classname="Tests.Unit.Playground.Stub.Configuration.PrimaryConfiguration.InstanceTest" assertions="4" time="0.021831"/>
        <testcase name="test_folder_is_empty_by_default" file="/app/tests/Unit/Configuration/PrimaryConfiguration/InstanceTest.php" line="65" class="Tests\Unit\Playground\Stub\Configuration\PrimaryConfiguration\InstanceTest" classname="Tests.Unit.Playground.Stub.Configuration.PrimaryConfiguration.InstanceTest" assertions="3" time="0.021777"/>
        <testcase name="test_folder_with_empty_setFolder" file="/app/tests/Unit/Configuration/PrimaryConfiguration/InstanceTest.php" line="75" class="Tests\Unit\Playground\Stub\Configuration\PrimaryConfiguration\InstanceTest" classname="Tests.Unit.Playground.Stub.Configuration.PrimaryConfiguration.InstanceTest" assertions="3" time="0.023628"/>
        <testcase name="test_folder_with_path_for_setFolder" file="/app/tests/Unit/Configuration/PrimaryConfiguration/InstanceTest.php" line="85" class="Tests\Unit\Playground\Stub\Configuration\PrimaryConfiguration\InstanceTest" classname="Tests.Unit.Playground.Stub.Configuration.PrimaryConfiguration.InstanceTest" assertions="4" time="0.022433"/>
      </testsuite>
      <testsuite name="Tests\Unit\Playground\Stub\Configuration\PrimaryConfiguration\PropertiesTest" file="/app/tests/Unit/Configuration/PrimaryConfiguration/PropertiesTest.php" tests="3" assertions="40" errors="0" failures="0" skipped="0" time="0.068593">
        <testcase name="test_properties" file="/app/tests/Unit/Configuration/PrimaryConfiguration/PropertiesTest.php" line="39" class="Tests\Unit\Playground\Stub\Configuration\PrimaryConfiguration\PropertiesTest" classname="Tests.Unit.Playground.Stub.Configuration.PrimaryConfiguration.PropertiesTest" assertions="5" time="0.022207"/>
        <testcase name="test_properties_with_all_options_without_apply" file="/app/tests/Unit/Configuration/PrimaryConfiguration/PropertiesTest.php" line="58" class="Tests\Unit\Playground\Stub\Configuration\PrimaryConfiguration\PropertiesTest" classname="Tests.Unit.Playground.Stub.Configuration.PrimaryConfiguration.PropertiesTest" assertions="17" time="0.023872"/>
        <testcase name="test_properties_with_all_options_with_apply" file="/app/tests/Unit/Configuration/PrimaryConfiguration/PropertiesTest.php" line="107" class="Tests\Unit\Playground\Stub\Configuration\PrimaryConfiguration\PropertiesTest" classname="Tests.Unit.Playground.Stub.Configuration.PrimaryConfiguration.PropertiesTest" assertions="18" time="0.022513"/>
      </testsuite>
      <testsuite name="Tests\Unit\Playground\Stub\Configuration\PrimaryConfiguration\SkeletonTest" file="/app/tests/Unit/Configuration/PrimaryConfiguration/SkeletonTest.php" tests="7" assertions="10" errors="0" failures="0" skipped="0" time="0.156642">
        <testcase name="test_skeleton" file="/app/tests/Unit/Configuration/PrimaryConfiguration/SkeletonTest.php" line="19" class="Tests\Unit\Playground\Stub\Configuration\PrimaryConfiguration\SkeletonTest" classname="Tests.Unit.Playground.Stub.Configuration.PrimaryConfiguration.SkeletonTest" assertions="2" time="0.022383"/>
        <testcase name="test_skeleton_withSkeleton" file="/app/tests/Unit/Configuration/PrimaryConfiguration/SkeletonTest.php" line="28" class="Tests\Unit\Playground\Stub\Configuration\PrimaryConfiguration\SkeletonTest" classname="Tests.Unit.Playground.Stub.Configuration.PrimaryConfiguration.SkeletonTest" assertions="2" time="0.022022"/>
        <testcase name="test_skeleton_option_as_false" file="/app/tests/Unit/Configuration/PrimaryConfiguration/SkeletonTest.php" line="39" class="Tests\Unit\Playground\Stub\Configuration\PrimaryConfiguration\SkeletonTest" classname="Tests.Unit.Playground.Stub.Configuration.PrimaryConfiguration.SkeletonTest" assertions="1" time="0.021863"/>
        <testcase name="test_skeleton_option_as_true" file="/app/tests/Unit/Configuration/PrimaryConfiguration/SkeletonTest.php" line="50" class="Tests\Unit\Playground\Stub\Configuration\PrimaryConfiguration\SkeletonTest" classname="Tests.Unit.Playground.Stub.Configuration.PrimaryConfiguration.SkeletonTest" assertions="1" time="0.021966"/>
        <testcase name="test_skeleton_parameter_as_true" file="/app/tests/Unit/Configuration/PrimaryConfiguration/SkeletonTest.php" line="61" class="Tests\Unit\Playground\Stub\Configuration\PrimaryConfiguration\SkeletonTest" classname="Tests.Unit.Playground.Stub.Configuration.PrimaryConfiguration.SkeletonTest" assertions="1" time="0.022712"/>
        <testcase name="test_skeleton_parameter_as_false_overrules_option" file="/app/tests/Unit/Configuration/PrimaryConfiguration/SkeletonTest.php" line="70" class="Tests\Unit\Playground\Stub\Configuration\PrimaryConfiguration\SkeletonTest" classname="Tests.Unit.Playground.Stub.Configuration.PrimaryConfiguration.SkeletonTest" assertions="1" time="0.022917"/>
        <testcase name="test_skeleton_parameter_as_true_overrules_option" file="/app/tests/Unit/Configuration/PrimaryConfiguration/SkeletonTest.php" line="81" class="Tests\Unit\Playground\Stub\Configuration\PrimaryConfiguration\SkeletonTest" classname="Tests.Unit.Playground.Stub.Configuration.PrimaryConfiguration.SkeletonTest" assertions="2" time="0.022780"/>
      </testsuite>
      <testsuite name="Tests\Unit\Playground\Stub\Configuration\Test\InstanceTest" file="/app/tests/Unit/Configuration/Test/InstanceTest.php" tests="4" assertions="25" errors="0" failures="0" skipped="0" time="0.088736">
        <testcase name="test_instance" file="/app/tests/Unit/Configuration/Test/InstanceTest.php" line="19" class="Tests\Unit\Playground\Stub\Configuration\Test\InstanceTest" classname="Tests.Unit.Playground.Stub.Configuration.Test.InstanceTest" assertions="1" time="0.022582"/>
        <testcase name="test_instance_apply_without_options" file="/app/tests/Unit/Configuration/Test/InstanceTest.php" line="48" class="Tests\Unit\Playground\Stub\Configuration\Test\InstanceTest" classname="Tests.Unit.Playground.Stub.Configuration.Test.InstanceTest" assertions="4" time="0.021874"/>
        <testcase name="test_folder_is_empty_by_default" file="/app/tests/Unit/Configuration/Test/InstanceTest.php" line="65" class="Tests\Unit\Playground\Stub\Configuration\Test\InstanceTest" classname="Tests.Unit.Playground.Stub.Configuration.Test.InstanceTest" assertions="3" time="0.021578"/>
        <testcase name="test_test_with_file_and_skeleton" file="/app/tests/Unit/Configuration/Test/InstanceTest.php" line="75" class="Tests\Unit\Playground\Stub\Configuration\Test\InstanceTest" classname="Tests.Unit.Playground.Stub.Configuration.Test.InstanceTest" assertions="17" time="0.022702"/>
      </testsuite>
      <testsuite name="Tests\Unit\Playground\Stub\Console\Commands\ControllerMakeCommand\CommandTest" file="/app/tests/Unit/Console/Commands/ControllerMakeCommand/CommandTest.php" tests="1" assertions="1" errors="0" failures="0" skipped="0" time="1.521668">
        <testcase name="test_command_displays_help" file="/app/tests/Unit/Console/Commands/ControllerMakeCommand/CommandTest.php" line="19" class="Tests\Unit\Playground\Stub\Console\Commands\ControllerMakeCommand\CommandTest" classname="Tests.Unit.Playground.Stub.Console.Commands.ControllerMakeCommand.CommandTest" assertions="1" time="1.521668"/>
      </testsuite>
      <testsuite name="Tests\Unit\Playground\Stub\Console\Commands\FactoryMakeCommand\CommandTest" file="/app/tests/Unit/Console/Commands/FactoryMakeCommand/CommandTest.php" tests="1" assertions="1" errors="0" failures="0" skipped="0" time="0.031382">
        <testcase name="test_command_displays_help" file="/app/tests/Unit/Console/Commands/FactoryMakeCommand/CommandTest.php" line="19" class="Tests\Unit\Playground\Stub\Console\Commands\FactoryMakeCommand\CommandTest" classname="Tests.Unit.Playground.Stub.Console.Commands.FactoryMakeCommand.CommandTest" assertions="1" time="0.031382"/>
      </testsuite>
      <testsuite name="Tests\Unit\Playground\Stub\Console\Commands\MigrationMakeCommand\CommandTest" file="/app/tests/Unit/Console/Commands/MigrationMakeCommand/CommandTest.php" tests="1" assertions="1" errors="0" failures="0" skipped="0" time="0.031467">
        <testcase name="test_command_displays_help" file="/app/tests/Unit/Console/Commands/MigrationMakeCommand/CommandTest.php" line="19" class="Tests\Unit\Playground\Stub\Console\Commands\MigrationMakeCommand\CommandTest" classname="Tests.Unit.Playground.Stub.Console.Commands.MigrationMakeCommand.CommandTest" assertions="1" time="0.031467"/>
      </testsuite>
      <testsuite name="Tests\Unit\Playground\Stub\Console\Commands\ModelMakeCommand\CommandTest" file="/app/tests/Unit/Console/Commands/ModelMakeCommand/CommandTest.php" tests="1" assertions="1" errors="0" failures="0" skipped="0" time="0.034254">
        <testcase name="test_command_displays_help" file="/app/tests/Unit/Console/Commands/ModelMakeCommand/CommandTest.php" line="19" class="Tests\Unit\Playground\Stub\Console\Commands\ModelMakeCommand\CommandTest" classname="Tests.Unit.Playground.Stub.Console.Commands.ModelMakeCommand.CommandTest" assertions="1" time="0.034254"/>
      </testsuite>
      <testsuite name="Tests\Unit\Playground\Stub\Console\Commands\PackageMakeCommand\CommandTest" file="/app/tests/Unit/Console/Commands/PackageMakeCommand/CommandTest.php" tests="1" assertions="1" errors="0" failures="0" skipped="0" time="0.032846">
        <testcase name="test_command_displays_help" file="/app/tests/Unit/Console/Commands/PackageMakeCommand/CommandTest.php" line="19" class="Tests\Unit\Playground\Stub\Console\Commands\PackageMakeCommand\CommandTest" classname="Tests.Unit.Playground.Stub.Console.Commands.PackageMakeCommand.CommandTest" assertions="1" time="0.032846"/>
      </testsuite>
      <testsuite name="Tests\Unit\Playground\Stub\Console\Commands\PolicyMakeCommand\CommandTest" file="/app/tests/Unit/Console/Commands/PolicyMakeCommand/CommandTest.php" tests="1" assertions="1" errors="0" failures="0" skipped="0" time="0.035932">
        <testcase name="test_command_displays_help" file="/app/tests/Unit/Console/Commands/PolicyMakeCommand/CommandTest.php" line="19" class="Tests\Unit\Playground\Stub\Console\Commands\PolicyMakeCommand\CommandTest" classname="Tests.Unit.Playground.Stub.Console.Commands.PolicyMakeCommand.CommandTest" assertions="1" time="0.035932"/>
      </testsuite>
      <testsuite name="Tests\Unit\Playground\Stub\Console\Commands\RequestMakeCommand\CommandTest" file="/app/tests/Unit/Console/Commands/RequestMakeCommand/CommandTest.php" tests="1" assertions="1" errors="0" failures="0" skipped="0" time="0.034210">
        <testcase name="test_command_displays_help" file="/app/tests/Unit/Console/Commands/RequestMakeCommand/CommandTest.php" line="19" class="Tests\Unit\Playground\Stub\Console\Commands\RequestMakeCommand\CommandTest" classname="Tests.Unit.Playground.Stub.Console.Commands.RequestMakeCommand.CommandTest" assertions="1" time="0.034210"/>
      </testsuite>
      <testsuite name="Tests\Unit\Playground\Stub\Console\Commands\ResourceMakeCommand\CommandTest" file="/app/tests/Unit/Console/Commands/ResourceMakeCommand/CommandTest.php" tests="1" assertions="1" errors="0" failures="0" skipped="0" time="0.031289">
        <testcase name="test_command_displays_help" file="/app/tests/Unit/Console/Commands/ResourceMakeCommand/CommandTest.php" line="19" class="Tests\Unit\Playground\Stub\Console\Commands\ResourceMakeCommand\CommandTest" classname="Tests.Unit.Playground.Stub.Console.Commands.ResourceMakeCommand.CommandTest" assertions="1" time="0.031289"/>
      </testsuite>
      <testsuite name="Tests\Unit\Playground\Stub\Console\Commands\RouteMakeCommand\CommandTest" file="/app/tests/Unit/Console/Commands/RouteMakeCommand/CommandTest.php" tests="1" assertions="1" errors="0" failures="0" skipped="0" time="0.030517">
        <testcase name="test_command_displays_help" file="/app/tests/Unit/Console/Commands/RouteMakeCommand/CommandTest.php" line="19" class="Tests\Unit\Playground\Stub\Console\Commands\RouteMakeCommand\CommandTest" classname="Tests.Unit.Playground.Stub.Console.Commands.RouteMakeCommand.CommandTest" assertions="1" time="0.030517"/>
      </testsuite>
      <testsuite name="Tests\Unit\Playground\Stub\Console\Commands\SeederMakeCommand\CommandTest" file="/app/tests/Unit/Console/Commands/SeederMakeCommand/CommandTest.php" tests="1" assertions="1" errors="0" failures="0" skipped="0" time="0.030307">
        <testcase name="test_command_displays_help" file="/app/tests/Unit/Console/Commands/SeederMakeCommand/CommandTest.php" line="19" class="Tests\Unit\Playground\Stub\Console\Commands\SeederMakeCommand\CommandTest" classname="Tests.Unit.Playground.Stub.Console.Commands.SeederMakeCommand.CommandTest" assertions="1" time="0.030307"/>
      </testsuite>
      <testsuite name="Tests\Unit\Playground\Stub\Console\Commands\SwaggerMakeCommand\CommandTest" file="/app/tests/Unit/Console/Commands/SwaggerMakeCommand/CommandTest.php" tests="1" assertions="1" errors="0" failures="0" skipped="0" time="0.032403">
        <testcase name="test_command_displays_help" file="/app/tests/Unit/Console/Commands/SwaggerMakeCommand/CommandTest.php" line="19" class="Tests\Unit\Playground\Stub\Console\Commands\SwaggerMakeCommand\CommandTest" classname="Tests.Unit.Playground.Stub.Console.Commands.SwaggerMakeCommand.CommandTest" assertions="1" time="0.032403"/>
      </testsuite>
      <testsuite name="Tests\Unit\Playground\Stub\Console\Commands\TemplateMakeCommand\CommandTest" file="/app/tests/Unit/Console/Commands/TemplateMakeCommand/CommandTest.php" tests="1" assertions="1" errors="0" failures="0" skipped="0" time="0.031978">
        <testcase name="test_command_displays_help" file="/app/tests/Unit/Console/Commands/TemplateMakeCommand/CommandTest.php" line="19" class="Tests\Unit\Playground\Stub\Console\Commands\TemplateMakeCommand\CommandTest" classname="Tests.Unit.Playground.Stub.Console.Commands.TemplateMakeCommand.CommandTest" assertions="1" time="0.031978"/>
      </testsuite>
      <testsuite name="Tests\Unit\Playground\Stub\Console\Commands\TestMakeCommand\CommandTest" file="/app/tests/Unit/Console/Commands/TestMakeCommand/CommandTest.php" tests="1" assertions="1" errors="0" failures="0" skipped="0" time="0.032176">
        <testcase name="test_command_displays_help" file="/app/tests/Unit/Console/Commands/TestMakeCommand/CommandTest.php" line="19" class="Tests\Unit\Playground\Stub\Console\Commands\TestMakeCommand\CommandTest" classname="Tests.Unit.Playground.Stub.Console.Commands.TestMakeCommand.CommandTest" assertions="1" time="0.032176"/>
      </testsuite>
    </testsuite>
    <testsuite name="Feature" tests="216" assertions="248" errors="0" failures="0" skipped="0" time="12.318042">
      <testsuite name="Tests\Feature\Playground\Stub\Console\Commands\About\CommandTest" file="/app/tests/Feature/Console/Commands/About/CommandTest.php" tests="1" assertions="2" errors="0" failures="0" skipped="0" time="0.119692">
        <testcase name="test_command_about_displays_package_information_and_succeed_with_code_0" file="/app/tests/Feature/Console/Commands/About/CommandTest.php" line="28" class="Tests\Feature\Playground\Stub\Console\Commands\About\CommandTest" classname="Tests.Feature.Playground.Stub.Console.Commands.About.CommandTest" assertions="2" time="0.119692"/>
      </testsuite>
      <testsuite name="Tests\Feature\Playground\Stub\Console\Commands\ControllerMakeCommand\CommandTest" file="/app/tests/Feature/Console/Commands/ControllerMakeCommand/CommandTest.php" tests="2" assertions="3" errors="0" failures="0" skipped="0" time="0.236187">
        <testcase name="test_command_without_options_or_arguments" file="/app/tests/Feature/Console/Commands/ControllerMakeCommand/CommandTest.php" line="24" class="Tests\Feature\Playground\Stub\Console\Commands\ControllerMakeCommand\CommandTest" classname="Tests.Feature.Playground.Stub.Console.Commands.ControllerMakeCommand.CommandTest" assertions="2" time="0.063198"/>
        <testcase name="test_command_skeleton" file="/app/tests/Feature/Console/Commands/ControllerMakeCommand/CommandTest.php" line="34" class="Tests\Feature\Playground\Stub\Console\Commands\ControllerMakeCommand\CommandTest" classname="Tests.Feature.Playground.Stub.Console.Commands.ControllerMakeCommand.CommandTest" assertions="1" time="0.172989"/>
      </testsuite>
      <testsuite name="Tests\Feature\Playground\Stub\Console\Commands\ControllerMakeCommand\FileTest" file="/app/tests/Feature/Console/Commands/ControllerMakeCommand/FileTest.php" tests="2" assertions="2" errors="0" failures="0" skipped="0" time="0.387475">
        <testcase name="test_command_make_controller_with_force_and_without_skeleton" file="/app/tests/Feature/Console/Commands/ControllerMakeCommand/FileTest.php" line="24" class="Tests\Feature\Playground\Stub\Console\Commands\ControllerMakeCommand\FileTest" classname="Tests.Feature.Playground.Stub.Console.Commands.ControllerMakeCommand.FileTest" assertions="1" time="0.074340"/>
        <testcase name="test_command_make_controller_with_force_and_with_skeleton" file="/app/tests/Feature/Console/Commands/ControllerMakeCommand/FileTest.php" line="38" class="Tests\Feature\Playground\Stub\Console\Commands\ControllerMakeCommand\FileTest" classname="Tests.Feature.Playground.Stub.Console.Commands.ControllerMakeCommand.FileTest" assertions="1" time="0.313136"/>
      </testsuite>
      <testsuite name="Tests\Feature\Playground\Stub\Console\Commands\FactoryMakeCommand\CommandTest" file="/app/tests/Feature/Console/Commands/FactoryMakeCommand/CommandTest.php" tests="2" assertions="3" errors="0" failures="0" skipped="0" time="0.059807">
        <testcase name="test_command_without_options_or_arguments" file="/app/tests/Feature/Console/Commands/FactoryMakeCommand/CommandTest.php" line="19" class="Tests\Feature\Playground\Stub\Console\Commands\FactoryMakeCommand\CommandTest" classname="Tests.Feature.Playground.Stub.Console.Commands.FactoryMakeCommand.CommandTest" assertions="2" time="0.029043"/>
        <testcase name="test_command_skeleton" file="/app/tests/Feature/Console/Commands/FactoryMakeCommand/CommandTest.php" line="29" class="Tests\Feature\Playground\Stub\Console\Commands\FactoryMakeCommand\CommandTest" classname="Tests.Feature.Playground.Stub.Console.Commands.FactoryMakeCommand.CommandTest" assertions="1" time="0.030764"/>
      </testsuite>
      <testsuite name="Tests\Feature\Playground\Stub\Console\Commands\FactoryMakeCommand\ModelTest" file="/app/tests/Feature/Console/Commands/FactoryMakeCommand/ModelTest.php" tests="2" assertions="2" errors="0" failures="0" skipped="0" time="0.075378">
        <testcase name="test_command_make_factory_with_force_and_without_skeleton" file="/app/tests/Feature/Console/Commands/FactoryMakeCommand/ModelTest.php" line="19" class="Tests\Feature\Playground\Stub\Console\Commands\FactoryMakeCommand\ModelTest" classname="Tests.Feature.Playground.Stub.Console.Commands.FactoryMakeCommand.ModelTest" assertions="1" time="0.040650"/>
        <testcase name="test_command_make_factory_with_force_and_with_skeleton" file="/app/tests/Feature/Console/Commands/FactoryMakeCommand/ModelTest.php" line="33" class="Tests\Feature\Playground\Stub\Console\Commands\FactoryMakeCommand\ModelTest" classname="Tests.Feature.Playground.Stub.Console.Commands.FactoryMakeCommand.ModelTest" assertions="1" time="0.034728"/>
      </testsuite>
      <testsuite name="Tests\Feature\Playground\Stub\Console\Commands\MigrationMakeCommand\CommandTest" file="/app/tests/Feature/Console/Commands/MigrationMakeCommand/CommandTest.php" tests="7" assertions="12" errors="0" failures="0" skipped="0" time="0.257717">
        <testcase name="test_command_without_options_or_arguments" file="/app/tests/Feature/Console/Commands/MigrationMakeCommand/CommandTest.php" line="16" class="Tests\Feature\Playground\Stub\Console\Commands\MigrationMakeCommand\CommandTest" classname="Tests.Feature.Playground.Stub.Console.Commands.MigrationMakeCommand.CommandTest" assertions="2" time="0.027739"/>
        <testcase name="test_command_with_reserved_name" file="/app/tests/Feature/Console/Commands/MigrationMakeCommand/CommandTest.php" line="26" class="Tests\Feature\Playground\Stub\Console\Commands\MigrationMakeCommand\CommandTest" classname="Tests.Feature.Playground.Stub.Console.Commands.MigrationMakeCommand.CommandTest" assertions="2" time="0.027650"/>
        <testcase name="test_command_skeleton" file="/app/tests/Feature/Console/Commands/MigrationMakeCommand/CommandTest.php" line="36" class="Tests\Feature\Playground\Stub\Console\Commands\MigrationMakeCommand\CommandTest" classname="Tests.Feature.Playground.Stub.Console.Commands.MigrationMakeCommand.CommandTest" assertions="1" time="0.030257"/>
        <testcase name="test_command_skeleton_without_force" file="/app/tests/Feature/Console/Commands/MigrationMakeCommand/CommandTest.php" line="45" class="Tests\Feature\Playground\Stub\Console\Commands\MigrationMakeCommand\CommandTest" classname="Tests.Feature.Playground.Stub.Console.Commands.MigrationMakeCommand.CommandTest" assertions="2" time="0.030709"/>
        <testcase name="test_command_skeleton_with_invalid_table_parameter" file="/app/tests/Feature/Console/Commands/MigrationMakeCommand/CommandTest.php" line="55" class="Tests\Feature\Playground\Stub\Console\Commands\MigrationMakeCommand\CommandTest" classname="Tests.Feature.Playground.Stub.Console.Commands.MigrationMakeCommand.CommandTest" assertions="2" time="0.032517"/>
        <testcase name="test_command_skeleton_with_invalid_table_in_file" file="/app/tests/Feature/Console/Commands/MigrationMakeCommand/CommandTest.php" line="65" class="Tests\Feature\Playground\Stub\Console\Commands\MigrationMakeCommand\CommandTest" classname="Tests.Feature.Playground.Stub.Console.Commands.MigrationMakeCommand.CommandTest" assertions="2" time="0.054432"/>
        <testcase name="test_command_skeleton_with_empty_name_in_file" file="/app/tests/Feature/Console/Commands/MigrationMakeCommand/CommandTest.php" line="80" class="Tests\Feature\Playground\Stub\Console\Commands\MigrationMakeCommand\CommandTest" classname="Tests.Feature.Playground.Stub.Console.Commands.MigrationMakeCommand.CommandTest" assertions="1" time="0.054412"/>
      </testsuite>
      <testsuite name="Tests\Feature\Playground\Stub\Console\Commands\MigrationMakeCommand\InteractiveTest" file="/app/tests/Feature/Console/Commands/MigrationMakeCommand/InteractiveTest.php" tests="2" assertions="7" errors="0" failures="0" skipped="0" time="0.062740">
        <testcase name="test_command_with_interactive_option" file="/app/tests/Feature/Console/Commands/MigrationMakeCommand/InteractiveTest.php" line="23" class="Tests\Feature\Playground\Stub\Console\Commands\MigrationMakeCommand\InteractiveTest" classname="Tests.Feature.Playground.Stub.Console.Commands.MigrationMakeCommand.InteractiveTest" assertions="5" time="0.034036"/>
        <testcase name="test_command_with_interactive_option_and_cancel" file="/app/tests/Feature/Console/Commands/MigrationMakeCommand/InteractiveTest.php" line="39" class="Tests\Feature\Playground\Stub\Console\Commands\MigrationMakeCommand\InteractiveTest" classname="Tests.Feature.Playground.Stub.Console.Commands.MigrationMakeCommand.InteractiveTest" assertions="2" time="0.028704"/>
      </testsuite>
      <testsuite name="Tests\Feature\Playground\Stub\Console\Commands\MigrationMakeCommand\ModelTest" file="/app/tests/Feature/Console/Commands/MigrationMakeCommand/ModelTest.php" tests="10" assertions="12" errors="0" failures="0" skipped="0" time="0.468321">
        <testcase name="test_command_make_migration_without_name_with_force_and_without_skeleton" file="/app/tests/Feature/Console/Commands/MigrationMakeCommand/ModelTest.php" line="20" class="Tests\Feature\Playground\Stub\Console\Commands\MigrationMakeCommand\ModelTest" classname="Tests.Feature.Playground.Stub.Console.Commands.MigrationMakeCommand.ModelTest" assertions="2" time="0.043374"/>
        <testcase name="test_command_make_migration_with_force_and_with_skeleton" file="/app/tests/Feature/Console/Commands/MigrationMakeCommand/ModelTest.php" line="35" class="Tests\Feature\Playground\Stub\Console\Commands\MigrationMakeCommand\ModelTest" classname="Tests.Feature.Playground.Stub.Console.Commands.MigrationMakeCommand.ModelTest" assertions="1" time="0.051355"/>
        <testcase name="test_command_make_create_migration_with_force_and_without_skeleton" file="/app/tests/Feature/Console/Commands/MigrationMakeCommand/ModelTest.php" line="50" class="Tests\Feature\Playground\Stub\Console\Commands\MigrationMakeCommand\ModelTest" classname="Tests.Feature.Playground.Stub.Console.Commands.MigrationMakeCommand.ModelTest" assertions="1" time="0.046380"/>
        <testcase name="test_command_make_create_migration_without_name_with_force_and_without_skeleton" file="/app/tests/Feature/Console/Commands/MigrationMakeCommand/ModelTest.php" line="64" class="Tests\Feature\Playground\Stub\Console\Commands\MigrationMakeCommand\ModelTest" classname="Tests.Feature.Playground.Stub.Console.Commands.MigrationMakeCommand.ModelTest" assertions="2" time="0.043899"/>
        <testcase name="test_command_make_create_migration_with_force_and_with_skeleton" file="/app/tests/Feature/Console/Commands/MigrationMakeCommand/ModelTest.php" line="79" class="Tests\Feature\Playground\Stub\Console\Commands\MigrationMakeCommand\ModelTest" classname="Tests.Feature.Playground.Stub.Console.Commands.MigrationMakeCommand.ModelTest" assertions="1" time="0.052335"/>
        <testcase name="test_command_make_update_migration_with_force_and_without_skeleton" file="/app/tests/Feature/Console/Commands/MigrationMakeCommand/ModelTest.php" line="94" class="Tests\Feature\Playground\Stub\Console\Commands\MigrationMakeCommand\ModelTest" classname="Tests.Feature.Playground.Stub.Console.Commands.MigrationMakeCommand.ModelTest" assertions="1" time="0.046333"/>
        <testcase name="test_command_make_update_migration_with_force_and_with_skeleton" file="/app/tests/Feature/Console/Commands/MigrationMakeCommand/ModelTest.php" line="108" class="Tests\Feature\Playground\Stub\Console\Commands\MigrationMakeCommand\ModelTest" classname="Tests.Feature.Playground.Stub.Console.Commands.MigrationMakeCommand.ModelTest" assertions="1" time="0.053425"/>
        <testcase name="test_command_make_create_migration_and_load_model_from_migration_configuration" file="/app/tests/Feature/Console/Commands/MigrationMakeCommand/ModelTest.php" line="123" class="Tests\Feature\Playground\Stub\Console\Commands\MigrationMakeCommand\ModelTest" classname="Tests.Feature.Playground.Stub.Console.Commands.MigrationMakeCommand.ModelTest" assertions="1" time="0.052016"/>
        <testcase name="test_command_make_create_migration_with_bare_model_skeleton" file="/app/tests/Feature/Console/Commands/MigrationMakeCommand/ModelTest.php" line="139" class="Tests\Feature\Playground\Stub\Console\Commands\MigrationMakeCommand\ModelTest" classname="Tests.Feature.Playground.Stub.Console.Commands.MigrationMakeCommand.ModelTest" assertions="1" time="0.036260"/>
        <testcase name="test_command_make_create_migration_with_sparse_model_skeleton" file="/app/tests/Feature/Console/Commands/MigrationMakeCommand/ModelTest.php" line="153" class="Tests\Feature\Playground\Stub\Console\Commands\MigrationMakeCommand\ModelTest" classname="Tests.Feature.Playground.Stub.Console.Commands.MigrationMakeCommand.ModelTest" assertions="1" time="0.042944"/>
      </testsuite>
      <testsuite name="Tests\Feature\Playground\Stub\Console\Commands\ModelMakeCommand\CommandTest" file="/app/tests/Feature/Console/Commands/ModelMakeCommand/CommandTest.php" tests="3" assertions="4" errors="0" failures="0" skipped="0" time="0.140746">
        <testcase name="test_command_without_options_or_arguments" file="/app/tests/Feature/Console/Commands/ModelMakeCommand/CommandTest.php" line="23" class="Tests\Feature\Playground\Stub\Console\Commands\ModelMakeCommand\CommandTest" classname="Tests.Feature.Playground.Stub.Console.Commands.ModelMakeCommand.CommandTest" assertions="2" time="0.031311"/>
        <testcase name="test_command_skeleton" file="/app/tests/Feature/Console/Commands/ModelMakeCommand/CommandTest.php" line="33" class="Tests\Feature\Playground\Stub\Console\Commands\ModelMakeCommand\CommandTest" classname="Tests.Feature.Playground.Stub.Console.Commands.ModelMakeCommand.CommandTest" assertions="1" time="0.074814"/>
        <testcase name="test_command_with_invalid_file" file="/app/tests/Feature/Console/Commands/ModelMakeCommand/CommandTest.php" line="42" class="Tests\Feature\Playground\Stub\Console\Commands\ModelMakeCommand\CommandTest" classname="Tests.Feature.Playground.Stub.Console.Commands.ModelMakeCommand.CommandTest" assertions="1" time="0.034621"/>
      </testsuite>
      <testsuite name="Tests\Feature\Playground\Stub\Console\Commands\ModelMakeCommand\ConfigurationTest" file="/app/tests/Feature/Console/Commands/ModelMakeCommand/ConfigurationTest.php" tests="1" assertions="1" errors="0" failures="0" skipped="0" time="0.113638">
        <testcase name="test_command_with_file_skeleton_and_force" file="/app/tests/Feature/Console/Commands/ModelMakeCommand/ConfigurationTest.php" line="24" class="Tests\Feature\Playground\Stub\Console\Commands\ModelMakeCommand\ConfigurationTest" classname="Tests.Feature.Playground.Stub.Console.Commands.ModelMakeCommand.ConfigurationTest" assertions="1" time="0.113638"/>
      </testsuite>
      <testsuite name="Tests\Feature\Playground\Stub\Console\Commands\ModelMakeCommand\ModelTest" file="/app/tests/Feature/Console/Commands/ModelMakeCommand/ModelTest.php" tests="5" assertions="5" errors="0" failures="0" skipped="0" time="1.012162">
        <testcase name="test_command_make_model_with_force" file="/app/tests/Feature/Console/Commands/ModelMakeCommand/ModelTest.php" line="23" class="Tests\Feature\Playground\Stub\Console\Commands\ModelMakeCommand\ModelTest" classname="Tests.Feature.Playground.Stub.Console.Commands.ModelMakeCommand.ModelTest" assertions="1" time="0.081272"/>
        <testcase name="test_command_make_playground_model_api_with_force" file="/app/tests/Feature/Console/Commands/ModelMakeCommand/ModelTest.php" line="37" class="Tests\Feature\Playground\Stub\Console\Commands\ModelMakeCommand\ModelTest" classname="Tests.Feature.Playground.Stub.Console.Commands.ModelMakeCommand.ModelTest" assertions="1" time="0.205441"/>
        <testcase name="test_command_make_playground_model_resource_with_force" file="/app/tests/Feature/Console/Commands/ModelMakeCommand/ModelTest.php" line="51" class="Tests\Feature\Playground\Stub\Console\Commands\ModelMakeCommand\ModelTest" classname="Tests.Feature.Playground.Stub.Console.Commands.ModelMakeCommand.ModelTest" assertions="1" time="0.224098"/>
        <testcase name="test_command_make_all_playground_model_api_with_force" file="/app/tests/Feature/Console/Commands/ModelMakeCommand/ModelTest.php" line="65" class="Tests\Feature\Playground\Stub\Console\Commands\ModelMakeCommand\ModelTest" classname="Tests.Feature.Playground.Stub.Console.Commands.ModelMakeCommand.ModelTest" assertions="1" time="0.247242"/>
        <testcase name="test_command_make_all_playground_model_resource_with_force" file="/app/tests/Feature/Console/Commands/ModelMakeCommand/ModelTest.php" line="79" class="Tests\Feature\Playground\Stub\Console\Commands\ModelMakeCommand\ModelTest" classname="Tests.Feature.Playground.Stub.Console.Commands.ModelMakeCommand.ModelTest" assertions="1" time="0.254111"/>
      </testsuite>
      <testsuite name="Tests\Feature\Playground\Stub\Console\Commands\ModelMakeCommand\OptionsTest" file="/app/tests/Feature/Console/Commands/ModelMakeCommand/OptionsTest.php" tests="10" assertions="10" errors="0" failures="0" skipped="0" time="0.501846">
        <testcase name="test_command_make_model_with_all_of_the_option_flags" file="/app/tests/Feature/Console/Commands/ModelMakeCommand/OptionsTest.php" line="23" class="Tests\Feature\Playground\Stub\Console\Commands\ModelMakeCommand\OptionsTest" classname="Tests.Feature.Playground.Stub.Console.Commands.ModelMakeCommand.OptionsTest" assertions="1" time="0.078207"/>
        <testcase name="test_command_make_model_with_pivot_type" file="/app/tests/Feature/Console/Commands/ModelMakeCommand/OptionsTest.php" line="34" class="Tests\Feature\Playground\Stub\Console\Commands\ModelMakeCommand\OptionsTest" classname="Tests.Feature.Playground.Stub.Console.Commands.ModelMakeCommand.OptionsTest" assertions="1" time="0.041324"/>
        <testcase name="test_command_make_model_with_pivot_option" file="/app/tests/Feature/Console/Commands/ModelMakeCommand/OptionsTest.php" line="45" class="Tests\Feature\Playground\Stub\Console\Commands\ModelMakeCommand\OptionsTest" classname="Tests.Feature.Playground.Stub.Console.Commands.ModelMakeCommand.OptionsTest" assertions="1" time="0.042788"/>
        <testcase name="test_command_make_model_with_morph_pivot_type" file="/app/tests/Feature/Console/Commands/ModelMakeCommand/OptionsTest.php" line="56" class="Tests\Feature\Playground\Stub\Console\Commands\ModelMakeCommand\OptionsTest" classname="Tests.Feature.Playground.Stub.Console.Commands.ModelMakeCommand.OptionsTest" assertions="1" time="0.042267"/>
        <testcase name="test_command_make_model_with_morph_pivot_option" file="/app/tests/Feature/Console/Commands/ModelMakeCommand/OptionsTest.php" line="67" class="Tests\Feature\Playground\Stub\Console\Commands\ModelMakeCommand\OptionsTest" classname="Tests.Feature.Playground.Stub.Console.Commands.ModelMakeCommand.OptionsTest" assertions="1" time="0.041197"/>
        <testcase name="test_command_make_model_with_api_type" file="/app/tests/Feature/Console/Commands/ModelMakeCommand/OptionsTest.php" line="78" class="Tests\Feature\Playground\Stub\Console\Commands\ModelMakeCommand\OptionsTest" classname="Tests.Feature.Playground.Stub.Console.Commands.ModelMakeCommand.OptionsTest" assertions="1" time="0.036396"/>
        <testcase name="test_command_make_model_with_abstract_type" file="/app/tests/Feature/Console/Commands/ModelMakeCommand/OptionsTest.php" line="89" class="Tests\Feature\Playground\Stub\Console\Commands\ModelMakeCommand\OptionsTest" classname="Tests.Feature.Playground.Stub.Console.Commands.ModelMakeCommand.OptionsTest" assertions="1" time="0.035772"/>
        <testcase name="test_command_make_model_with_model_type" file="/app/tests/Feature/Console/Commands/ModelMakeCommand/OptionsTest.php" line="100" class="Tests\Feature\Playground\Stub\Console\Commands\ModelMakeCommand\OptionsTest" classname="Tests.Feature.Playground.Stub.Console.Commands.ModelMakeCommand.OptionsTest" assertions="1" time="0.035830"/>
        <testcase name="test_command_make_model_with_api_controller_option" file="/app/tests/Feature/Console/Commands/ModelMakeCommand/OptionsTest.php" line="111" class="Tests\Feature\Playground\Stub\Console\Commands\ModelMakeCommand\OptionsTest" classname="Tests.Feature.Playground.Stub.Console.Commands.ModelMakeCommand.OptionsTest" assertions="1" time="0.072840"/>
        <testcase name="test_command_make_model_with_resource_controller_option" file="/app/tests/Feature/Console/Commands/ModelMakeCommand/OptionsTest.php" line="122" class="Tests\Feature\Playground\Stub\Console\Commands\ModelMakeCommand\OptionsTest" classname="Tests.Feature.Playground.Stub.Console.Commands.ModelMakeCommand.OptionsTest" assertions="1" time="0.075226"/>
      </testsuite>
      <testsuite name="Tests\Acceptance\Playground\Stub\Console\Commands\PackageMakeCommand\ApiTest" file="/app/tests/Feature/Console/Commands/PackageMakeCommand/ApiTest.php" tests="2" assertions="2" errors="0" failures="0" skipped="0" time="0.230413">
        <testcase name="test_command_make_api_package_with_force_and_without_skeleton" file="/app/tests/Feature/Console/Commands/PackageMakeCommand/ApiTest.php" line="19" class="Tests\Acceptance\Playground\Stub\Console\Commands\PackageMakeCommand\ApiTest" classname="Tests.Acceptance.Playground.Stub.Console.Commands.PackageMakeCommand.ApiTest" assertions="1" time="0.117145"/>
        <testcase name="test_command_make_api_package_with_force_and_with_skeleton" file="/app/tests/Feature/Console/Commands/PackageMakeCommand/ApiTest.php" line="33" class="Tests\Acceptance\Playground\Stub\Console\Commands\PackageMakeCommand\ApiTest" classname="Tests.Acceptance.Playground.Stub.Console.Commands.PackageMakeCommand.ApiTest" assertions="1" time="0.113268"/>
      </testsuite>
      <testsuite name="Tests\Feature\Playground\Stub\Console\Commands\PackageMakeCommand\CommandTest" file="/app/tests/Feature/Console/Commands/PackageMakeCommand/CommandTest.php" tests="2" assertions="3" errors="0" failures="0" skipped="0" time="0.070247">
        <testcase name="test_command_without_options_or_arguments" file="/app/tests/Feature/Console/Commands/PackageMakeCommand/CommandTest.php" line="19" class="Tests\Feature\Playground\Stub\Console\Commands\PackageMakeCommand\CommandTest" classname="Tests.Feature.Playground.Stub.Console.Commands.PackageMakeCommand.CommandTest" assertions="2" time="0.028803"/>
        <testcase name="test_command_skeleton" file="/app/tests/Feature/Console/Commands/PackageMakeCommand/CommandTest.php" line="29" class="Tests\Feature\Playground\Stub\Console\Commands\PackageMakeCommand\CommandTest" classname="Tests.Feature.Playground.Stub.Console.Commands.PackageMakeCommand.CommandTest" assertions="1" time="0.041444"/>
      </testsuite>
      <testsuite name="Tests\Feature\Playground\Stub\Console\Commands\PackageMakeCommand\OptionsTest" file="/app/tests/Feature/Console/Commands/PackageMakeCommand/OptionsTest.php" tests="24" assertions="24" errors="0" failures="0" skipped="0" time="1.918132">
        <testcase name="test_command_make_package_with_force_and_with_factories" file="/app/tests/Feature/Console/Commands/PackageMakeCommand/OptionsTest.php" line="19" class="Tests\Feature\Playground\Stub\Console\Commands\PackageMakeCommand\OptionsTest" classname="Tests.Feature.Playground.Stub.Console.Commands.PackageMakeCommand.OptionsTest" assertions="1" time="0.109698"/>
        <testcase name="test_command_make_package_with_force_with_factories_and_with_skeleton" file="/app/tests/Feature/Console/Commands/PackageMakeCommand/OptionsTest.php" line="33" class="Tests\Feature\Playground\Stub\Console\Commands\PackageMakeCommand\OptionsTest" classname="Tests.Feature.Playground.Stub.Console.Commands.PackageMakeCommand.OptionsTest" assertions="1" time="0.109620"/>
        <testcase name="test_command_make_package_with_force_and_with_factories_without_file" file="/app/tests/Feature/Console/Commands/PackageMakeCommand/OptionsTest.php" line="47" class="Tests\Feature\Playground\Stub\Console\Commands\PackageMakeCommand\OptionsTest" classname="Tests.Feature.Playground.Stub.Console.Commands.PackageMakeCommand.OptionsTest" assertions="1" time="0.041824"/>
        <testcase name="test_command_make_package_with_force_with_factories_and_with_skeleton_without_file" file="/app/tests/Feature/Console/Commands/PackageMakeCommand/OptionsTest.php" line="58" class="Tests\Feature\Playground\Stub\Console\Commands\PackageMakeCommand\OptionsTest" classname="Tests.Feature.Playground.Stub.Console.Commands.PackageMakeCommand.OptionsTest" assertions="1" time="0.047462"/>
        <testcase name="test_command_make_package_with_force_and_with_policies" file="/app/tests/Feature/Console/Commands/PackageMakeCommand/OptionsTest.php" line="69" class="Tests\Feature\Playground\Stub\Console\Commands\PackageMakeCommand\OptionsTest" classname="Tests.Feature.Playground.Stub.Console.Commands.PackageMakeCommand.OptionsTest" assertions="1" time="0.119366"/>
        <testcase name="test_command_make_package_with_force_with_policies_and_with_skeleton" file="/app/tests/Feature/Console/Commands/PackageMakeCommand/OptionsTest.php" line="83" class="Tests\Feature\Playground\Stub\Console\Commands\PackageMakeCommand\OptionsTest" classname="Tests.Feature.Playground.Stub.Console.Commands.PackageMakeCommand.OptionsTest" assertions="1" time="0.113051"/>
        <testcase name="test_command_make_package_with_force_and_with_policies_without_file" file="/app/tests/Feature/Console/Commands/PackageMakeCommand/OptionsTest.php" line="97" class="Tests\Feature\Playground\Stub\Console\Commands\PackageMakeCommand\OptionsTest" classname="Tests.Feature.Playground.Stub.Console.Commands.PackageMakeCommand.OptionsTest" assertions="1" time="0.042564"/>
        <testcase name="test_command_make_package_with_force_with_policies_and_with_skeleton_without_file" file="/app/tests/Feature/Console/Commands/PackageMakeCommand/OptionsTest.php" line="108" class="Tests\Feature\Playground\Stub\Console\Commands\PackageMakeCommand\OptionsTest" classname="Tests.Feature.Playground.Stub.Console.Commands.PackageMakeCommand.OptionsTest" assertions="1" time="0.054282"/>
        <testcase name="test_command_make_package_with_force_and_with_controllers" file="/app/tests/Feature/Console/Commands/PackageMakeCommand/OptionsTest.php" line="119" class="Tests\Feature\Playground\Stub\Console\Commands\PackageMakeCommand\OptionsTest" classname="Tests.Feature.Playground.Stub.Console.Commands.PackageMakeCommand.OptionsTest" assertions="1" time="0.111044"/>
        <testcase name="test_command_make_package_with_force_with_controllers_and_with_skeleton" file="/app/tests/Feature/Console/Commands/PackageMakeCommand/OptionsTest.php" line="133" class="Tests\Feature\Playground\Stub\Console\Commands\PackageMakeCommand\OptionsTest" classname="Tests.Feature.Playground.Stub.Console.Commands.PackageMakeCommand.OptionsTest" assertions="1" time="0.112270"/>
        <testcase name="test_command_make_package_with_force_and_with_controllers_without_file" file="/app/tests/Feature/Console/Commands/PackageMakeCommand/OptionsTest.php" line="147" class="Tests\Feature\Playground\Stub\Console\Commands\PackageMakeCommand\OptionsTest" classname="Tests.Feature.Playground.Stub.Console.Commands.PackageMakeCommand.OptionsTest" assertions="1" time="0.044176"/>
        <testcase name="test_command_make_package_with_force_with_controllers_and_with_skeleton_without_file" file="/app/tests/Feature/Console/Commands/PackageMakeCommand/OptionsTest.php" line="158" class="Tests\Feature\Playground\Stub\Console\Commands\PackageMakeCommand\OptionsTest" classname="Tests.Feature.Playground.Stub.Console.Commands.PackageMakeCommand.OptionsTest" assertions="1" time="0.045453"/>
        <testcase name="test_command_make_package_with_force_and_with_migrations" file="/app/tests/Feature/Console/Commands/PackageMakeCommand/OptionsTest.php" line="169" class="Tests\Feature\Playground\Stub\Console\Commands\PackageMakeCommand\OptionsTest" classname="Tests.Feature.Playground.Stub.Console.Commands.PackageMakeCommand.OptionsTest" assertions="1" time="0.110864"/>
        <testcase name="test_command_make_package_with_force_with_migrations_and_with_skeleton" file="/app/tests/Feature/Console/Commands/PackageMakeCommand/OptionsTest.php" line="183" class="Tests\Feature\Playground\Stub\Console\Commands\PackageMakeCommand\OptionsTest" classname="Tests.Feature.Playground.Stub.Console.Commands.PackageMakeCommand.OptionsTest" assertions="1" time="0.114081"/>
        <testcase name="test_command_make_package_with_force_and_with_migrations_without_file" file="/app/tests/Feature/Console/Commands/PackageMakeCommand/OptionsTest.php" line="197" class="Tests\Feature\Playground\Stub\Console\Commands\PackageMakeCommand\OptionsTest" classname="Tests.Feature.Playground.Stub.Console.Commands.PackageMakeCommand.OptionsTest" assertions="1" time="0.053257"/>
        <testcase name="test_command_make_package_with_force_with_migrations_and_with_skeleton_without_file" file="/app/tests/Feature/Console/Commands/PackageMakeCommand/OptionsTest.php" line="208" class="Tests\Feature\Playground\Stub\Console\Commands\PackageMakeCommand\OptionsTest" classname="Tests.Feature.Playground.Stub.Console.Commands.PackageMakeCommand.OptionsTest" assertions="1" time="0.045175"/>
        <testcase name="test_command_make_package_with_force_and_with_models" file="/app/tests/Feature/Console/Commands/PackageMakeCommand/OptionsTest.php" line="219" class="Tests\Feature\Playground\Stub\Console\Commands\PackageMakeCommand\OptionsTest" classname="Tests.Feature.Playground.Stub.Console.Commands.PackageMakeCommand.OptionsTest" assertions="1" time="0.114056"/>
        <testcase name="test_command_make_package_with_force_with_models_and_with_skeleton" file="/app/tests/Feature/Console/Commands/PackageMakeCommand/OptionsTest.php" line="233" class="Tests\Feature\Playground\Stub\Console\Commands\PackageMakeCommand\OptionsTest" classname="Tests.Feature.Playground.Stub.Console.Commands.PackageMakeCommand.OptionsTest" assertions="1" time="0.115040"/>
        <testcase name="test_command_make_package_with_force_and_with_models_without_file" file="/app/tests/Feature/Console/Commands/PackageMakeCommand/OptionsTest.php" line="247" class="Tests\Feature\Playground\Stub\Console\Commands\PackageMakeCommand\OptionsTest" classname="Tests.Feature.Playground.Stub.Console.Commands.PackageMakeCommand.OptionsTest" assertions="1" time="0.046059"/>
        <testcase name="test_command_make_package_with_force_with_models_and_with_skeleton_without_file" file="/app/tests/Feature/Console/Commands/PackageMakeCommand/OptionsTest.php" line="258" class="Tests\Feature\Playground\Stub\Console\Commands\PackageMakeCommand\OptionsTest" classname="Tests.Feature.Playground.Stub.Console.Commands.PackageMakeCommand.OptionsTest" assertions="1" time="0.045262"/>
        <testcase name="test_command_make_package_with_force_and_with_license" file="/app/tests/Feature/Console/Commands/PackageMakeCommand/OptionsTest.php" line="269" class="Tests\Feature\Playground\Stub\Console\Commands\PackageMakeCommand\OptionsTest" classname="Tests.Feature.Playground.Stub.Console.Commands.PackageMakeCommand.OptionsTest" assertions="1" time="0.112962"/>
        <testcase name="test_command_make_package_with_force_with_license_and_with_skeleton" file="/app/tests/Feature/Console/Commands/PackageMakeCommand/OptionsTest.php" line="283" class="Tests\Feature\Playground\Stub\Console\Commands\PackageMakeCommand\OptionsTest" classname="Tests.Feature.Playground.Stub.Console.Commands.PackageMakeCommand.OptionsTest" assertions="1" time="0.115230"/>
        <testcase name="test_command_make_package_with_force_and_with_license_without_file" file="/app/tests/Feature/Console/Commands/PackageMakeCommand/OptionsTest.php" line="297" class="Tests\Feature\Playground\Stub\Console\Commands\PackageMakeCommand\OptionsTest" classname="Tests.Feature.Playground.Stub.Console.Commands.PackageMakeCommand.OptionsTest" assertions="1" time="0.048292"/>
        <testcase name="test_command_make_package_with_force_with_license_and_with_skeleton_without_file" file="/app/tests/Feature/Console/Commands/PackageMakeCommand/OptionsTest.php" line="308" class="Tests\Feature\Playground\Stub\Console\Commands\PackageMakeCommand\OptionsTest" classname="Tests.Feature.Playground.Stub.Console.Commands.PackageMakeCommand.OptionsTest" assertions="1" time="0.047044"/>
      </testsuite>
      <testsuite name="Tests\Feature\Playground\Stub\Console\Commands\PackageMakeCommand\TypesTest" file="/app/tests/Feature/Console/Commands/PackageMakeCommand/TypesTest.php" tests="32" assertions="32" errors="0" failures="0" skipped="0" time="2.610688">
        <testcase name="test_command_make_package_with_force_and_with_playground_type" file="/app/tests/Feature/Console/Commands/PackageMakeCommand/TypesTest.php" line="19" class="Tests\Feature\Playground\Stub\Console\Commands\PackageMakeCommand\TypesTest" classname="Tests.Feature.Playground.Stub.Console.Commands.PackageMakeCommand.TypesTest" assertions="1" time="0.118531"/>
        <testcase name="test_command_make_package_with_force_with_playground_type_and_with_skeleton" file="/app/tests/Feature/Console/Commands/PackageMakeCommand/TypesTest.php" line="33" class="Tests\Feature\Playground\Stub\Console\Commands\PackageMakeCommand\TypesTest" classname="Tests.Feature.Playground.Stub.Console.Commands.PackageMakeCommand.TypesTest" assertions="1" time="0.118449"/>
        <testcase name="test_command_make_package_with_force_and_with_playground_type_without_file" file="/app/tests/Feature/Console/Commands/PackageMakeCommand/TypesTest.php" line="47" class="Tests\Feature\Playground\Stub\Console\Commands\PackageMakeCommand\TypesTest" classname="Tests.Feature.Playground.Stub.Console.Commands.PackageMakeCommand.TypesTest" assertions="1" time="0.042007"/>
        <testcase name="test_command_make_package_with_force_with_playground_type_and_with_skeleton_without_file" file="/app/tests/Feature/Console/Commands/PackageMakeCommand/TypesTest.php" line="58" class="Tests\Feature\Playground\Stub\Console\Commands\PackageMakeCommand\TypesTest" classname="Tests.Feature.Playground.Stub.Console.Commands.PackageMakeCommand.TypesTest" assertions="1" time="0.047207"/>
        <testcase name="test_command_make_package_with_force_and_with_playground_model_type" file="/app/tests/Feature/Console/Commands/PackageMakeCommand/TypesTest.php" line="69" class="Tests\Feature\Playground\Stub\Console\Commands\PackageMakeCommand\TypesTest" classname="Tests.Feature.Playground.Stub.Console.Commands.PackageMakeCommand.TypesTest" assertions="1" time="0.115197"/>
        <testcase name="test_command_make_package_with_force_with_playground_model_type_and_with_skeleton" file="/app/tests/Feature/Console/Commands/PackageMakeCommand/TypesTest.php" line="83" class="Tests\Feature\Playground\Stub\Console\Commands\PackageMakeCommand\TypesTest" classname="Tests.Feature.Playground.Stub.Console.Commands.PackageMakeCommand.TypesTest" assertions="1" time="0.114822"/>
        <testcase name="test_command_make_package_with_force_and_with_playground_model_type_without_file" file="/app/tests/Feature/Console/Commands/PackageMakeCommand/TypesTest.php" line="97" class="Tests\Feature\Playground\Stub\Console\Commands\PackageMakeCommand\TypesTest" classname="Tests.Feature.Playground.Stub.Console.Commands.PackageMakeCommand.TypesTest" assertions="1" time="0.044771"/>
        <testcase name="test_command_make_package_with_force_with_playground_model_type_and_with_skeleton_without_file" file="/app/tests/Feature/Console/Commands/PackageMakeCommand/TypesTest.php" line="108" class="Tests\Feature\Playground\Stub\Console\Commands\PackageMakeCommand\TypesTest" classname="Tests.Feature.Playground.Stub.Console.Commands.PackageMakeCommand.TypesTest" assertions="1" time="0.043054"/>
        <testcase name="test_command_make_package_with_force_and_with_playground_api_type" file="/app/tests/Feature/Console/Commands/PackageMakeCommand/TypesTest.php" line="119" class="Tests\Feature\Playground\Stub\Console\Commands\PackageMakeCommand\TypesTest" classname="Tests.Feature.Playground.Stub.Console.Commands.PackageMakeCommand.TypesTest" assertions="1" time="0.111796"/>
        <testcase name="test_command_make_package_with_force_with_playground_api_type_and_with_skeleton" file="/app/tests/Feature/Console/Commands/PackageMakeCommand/TypesTest.php" line="133" class="Tests\Feature\Playground\Stub\Console\Commands\PackageMakeCommand\TypesTest" classname="Tests.Feature.Playground.Stub.Console.Commands.PackageMakeCommand.TypesTest" assertions="1" time="0.119727"/>
        <testcase name="test_command_make_package_with_force_and_with_playground_api_type_without_file" file="/app/tests/Feature/Console/Commands/PackageMakeCommand/TypesTest.php" line="147" class="Tests\Feature\Playground\Stub\Console\Commands\PackageMakeCommand\TypesTest" classname="Tests.Feature.Playground.Stub.Console.Commands.PackageMakeCommand.TypesTest" assertions="1" time="0.043410"/>
        <testcase name="test_command_make_package_with_force_with_playground_api_type_and_with_skeleton_without_file" file="/app/tests/Feature/Console/Commands/PackageMakeCommand/TypesTest.php" line="158" class="Tests\Feature\Playground\Stub\Console\Commands\PackageMakeCommand\TypesTest" classname="Tests.Feature.Playground.Stub.Console.Commands.PackageMakeCommand.TypesTest" assertions="1" time="0.044818"/>
        <testcase name="test_command_make_package_with_force_and_with_playground_resource_type" file="/app/tests/Feature/Console/Commands/PackageMakeCommand/TypesTest.php" line="169" class="Tests\Feature\Playground\Stub\Console\Commands\PackageMakeCommand\TypesTest" classname="Tests.Feature.Playground.Stub.Console.Commands.PackageMakeCommand.TypesTest" assertions="1" time="0.115278"/>
        <testcase name="test_command_make_package_with_force_with_playground_resource_type_and_with_skeleton" file="/app/tests/Feature/Console/Commands/PackageMakeCommand/TypesTest.php" line="183" class="Tests\Feature\Playground\Stub\Console\Commands\PackageMakeCommand\TypesTest" classname="Tests.Feature.Playground.Stub.Console.Commands.PackageMakeCommand.TypesTest" assertions="1" time="0.113381"/>
        <testcase name="test_command_make_package_with_force_and_with_playground_resource_type_without_file" file="/app/tests/Feature/Console/Commands/PackageMakeCommand/TypesTest.php" line="197" class="Tests\Feature\Playground\Stub\Console\Commands\PackageMakeCommand\TypesTest" classname="Tests.Feature.Playground.Stub.Console.Commands.PackageMakeCommand.TypesTest" assertions="1" time="0.044107"/>
        <testcase name="test_command_make_package_with_force_with_playground_resource_type_and_with_skeleton_without_file" file="/app/tests/Feature/Console/Commands/PackageMakeCommand/TypesTest.php" line="208" class="Tests\Feature\Playground\Stub\Console\Commands\PackageMakeCommand\TypesTest" classname="Tests.Feature.Playground.Stub.Console.Commands.PackageMakeCommand.TypesTest" assertions="1" time="0.045146"/>
        <testcase name="test_command_make_package_with_force_and_with_api_type" file="/app/tests/Feature/Console/Commands/PackageMakeCommand/TypesTest.php" line="219" class="Tests\Feature\Playground\Stub\Console\Commands\PackageMakeCommand\TypesTest" classname="Tests.Feature.Playground.Stub.Console.Commands.PackageMakeCommand.TypesTest" assertions="1" time="0.119703"/>
        <testcase name="test_command_make_package_with_force_with_api_type_and_with_skeleton" file="/app/tests/Feature/Console/Commands/PackageMakeCommand/TypesTest.php" line="233" class="Tests\Feature\Playground\Stub\Console\Commands\PackageMakeCommand\TypesTest" classname="Tests.Feature.Playground.Stub.Console.Commands.PackageMakeCommand.TypesTest" assertions="1" time="0.113403"/>
        <testcase name="test_command_make_package_with_force_and_with_api_type_without_file" file="/app/tests/Feature/Console/Commands/PackageMakeCommand/TypesTest.php" line="247" class="Tests\Feature\Playground\Stub\Console\Commands\PackageMakeCommand\TypesTest" classname="Tests.Feature.Playground.Stub.Console.Commands.PackageMakeCommand.TypesTest" assertions="1" time="0.045385"/>
        <testcase name="test_command_make_package_with_force_with_api_type_and_with_skeleton_without_file" file="/app/tests/Feature/Console/Commands/PackageMakeCommand/TypesTest.php" line="258" class="Tests\Feature\Playground\Stub\Console\Commands\PackageMakeCommand\TypesTest" classname="Tests.Feature.Playground.Stub.Console.Commands.PackageMakeCommand.TypesTest" assertions="1" time="0.045595"/>
        <testcase name="test_command_make_package_with_force_and_with_resource_type" file="/app/tests/Feature/Console/Commands/PackageMakeCommand/TypesTest.php" line="269" class="Tests\Feature\Playground\Stub\Console\Commands\PackageMakeCommand\TypesTest" classname="Tests.Feature.Playground.Stub.Console.Commands.PackageMakeCommand.TypesTest" assertions="1" time="0.126244"/>
        <testcase name="test_command_make_package_with_force_with_resource_type_and_with_skeleton" file="/app/tests/Feature/Console/Commands/PackageMakeCommand/TypesTest.php" line="283" class="Tests\Feature\Playground\Stub\Console\Commands\PackageMakeCommand\TypesTest" classname="Tests.Feature.Playground.Stub.Console.Commands.PackageMakeCommand.TypesTest" assertions="1" time="0.114005"/>
        <testcase name="test_command_make_package_with_force_and_with_resource_type_without_file" file="/app/tests/Feature/Console/Commands/PackageMakeCommand/TypesTest.php" line="297" class="Tests\Feature\Playground\Stub\Console\Commands\PackageMakeCommand\TypesTest" classname="Tests.Feature.Playground.Stub.Console.Commands.PackageMakeCommand.TypesTest" assertions="1" time="0.045701"/>
        <testcase name="test_command_make_package_with_force_with_resource_type_and_with_skeleton_without_file" file="/app/tests/Feature/Console/Commands/PackageMakeCommand/TypesTest.php" line="308" class="Tests\Feature\Playground\Stub\Console\Commands\PackageMakeCommand\TypesTest" classname="Tests.Feature.Playground.Stub.Console.Commands.PackageMakeCommand.TypesTest" assertions="1" time="0.046066"/>
        <testcase name="test_command_make_package_with_force_and_with_default_type" file="/app/tests/Feature/Console/Commands/PackageMakeCommand/TypesTest.php" line="319" class="Tests\Feature\Playground\Stub\Console\Commands\PackageMakeCommand\TypesTest" classname="Tests.Feature.Playground.Stub.Console.Commands.PackageMakeCommand.TypesTest" assertions="1" time="0.119840"/>
        <testcase name="test_command_make_package_with_force_with_default_type_and_with_skeleton" file="/app/tests/Feature/Console/Commands/PackageMakeCommand/TypesTest.php" line="333" class="Tests\Feature\Playground\Stub\Console\Commands\PackageMakeCommand\TypesTest" classname="Tests.Feature.Playground.Stub.Console.Commands.PackageMakeCommand.TypesTest" assertions="1" time="0.115765"/>
        <testcase name="test_command_make_package_with_force_and_with_default_type_without_file" file="/app/tests/Feature/Console/Commands/PackageMakeCommand/TypesTest.php" line="347" class="Tests\Feature\Playground\Stub\Console\Commands\PackageMakeCommand\TypesTest" classname="Tests.Feature.Playground.Stub.Console.Commands.PackageMakeCommand.TypesTest" assertions="1" time="0.046455"/>
        <testcase name="test_command_make_package_with_force_with_default_type_and_with_skeleton_without_file" file="/app/tests/Feature/Console/Commands/PackageMakeCommand/TypesTest.php" line="358" class="Tests\Feature\Playground\Stub\Console\Commands\PackageMakeCommand\TypesTest" classname="Tests.Feature.Playground.Stub.Console.Commands.PackageMakeCommand.TypesTest" assertions="1" time="0.046729"/>
        <testcase name="test_command_make_package_with_force_and_with_default_type_with_policies" file="/app/tests/Feature/Console/Commands/PackageMakeCommand/TypesTest.php" line="369" class="Tests\Feature\Playground\Stub\Console\Commands\PackageMakeCommand\TypesTest" classname="Tests.Feature.Playground.Stub.Console.Commands.PackageMakeCommand.TypesTest" assertions="1" time="0.123589"/>
        <testcase name="test_command_make_package_with_force_with_playground_model_type_and_with_skeleton_with_policies" file="/app/tests/Feature/Console/Commands/PackageMakeCommand/TypesTest.php" line="383" class="Tests\Feature\Playground\Stub\Console\Commands\PackageMakeCommand\TypesTest" classname="Tests.Feature.Playground.Stub.Console.Commands.PackageMakeCommand.TypesTest" assertions="1" time="0.117218"/>
        <testcase name="test_command_make_package_with_force_and_with_playground_model_type_without_file_with_policies" file="/app/tests/Feature/Console/Commands/PackageMakeCommand/TypesTest.php" line="397" class="Tests\Feature\Playground\Stub\Console\Commands\PackageMakeCommand\TypesTest" classname="Tests.Feature.Playground.Stub.Console.Commands.PackageMakeCommand.TypesTest" assertions="1" time="0.055134"/>
        <testcase name="test_command_make_package_with_force_with_playground_model_type_and_with_skeleton_without_file_with_policies" file="/app/tests/Feature/Console/Commands/PackageMakeCommand/TypesTest.php" line="408" class="Tests\Feature\Playground\Stub\Console\Commands\PackageMakeCommand\TypesTest" classname="Tests.Feature.Playground.Stub.Console.Commands.PackageMakeCommand.TypesTest" assertions="1" time="0.048155"/>
      </testsuite>
      <testsuite name="Tests\Feature\Playground\Stub\Console\Commands\PolicyMakeCommand\CommandTest" file="/app/tests/Feature/Console/Commands/PolicyMakeCommand/CommandTest.php" tests="10" assertions="12" errors="0" failures="0" skipped="0" time="0.311339">
        <testcase name="test_command_without_options_or_arguments" file="/app/tests/Feature/Console/Commands/PolicyMakeCommand/CommandTest.php" line="19" class="Tests\Feature\Playground\Stub\Console\Commands\PolicyMakeCommand\CommandTest" classname="Tests.Feature.Playground.Stub.Console.Commands.PolicyMakeCommand.CommandTest" assertions="2" time="0.028587"/>
        <testcase name="test_command_skeleton" file="/app/tests/Feature/Console/Commands/PolicyMakeCommand/CommandTest.php" line="29" class="Tests\Feature\Playground\Stub\Console\Commands\PolicyMakeCommand\CommandTest" classname="Tests.Feature.Playground.Stub.Console.Commands.PolicyMakeCommand.CommandTest" assertions="1" time="0.030505"/>
        <testcase name="test_command_skeleton_with_roles_action" file="/app/tests/Feature/Console/Commands/PolicyMakeCommand/CommandTest.php" line="38" class="Tests\Feature\Playground\Stub\Console\Commands\PolicyMakeCommand\CommandTest" classname="Tests.Feature.Playground.Stub.Console.Commands.PolicyMakeCommand.CommandTest" assertions="1" time="0.031052"/>
        <testcase name="test_command_skeleton_with_roles_view" file="/app/tests/Feature/Console/Commands/PolicyMakeCommand/CommandTest.php" line="47" class="Tests\Feature\Playground\Stub\Console\Commands\PolicyMakeCommand\CommandTest" classname="Tests.Feature.Playground.Stub.Console.Commands.PolicyMakeCommand.CommandTest" assertions="1" time="0.030777"/>
        <testcase name="test_command_skeleton_with_roles_and_action_view" file="/app/tests/Feature/Console/Commands/PolicyMakeCommand/CommandTest.php" line="56" class="Tests\Feature\Playground\Stub\Console\Commands\PolicyMakeCommand\CommandTest" classname="Tests.Feature.Playground.Stub.Console.Commands.PolicyMakeCommand.CommandTest" assertions="1" time="0.032037"/>
        <testcase name="test_command_userProviderModelGuard_with_invalid_guard" file="/app/tests/Feature/Console/Commands/PolicyMakeCommand/CommandTest.php" line="65" class="Tests\Feature\Playground\Stub\Console\Commands\PolicyMakeCommand\CommandTest" classname="Tests.Feature.Playground.Stub.Console.Commands.PolicyMakeCommand.CommandTest" assertions="2" time="0.028890"/>
        <testcase name="test_command_skeleton_with_type_playground_resource" file="/app/tests/Feature/Console/Commands/PolicyMakeCommand/CommandTest.php" line="79" class="Tests\Feature\Playground\Stub\Console\Commands\PolicyMakeCommand\CommandTest" classname="Tests.Feature.Playground.Stub.Console.Commands.PolicyMakeCommand.CommandTest" assertions="1" time="0.033995"/>
        <testcase name="test_command_skeleton_with_type_playground_api" file="/app/tests/Feature/Console/Commands/PolicyMakeCommand/CommandTest.php" line="88" class="Tests\Feature\Playground\Stub\Console\Commands\PolicyMakeCommand\CommandTest" classname="Tests.Feature.Playground.Stub.Console.Commands.PolicyMakeCommand.CommandTest" assertions="1" time="0.031413"/>
        <testcase name="test_command_skeleton_with_type_api" file="/app/tests/Feature/Console/Commands/PolicyMakeCommand/CommandTest.php" line="97" class="Tests\Feature\Playground\Stub\Console\Commands\PolicyMakeCommand\CommandTest" classname="Tests.Feature.Playground.Stub.Console.Commands.PolicyMakeCommand.CommandTest" assertions="1" time="0.031722"/>
        <testcase name="test_command_skeleton_with_type_resource" file="/app/tests/Feature/Console/Commands/PolicyMakeCommand/CommandTest.php" line="106" class="Tests\Feature\Playground\Stub\Console\Commands\PolicyMakeCommand\CommandTest" classname="Tests.Feature.Playground.Stub.Console.Commands.PolicyMakeCommand.CommandTest" assertions="1" time="0.032359"/>
      </testsuite>
      <testsuite name="Tests\Feature\Playground\Stub\Console\Commands\PolicyMakeCommand\FileTest" file="/app/tests/Feature/Console/Commands/PolicyMakeCommand/FileTest.php" tests="2" assertions="2" errors="0" failures="0" skipped="0" time="0.065773">
        <testcase name="test_command_make_policy_with_force_and_without_skeleton" file="/app/tests/Feature/Console/Commands/PolicyMakeCommand/FileTest.php" line="19" class="Tests\Feature\Playground\Stub\Console\Commands\PolicyMakeCommand\FileTest" classname="Tests.Feature.Playground.Stub.Console.Commands.PolicyMakeCommand.FileTest" assertions="1" time="0.033138"/>
        <testcase name="test_command_make_policy_with_force_and_with_skeleton" file="/app/tests/Feature/Console/Commands/PolicyMakeCommand/FileTest.php" line="33" class="Tests\Feature\Playground\Stub\Console\Commands\PolicyMakeCommand\FileTest" classname="Tests.Feature.Playground.Stub.Console.Commands.PolicyMakeCommand.FileTest" assertions="1" time="0.032635"/>
      </testsuite>
      <testsuite name="Tests\Feature\Playground\Stub\Console\Commands\RequestMakeCommand\AbstractTest" file="/app/tests/Feature/Console/Commands/RequestMakeCommand/AbstractTest.php" tests="6" assertions="6" errors="0" failures="0" skipped="0" time="0.193589">
        <testcase name="test_command_make_abstract_request_with_force_and_without_skeleton" file="/app/tests/Feature/Console/Commands/RequestMakeCommand/AbstractTest.php" line="19" class="Tests\Feature\Playground\Stub\Console\Commands\RequestMakeCommand\AbstractTest" classname="Tests.Feature.Playground.Stub.Console.Commands.RequestMakeCommand.AbstractTest" assertions="1" time="0.033599"/>
        <testcase name="test_command_make_abstract_request_with_force_and_with_skeleton" file="/app/tests/Feature/Console/Commands/RequestMakeCommand/AbstractTest.php" line="30" class="Tests\Feature\Playground\Stub\Console\Commands\RequestMakeCommand\AbstractTest" classname="Tests.Feature.Playground.Stub.Console.Commands.RequestMakeCommand.AbstractTest" assertions="1" time="0.031811"/>
        <testcase name="test_command_make_abstract_index_request_with_force_and_without_skeleton" file="/app/tests/Feature/Console/Commands/RequestMakeCommand/AbstractTest.php" line="41" class="Tests\Feature\Playground\Stub\Console\Commands\RequestMakeCommand\AbstractTest" classname="Tests.Feature.Playground.Stub.Console.Commands.RequestMakeCommand.AbstractTest" assertions="1" time="0.031800"/>
        <testcase name="test_command_make_abstract_index_request_with_force_and_with_skeleton" file="/app/tests/Feature/Console/Commands/RequestMakeCommand/AbstractTest.php" line="52" class="Tests\Feature\Playground\Stub\Console\Commands\RequestMakeCommand\AbstractTest" classname="Tests.Feature.Playground.Stub.Console.Commands.RequestMakeCommand.AbstractTest" assertions="1" time="0.032384"/>
        <testcase name="test_command_make_abstract_store_request_with_force_and_without_skeleton" file="/app/tests/Feature/Console/Commands/RequestMakeCommand/AbstractTest.php" line="63" class="Tests\Feature\Playground\Stub\Console\Commands\RequestMakeCommand\AbstractTest" classname="Tests.Feature.Playground.Stub.Console.Commands.RequestMakeCommand.AbstractTest" assertions="1" time="0.032220"/>
        <testcase name="test_command_make_abstract_store_request_with_force_and_with_skeleton" file="/app/tests/Feature/Console/Commands/RequestMakeCommand/AbstractTest.php" line="74" class="Tests\Feature\Playground\Stub\Console\Commands\RequestMakeCommand\AbstractTest" classname="Tests.Feature.Playground.Stub.Console.Commands.RequestMakeCommand.AbstractTest" assertions="1" time="0.031776"/>
      </testsuite>
      <testsuite name="Tests\Feature\Playground\Stub\Console\Commands\RequestMakeCommand\CommandTest" file="/app/tests/Feature/Console/Commands/RequestMakeCommand/CommandTest.php" tests="2" assertions="3" errors="0" failures="0" skipped="0" time="0.059689">
        <testcase name="test_command_without_options_or_arguments" file="/app/tests/Feature/Console/Commands/RequestMakeCommand/CommandTest.php" line="19" class="Tests\Feature\Playground\Stub\Console\Commands\RequestMakeCommand\CommandTest" classname="Tests.Feature.Playground.Stub.Console.Commands.RequestMakeCommand.CommandTest" assertions="2" time="0.028483"/>
        <testcase name="test_command_skeleton" file="/app/tests/Feature/Console/Commands/RequestMakeCommand/CommandTest.php" line="29" class="Tests\Feature\Playground\Stub\Console\Commands\RequestMakeCommand\CommandTest" classname="Tests.Feature.Playground.Stub.Console.Commands.RequestMakeCommand.CommandTest" assertions="1" time="0.031206"/>
      </testsuite>
      <testsuite name="Tests\Feature\Playground\Stub\Console\Commands\RequestMakeCommand\CrudTest" file="/app/tests/Feature/Console/Commands/RequestMakeCommand/CrudTest.php" tests="12" assertions="12" errors="0" failures="0" skipped="0" time="0.404472">
        <testcase name="test_command_make_destroy_request_with_force_and_without_skeleton" file="/app/tests/Feature/Console/Commands/RequestMakeCommand/CrudTest.php" line="19" class="Tests\Feature\Playground\Stub\Console\Commands\RequestMakeCommand\CrudTest" classname="Tests.Feature.Playground.Stub.Console.Commands.RequestMakeCommand.CrudTest" assertions="1" time="0.031096"/>
        <testcase name="test_command_make_destroy_request_with_force_and_with_skeleton" file="/app/tests/Feature/Console/Commands/RequestMakeCommand/CrudTest.php" line="30" class="Tests\Feature\Playground\Stub\Console\Commands\RequestMakeCommand\CrudTest" classname="Tests.Feature.Playground.Stub.Console.Commands.RequestMakeCommand.CrudTest" assertions="1" time="0.032941"/>
        <testcase name="test_command_make_index_request_with_force_and_without_skeleton" file="/app/tests/Feature/Console/Commands/RequestMakeCommand/CrudTest.php" line="41" class="Tests\Feature\Playground\Stub\Console\Commands\RequestMakeCommand\CrudTest" classname="Tests.Feature.Playground.Stub.Console.Commands.RequestMakeCommand.CrudTest" assertions="1" time="0.033320"/>
        <testcase name="test_command_make_index_request_with_force_and_with_skeleton" file="/app/tests/Feature/Console/Commands/RequestMakeCommand/CrudTest.php" line="52" class="Tests\Feature\Playground\Stub\Console\Commands\RequestMakeCommand\CrudTest" classname="Tests.Feature.Playground.Stub.Console.Commands.RequestMakeCommand.CrudTest" assertions="1" time="0.033238"/>
        <testcase name="test_command_make_store_request_with_force_and_without_skeleton" file="/app/tests/Feature/Console/Commands/RequestMakeCommand/CrudTest.php" line="63" class="Tests\Feature\Playground\Stub\Console\Commands\RequestMakeCommand\CrudTest" classname="Tests.Feature.Playground.Stub.Console.Commands.RequestMakeCommand.CrudTest" assertions="1" time="0.032311"/>
        <testcase name="test_command_make_store_request_with_force_and_with_skeleton" file="/app/tests/Feature/Console/Commands/RequestMakeCommand/CrudTest.php" line="74" class="Tests\Feature\Playground\Stub\Console\Commands\RequestMakeCommand\CrudTest" classname="Tests.Feature.Playground.Stub.Console.Commands.RequestMakeCommand.CrudTest" assertions="1" time="0.033819"/>
        <testcase name="test_command_make_update_request_with_force_and_without_skeleton" file="/app/tests/Feature/Console/Commands/RequestMakeCommand/CrudTest.php" line="85" class="Tests\Feature\Playground\Stub\Console\Commands\RequestMakeCommand\CrudTest" classname="Tests.Feature.Playground.Stub.Console.Commands.RequestMakeCommand.CrudTest" assertions="1" time="0.033231"/>
        <testcase name="test_command_make_update_request_with_force_and_with_skeleton" file="/app/tests/Feature/Console/Commands/RequestMakeCommand/CrudTest.php" line="96" class="Tests\Feature\Playground\Stub\Console\Commands\RequestMakeCommand\CrudTest" classname="Tests.Feature.Playground.Stub.Console.Commands.RequestMakeCommand.CrudTest" assertions="1" time="0.032837"/>
        <testcase name="test_command_make_other_request_with_force_and_without_skeleton" file="/app/tests/Feature/Console/Commands/RequestMakeCommand/CrudTest.php" line="107" class="Tests\Feature\Playground\Stub\Console\Commands\RequestMakeCommand\CrudTest" classname="Tests.Feature.Playground.Stub.Console.Commands.RequestMakeCommand.CrudTest" assertions="1" time="0.038993"/>
        <testcase name="test_command_make_other_request_with_force_and_with_skeleton" file="/app/tests/Feature/Console/Commands/RequestMakeCommand/CrudTest.php" line="118" class="Tests\Feature\Playground\Stub\Console\Commands\RequestMakeCommand\CrudTest" classname="Tests.Feature.Playground.Stub.Console.Commands.RequestMakeCommand.CrudTest" assertions="1" time="0.035878"/>
        <testcase name="test_command_make_default_request_with_force_and_without_skeleton" file="/app/tests/Feature/Console/Commands/RequestMakeCommand/CrudTest.php" line="129" class="Tests\Feature\Playground\Stub\Console\Commands\RequestMakeCommand\CrudTest" classname="Tests.Feature.Playground.Stub.Console.Commands.RequestMakeCommand.CrudTest" assertions="1" time="0.033817"/>
        <testcase name="test_command_make_default_request_with_force_and_with_skeleton" file="/app/tests/Feature/Console/Commands/RequestMakeCommand/CrudTest.php" line="140" class="Tests\Feature\Playground\Stub\Console\Commands\RequestMakeCommand\CrudTest" classname="Tests.Feature.Playground.Stub.Console.Commands.RequestMakeCommand.CrudTest" assertions="1" time="0.032991"/>
      </testsuite>
      <testsuite name="Tests\Feature\Playground\Stub\Console\Commands\RequestMakeCommand\FileTest" file="/app/tests/Feature/Console/Commands/RequestMakeCommand/FileTest.php" tests="2" assertions="2" errors="0" failures="0" skipped="0" time="0.065756">
        <testcase name="test_command_make_request_with_force_and_without_skeleton" file="/app/tests/Feature/Console/Commands/RequestMakeCommand/FileTest.php" line="19" class="Tests\Feature\Playground\Stub\Console\Commands\RequestMakeCommand\FileTest" classname="Tests.Feature.Playground.Stub.Console.Commands.RequestMakeCommand.FileTest" assertions="1" time="0.032724"/>
        <testcase name="test_command_make_request_with_force_and_with_skeleton" file="/app/tests/Feature/Console/Commands/RequestMakeCommand/FileTest.php" line="33" class="Tests\Feature\Playground\Stub\Console\Commands\RequestMakeCommand\FileTest" classname="Tests.Feature.Playground.Stub.Console.Commands.RequestMakeCommand.FileTest" assertions="1" time="0.033032"/>
      </testsuite>
      <testsuite name="Tests\Feature\Playground\Stub\Console\Commands\RequestMakeCommand\IndexTest" file="/app/tests/Feature/Console/Commands/RequestMakeCommand/IndexTest.php" tests="3" assertions="3" errors="0" failures="0" skipped="0" time="0.098248">
        <testcase name="test_command_make_FormRequest" file="/app/tests/Feature/Console/Commands/RequestMakeCommand/IndexTest.php" line="19" class="Tests\Feature\Playground\Stub\Console\Commands\RequestMakeCommand\IndexTest" classname="Tests.Feature.Playground.Stub.Console.Commands.RequestMakeCommand.IndexTest" assertions="1" time="0.033105"/>
        <testcase name="test_command_make_AbstractIndexRequest" file="/app/tests/Feature/Console/Commands/RequestMakeCommand/IndexTest.php" line="30" class="Tests\Feature\Playground\Stub\Console\Commands\RequestMakeCommand\IndexTest" classname="Tests.Feature.Playground.Stub.Console.Commands.RequestMakeCommand.IndexTest" assertions="1" time="0.032431"/>
        <testcase name="test_command_make_AbstractStoreRequest" file="/app/tests/Feature/Console/Commands/RequestMakeCommand/IndexTest.php" line="41" class="Tests\Feature\Playground\Stub\Console\Commands\RequestMakeCommand\IndexTest" classname="Tests.Feature.Playground.Stub.Console.Commands.RequestMakeCommand.IndexTest" assertions="1" time="0.032712"/>
      </testsuite>
      <testsuite name="Tests\Feature\Playground\Stub\Console\Commands\RequestMakeCommand\ModelTest" file="/app/tests/Feature/Console/Commands/RequestMakeCommand/ModelTest.php" tests="4" assertions="4" errors="0" failures="0" skipped="0" time="0.170677">
        <testcase name="test_command_make_CreateRequest_with_force_and_without_skeleton" file="/app/tests/Feature/Console/Commands/RequestMakeCommand/ModelTest.php" line="19" class="Tests\Feature\Playground\Stub\Console\Commands\RequestMakeCommand\ModelTest" classname="Tests.Feature.Playground.Stub.Console.Commands.RequestMakeCommand.ModelTest" assertions="1" time="0.053304"/>
        <testcase name="test_command_make_IndexRequest_with_force_and_with_skeleton" file="/app/tests/Feature/Console/Commands/RequestMakeCommand/ModelTest.php" line="30" class="Tests\Feature\Playground\Stub\Console\Commands\RequestMakeCommand\ModelTest" classname="Tests.Feature.Playground.Stub.Console.Commands.RequestMakeCommand.ModelTest" assertions="1" time="0.051401"/>
        <testcase name="test_command_make_IndexRequest_with_force_and_with_skeleton_without_model_file" file="/app/tests/Feature/Console/Commands/RequestMakeCommand/ModelTest.php" line="41" class="Tests\Feature\Playground\Stub\Console\Commands\RequestMakeCommand\ModelTest" classname="Tests.Feature.Playground.Stub.Console.Commands.RequestMakeCommand.ModelTest" assertions="1" time="0.032674"/>
        <testcase name="test_command_make_IndexRequest_under_Subfolder_with_force_and_with_skeleton_without_model_file" file="/app/tests/Feature/Console/Commands/RequestMakeCommand/ModelTest.php" line="52" class="Tests\Feature\Playground\Stub\Console\Commands\RequestMakeCommand\ModelTest" classname="Tests.Feature.Playground.Stub.Console.Commands.RequestMakeCommand.ModelTest" assertions="1" time="0.033299"/>
      </testsuite>
      <testsuite name="Tests\Feature\Playground\Stub\Console\Commands\ResourceMakeCommand\AbstractTest" file="/app/tests/Feature/Console/Commands/ResourceMakeCommand/AbstractTest.php" tests="4" assertions="4" errors="0" failures="0" skipped="0" time="0.123305">
        <testcase name="test_command_make_abstract_resource_with_force_and_without_skeleton" file="/app/tests/Feature/Console/Commands/ResourceMakeCommand/AbstractTest.php" line="19" class="Tests\Feature\Playground\Stub\Console\Commands\ResourceMakeCommand\AbstractTest" classname="Tests.Feature.Playground.Stub.Console.Commands.ResourceMakeCommand.AbstractTest" assertions="1" time="0.029858"/>
        <testcase name="test_command_make_abstract_resource_with_force_and_with_skeleton" file="/app/tests/Feature/Console/Commands/ResourceMakeCommand/AbstractTest.php" line="30" class="Tests\Feature\Playground\Stub\Console\Commands\ResourceMakeCommand\AbstractTest" classname="Tests.Feature.Playground.Stub.Console.Commands.ResourceMakeCommand.AbstractTest" assertions="1" time="0.030119"/>
        <testcase name="test_command_make_abstract_keys_resource_with_force_and_without_skeleton" file="/app/tests/Feature/Console/Commands/ResourceMakeCommand/AbstractTest.php" line="41" class="Tests\Feature\Playground\Stub\Console\Commands\ResourceMakeCommand\AbstractTest" classname="Tests.Feature.Playground.Stub.Console.Commands.ResourceMakeCommand.AbstractTest" assertions="1" time="0.030805"/>
        <testcase name="test_command_make_abstract_keys_resource_with_force_and_with_skeleton" file="/app/tests/Feature/Console/Commands/ResourceMakeCommand/AbstractTest.php" line="52" class="Tests\Feature\Playground\Stub\Console\Commands\ResourceMakeCommand\AbstractTest" classname="Tests.Feature.Playground.Stub.Console.Commands.ResourceMakeCommand.AbstractTest" assertions="1" time="0.032523"/>
      </testsuite>
      <testsuite name="Tests\Feature\Playground\Stub\Console\Commands\ResourceMakeCommand\CollectionTest" file="/app/tests/Feature/Console/Commands/ResourceMakeCommand/CollectionTest.php" tests="5" assertions="5" errors="0" failures="0" skipped="0" time="0.157986">
        <testcase name="test_command_make_resource_with_force_and_without_skeleton" file="/app/tests/Feature/Console/Commands/ResourceMakeCommand/CollectionTest.php" line="19" class="Tests\Feature\Playground\Stub\Console\Commands\ResourceMakeCommand\CollectionTest" classname="Tests.Feature.Playground.Stub.Console.Commands.ResourceMakeCommand.CollectionTest" assertions="1" time="0.029981"/>
        <testcase name="test_command_make_collection_resource_with_force_and_with_skeleton" file="/app/tests/Feature/Console/Commands/ResourceMakeCommand/CollectionTest.php" line="30" class="Tests\Feature\Playground\Stub\Console\Commands\ResourceMakeCommand\CollectionTest" classname="Tests.Feature.Playground.Stub.Console.Commands.ResourceMakeCommand.CollectionTest" assertions="1" time="0.030548"/>
        <testcase name="test_command_make_named_collection_resource_with_force_and_with_skeleton" file="/app/tests/Feature/Console/Commands/ResourceMakeCommand/CollectionTest.php" line="41" class="Tests\Feature\Playground\Stub\Console\Commands\ResourceMakeCommand\CollectionTest" classname="Tests.Feature.Playground.Stub.Console.Commands.ResourceMakeCommand.CollectionTest" assertions="1" time="0.031339"/>
        <testcase name="test_command_make_named_collection_resource_with_option_with_force_and_with_skeleton" file="/app/tests/Feature/Console/Commands/ResourceMakeCommand/CollectionTest.php" line="52" class="Tests\Feature\Playground\Stub\Console\Commands\ResourceMakeCommand\CollectionTest" classname="Tests.Feature.Playground.Stub.Console.Commands.ResourceMakeCommand.CollectionTest" assertions="1" time="0.031532"/>
        <testcase name="test_command_make_collection_resource_with_option_with_force_and_with_skeleton" file="/app/tests/Feature/Console/Commands/ResourceMakeCommand/CollectionTest.php" line="63" class="Tests\Feature\Playground\Stub\Console\Commands\ResourceMakeCommand\CollectionTest" classname="Tests.Feature.Playground.Stub.Console.Commands.ResourceMakeCommand.CollectionTest" assertions="1" time="0.034585"/>
      </testsuite>
      <testsuite name="Tests\Feature\Playground\Stub\Console\Commands\ResourceMakeCommand\CommandTest" file="/app/tests/Feature/Console/Commands/ResourceMakeCommand/CommandTest.php" tests="2" assertions="3" errors="0" failures="0" skipped="0" time="0.060191">
        <testcase name="test_command_without_options_or_arguments" file="/app/tests/Feature/Console/Commands/ResourceMakeCommand/CommandTest.php" line="19" class="Tests\Feature\Playground\Stub\Console\Commands\ResourceMakeCommand\CommandTest" classname="Tests.Feature.Playground.Stub.Console.Commands.ResourceMakeCommand.CommandTest" assertions="2" time="0.029169"/>
        <testcase name="test_command_skeleton" file="/app/tests/Feature/Console/Commands/ResourceMakeCommand/CommandTest.php" line="29" class="Tests\Feature\Playground\Stub\Console\Commands\ResourceMakeCommand\CommandTest" classname="Tests.Feature.Playground.Stub.Console.Commands.ResourceMakeCommand.CommandTest" assertions="1" time="0.031021"/>
      </testsuite>
      <testsuite name="Tests\Feature\Playground\Stub\Console\Commands\ResourceMakeCommand\KeysTest" file="/app/tests/Feature/Console/Commands/ResourceMakeCommand/KeysTest.php" tests="2" assertions="2" errors="0" failures="0" skipped="0" time="0.063381">
        <testcase name="test_command_make_keys_resource_with_force_and_without_skeleton" file="/app/tests/Feature/Console/Commands/ResourceMakeCommand/KeysTest.php" line="19" class="Tests\Feature\Playground\Stub\Console\Commands\ResourceMakeCommand\KeysTest" classname="Tests.Feature.Playground.Stub.Console.Commands.ResourceMakeCommand.KeysTest" assertions="1" time="0.032489"/>
        <testcase name="test_command_make_keys_resource_with_force_and_with_skeleton" file="/app/tests/Feature/Console/Commands/ResourceMakeCommand/KeysTest.php" line="30" class="Tests\Feature\Playground\Stub\Console\Commands\ResourceMakeCommand\KeysTest" classname="Tests.Feature.Playground.Stub.Console.Commands.ResourceMakeCommand.KeysTest" assertions="1" time="0.030892"/>
      </testsuite>
      <testsuite name="Tests\Feature\Playground\Stub\Console\Commands\ResourceMakeCommand\StubTest" file="/app/tests/Feature/Console/Commands/ResourceMakeCommand/StubTest.php" tests="2" assertions="5" errors="0" failures="0" skipped="0" time="0.071031">
        <testcase name="test_command_with_invalid_stubs_path_in_the_config" file="/app/tests/Feature/Console/Commands/ResourceMakeCommand/StubTest.php" line="23" class="Tests\Feature\Playground\Stub\Console\Commands\ResourceMakeCommand\StubTest" classname="Tests.Feature.Playground.Stub.Console.Commands.ResourceMakeCommand.StubTest" assertions="2" time="0.038531"/>
        <testcase name="test_command_with_invalid_path_to_stub_in_the_config" file="/app/tests/Feature/Console/Commands/ResourceMakeCommand/StubTest.php" line="45" class="Tests\Feature\Playground\Stub\Console\Commands\ResourceMakeCommand\StubTest" classname="Tests.Feature.Playground.Stub.Console.Commands.ResourceMakeCommand.StubTest" assertions="3" time="0.032501"/>
      </testsuite>
      <testsuite name="Tests\Feature\Playground\Stub\Console\Commands\RouteMakeCommand\ApiTest" file="/app/tests/Feature/Console/Commands/RouteMakeCommand/ApiTest.php" tests="3" assertions="4" errors="0" failures="0" skipped="0" time="0.131519">
        <testcase name="test_command_make_playground_api_route_with_force_and_without_skeleton" file="/app/tests/Feature/Console/Commands/RouteMakeCommand/ApiTest.php" line="19" class="Tests\Feature\Playground\Stub\Console\Commands\RouteMakeCommand\ApiTest" classname="Tests.Feature.Playground.Stub.Console.Commands.RouteMakeCommand.ApiTest" assertions="1" time="0.052886"/>
        <testcase name="test_command_make_api_route_with_force_and_with_skeleton" file="/app/tests/Feature/Console/Commands/RouteMakeCommand/ApiTest.php" line="33" class="Tests\Feature\Playground\Stub\Console\Commands\RouteMakeCommand\ApiTest" classname="Tests.Feature.Playground.Stub.Console.Commands.RouteMakeCommand.ApiTest" assertions="1" time="0.050777"/>
        <testcase name="test_command_make_api_route_without_model_file" file="/app/tests/Feature/Console/Commands/RouteMakeCommand/ApiTest.php" line="47" class="Tests\Feature\Playground\Stub\Console\Commands\RouteMakeCommand\ApiTest" classname="Tests.Feature.Playground.Stub.Console.Commands.RouteMakeCommand.ApiTest" assertions="2" time="0.027855"/>
      </testsuite>
      <testsuite name="Tests\Feature\Playground\Stub\Console\Commands\RouteMakeCommand\CommandTest" file="/app/tests/Feature/Console/Commands/RouteMakeCommand/CommandTest.php" tests="3" assertions="4" errors="0" failures="0" skipped="0" time="0.092693">
        <testcase name="test_command_without_options_or_arguments" file="/app/tests/Feature/Console/Commands/RouteMakeCommand/CommandTest.php" line="19" class="Tests\Feature\Playground\Stub\Console\Commands\RouteMakeCommand\CommandTest" classname="Tests.Feature.Playground.Stub.Console.Commands.RouteMakeCommand.CommandTest" assertions="2" time="0.028680"/>
        <testcase name="test_command_skeleton" file="/app/tests/Feature/Console/Commands/RouteMakeCommand/CommandTest.php" line="29" class="Tests\Feature\Playground\Stub\Console\Commands\RouteMakeCommand\CommandTest" classname="Tests.Feature.Playground.Stub.Console.Commands.RouteMakeCommand.CommandTest" assertions="1" time="0.031804"/>
        <testcase name="test_command_with_options" file="/app/tests/Feature/Console/Commands/RouteMakeCommand/CommandTest.php" line="38" class="Tests\Feature\Playground\Stub\Console\Commands\RouteMakeCommand\CommandTest" classname="Tests.Feature.Playground.Stub.Console.Commands.RouteMakeCommand.CommandTest" assertions="1" time="0.032209"/>
      </testsuite>
      <testsuite name="Tests\Feature\Playground\Stub\Console\Commands\RouteMakeCommand\FileTest" file="/app/tests/Feature/Console/Commands/RouteMakeCommand/FileTest.php" tests="2" assertions="2" errors="0" failures="0" skipped="0" time="0.122556">
        <testcase name="test_command_make_route_with_force_and_without_skeleton" file="/app/tests/Feature/Console/Commands/RouteMakeCommand/FileTest.php" line="19" class="Tests\Feature\Playground\Stub\Console\Commands\RouteMakeCommand\FileTest" classname="Tests.Feature.Playground.Stub.Console.Commands.RouteMakeCommand.FileTest" assertions="1" time="0.059989"/>
        <testcase name="test_command_make_route_with_force_and_with_skeleton" file="/app/tests/Feature/Console/Commands/RouteMakeCommand/FileTest.php" line="33" class="Tests\Feature\Playground\Stub\Console\Commands\RouteMakeCommand\FileTest" classname="Tests.Feature.Playground.Stub.Console.Commands.RouteMakeCommand.FileTest" assertions="1" time="0.062567"/>
      </testsuite>
      <testsuite name="Tests\Feature\Playground\Stub\Console\Commands\RouteMakeCommand\ResourceTest" file="/app/tests/Feature/Console/Commands/RouteMakeCommand/ResourceTest.php" tests="6" assertions="7" errors="0" failures="0" skipped="0" time="0.263934">
        <testcase name="test_command_make_playground_resource_route_with_force_and_without_skeleton" file="/app/tests/Feature/Console/Commands/RouteMakeCommand/ResourceTest.php" line="19" class="Tests\Feature\Playground\Stub\Console\Commands\RouteMakeCommand\ResourceTest" classname="Tests.Feature.Playground.Stub.Console.Commands.RouteMakeCommand.ResourceTest" assertions="1" time="0.049904"/>
        <testcase name="test_command_make_resource_route_with_force_and_with_skeleton" file="/app/tests/Feature/Console/Commands/RouteMakeCommand/ResourceTest.php" line="33" class="Tests\Feature\Playground\Stub\Console\Commands\RouteMakeCommand\ResourceTest" classname="Tests.Feature.Playground.Stub.Console.Commands.RouteMakeCommand.ResourceTest" assertions="1" time="0.050222"/>
        <testcase name="test_command_make_resource_route_without_model_file" file="/app/tests/Feature/Console/Commands/RouteMakeCommand/ResourceTest.php" line="47" class="Tests\Feature\Playground\Stub\Console\Commands\RouteMakeCommand\ResourceTest" classname="Tests.Feature.Playground.Stub.Console.Commands.RouteMakeCommand.ResourceTest" assertions="2" time="0.029592"/>
        <testcase name="test_command_make_playground_resource_index_route_with_force_and_without_skeleton" file="/app/tests/Feature/Console/Commands/RouteMakeCommand/ResourceTest.php" line="57" class="Tests\Feature\Playground\Stub\Console\Commands\RouteMakeCommand\ResourceTest" classname="Tests.Feature.Playground.Stub.Console.Commands.RouteMakeCommand.ResourceTest" assertions="1" time="0.050369"/>
        <testcase name="test_command_make_resource_index_route_with_force_and_with_skeleton" file="/app/tests/Feature/Console/Commands/RouteMakeCommand/ResourceTest.php" line="71" class="Tests\Feature\Playground\Stub\Console\Commands\RouteMakeCommand\ResourceTest" classname="Tests.Feature.Playground.Stub.Console.Commands.RouteMakeCommand.ResourceTest" assertions="1" time="0.050964"/>
        <testcase name="test_command_make_resource_index_route_without_model_file" file="/app/tests/Feature/Console/Commands/RouteMakeCommand/ResourceTest.php" line="85" class="Tests\Feature\Playground\Stub\Console\Commands\RouteMakeCommand\ResourceTest" classname="Tests.Feature.Playground.Stub.Console.Commands.RouteMakeCommand.ResourceTest" assertions="1" time="0.032882"/>
      </testsuite>
      <testsuite name="Tests\Feature\Playground\Stub\Console\Commands\SeederMakeCommand\CommandTest" file="/app/tests/Feature/Console/Commands/SeederMakeCommand/CommandTest.php" tests="2" assertions="3" errors="0" failures="0" skipped="0" time="0.058997">
        <testcase name="test_command_without_options_or_arguments" file="/app/tests/Feature/Console/Commands/SeederMakeCommand/CommandTest.php" line="19" class="Tests\Feature\Playground\Stub\Console\Commands\SeederMakeCommand\CommandTest" classname="Tests.Feature.Playground.Stub.Console.Commands.SeederMakeCommand.CommandTest" assertions="2" time="0.028725"/>
        <testcase name="test_command_skeleton" file="/app/tests/Feature/Console/Commands/SeederMakeCommand/CommandTest.php" line="29" class="Tests\Feature\Playground\Stub\Console\Commands\SeederMakeCommand\CommandTest" classname="Tests.Feature.Playground.Stub.Console.Commands.SeederMakeCommand.CommandTest" assertions="1" time="0.030272"/>
      </testsuite>
      <testsuite name="Tests\Feature\Playground\Stub\Console\Commands\SwaggerMakeCommand\ApiTest" file="/app/tests/Feature/Console/Commands/SwaggerMakeCommand/ApiTest.php" tests="2" assertions="2" errors="0" failures="0" skipped="0" time="0.084314">
        <testcase name="test_command_make_swagger_with_force_and_without_skeleton" file="/app/tests/Feature/Console/Commands/SwaggerMakeCommand/ApiTest.php" line="19" class="Tests\Feature\Playground\Stub\Console\Commands\SwaggerMakeCommand\ApiTest" classname="Tests.Feature.Playground.Stub.Console.Commands.SwaggerMakeCommand.ApiTest" assertions="1" time="0.039862"/>
        <testcase name="test_command_make_swagger_with_force_and_with_skeleton" file="/app/tests/Feature/Console/Commands/SwaggerMakeCommand/ApiTest.php" line="33" class="Tests\Feature\Playground\Stub\Console\Commands\SwaggerMakeCommand\ApiTest" classname="Tests.Feature.Playground.Stub.Console.Commands.SwaggerMakeCommand.ApiTest" assertions="1" time="0.044452"/>
      </testsuite>
      <testsuite name="Tests\Feature\Playground\Stub\Console\Commands\SwaggerMakeCommand\CommandTest" file="/app/tests/Feature/Console/Commands/SwaggerMakeCommand/CommandTest.php" tests="2" assertions="2" errors="0" failures="0" skipped="0" time="0.061887">
        <testcase name="test_command_without_options_or_arguments" file="/app/tests/Feature/Console/Commands/SwaggerMakeCommand/CommandTest.php" line="19" class="Tests\Feature\Playground\Stub\Console\Commands\SwaggerMakeCommand\CommandTest" classname="Tests.Feature.Playground.Stub.Console.Commands.SwaggerMakeCommand.CommandTest" assertions="1" time="0.031785"/>
        <testcase name="test_command_skeleton" file="/app/tests/Feature/Console/Commands/SwaggerMakeCommand/CommandTest.php" line="28" class="Tests\Feature\Playground\Stub\Console\Commands\SwaggerMakeCommand\CommandTest" classname="Tests.Feature.Playground.Stub.Console.Commands.SwaggerMakeCommand.CommandTest" assertions="1" time="0.030101"/>
      </testsuite>
      <testsuite name="Tests\Feature\Playground\Stub\Console\Commands\SwaggerMakeCommand\ModelTest" file="/app/tests/Feature/Console/Commands/SwaggerMakeCommand/ModelTest.php" tests="5" assertions="6" errors="0" failures="0" skipped="0" time="0.304122">
        <testcase name="test_command_make_swagger_with_force_and_without_skeleton" file="/app/tests/Feature/Console/Commands/SwaggerMakeCommand/ModelTest.php" line="19" class="Tests\Feature\Playground\Stub\Console\Commands\SwaggerMakeCommand\ModelTest" classname="Tests.Feature.Playground.Stub.Console.Commands.SwaggerMakeCommand.ModelTest" assertions="1" time="0.076407"/>
        <testcase name="test_command_make_swagger_with_force_and_with_skeleton" file="/app/tests/Feature/Console/Commands/SwaggerMakeCommand/ModelTest.php" line="34" class="Tests\Feature\Playground\Stub\Console\Commands\SwaggerMakeCommand\ModelTest" classname="Tests.Feature.Playground.Stub.Console.Commands.SwaggerMakeCommand.ModelTest" assertions="1" time="0.071114"/>
        <testcase name="test_command_make_swagger_model_with_force_and_without_skeleton" file="/app/tests/Feature/Console/Commands/SwaggerMakeCommand/ModelTest.php" line="48" class="Tests\Feature\Playground\Stub\Console\Commands\SwaggerMakeCommand\ModelTest" classname="Tests.Feature.Playground.Stub.Console.Commands.SwaggerMakeCommand.ModelTest" assertions="1" time="0.062480"/>
        <testcase name="test_command_make_swagger_model_with_force_and_with_skeleton" file="/app/tests/Feature/Console/Commands/SwaggerMakeCommand/ModelTest.php" line="62" class="Tests\Feature\Playground\Stub\Console\Commands\SwaggerMakeCommand\ModelTest" classname="Tests.Feature.Playground.Stub.Console.Commands.SwaggerMakeCommand.ModelTest" assertions="1" time="0.063539"/>
        <testcase name="test_command_make_swagger_model_without_model_file" file="/app/tests/Feature/Console/Commands/SwaggerMakeCommand/ModelTest.php" line="76" class="Tests\Feature\Playground\Stub\Console\Commands\SwaggerMakeCommand\ModelTest" classname="Tests.Feature.Playground.Stub.Console.Commands.SwaggerMakeCommand.ModelTest" assertions="2" time="0.030581"/>
      </testsuite>
      <testsuite name="Tests\Feature\Playground\Stub\Console\Commands\SwaggerMakeCommand\ResourceTest" file="/app/tests/Feature/Console/Commands/SwaggerMakeCommand/ResourceTest.php" tests="2" assertions="2" errors="0" failures="0" skipped="0" time="0.172398">
        <testcase name="test_command_make_swagger_with_force_and_without_skeleton" file="/app/tests/Feature/Console/Commands/SwaggerMakeCommand/ResourceTest.php" line="19" class="Tests\Feature\Playground\Stub\Console\Commands\SwaggerMakeCommand\ResourceTest" classname="Tests.Feature.Playground.Stub.Console.Commands.SwaggerMakeCommand.ResourceTest" assertions="1" time="0.084355"/>
        <testcase name="test_command_make_swagger_with_force_and_with_skeleton" file="/app/tests/Feature/Console/Commands/SwaggerMakeCommand/ResourceTest.php" line="33" class="Tests\Feature\Playground\Stub\Console\Commands\SwaggerMakeCommand\ResourceTest" classname="Tests.Feature.Playground.Stub.Console.Commands.SwaggerMakeCommand.ResourceTest" assertions="1" time="0.088043"/>
      </testsuite>
      <testsuite name="Tests\Feature\Playground\Stub\Console\Commands\TemplateMakeCommand\CommandTest" file="/app/tests/Feature/Console/Commands/TemplateMakeCommand/CommandTest.php" tests="2" assertions="3" errors="0" failures="0" skipped="0" time="0.062023">
        <testcase name="test_command_without_options_or_arguments" file="/app/tests/Feature/Console/Commands/TemplateMakeCommand/CommandTest.php" line="19" class="Tests\Feature\Playground\Stub\Console\Commands\TemplateMakeCommand\CommandTest" classname="Tests.Feature.Playground.Stub.Console.Commands.TemplateMakeCommand.CommandTest" assertions="2" time="0.029542"/>
        <testcase name="test_command_skeleton" file="/app/tests/Feature/Console/Commands/TemplateMakeCommand/CommandTest.php" line="29" class="Tests\Feature\Playground\Stub\Console\Commands\TemplateMakeCommand\CommandTest" classname="Tests.Feature.Playground.Stub.Console.Commands.TemplateMakeCommand.CommandTest" assertions="1" time="0.032481"/>
      </testsuite>
      <testsuite name="Tests\Feature\Playground\Stub\Console\Commands\TemplateMakeCommand\OptionsTest" file="/app/tests/Feature/Console/Commands/TemplateMakeCommand/OptionsTest.php" tests="1" assertions="1" errors="0" failures="0" skipped="0" time="0.042231">
        <testcase name="test_command_with_options" file="/app/tests/Feature/Console/Commands/TemplateMakeCommand/OptionsTest.php" line="19" class="Tests\Feature\Playground\Stub\Console\Commands\TemplateMakeCommand\OptionsTest" classname="Tests.Feature.Playground.Stub.Console.Commands.TemplateMakeCommand.OptionsTest" assertions="1" time="0.042231"/>
      </testsuite>
      <testsuite name="Tests\Feature\Playground\Stub\Console\Commands\TemplateMakeCommand\ResourceTest" file="/app/tests/Feature/Console/Commands/TemplateMakeCommand/ResourceTest.php" tests="9" assertions="10" errors="0" failures="0" skipped="0" time="0.325477">
        <testcase name="test_command_make_playground_resource_template_with_force_and_without_skeleton" file="/app/tests/Feature/Console/Commands/TemplateMakeCommand/ResourceTest.php" line="19" class="Tests\Feature\Playground\Stub\Console\Commands\TemplateMakeCommand\ResourceTest" classname="Tests.Feature.Playground.Stub.Console.Commands.TemplateMakeCommand.ResourceTest" assertions="1" time="0.039875"/>
        <testcase name="test_command_make_playground_resource_template_with_force_and_with_skeleton" file="/app/tests/Feature/Console/Commands/TemplateMakeCommand/ResourceTest.php" line="33" class="Tests\Feature\Playground\Stub\Console\Commands\TemplateMakeCommand\ResourceTest" classname="Tests.Feature.Playground.Stub.Console.Commands.TemplateMakeCommand.ResourceTest" assertions="1" time="0.039677"/>
        <testcase name="test_command_make_playground_resource_template_without_name_with_force_and_without_skeleton_without_file" file="/app/tests/Feature/Console/Commands/TemplateMakeCommand/ResourceTest.php" line="47" class="Tests\Feature\Playground\Stub\Console\Commands\TemplateMakeCommand\ResourceTest" classname="Tests.Feature.Playground.Stub.Console.Commands.TemplateMakeCommand.ResourceTest" assertions="2" time="0.028651"/>
        <testcase name="test_command_make_playground_resource_template_with_force_and_without_skeleton_without_file" file="/app/tests/Feature/Console/Commands/TemplateMakeCommand/ResourceTest.php" line="59" class="Tests\Feature\Playground\Stub\Console\Commands\TemplateMakeCommand\ResourceTest" classname="Tests.Feature.Playground.Stub.Console.Commands.TemplateMakeCommand.ResourceTest" assertions="1" time="0.038262"/>
        <testcase name="test_command_make_playground_resource_template_with_force_and_with_skeleton_without_file" file="/app/tests/Feature/Console/Commands/TemplateMakeCommand/ResourceTest.php" line="70" class="Tests\Feature\Playground\Stub\Console\Commands\TemplateMakeCommand\ResourceTest" classname="Tests.Feature.Playground.Stub.Console.Commands.TemplateMakeCommand.ResourceTest" assertions="1" time="0.039591"/>
        <testcase name="test_command_make_playground_resource_index_template_with_force_and_without_skeleton" file="/app/tests/Feature/Console/Commands/TemplateMakeCommand/ResourceTest.php" line="81" class="Tests\Feature\Playground\Stub\Console\Commands\TemplateMakeCommand\ResourceTest" classname="Tests.Feature.Playground.Stub.Console.Commands.TemplateMakeCommand.ResourceTest" assertions="1" time="0.035658"/>
        <testcase name="test_command_make_playground_resource_index_template_with_force_and_with_skeleton" file="/app/tests/Feature/Console/Commands/TemplateMakeCommand/ResourceTest.php" line="95" class="Tests\Feature\Playground\Stub\Console\Commands\TemplateMakeCommand\ResourceTest" classname="Tests.Feature.Playground.Stub.Console.Commands.TemplateMakeCommand.ResourceTest" assertions="1" time="0.036690"/>
        <testcase name="test_command_make_playground_resource_index_template_with_force_and_without_skeleton_without_file" file="/app/tests/Feature/Console/Commands/TemplateMakeCommand/ResourceTest.php" line="109" class="Tests\Feature\Playground\Stub\Console\Commands\TemplateMakeCommand\ResourceTest" classname="Tests.Feature.Playground.Stub.Console.Commands.TemplateMakeCommand.ResourceTest" assertions="1" time="0.033384"/>
        <testcase name="test_command_make_playground_resource_index_template_with_force_and_with_skeleton_without_file" file="/app/tests/Feature/Console/Commands/TemplateMakeCommand/ResourceTest.php" line="120" class="Tests\Feature\Playground\Stub\Console\Commands\TemplateMakeCommand\ResourceTest" classname="Tests.Feature.Playground.Stub.Console.Commands.TemplateMakeCommand.ResourceTest" assertions="1" time="0.033690"/>
      </testsuite>
      <testsuite name="Tests\Feature\Playground\Stub\Console\Commands\TemplateMakeCommand\SiteTest" file="/app/tests/Feature/Console/Commands/TemplateMakeCommand/SiteTest.php" tests="8" assertions="8" errors="0" failures="0" skipped="0" time="0.272509">
        <testcase name="test_command_make_site_template_with_force_and_without_skeleton" file="/app/tests/Feature/Console/Commands/TemplateMakeCommand/SiteTest.php" line="19" class="Tests\Feature\Playground\Stub\Console\Commands\TemplateMakeCommand\SiteTest" classname="Tests.Feature.Playground.Stub.Console.Commands.TemplateMakeCommand.SiteTest" assertions="1" time="0.035525"/>
        <testcase name="test_command_make_site_template_with_force_and_with_skeleton" file="/app/tests/Feature/Console/Commands/TemplateMakeCommand/SiteTest.php" line="33" class="Tests\Feature\Playground\Stub\Console\Commands\TemplateMakeCommand\SiteTest" classname="Tests.Feature.Playground.Stub.Console.Commands.TemplateMakeCommand.SiteTest" assertions="1" time="0.033791"/>
        <testcase name="test_command_make_site_template_with_force_and_without_skeleton_without_file" file="/app/tests/Feature/Console/Commands/TemplateMakeCommand/SiteTest.php" line="47" class="Tests\Feature\Playground\Stub\Console\Commands\TemplateMakeCommand\SiteTest" classname="Tests.Feature.Playground.Stub.Console.Commands.TemplateMakeCommand.SiteTest" assertions="1" time="0.032201"/>
        <testcase name="test_command_make_site_template_with_force_and_with_skeleton_without_file" file="/app/tests/Feature/Console/Commands/TemplateMakeCommand/SiteTest.php" line="58" class="Tests\Feature\Playground\Stub\Console\Commands\TemplateMakeCommand\SiteTest" classname="Tests.Feature.Playground.Stub.Console.Commands.TemplateMakeCommand.SiteTest" assertions="1" time="0.033921"/>
        <testcase name="test_command_make_playground_template_with_force_and_without_skeleton" file="/app/tests/Feature/Console/Commands/TemplateMakeCommand/SiteTest.php" line="69" class="Tests\Feature\Playground\Stub\Console\Commands\TemplateMakeCommand\SiteTest" classname="Tests.Feature.Playground.Stub.Console.Commands.TemplateMakeCommand.SiteTest" assertions="1" time="0.034046"/>
        <testcase name="test_command_make_playground_template_with_force_and_with_skeleton" file="/app/tests/Feature/Console/Commands/TemplateMakeCommand/SiteTest.php" line="83" class="Tests\Feature\Playground\Stub\Console\Commands\TemplateMakeCommand\SiteTest" classname="Tests.Feature.Playground.Stub.Console.Commands.TemplateMakeCommand.SiteTest" assertions="1" time="0.034193"/>
        <testcase name="test_command_make_playground_template_with_force_and_without_skeleton_without_file" file="/app/tests/Feature/Console/Commands/TemplateMakeCommand/SiteTest.php" line="97" class="Tests\Feature\Playground\Stub\Console\Commands\TemplateMakeCommand\SiteTest" classname="Tests.Feature.Playground.Stub.Console.Commands.TemplateMakeCommand.SiteTest" assertions="1" time="0.033388"/>
        <testcase name="test_command_make_playground_template_with_force_and_with_skeleton_without_file" file="/app/tests/Feature/Console/Commands/TemplateMakeCommand/SiteTest.php" line="108" class="Tests\Feature\Playground\Stub\Console\Commands\TemplateMakeCommand\SiteTest" classname="Tests.Feature.Playground.Stub.Console.Commands.TemplateMakeCommand.SiteTest" assertions="1" time="0.035445"/>
      </testsuite>
      <testsuite name="Tests\Feature\Playground\Stub\Console\Commands\TestMakeCommand\CommandTest" file="/app/tests/Feature/Console/Commands/TestMakeCommand/CommandTest.php" tests="2" assertions="3" errors="0" failures="0" skipped="0" time="0.061301">
        <testcase name="test_command_without_options_or_arguments" file="/app/tests/Feature/Console/Commands/TestMakeCommand/CommandTest.php" line="19" class="Tests\Feature\Playground\Stub\Console\Commands\TestMakeCommand\CommandTest" classname="Tests.Feature.Playground.Stub.Console.Commands.TestMakeCommand.CommandTest" assertions="2" time="0.028943"/>
        <testcase name="test_command_skeleton" file="/app/tests/Feature/Console/Commands/TestMakeCommand/CommandTest.php" line="29" class="Tests\Feature\Playground\Stub\Console\Commands\TestMakeCommand\CommandTest" classname="Tests.Feature.Playground.Stub.Console.Commands.TestMakeCommand.CommandTest" assertions="1" time="0.032358"/>
      </testsuite>
      <testsuite name="Tests\Feature\Playground\Stub\Console\Commands\TestMakeCommand\ModelTest" file="/app/tests/Feature/Console/Commands/TestMakeCommand/ModelTest.php" tests="4" assertions="4" errors="0" failures="0" skipped="0" time="0.151455">
        <testcase name="test_command_make_test_with_force_and_without_skeleton" file="/app/tests/Feature/Console/Commands/TestMakeCommand/ModelTest.php" line="19" class="Tests\Feature\Playground\Stub\Console\Commands\TestMakeCommand\ModelTest" classname="Tests.Feature.Playground.Stub.Console.Commands.TestMakeCommand.ModelTest" assertions="1" time="0.037156"/>
        <testcase name="test_command_make_test_with_force_and_with_skeleton" file="/app/tests/Feature/Console/Commands/TestMakeCommand/ModelTest.php" line="33" class="Tests\Feature\Playground\Stub\Console\Commands\TestMakeCommand\ModelTest" classname="Tests.Feature.Playground.Stub.Console.Commands.TestMakeCommand.ModelTest" assertions="1" time="0.036291"/>
        <testcase name="test_command_make_playground_model_api_with_force" file="/app/tests/Feature/Console/Commands/TestMakeCommand/ModelTest.php" line="47" class="Tests\Feature\Playground\Stub\Console\Commands\TestMakeCommand\ModelTest" classname="Tests.Feature.Playground.Stub.Console.Commands.TestMakeCommand.ModelTest" assertions="1" time="0.038043"/>
        <testcase name="test_command_make_playground_model_resource_with_force" file="/app/tests/Feature/Console/Commands/TestMakeCommand/ModelTest.php" line="61" class="Tests\Feature\Playground\Stub\Console\Commands\TestMakeCommand\ModelTest" classname="Tests.Feature.Playground.Stub.Console.Commands.TestMakeCommand.ModelTest" assertions="1" time="0.039966"/>
      </testsuite>
    </testsuite>
  </testsuite>
</testsuites>
