<?xml version="1.0" encoding="UTF-8"?>
<testsuites>
  <testsuite name="/app/phpunit.xml.dist" tests="40" assertions="135" errors="0" failures="0" skipped="0" time="2.695210">
    <testsuite name="Unit" tests="26" assertions="120" errors="0" failures="0" skipped="0" time="1.682006">
      <testsuite name="Tests\Unit\Playground\Stub\Configuration\Configuration\InstanceTest" file="/app/tests/Unit/Configuration/Configuration/InstanceTest.php" tests="5" assertions="15" errors="0" failures="0" skipped="0" time="0.363990">
        <testcase name="test_instance" file="/app/tests/Unit/Configuration/Configuration/InstanceTest.php" line="21" class="Tests\Unit\Playground\Stub\Configuration\Configuration\InstanceTest" classname="Tests.Unit.Playground.Stub.Configuration.Configuration.InstanceTest" assertions="1" time="0.273445"/>
        <testcase name="test_instance_apply_without_options" file="/app/tests/Unit/Configuration/Configuration/InstanceTest.php" line="48" class="Tests\Unit\Playground\Stub\Configuration\Configuration\InstanceTest" classname="Tests.Unit.Playground.Stub.Configuration.Configuration.InstanceTest" assertions="4" time="0.023820"/>
        <testcase name="test_folder_is_empty_by_default" file="/app/tests/Unit/Configuration/Configuration/InstanceTest.php" line="65" class="Tests\Unit\Playground\Stub\Configuration\Configuration\InstanceTest" classname="Tests.Unit.Playground.Stub.Configuration.Configuration.InstanceTest" assertions="3" time="0.021608"/>
        <testcase name="test_folder_with_empty_setFolder" file="/app/tests/Unit/Configuration/Configuration/InstanceTest.php" line="75" class="Tests\Unit\Playground\Stub\Configuration\Configuration\InstanceTest" classname="Tests.Unit.Playground.Stub.Configuration.Configuration.InstanceTest" assertions="3" time="0.021697"/>
        <testcase name="test_folder_with_path_for_setFolder" file="/app/tests/Unit/Configuration/Configuration/InstanceTest.php" line="85" class="Tests\Unit\Playground\Stub\Configuration\Configuration\InstanceTest" classname="Tests.Unit.Playground.Stub.Configuration.Configuration.InstanceTest" assertions="4" time="0.023419"/>
      </testsuite>
      <testsuite name="Tests\Unit\Playground\Stub\Configuration\Configuration\PropertiesTest" file="/app/tests/Unit/Configuration/Configuration/PropertiesTest.php" tests="3" assertions="40" errors="0" failures="0" skipped="0" time="0.066343">
        <testcase name="test_properties" file="/app/tests/Unit/Configuration/Configuration/PropertiesTest.php" line="39" class="Tests\Unit\Playground\Stub\Configuration\Configuration\PropertiesTest" classname="Tests.Unit.Playground.Stub.Configuration.Configuration.PropertiesTest" assertions="5" time="0.021157"/>
        <testcase name="test_properties_with_all_options_without_apply" file="/app/tests/Unit/Configuration/Configuration/PropertiesTest.php" line="58" class="Tests\Unit\Playground\Stub\Configuration\Configuration\PropertiesTest" classname="Tests.Unit.Playground.Stub.Configuration.Configuration.PropertiesTest" assertions="17" time="0.021611"/>
        <testcase name="test_properties_with_all_options_with_apply" file="/app/tests/Unit/Configuration/Configuration/PropertiesTest.php" line="107" class="Tests\Unit\Playground\Stub\Configuration\Configuration\PropertiesTest" classname="Tests.Unit.Playground.Stub.Configuration.Configuration.PropertiesTest" assertions="18" time="0.023574"/>
      </testsuite>
      <testsuite name="Tests\Unit\Playground\Stub\Configuration\Configuration\SkeletonTest" file="/app/tests/Unit/Configuration/Configuration/SkeletonTest.php" tests="7" assertions="10" errors="0" failures="0" skipped="0" time="0.151025">
        <testcase name="test_skeleton" file="/app/tests/Unit/Configuration/Configuration/SkeletonTest.php" line="19" class="Tests\Unit\Playground\Stub\Configuration\Configuration\SkeletonTest" classname="Tests.Unit.Playground.Stub.Configuration.Configuration.SkeletonTest" assertions="2" time="0.020824"/>
        <testcase name="test_skeleton_withSkeleton" file="/app/tests/Unit/Configuration/Configuration/SkeletonTest.php" line="28" class="Tests\Unit\Playground\Stub\Configuration\Configuration\SkeletonTest" classname="Tests.Unit.Playground.Stub.Configuration.Configuration.SkeletonTest" assertions="2" time="0.021182"/>
        <testcase name="test_skeleton_option_as_false" file="/app/tests/Unit/Configuration/Configuration/SkeletonTest.php" line="39" class="Tests\Unit\Playground\Stub\Configuration\Configuration\SkeletonTest" classname="Tests.Unit.Playground.Stub.Configuration.Configuration.SkeletonTest" assertions="1" time="0.021271"/>
        <testcase name="test_skeleton_option_as_true" file="/app/tests/Unit/Configuration/Configuration/SkeletonTest.php" line="50" class="Tests\Unit\Playground\Stub\Configuration\Configuration\SkeletonTest" classname="Tests.Unit.Playground.Stub.Configuration.Configuration.SkeletonTest" assertions="1" time="0.021478"/>
        <testcase name="test_skeleton_parameter_as_true" file="/app/tests/Unit/Configuration/Configuration/SkeletonTest.php" line="61" class="Tests\Unit\Playground\Stub\Configuration\Configuration\SkeletonTest" classname="Tests.Unit.Playground.Stub.Configuration.Configuration.SkeletonTest" assertions="1" time="0.021622"/>
        <testcase name="test_skeleton_parameter_as_false_overrules_option" file="/app/tests/Unit/Configuration/Configuration/SkeletonTest.php" line="70" class="Tests\Unit\Playground\Stub\Configuration\Configuration\SkeletonTest" classname="Tests.Unit.Playground.Stub.Configuration.Configuration.SkeletonTest" assertions="1" time="0.022443"/>
        <testcase name="test_skeleton_parameter_as_true_overrules_option" file="/app/tests/Unit/Configuration/Configuration/SkeletonTest.php" line="81" class="Tests\Unit\Playground\Stub\Configuration\Configuration\SkeletonTest" classname="Tests.Unit.Playground.Stub.Configuration.Configuration.SkeletonTest" assertions="2" time="0.022205"/>
      </testsuite>
      <testsuite name="Tests\Unit\Playground\Stub\Configuration\Model\InstanceTest" file="/app/tests/Unit/Configuration/Model/InstanceTest.php" tests="4" assertions="28" errors="0" failures="0" skipped="0" time="0.358208">
        <testcase name="test_instance" file="/app/tests/Unit/Configuration/Model/InstanceTest.php" line="19" class="Tests\Unit\Playground\Stub\Configuration\Model\InstanceTest" classname="Tests.Unit.Playground.Stub.Configuration.Model.InstanceTest" assertions="1" time="0.107580"/>
        <testcase name="test_instance_apply_without_options" file="/app/tests/Unit/Configuration/Model/InstanceTest.php" line="76" class="Tests\Unit\Playground\Stub\Configuration\Model\InstanceTest" classname="Tests.Unit.Playground.Stub.Configuration.Model.InstanceTest" assertions="4" time="0.022733"/>
        <testcase name="test_folder_is_empty_by_default" file="/app/tests/Unit/Configuration/Model/InstanceTest.php" line="93" class="Tests\Unit\Playground\Stub\Configuration\Model\InstanceTest" classname="Tests.Unit.Playground.Stub.Configuration.Model.InstanceTest" assertions="3" time="0.021351"/>
        <testcase name="test_model_with_file_and_skeleton" file="/app/tests/Unit/Configuration/Model/InstanceTest.php" line="103" class="Tests\Unit\Playground\Stub\Configuration\Model\InstanceTest" classname="Tests.Unit.Playground.Stub.Configuration.Model.InstanceTest" assertions="20" time="0.206544"/>
      </testsuite>
      <testsuite name="Tests\Unit\Playground\Stub\Configuration\Test\InstanceTest" file="/app/tests/Unit/Configuration/Test/InstanceTest.php" tests="4" assertions="24" errors="0" failures="0" skipped="0" time="0.097585">
        <testcase name="test_instance" file="/app/tests/Unit/Configuration/Test/InstanceTest.php" line="19" class="Tests\Unit\Playground\Stub\Configuration\Test\InstanceTest" classname="Tests.Unit.Playground.Stub.Configuration.Test.InstanceTest" assertions="1" time="0.032309"/>
        <testcase name="test_instance_apply_without_options" file="/app/tests/Unit/Configuration/Test/InstanceTest.php" line="48" class="Tests\Unit\Playground\Stub\Configuration\Test\InstanceTest" classname="Tests.Unit.Playground.Stub.Configuration.Test.InstanceTest" assertions="4" time="0.022006"/>
        <testcase name="test_folder_is_empty_by_default" file="/app/tests/Unit/Configuration/Test/InstanceTest.php" line="65" class="Tests\Unit\Playground\Stub\Configuration\Test\InstanceTest" classname="Tests.Unit.Playground.Stub.Configuration.Test.InstanceTest" assertions="3" time="0.021119"/>
        <testcase name="test_test_with_file_and_skeleton" file="/app/tests/Unit/Configuration/Test/InstanceTest.php" line="75" class="Tests\Unit\Playground\Stub\Configuration\Test\InstanceTest" classname="Tests.Unit.Playground.Stub.Configuration.Test.InstanceTest" assertions="16" time="0.022151"/>
      </testsuite>
      <testsuite name="Tests\Unit\Playground\Stub\Console\Commands\ModelMakeCommand\CommandTest" file="/app/tests/Unit/Console/Commands/ModelMakeCommand/CommandTest.php" tests="1" assertions="1" errors="0" failures="0" skipped="0" time="0.583824">
        <testcase name="test_command_displays_help" file="/app/tests/Unit/Console/Commands/ModelMakeCommand/CommandTest.php" line="19" class="Tests\Unit\Playground\Stub\Console\Commands\ModelMakeCommand\CommandTest" classname="Tests.Unit.Playground.Stub.Console.Commands.ModelMakeCommand.CommandTest" assertions="1" time="0.583824"/>
      </testsuite>
      <testsuite name="Tests\Unit\Playground\Stub\Console\Commands\SeederMakeCommand\CommandTest" file="/app/tests/Unit/Console/Commands/SeederMakeCommand/CommandTest.php" tests="1" assertions="1" errors="0" failures="0" skipped="0" time="0.030853">
        <testcase name="test_command_displays_help" file="/app/tests/Unit/Console/Commands/SeederMakeCommand/CommandTest.php" line="19" class="Tests\Unit\Playground\Stub\Console\Commands\SeederMakeCommand\CommandTest" classname="Tests.Unit.Playground.Stub.Console.Commands.SeederMakeCommand.CommandTest" assertions="1" time="0.030853"/>
      </testsuite>
      <testsuite name="Tests\Unit\Playground\Stub\Console\Commands\TestMakeCommand\CommandTest" file="/app/tests/Unit/Console/Commands/TestMakeCommand/CommandTest.php" tests="1" assertions="1" errors="0" failures="0" skipped="0" time="0.030179">
        <testcase name="test_command_displays_help" file="/app/tests/Unit/Console/Commands/TestMakeCommand/CommandTest.php" line="19" class="Tests\Unit\Playground\Stub\Console\Commands\TestMakeCommand\CommandTest" classname="Tests.Unit.Playground.Stub.Console.Commands.TestMakeCommand.CommandTest" assertions="1" time="0.030179"/>
      </testsuite>
    </testsuite>
    <testsuite name="Feature" tests="14" assertions="15" errors="0" failures="0" skipped="0" time="1.013204">
      <testsuite name="Tests\Feature\Playground\Stub\Console\Commands\About\CommandTest" file="/app/tests/Feature/Console/Commands/About/CommandTest.php" tests="1" assertions="2" errors="0" failures="0" skipped="0" time="0.109759">
        <testcase name="test_command_about_displays_package_information_and_succeed_with_code_0" file="/app/tests/Feature/Console/Commands/About/CommandTest.php" line="28" class="Tests\Feature\Playground\Stub\Console\Commands\About\CommandTest" classname="Tests.Feature.Playground.Stub.Console.Commands.About.CommandTest" assertions="2" time="0.109759"/>
      </testsuite>
      <testsuite name="Tests\Feature\Playground\Stub\Console\Commands\ModelMakeCommand\CommandTest" file="/app/tests/Feature/Console/Commands/ModelMakeCommand/CommandTest.php" tests="1" assertions="1" errors="0" failures="0" skipped="0" time="0.072680">
        <testcase name="test_command_skeleton" file="/app/tests/Feature/Console/Commands/ModelMakeCommand/CommandTest.php" line="19" class="Tests\Feature\Playground\Stub\Console\Commands\ModelMakeCommand\CommandTest" classname="Tests.Feature.Playground.Stub.Console.Commands.ModelMakeCommand.CommandTest" assertions="1" time="0.072680"/>
      </testsuite>
      <testsuite name="Tests\Feature\Playground\Stub\Console\Commands\ModelMakeCommand\ConfigurationTest" file="/app/tests/Feature/Console/Commands/ModelMakeCommand/ConfigurationTest.php" tests="1" assertions="1" errors="0" failures="0" skipped="0" time="0.124777">
        <testcase name="test_command_with_file_skeleton_and_force" file="/app/tests/Feature/Console/Commands/ModelMakeCommand/ConfigurationTest.php" line="20" class="Tests\Feature\Playground\Stub\Console\Commands\ModelMakeCommand\ConfigurationTest" classname="Tests.Feature.Playground.Stub.Console.Commands.ModelMakeCommand.ConfigurationTest" assertions="1" time="0.124777"/>
      </testsuite>
      <testsuite name="Tests\Feature\Playground\Stub\Console\Commands\ModelMakeCommand\ModelTest" file="/app/tests/Feature/Console/Commands/ModelMakeCommand/ModelTest.php" tests="5" assertions="5" errors="0" failures="0" skipped="0" time="0.522357">
        <testcase name="test_command_make_model_with_force" file="/app/tests/Feature/Console/Commands/ModelMakeCommand/ModelTest.php" line="19" class="Tests\Feature\Playground\Stub\Console\Commands\ModelMakeCommand\ModelTest" classname="Tests.Feature.Playground.Stub.Console.Commands.ModelMakeCommand.ModelTest" assertions="1" time="0.068489"/>
        <testcase name="test_command_make_playground_model_api_with_force" file="/app/tests/Feature/Console/Commands/ModelMakeCommand/ModelTest.php" line="33" class="Tests\Feature\Playground\Stub\Console\Commands\ModelMakeCommand\ModelTest" classname="Tests.Feature.Playground.Stub.Console.Commands.ModelMakeCommand.ModelTest" assertions="1" time="0.068210"/>
        <testcase name="test_command_make_playground_model_resource_with_force" file="/app/tests/Feature/Console/Commands/ModelMakeCommand/ModelTest.php" line="47" class="Tests\Feature\Playground\Stub\Console\Commands\ModelMakeCommand\ModelTest" classname="Tests.Feature.Playground.Stub.Console.Commands.ModelMakeCommand.ModelTest" assertions="1" time="0.068595"/>
        <testcase name="test_command_make_all_playground_model_api_with_force" file="/app/tests/Feature/Console/Commands/ModelMakeCommand/ModelTest.php" line="61" class="Tests\Feature\Playground\Stub\Console\Commands\ModelMakeCommand\ModelTest" classname="Tests.Feature.Playground.Stub.Console.Commands.ModelMakeCommand.ModelTest" assertions="1" time="0.162120"/>
        <testcase name="test_command_make_all_playground_model_resource_with_force" file="/app/tests/Feature/Console/Commands/ModelMakeCommand/ModelTest.php" line="75" class="Tests\Feature\Playground\Stub\Console\Commands\ModelMakeCommand\ModelTest" classname="Tests.Feature.Playground.Stub.Console.Commands.ModelMakeCommand.ModelTest" assertions="1" time="0.154944"/>
      </testsuite>
      <testsuite name="Tests\Feature\Playground\Stub\Console\Commands\SeederMakeCommand\CommandTest" file="/app/tests/Feature/Console/Commands/SeederMakeCommand/CommandTest.php" tests="1" assertions="1" errors="0" failures="0" skipped="0" time="0.031145">
        <testcase name="test_command_skeleton" file="/app/tests/Feature/Console/Commands/SeederMakeCommand/CommandTest.php" line="19" class="Tests\Feature\Playground\Stub\Console\Commands\SeederMakeCommand\CommandTest" classname="Tests.Feature.Playground.Stub.Console.Commands.SeederMakeCommand.CommandTest" assertions="1" time="0.031145"/>
      </testsuite>
      <testsuite name="Tests\Feature\Playground\Stub\Console\Commands\TestMakeCommand\CommandTest" file="/app/tests/Feature/Console/Commands/TestMakeCommand/CommandTest.php" tests="1" assertions="1" errors="0" failures="0" skipped="0" time="0.029916">
        <testcase name="test_command_skeleton" file="/app/tests/Feature/Console/Commands/TestMakeCommand/CommandTest.php" line="19" class="Tests\Feature\Playground\Stub\Console\Commands\TestMakeCommand\CommandTest" classname="Tests.Feature.Playground.Stub.Console.Commands.TestMakeCommand.CommandTest" assertions="1" time="0.029916"/>
      </testsuite>
      <testsuite name="Tests\Feature\Playground\Stub\Console\Commands\TestMakeCommand\ModelTest" file="/app/tests/Feature/Console/Commands/TestMakeCommand/ModelTest.php" tests="4" assertions="4" errors="0" failures="0" skipped="0" time="0.122569">
        <testcase name="test_command_make_test_with_force_and_without_skeleton" file="/app/tests/Feature/Console/Commands/TestMakeCommand/ModelTest.php" line="19" class="Tests\Feature\Playground\Stub\Console\Commands\TestMakeCommand\ModelTest" classname="Tests.Feature.Playground.Stub.Console.Commands.TestMakeCommand.ModelTest" assertions="1" time="0.030709"/>
        <testcase name="test_command_make_test_with_force_and_with_skeleton" file="/app/tests/Feature/Console/Commands/TestMakeCommand/ModelTest.php" line="33" class="Tests\Feature\Playground\Stub\Console\Commands\TestMakeCommand\ModelTest" classname="Tests.Feature.Playground.Stub.Console.Commands.TestMakeCommand.ModelTest" assertions="1" time="0.030553"/>
        <testcase name="test_command_make_playground_model_api_with_force" file="/app/tests/Feature/Console/Commands/TestMakeCommand/ModelTest.php" line="47" class="Tests\Feature\Playground\Stub\Console\Commands\TestMakeCommand\ModelTest" classname="Tests.Feature.Playground.Stub.Console.Commands.TestMakeCommand.ModelTest" assertions="1" time="0.030625"/>
        <testcase name="test_command_make_playground_model_resource_with_force" file="/app/tests/Feature/Console/Commands/TestMakeCommand/ModelTest.php" line="61" class="Tests\Feature\Playground\Stub\Console\Commands\TestMakeCommand\ModelTest" classname="Tests.Feature.Playground.Stub.Console.Commands.TestMakeCommand.ModelTest" assertions="1" time="0.030682"/>
      </testsuite>
    </testsuite>
  </testsuite>
</testsuites>
