<?xml version="1.0" encoding="UTF-8"?>
<testsuites>
  <testsuite name="/app/phpunit.xml.dist" tests="169" assertions="513" errors="0" failures="0" skipped="0" time="7.033249">
    <testsuite name="Unit" tests="118" assertions="460" errors="0" failures="0" skipped="0" time="4.267330">
      <testsuite name="Tests\Unit\Playground\Stub\Configuration\Configuration\AddClassFileToTest" file="/app/tests/Unit/Configuration/Configuration/AddClassFileToTest.php" tests="4" assertions="12" errors="0" failures="0" skipped="0" time="0.417026">
        <testcase name="test_addClassFileTo_without_property" file="/app/tests/Unit/Configuration/Configuration/AddClassFileToTest.php" line="23" class="Tests\Unit\Playground\Stub\Configuration\Configuration\AddClassFileToTest" classname="Tests.Unit.Playground.Stub.Configuration.Configuration.AddClassFileToTest" assertions="3" time="0.344055"/>
        <testcase name="test_addClassFileTo_without_file" file="/app/tests/Unit/Configuration/Configuration/AddClassFileToTest.php" line="43" class="Tests\Unit\Playground\Stub\Configuration\Configuration\AddClassFileToTest" classname="Tests.Unit.Playground.Stub.Configuration.Configuration.AddClassFileToTest" assertions="3" time="0.025800"/>
        <testcase name="test_addClassFileTo_with_missing_property" file="/app/tests/Unit/Configuration/Configuration/AddClassFileToTest.php" line="63" class="Tests\Unit\Playground\Stub\Configuration\Configuration\AddClassFileToTest" classname="Tests.Unit.Playground.Stub.Configuration.Configuration.AddClassFileToTest" assertions="3" time="0.023433"/>
        <testcase name="test_addClassFileTo_with_valid_parameters_and_succeed" file="/app/tests/Unit/Configuration/Configuration/AddClassFileToTest.php" line="83" class="Tests\Unit\Playground\Stub\Configuration\Configuration\AddClassFileToTest" classname="Tests.Unit.Playground.Stub.Configuration.Configuration.AddClassFileToTest" assertions="3" time="0.023738"/>
      </testsuite>
      <testsuite name="Tests\Unit\Playground\Stub\Configuration\Configuration\AddClassToTest" file="/app/tests/Unit/Configuration/Configuration/AddClassToTest.php" tests="4" assertions="12" errors="0" failures="0" skipped="0" time="0.103633">
        <testcase name="test_addClassTo_without_property" file="/app/tests/Unit/Configuration/Configuration/AddClassToTest.php" line="23" class="Tests\Unit\Playground\Stub\Configuration\Configuration\AddClassToTest" classname="Tests.Unit.Playground.Stub.Configuration.Configuration.AddClassToTest" assertions="3" time="0.033218"/>
        <testcase name="test_addClassTo_without_fqdn" file="/app/tests/Unit/Configuration/Configuration/AddClassToTest.php" line="43" class="Tests\Unit\Playground\Stub\Configuration\Configuration\AddClassToTest" classname="Tests.Unit.Playground.Stub.Configuration.Configuration.AddClassToTest" assertions="3" time="0.023477"/>
        <testcase name="test_addClassTo_with_missing_property" file="/app/tests/Unit/Configuration/Configuration/AddClassToTest.php" line="62" class="Tests\Unit\Playground\Stub\Configuration\Configuration\AddClassToTest" classname="Tests.Unit.Playground.Stub.Configuration.Configuration.AddClassToTest" assertions="3" time="0.023572"/>
        <testcase name="test_addClassTo_with_valid_parameters_and_succeed" file="/app/tests/Unit/Configuration/Configuration/AddClassToTest.php" line="82" class="Tests\Unit\Playground\Stub\Configuration\Configuration\AddClassToTest" classname="Tests.Unit.Playground.Stub.Configuration.Configuration.AddClassToTest" assertions="3" time="0.023367"/>
      </testsuite>
      <testsuite name="Tests\Unit\Playground\Stub\Configuration\Configuration\AddMappedClassToTest" file="/app/tests/Unit/Configuration/Configuration/AddMappedClassToTest.php" tests="5" assertions="15" errors="0" failures="0" skipped="0" time="0.121488">
        <testcase name="test_addMappedClassTo_without_property" file="/app/tests/Unit/Configuration/Configuration/AddMappedClassToTest.php" line="23" class="Tests\Unit\Playground\Stub\Configuration\Configuration\AddMappedClassToTest" classname="Tests.Unit.Playground.Stub.Configuration.Configuration.AddMappedClassToTest" assertions="3" time="0.024101"/>
        <testcase name="test_addMappedClassTo_without_key" file="/app/tests/Unit/Configuration/Configuration/AddMappedClassToTest.php" line="45" class="Tests\Unit\Playground\Stub\Configuration\Configuration\AddMappedClassToTest" classname="Tests.Unit.Playground.Stub.Configuration.Configuration.AddMappedClassToTest" assertions="3" time="0.023354"/>
        <testcase name="test_addMappedClassTo_without_value" file="/app/tests/Unit/Configuration/Configuration/AddMappedClassToTest.php" line="67" class="Tests\Unit\Playground\Stub\Configuration\Configuration\AddMappedClassToTest" classname="Tests.Unit.Playground.Stub.Configuration.Configuration.AddMappedClassToTest" assertions="3" time="0.023680"/>
        <testcase name="test_addMappedClassTo_with_missing_property" file="/app/tests/Unit/Configuration/Configuration/AddMappedClassToTest.php" line="89" class="Tests\Unit\Playground\Stub\Configuration\Configuration\AddMappedClassToTest" classname="Tests.Unit.Playground.Stub.Configuration.Configuration.AddMappedClassToTest" assertions="3" time="0.026592"/>
        <testcase name="test_addMappedClassTo_with_valid_parameters_and_succeed" file="/app/tests/Unit/Configuration/Configuration/AddMappedClassToTest.php" line="111" class="Tests\Unit\Playground\Stub\Configuration\Configuration\AddMappedClassToTest" classname="Tests.Unit.Playground.Stub.Configuration.Configuration.AddMappedClassToTest" assertions="3" time="0.023761"/>
      </testsuite>
      <testsuite name="Tests\Unit\Playground\Stub\Configuration\Configuration\AddToUseTest" file="/app/tests/Unit/Configuration/Configuration/AddToUseTest.php" tests="3" assertions="9" errors="0" failures="0" skipped="0" time="0.068672">
        <testcase name="test_addToUse_without_class" file="/app/tests/Unit/Configuration/Configuration/AddToUseTest.php" line="23" class="Tests\Unit\Playground\Stub\Configuration\Configuration\AddToUseTest" classname="Tests.Unit.Playground.Stub.Configuration.Configuration.AddToUseTest" assertions="3" time="0.023113"/>
        <testcase name="test_addToUse_without_key_and_succeed" file="/app/tests/Unit/Configuration/Configuration/AddToUseTest.php" line="43" class="Tests\Unit\Playground\Stub\Configuration\Configuration\AddToUseTest" classname="Tests.Unit.Playground.Stub.Configuration.Configuration.AddToUseTest" assertions="3" time="0.022934"/>
        <testcase name="test_addToUse_with_key_and_succeed" file="/app/tests/Unit/Configuration/Configuration/AddToUseTest.php" line="58" class="Tests\Unit\Playground\Stub\Configuration\Configuration\AddToUseTest" classname="Tests.Unit.Playground.Stub.Configuration.Configuration.AddToUseTest" assertions="3" time="0.022625"/>
      </testsuite>
      <testsuite name="Tests\Unit\Playground\Stub\Configuration\Configuration\InstanceTest" file="/app/tests/Unit/Configuration/Configuration/InstanceTest.php" tests="5" assertions="15" errors="0" failures="0" skipped="0" time="0.112841">
        <testcase name="test_instance" file="/app/tests/Unit/Configuration/Configuration/InstanceTest.php" line="21" class="Tests\Unit\Playground\Stub\Configuration\Configuration\InstanceTest" classname="Tests.Unit.Playground.Stub.Configuration.Configuration.InstanceTest" assertions="1" time="0.021545"/>
        <testcase name="test_instance_apply_without_options" file="/app/tests/Unit/Configuration/Configuration/InstanceTest.php" line="48" class="Tests\Unit\Playground\Stub\Configuration\Configuration\InstanceTest" classname="Tests.Unit.Playground.Stub.Configuration.Configuration.InstanceTest" assertions="4" time="0.021870"/>
        <testcase name="test_folder_is_empty_by_default" file="/app/tests/Unit/Configuration/Configuration/InstanceTest.php" line="65" class="Tests\Unit\Playground\Stub\Configuration\Configuration\InstanceTest" classname="Tests.Unit.Playground.Stub.Configuration.Configuration.InstanceTest" assertions="3" time="0.021917"/>
        <testcase name="test_folder_with_empty_setFolder" file="/app/tests/Unit/Configuration/Configuration/InstanceTest.php" line="75" class="Tests\Unit\Playground\Stub\Configuration\Configuration\InstanceTest" classname="Tests.Unit.Playground.Stub.Configuration.Configuration.InstanceTest" assertions="3" time="0.021986"/>
        <testcase name="test_folder_with_path_for_setFolder" file="/app/tests/Unit/Configuration/Configuration/InstanceTest.php" line="85" class="Tests\Unit\Playground\Stub\Configuration\Configuration\InstanceTest" classname="Tests.Unit.Playground.Stub.Configuration.Configuration.InstanceTest" assertions="4" time="0.025523"/>
      </testsuite>
      <testsuite name="Tests\Unit\Playground\Stub\Configuration\Configuration\PropertiesTest" file="/app/tests/Unit/Configuration/Configuration/PropertiesTest.php" tests="3" assertions="40" errors="0" failures="0" skipped="0" time="0.071289">
        <testcase name="test_properties" file="/app/tests/Unit/Configuration/Configuration/PropertiesTest.php" line="39" class="Tests\Unit\Playground\Stub\Configuration\Configuration\PropertiesTest" classname="Tests.Unit.Playground.Stub.Configuration.Configuration.PropertiesTest" assertions="5" time="0.022886"/>
        <testcase name="test_properties_with_all_options_without_apply" file="/app/tests/Unit/Configuration/Configuration/PropertiesTest.php" line="58" class="Tests\Unit\Playground\Stub\Configuration\Configuration\PropertiesTest" classname="Tests.Unit.Playground.Stub.Configuration.Configuration.PropertiesTest" assertions="17" time="0.022916"/>
        <testcase name="test_properties_with_all_options_with_apply" file="/app/tests/Unit/Configuration/Configuration/PropertiesTest.php" line="107" class="Tests\Unit\Playground\Stub\Configuration\Configuration\PropertiesTest" classname="Tests.Unit.Playground.Stub.Configuration.Configuration.PropertiesTest" assertions="18" time="0.025486"/>
      </testsuite>
      <testsuite name="Tests\Unit\Playground\Stub\Configuration\Configuration\SkeletonTest" file="/app/tests/Unit/Configuration/Configuration/SkeletonTest.php" tests="7" assertions="10" errors="0" failures="0" skipped="0" time="0.160091">
        <testcase name="test_skeleton" file="/app/tests/Unit/Configuration/Configuration/SkeletonTest.php" line="19" class="Tests\Unit\Playground\Stub\Configuration\Configuration\SkeletonTest" classname="Tests.Unit.Playground.Stub.Configuration.Configuration.SkeletonTest" assertions="2" time="0.022157"/>
        <testcase name="test_skeleton_withSkeleton" file="/app/tests/Unit/Configuration/Configuration/SkeletonTest.php" line="28" class="Tests\Unit\Playground\Stub\Configuration\Configuration\SkeletonTest" classname="Tests.Unit.Playground.Stub.Configuration.Configuration.SkeletonTest" assertions="2" time="0.021859"/>
        <testcase name="test_skeleton_option_as_false" file="/app/tests/Unit/Configuration/Configuration/SkeletonTest.php" line="39" class="Tests\Unit\Playground\Stub\Configuration\Configuration\SkeletonTest" classname="Tests.Unit.Playground.Stub.Configuration.Configuration.SkeletonTest" assertions="1" time="0.024241"/>
        <testcase name="test_skeleton_option_as_true" file="/app/tests/Unit/Configuration/Configuration/SkeletonTest.php" line="50" class="Tests\Unit\Playground\Stub\Configuration\Configuration\SkeletonTest" classname="Tests.Unit.Playground.Stub.Configuration.Configuration.SkeletonTest" assertions="1" time="0.022448"/>
        <testcase name="test_skeleton_parameter_as_true" file="/app/tests/Unit/Configuration/Configuration/SkeletonTest.php" line="61" class="Tests\Unit\Playground\Stub\Configuration\Configuration\SkeletonTest" classname="Tests.Unit.Playground.Stub.Configuration.Configuration.SkeletonTest" assertions="1" time="0.022807"/>
        <testcase name="test_skeleton_parameter_as_false_overrules_option" file="/app/tests/Unit/Configuration/Configuration/SkeletonTest.php" line="70" class="Tests\Unit\Playground\Stub\Configuration\Configuration\SkeletonTest" classname="Tests.Unit.Playground.Stub.Configuration.Configuration.SkeletonTest" assertions="1" time="0.022969"/>
        <testcase name="test_skeleton_parameter_as_true_overrules_option" file="/app/tests/Unit/Configuration/Configuration/SkeletonTest.php" line="81" class="Tests\Unit\Playground\Stub\Configuration\Configuration\SkeletonTest" classname="Tests.Unit.Playground.Stub.Configuration.Configuration.SkeletonTest" assertions="2" time="0.023612"/>
      </testsuite>
      <testsuite name="Tests\Unit\Playground\Stub\Configuration\Factory\InstanceTest" file="/app/tests/Unit/Configuration/Factory/InstanceTest.php" tests="4" assertions="21" errors="0" failures="0" skipped="0" time="0.098684">
        <testcase name="test_instance" file="/app/tests/Unit/Configuration/Factory/InstanceTest.php" line="19" class="Tests\Unit\Playground\Stub\Configuration\Factory\InstanceTest" classname="Tests.Unit.Playground.Stub.Configuration.Factory.InstanceTest" assertions="1" time="0.030497"/>
        <testcase name="test_instance_apply_without_options" file="/app/tests/Unit/Configuration/Factory/InstanceTest.php" line="46" class="Tests\Unit\Playground\Stub\Configuration\Factory\InstanceTest" classname="Tests.Unit.Playground.Stub.Configuration.Factory.InstanceTest" assertions="4" time="0.022935"/>
        <testcase name="test_folder_is_empty_by_default" file="/app/tests/Unit/Configuration/Factory/InstanceTest.php" line="63" class="Tests\Unit\Playground\Stub\Configuration\Factory\InstanceTest" classname="Tests.Unit.Playground.Stub.Configuration.Factory.InstanceTest" assertions="3" time="0.022165"/>
        <testcase name="test_factory_for_model_with_file_and_skeleton" file="/app/tests/Unit/Configuration/Factory/InstanceTest.php" line="73" class="Tests\Unit\Playground\Stub\Configuration\Factory\InstanceTest" classname="Tests.Unit.Playground.Stub.Configuration.Factory.InstanceTest" assertions="13" time="0.023087"/>
      </testsuite>
      <testsuite name="Tests\Unit\Playground\Stub\Configuration\Migration\InstanceTest" file="/app/tests/Unit/Configuration/Migration/InstanceTest.php" tests="4" assertions="22" errors="0" failures="0" skipped="0" time="0.101201">
        <testcase name="test_instance" file="/app/tests/Unit/Configuration/Migration/InstanceTest.php" line="19" class="Tests\Unit\Playground\Stub\Configuration\Migration\InstanceTest" classname="Tests.Unit.Playground.Stub.Configuration.Migration.InstanceTest" assertions="1" time="0.033408"/>
        <testcase name="test_instance_apply_without_options" file="/app/tests/Unit/Configuration/Migration/InstanceTest.php" line="49" class="Tests\Unit\Playground\Stub\Configuration\Migration\InstanceTest" classname="Tests.Unit.Playground.Stub.Configuration.Migration.InstanceTest" assertions="4" time="0.022331"/>
        <testcase name="test_folder_is_empty_by_default" file="/app/tests/Unit/Configuration/Migration/InstanceTest.php" line="66" class="Tests\Unit\Playground\Stub\Configuration\Migration\InstanceTest" classname="Tests.Unit.Playground.Stub.Configuration.Migration.InstanceTest" assertions="3" time="0.022191"/>
        <testcase name="test_migration_for_model_with_file_and_skeleton" file="/app/tests/Unit/Configuration/Migration/InstanceTest.php" line="76" class="Tests\Unit\Playground\Stub\Configuration\Migration\InstanceTest" classname="Tests.Unit.Playground.Stub.Configuration.Migration.InstanceTest" assertions="14" time="0.023271"/>
      </testsuite>
      <testsuite name="Tests\Unit\Playground\Stub\Configuration\Model\AttributesTest" file="/app/tests/Unit/Configuration/Model/AttributesTest.php" tests="6" assertions="19" errors="0" failures="0" skipped="0" time="0.235140">
        <testcase name="test_addModelProperties_with_empty_options" file="/app/tests/Unit/Configuration/Model/AttributesTest.php" line="21" class="Tests\Unit\Playground\Stub\Configuration\Model\AttributesTest" classname="Tests.Unit.Playground.Stub.Configuration.Model.AttributesTest" assertions="4" time="0.114683"/>
        <testcase name="test_addAttribute_with_invalid_column" file="/app/tests/Unit/Configuration/Model/AttributesTest.php" line="36" class="Tests\Unit\Playground\Stub\Configuration\Model\AttributesTest" classname="Tests.Unit.Playground.Stub.Configuration.Model.AttributesTest" assertions="3" time="0.024124"/>
        <testcase name="test_addAttribute_with_invalid_default_value_of_array" file="/app/tests/Unit/Configuration/Model/AttributesTest.php" line="56" class="Tests\Unit\Playground\Stub\Configuration\Model\AttributesTest" classname="Tests.Unit.Playground.Stub.Configuration.Model.AttributesTest" assertions="3" time="0.023505"/>
        <testcase name="test_addCast_with_invalid_column_and_set_empty_string" file="/app/tests/Unit/Configuration/Model/AttributesTest.php" line="74" class="Tests\Unit\Playground\Stub\Configuration\Model\AttributesTest" classname="Tests.Unit.Playground.Stub.Configuration.Model.AttributesTest" assertions="3" time="0.024349"/>
        <testcase name="test_addCast_with_invalid_cast_value_and_treat_as_string" file="/app/tests/Unit/Configuration/Model/AttributesTest.php" line="94" class="Tests\Unit\Playground\Stub\Configuration\Model\AttributesTest" classname="Tests.Unit.Playground.Stub.Configuration.Model.AttributesTest" assertions="3" time="0.023785"/>
        <testcase name="test_addFillable_with_invalid_column" file="/app/tests/Unit/Configuration/Model/AttributesTest.php" line="111" class="Tests\Unit\Playground\Stub\Configuration\Model\AttributesTest" classname="Tests.Unit.Playground.Stub.Configuration.Model.AttributesTest" assertions="3" time="0.024693"/>
      </testsuite>
      <testsuite name="Tests\Unit\Playground\Stub\Configuration\Model\ClassesTest" file="/app/tests/Unit/Configuration/Model/ClassesTest.php" tests="3" assertions="6" errors="0" failures="0" skipped="0" time="0.069740">
        <testcase name="test_addExtends_with_string" file="/app/tests/Unit/Configuration/Model/ClassesTest.php" line="21" class="Tests\Unit\Playground\Stub\Configuration\Model\ClassesTest" classname="Tests.Unit.Playground.Stub.Configuration.Model.ClassesTest" assertions="2" time="0.022439"/>
        <testcase name="test_addImplements_with_string" file="/app/tests/Unit/Configuration/Model/ClassesTest.php" line="36" class="Tests\Unit\Playground\Stub\Configuration\Model\ClassesTest" classname="Tests.Unit.Playground.Stub.Configuration.Model.ClassesTest" assertions="2" time="0.024491"/>
        <testcase name="test_addModels_with_string" file="/app/tests/Unit/Configuration/Model/ClassesTest.php" line="54" class="Tests\Unit\Playground\Stub\Configuration\Model\ClassesTest" classname="Tests.Unit.Playground.Stub.Configuration.Model.ClassesTest" assertions="2" time="0.022811"/>
      </testsuite>
      <testsuite name="Tests\Unit\Playground\Stub\Configuration\Model\CreateColumn\InstanceTest" file="/app/tests/Unit/Configuration/Model/Create/InstanceTest.php" tests="3" assertions="9" errors="0" failures="0" skipped="0" time="0.092147">
        <testcase name="test_instance" file="/app/tests/Unit/Configuration/Model/Create/InstanceTest.php" line="21" class="Tests\Unit\Playground\Stub\Configuration\Model\CreateColumn\InstanceTest" classname="Tests.Unit.Playground.Stub.Configuration.Model.CreateColumn.InstanceTest" assertions="1" time="0.044138"/>
        <testcase name="test_model_with_file_and_skeleton_jsonSerialize" file="/app/tests/Unit/Configuration/Model/Create/InstanceTest.php" line="43" class="Tests\Unit\Playground\Stub\Configuration\Model\CreateColumn\InstanceTest" classname="Tests.Unit.Playground.Stub.Configuration.Model.CreateColumn.InstanceTest" assertions="5" time="0.023078"/>
        <testcase name="test_setOptions_unsupported_primary_and_log_message" file="/app/tests/Unit/Configuration/Model/Create/InstanceTest.php" line="75" class="Tests\Unit\Playground\Stub\Configuration\Model\CreateColumn\InstanceTest" classname="Tests.Unit.Playground.Stub.Configuration.Model.CreateColumn.InstanceTest" assertions="3" time="0.024930"/>
      </testsuite>
      <testsuite name="Tests\Unit\Playground\Stub\Configuration\Model\Create\InstanceTest" file="/app/tests/Unit/Configuration/Model/CreateColumn/InstanceTest.php" tests="12" assertions="33" errors="0" failures="0" skipped="0" time="0.360594">
        <testcase name="test_instance" file="/app/tests/Unit/Configuration/Model/CreateColumn/InstanceTest.php" line="21" class="Tests\Unit\Playground\Stub\Configuration\Model\Create\InstanceTest" classname="Tests.Unit.Playground.Stub.Configuration.Model.Create.InstanceTest" assertions="1" time="0.070024"/>
        <testcase name="test_model_with_file_and_skeleton" file="/app/tests/Unit/Configuration/Model/CreateColumn/InstanceTest.php" line="48" class="Tests\Unit\Playground\Stub\Configuration\Model\Create\InstanceTest" classname="Tests.Unit.Playground.Stub.Configuration.Model.Create.InstanceTest" assertions="2" time="0.048191"/>
        <testcase name="test_setOptions_unsupported_primary_and_ignore" file="/app/tests/Unit/Configuration/Model/CreateColumn/InstanceTest.php" line="73" class="Tests\Unit\Playground\Stub\Configuration\Model\Create\InstanceTest" classname="Tests.Unit.Playground.Stub.Configuration.Model.Create.InstanceTest" assertions="3" time="0.023129"/>
        <testcase name="test_addId_with_empty_column" file="/app/tests/Unit/Configuration/Model/CreateColumn/InstanceTest.php" line="106" class="Tests\Unit\Playground\Stub\Configuration\Model\Create\InstanceTest" classname="Tests.Unit.Playground.Stub.Configuration.Model.Create.InstanceTest" assertions="3" time="0.023551"/>
        <testcase name="test_addUnique_with_empty_column" file="/app/tests/Unit/Configuration/Model/CreateColumn/InstanceTest.php" line="122" class="Tests\Unit\Playground\Stub\Configuration\Model\Create\InstanceTest" classname="Tests.Unit.Playground.Stub.Configuration.Model.Create.InstanceTest" assertions="3" time="0.022847"/>
        <testcase name="test_addDate_with_empty_column" file="/app/tests/Unit/Configuration/Model/CreateColumn/InstanceTest.php" line="138" class="Tests\Unit\Playground\Stub\Configuration\Model\Create\InstanceTest" classname="Tests.Unit.Playground.Stub.Configuration.Model.Create.InstanceTest" assertions="3" time="0.023196"/>
        <testcase name="test_addFlag_with_empty_column" file="/app/tests/Unit/Configuration/Model/CreateColumn/InstanceTest.php" line="154" class="Tests\Unit\Playground\Stub\Configuration\Model\Create\InstanceTest" classname="Tests.Unit.Playground.Stub.Configuration.Model.Create.InstanceTest" assertions="3" time="0.023609"/>
        <testcase name="test_addColumn_with_empty_column" file="/app/tests/Unit/Configuration/Model/CreateColumn/InstanceTest.php" line="170" class="Tests\Unit\Playground\Stub\Configuration\Model\Create\InstanceTest" classname="Tests.Unit.Playground.Stub.Configuration.Model.Create.InstanceTest" assertions="3" time="0.024315"/>
        <testcase name="test_addPermission_with_empty_column" file="/app/tests/Unit/Configuration/Model/CreateColumn/InstanceTest.php" line="186" class="Tests\Unit\Playground\Stub\Configuration\Model\Create\InstanceTest" classname="Tests.Unit.Playground.Stub.Configuration.Model.Create.InstanceTest" assertions="3" time="0.024861"/>
        <testcase name="test_addStatus_with_empty_column" file="/app/tests/Unit/Configuration/Model/CreateColumn/InstanceTest.php" line="202" class="Tests\Unit\Playground\Stub\Configuration\Model\Create\InstanceTest" classname="Tests.Unit.Playground.Stub.Configuration.Model.Create.InstanceTest" assertions="3" time="0.025176"/>
        <testcase name="test_addUi_with_empty_column" file="/app/tests/Unit/Configuration/Model/CreateColumn/InstanceTest.php" line="218" class="Tests\Unit\Playground\Stub\Configuration\Model\Create\InstanceTest" classname="Tests.Unit.Playground.Stub.Configuration.Model.Create.InstanceTest" assertions="3" time="0.026378"/>
        <testcase name="test_addJson_with_empty_column" file="/app/tests/Unit/Configuration/Model/CreateColumn/InstanceTest.php" line="234" class="Tests\Unit\Playground\Stub\Configuration\Model\Create\InstanceTest" classname="Tests.Unit.Playground.Stub.Configuration.Model.Create.InstanceTest" assertions="3" time="0.025318"/>
      </testsuite>
      <testsuite name="Tests\Unit\Playground\Stub\Configuration\Model\Filter\InstanceTest" file="/app/tests/Unit/Configuration/Model/Filter/InstanceTest.php" tests="2" assertions="2" errors="0" failures="0" skipped="0" time="0.105910">
        <testcase name="test_instance" file="/app/tests/Unit/Configuration/Model/Filter/InstanceTest.php" line="19" class="Tests\Unit\Playground\Stub\Configuration\Model\Filter\InstanceTest" classname="Tests.Unit.Playground.Stub.Configuration.Model.Filter.InstanceTest" assertions="1" time="0.036102"/>
        <testcase name="test_instance_apply_without_options" file="/app/tests/Unit/Configuration/Model/Filter/InstanceTest.php" line="26" class="Tests\Unit\Playground\Stub\Configuration\Model\Filter\InstanceTest" classname="Tests.Unit.Playground.Stub.Configuration.Model.Filter.InstanceTest" assertions="1" time="0.069809"/>
      </testsuite>
      <testsuite name="Tests\Unit\Playground\Stub\Configuration\Model\Filters\InstanceTest" file="/app/tests/Unit/Configuration/Model/Filters/InstanceTest.php" tests="13" assertions="38" errors="0" failures="0" skipped="0" time="0.320029">
        <testcase name="test_instance" file="/app/tests/Unit/Configuration/Model/Filters/InstanceTest.php" line="20" class="Tests\Unit\Playground\Stub\Configuration\Model\Filters\InstanceTest" classname="Tests.Unit.Playground.Stub.Configuration.Model.Filters.InstanceTest" assertions="1" time="0.022389"/>
        <testcase name="test_instance_apply_without_options" file="/app/tests/Unit/Configuration/Model/Filters/InstanceTest.php" line="47" class="Tests\Unit\Playground\Stub\Configuration\Model\Filters\InstanceTest" classname="Tests.Unit.Playground.Stub.Configuration.Model.Filters.InstanceTest" assertions="4" time="0.022269"/>
        <testcase name="test_model_with_file_and_skeleton" file="/app/tests/Unit/Configuration/Model/Filters/InstanceTest.php" line="64" class="Tests\Unit\Playground\Stub\Configuration\Model\Filters\InstanceTest" classname="Tests.Unit.Playground.Stub.Configuration.Model.Filters.InstanceTest" assertions="5" time="0.030291"/>
        <testcase name="test_setOptions_with_builder_in_options" file="/app/tests/Unit/Configuration/Model/Filters/InstanceTest.php" line="92" class="Tests\Unit\Playground\Stub\Configuration\Model\Filters\InstanceTest" classname="Tests.Unit.Playground.Stub.Configuration.Model.Filters.InstanceTest" assertions="1" time="0.022962"/>
        <testcase name="test_addId_with_empty_meta" file="/app/tests/Unit/Configuration/Model/Filters/InstanceTest.php" line="101" class="Tests\Unit\Playground\Stub\Configuration\Model\Filters\InstanceTest" classname="Tests.Unit.Playground.Stub.Configuration.Model.Filters.InstanceTest" assertions="3" time="0.023324"/>
        <testcase name="test_addDate_with_empty_meta" file="/app/tests/Unit/Configuration/Model/Filters/InstanceTest.php" line="117" class="Tests\Unit\Playground\Stub\Configuration\Model\Filters\InstanceTest" classname="Tests.Unit.Playground.Stub.Configuration.Model.Filters.InstanceTest" assertions="3" time="0.023769"/>
        <testcase name="test_addFlag_with_empty_meta" file="/app/tests/Unit/Configuration/Model/Filters/InstanceTest.php" line="133" class="Tests\Unit\Playground\Stub\Configuration\Model\Filters\InstanceTest" classname="Tests.Unit.Playground.Stub.Configuration.Model.Filters.InstanceTest" assertions="3" time="0.025662"/>
        <testcase name="test_handleTrash_with_empty_meta" file="/app/tests/Unit/Configuration/Model/Filters/InstanceTest.php" line="149" class="Tests\Unit\Playground\Stub\Configuration\Model\Filters\InstanceTest" classname="Tests.Unit.Playground.Stub.Configuration.Model.Filters.InstanceTest" assertions="3" time="0.024165"/>
        <testcase name="test_addColumn_with_empty_meta" file="/app/tests/Unit/Configuration/Model/Filters/InstanceTest.php" line="162" class="Tests\Unit\Playground\Stub\Configuration\Model\Filters\InstanceTest" classname="Tests.Unit.Playground.Stub.Configuration.Model.Filters.InstanceTest" assertions="3" time="0.024509"/>
        <testcase name="test_addPermission_with_empty_meta" file="/app/tests/Unit/Configuration/Model/Filters/InstanceTest.php" line="178" class="Tests\Unit\Playground\Stub\Configuration\Model\Filters\InstanceTest" classname="Tests.Unit.Playground.Stub.Configuration.Model.Filters.InstanceTest" assertions="3" time="0.024639"/>
        <testcase name="test_addStatus_with_empty_meta" file="/app/tests/Unit/Configuration/Model/Filters/InstanceTest.php" line="194" class="Tests\Unit\Playground\Stub\Configuration\Model\Filters\InstanceTest" classname="Tests.Unit.Playground.Stub.Configuration.Model.Filters.InstanceTest" assertions="3" time="0.025301"/>
        <testcase name="test_addUi_with_empty_meta" file="/app/tests/Unit/Configuration/Model/Filters/InstanceTest.php" line="210" class="Tests\Unit\Playground\Stub\Configuration\Model\Filters\InstanceTest" classname="Tests.Unit.Playground.Stub.Configuration.Model.Filters.InstanceTest" assertions="3" time="0.025072"/>
        <testcase name="test_addJson_with_empty_meta" file="/app/tests/Unit/Configuration/Model/Filters/InstanceTest.php" line="226" class="Tests\Unit\Playground\Stub\Configuration\Model\Filters\InstanceTest" classname="Tests.Unit.Playground.Stub.Configuration.Model.Filters.InstanceTest" assertions="3" time="0.025678"/>
      </testsuite>
      <testsuite name="Tests\Unit\Playground\Stub\Configuration\Model\InstanceTest" file="/app/tests/Unit/Configuration/Model/InstanceTest.php" tests="4" assertions="28" errors="0" failures="0" skipped="0" time="0.163556">
        <testcase name="test_instance" file="/app/tests/Unit/Configuration/Model/InstanceTest.php" line="36" class="Tests\Unit\Playground\Stub\Configuration\Model\InstanceTest" classname="Tests.Unit.Playground.Stub.Configuration.Model.InstanceTest" assertions="1" time="0.060956"/>
        <testcase name="test_instance_apply_without_options" file="/app/tests/Unit/Configuration/Model/InstanceTest.php" line="95" class="Tests\Unit\Playground\Stub\Configuration\Model\InstanceTest" classname="Tests.Unit.Playground.Stub.Configuration.Model.InstanceTest" assertions="4" time="0.025126"/>
        <testcase name="test_folder_is_empty_by_default" file="/app/tests/Unit/Configuration/Model/InstanceTest.php" line="112" class="Tests\Unit\Playground\Stub\Configuration\Model\InstanceTest" classname="Tests.Unit.Playground.Stub.Configuration.Model.InstanceTest" assertions="3" time="0.024514"/>
        <testcase name="test_model_with_file_and_skeleton" file="/app/tests/Unit/Configuration/Model/InstanceTest.php" line="122" class="Tests\Unit\Playground\Stub\Configuration\Model\InstanceTest" classname="Tests.Unit.Playground.Stub.Configuration.Model.InstanceTest" assertions="20" time="0.052960"/>
      </testsuite>
      <testsuite name="Tests\Unit\Playground\Stub\Configuration\Model\RelationshipsTest" file="/app/tests/Unit/Configuration/Model/RelationshipsTest.php" tests="4" assertions="12" errors="0" failures="0" skipped="0" time="0.099563">
        <testcase name="test_addRelationships_for_HasOne_with_invalid_accessor" file="/app/tests/Unit/Configuration/Model/RelationshipsTest.php" line="21" class="Tests\Unit\Playground\Stub\Configuration\Model\RelationshipsTest" classname="Tests.Unit.Playground.Stub.Configuration.Model.RelationshipsTest" assertions="3" time="0.024562"/>
        <testcase name="test_addRelationships_for_HasMany_with_invalid_accessor" file="/app/tests/Unit/Configuration/Model/RelationshipsTest.php" line="47" class="Tests\Unit\Playground\Stub\Configuration\Model\RelationshipsTest" classname="Tests.Unit.Playground.Stub.Configuration.Model.RelationshipsTest" assertions="3" time="0.024158"/>
        <testcase name="test_addHasOne_without_meta" file="/app/tests/Unit/Configuration/Model/RelationshipsTest.php" line="76" class="Tests\Unit\Playground\Stub\Configuration\Model\RelationshipsTest" classname="Tests.Unit.Playground.Stub.Configuration.Model.RelationshipsTest" assertions="3" time="0.026575"/>
        <testcase name="test_addHasMany_without_meta" file="/app/tests/Unit/Configuration/Model/RelationshipsTest.php" line="91" class="Tests\Unit\Playground\Stub\Configuration\Model\RelationshipsTest" classname="Tests.Unit.Playground.Stub.Configuration.Model.RelationshipsTest" assertions="3" time="0.024268"/>
      </testsuite>
      <testsuite name="Tests\Unit\Playground\Stub\Configuration\Model\ScopesTest" file="/app/tests/Unit/Configuration/Model/ScopesTest.php" tests="4" assertions="15" errors="0" failures="0" skipped="0" time="0.095475">
        <testcase name="test_addScopes_with_sort" file="/app/tests/Unit/Configuration/Model/ScopesTest.php" line="23" class="Tests\Unit\Playground\Stub\Configuration\Model\ScopesTest" classname="Tests.Unit.Playground.Stub.Configuration.Model.ScopesTest" assertions="3" time="0.023560"/>
        <testcase name="test_addScope_with_invalid_scope" file="/app/tests/Unit/Configuration/Model/ScopesTest.php" line="46" class="Tests\Unit\Playground\Stub\Configuration\Model\ScopesTest" classname="Tests.Unit.Playground.Stub.Configuration.Model.ScopesTest" assertions="4" time="0.024078"/>
        <testcase name="test_addScope_for_sort_without_meta" file="/app/tests/Unit/Configuration/Model/ScopesTest.php" line="65" class="Tests\Unit\Playground\Stub\Configuration\Model\ScopesTest" classname="Tests.Unit.Playground.Stub.Configuration.Model.ScopesTest" assertions="3" time="0.023544"/>
        <testcase name="test_addScope_unsupported_scope_and_ignore" file="/app/tests/Unit/Configuration/Model/ScopesTest.php" line="80" class="Tests\Unit\Playground\Stub\Configuration\Model\ScopesTest" classname="Tests.Unit.Playground.Stub.Configuration.Model.ScopesTest" assertions="5" time="0.024293"/>
      </testsuite>
      <testsuite name="Tests\Unit\Playground\Stub\Configuration\Model\SortingTest" file="/app/tests/Unit/Configuration/Model/SortingTest.php" tests="3" assertions="10" errors="0" failures="0" skipped="0" time="0.075245">
        <testcase name="test_addSortable_without_column" file="/app/tests/Unit/Configuration/Model/SortingTest.php" line="21" class="Tests\Unit\Playground\Stub\Configuration\Model\SortingTest" classname="Tests.Unit.Playground.Stub.Configuration.Model.SortingTest" assertions="4" time="0.026609"/>
        <testcase name="test_addSortable_with_index" file="/app/tests/Unit/Configuration/Model/SortingTest.php" line="40" class="Tests\Unit\Playground\Stub\Configuration\Model\SortingTest" classname="Tests.Unit.Playground.Stub.Configuration.Model.SortingTest" assertions="3" time="0.023993"/>
        <testcase name="test_addSortable_without_index" file="/app/tests/Unit/Configuration/Model/SortingTest.php" line="57" class="Tests\Unit\Playground\Stub\Configuration\Model\SortingTest" classname="Tests.Unit.Playground.Stub.Configuration.Model.SortingTest" assertions="3" time="0.024643"/>
      </testsuite>
      <testsuite name="Tests\Unit\Playground\Stub\Configuration\Package\InstanceTest" file="/app/tests/Unit/Configuration/Package/InstanceTest.php" tests="10" assertions="77" errors="0" failures="0" skipped="0" time="0.241308">
        <testcase name="test_instance" file="/app/tests/Unit/Configuration/Package/InstanceTest.php" line="21" class="Tests\Unit\Playground\Stub\Configuration\Package\InstanceTest" classname="Tests.Unit.Playground.Stub.Configuration.Package.InstanceTest" assertions="1" time="0.023109"/>
        <testcase name="test_instance_apply_without_options" file="/app/tests/Unit/Configuration/Package/InstanceTest.php" line="65" class="Tests\Unit\Playground\Stub\Configuration\Package\InstanceTest" classname="Tests.Unit.Playground.Stub.Configuration.Package.InstanceTest" assertions="4" time="0.023603"/>
        <testcase name="test_folder_is_empty_by_default" file="/app/tests/Unit/Configuration/Package/InstanceTest.php" line="82" class="Tests\Unit\Playground\Stub\Configuration\Package\InstanceTest" classname="Tests.Unit.Playground.Stub.Configuration.Package.InstanceTest" assertions="3" time="0.022957"/>
        <testcase name="test_package_for_model_with_file_and_skeleton" file="/app/tests/Unit/Configuration/Package/InstanceTest.php" line="92" class="Tests\Unit\Playground\Stub\Configuration\Package\InstanceTest" classname="Tests.Unit.Playground.Stub.Configuration.Package.InstanceTest" assertions="22" time="0.025700"/>
        <testcase name="test_package_for_api_with_file_and_skeleton" file="/app/tests/Unit/Configuration/Package/InstanceTest.php" line="155" class="Tests\Unit\Playground\Stub\Configuration\Package\InstanceTest" classname="Tests.Unit.Playground.Stub.Configuration.Package.InstanceTest" assertions="22" time="0.024503"/>
        <testcase name="test_addKeyword_with_invalid_keyword_and_log_message" file="/app/tests/Unit/Configuration/Package/InstanceTest.php" line="228" class="Tests\Unit\Playground\Stub\Configuration\Package\InstanceTest" classname="Tests.Unit.Playground.Stub.Configuration.Package.InstanceTest" assertions="5" time="0.024139"/>
        <testcase name="test_addRequire_with_invalid_package_and_log_message" file="/app/tests/Unit/Configuration/Package/InstanceTest.php" line="255" class="Tests\Unit\Playground\Stub\Configuration\Package\InstanceTest" classname="Tests.Unit.Playground.Stub.Configuration.Package.InstanceTest" assertions="5" time="0.023929"/>
        <testcase name="test_addRequire_with_invalid_version_and_log_message" file="/app/tests/Unit/Configuration/Package/InstanceTest.php" line="284" class="Tests\Unit\Playground\Stub\Configuration\Package\InstanceTest" classname="Tests.Unit.Playground.Stub.Configuration.Package.InstanceTest" assertions="5" time="0.024528"/>
        <testcase name="test_addRequireDev_with_invalid_package_and_log_message" file="/app/tests/Unit/Configuration/Package/InstanceTest.php" line="313" class="Tests\Unit\Playground\Stub\Configuration\Package\InstanceTest" classname="Tests.Unit.Playground.Stub.Configuration.Package.InstanceTest" assertions="5" time="0.024288"/>
        <testcase name="test_addRequireDev_with_invalid_version_and_log_message" file="/app/tests/Unit/Configuration/Package/InstanceTest.php" line="342" class="Tests\Unit\Playground\Stub\Configuration\Package\InstanceTest" classname="Tests.Unit.Playground.Stub.Configuration.Package.InstanceTest" assertions="5" time="0.024551"/>
      </testsuite>
      <testsuite name="Tests\Unit\Playground\Stub\Configuration\Policy\InstanceTest" file="/app/tests/Unit/Configuration/Policy/InstanceTest.php" tests="4" assertions="23" errors="0" failures="0" skipped="0" time="0.102186">
        <testcase name="test_instance" file="/app/tests/Unit/Configuration/Policy/InstanceTest.php" line="19" class="Tests\Unit\Playground\Stub\Configuration\Policy\InstanceTest" classname="Tests.Unit.Playground.Stub.Configuration.Policy.InstanceTest" assertions="1" time="0.033114"/>
        <testcase name="test_instance_apply_without_options" file="/app/tests/Unit/Configuration/Policy/InstanceTest.php" line="46" class="Tests\Unit\Playground\Stub\Configuration\Policy\InstanceTest" classname="Tests.Unit.Playground.Stub.Configuration.Policy.InstanceTest" assertions="4" time="0.022561"/>
        <testcase name="test_folder_is_empty_by_default" file="/app/tests/Unit/Configuration/Policy/InstanceTest.php" line="63" class="Tests\Unit\Playground\Stub\Configuration\Policy\InstanceTest" classname="Tests.Unit.Playground.Stub.Configuration.Policy.InstanceTest" assertions="3" time="0.022396"/>
        <testcase name="test_test_with_file_and_skeleton" file="/app/tests/Unit/Configuration/Policy/InstanceTest.php" line="73" class="Tests\Unit\Playground\Stub\Configuration\Policy\InstanceTest" classname="Tests.Unit.Playground.Stub.Configuration.Policy.InstanceTest" assertions="15" time="0.024116"/>
      </testsuite>
      <testsuite name="Tests\Unit\Playground\Stub\Configuration\Test\InstanceTest" file="/app/tests/Unit/Configuration/Test/InstanceTest.php" tests="4" assertions="25" errors="0" failures="0" skipped="0" time="0.092619">
        <testcase name="test_instance" file="/app/tests/Unit/Configuration/Test/InstanceTest.php" line="19" class="Tests\Unit\Playground\Stub\Configuration\Test\InstanceTest" classname="Tests.Unit.Playground.Stub.Configuration.Test.InstanceTest" assertions="1" time="0.022040"/>
        <testcase name="test_instance_apply_without_options" file="/app/tests/Unit/Configuration/Test/InstanceTest.php" line="48" class="Tests\Unit\Playground\Stub\Configuration\Test\InstanceTest" classname="Tests.Unit.Playground.Stub.Configuration.Test.InstanceTest" assertions="4" time="0.022527"/>
        <testcase name="test_folder_is_empty_by_default" file="/app/tests/Unit/Configuration/Test/InstanceTest.php" line="65" class="Tests\Unit\Playground\Stub\Configuration\Test\InstanceTest" classname="Tests.Unit.Playground.Stub.Configuration.Test.InstanceTest" assertions="3" time="0.024558"/>
        <testcase name="test_test_with_file_and_skeleton" file="/app/tests/Unit/Configuration/Test/InstanceTest.php" line="75" class="Tests\Unit\Playground\Stub\Configuration\Test\InstanceTest" classname="Tests.Unit.Playground.Stub.Configuration.Test.InstanceTest" assertions="17" time="0.023495"/>
      </testsuite>
      <testsuite name="Tests\Unit\Playground\Stub\Console\Commands\ControllerMakeCommand\CommandTest" file="/app/tests/Unit/Console/Commands/ControllerMakeCommand/CommandTest.php" tests="1" assertions="1" errors="0" failures="0" skipped="0" time="0.762515">
        <testcase name="test_command_displays_help" file="/app/tests/Unit/Console/Commands/ControllerMakeCommand/CommandTest.php" line="19" class="Tests\Unit\Playground\Stub\Console\Commands\ControllerMakeCommand\CommandTest" classname="Tests.Unit.Playground.Stub.Console.Commands.ControllerMakeCommand.CommandTest" assertions="1" time="0.762515"/>
      </testsuite>
      <testsuite name="Tests\Unit\Playground\Stub\Console\Commands\FactoryMakeCommand\CommandTest" file="/app/tests/Unit/Console/Commands/FactoryMakeCommand/CommandTest.php" tests="1" assertions="1" errors="0" failures="0" skipped="0" time="0.033274">
        <testcase name="test_command_displays_help" file="/app/tests/Unit/Console/Commands/FactoryMakeCommand/CommandTest.php" line="19" class="Tests\Unit\Playground\Stub\Console\Commands\FactoryMakeCommand\CommandTest" classname="Tests.Unit.Playground.Stub.Console.Commands.FactoryMakeCommand.CommandTest" assertions="1" time="0.033274"/>
      </testsuite>
      <testsuite name="Tests\Unit\Playground\Stub\Console\Commands\MigrationMakeCommand\CommandTest" file="/app/tests/Unit/Console/Commands/MigrationMakeCommand/CommandTest.php" tests="1" assertions="1" errors="0" failures="0" skipped="0" time="0.032988">
        <testcase name="test_command_displays_help" file="/app/tests/Unit/Console/Commands/MigrationMakeCommand/CommandTest.php" line="19" class="Tests\Unit\Playground\Stub\Console\Commands\MigrationMakeCommand\CommandTest" classname="Tests.Unit.Playground.Stub.Console.Commands.MigrationMakeCommand.CommandTest" assertions="1" time="0.032988"/>
      </testsuite>
      <testsuite name="Tests\Unit\Playground\Stub\Console\Commands\ModelMakeCommand\CommandTest" file="/app/tests/Unit/Console/Commands/ModelMakeCommand/CommandTest.php" tests="1" assertions="1" errors="0" failures="0" skipped="0" time="0.034396">
        <testcase name="test_command_displays_help" file="/app/tests/Unit/Console/Commands/ModelMakeCommand/CommandTest.php" line="19" class="Tests\Unit\Playground\Stub\Console\Commands\ModelMakeCommand\CommandTest" classname="Tests.Unit.Playground.Stub.Console.Commands.ModelMakeCommand.CommandTest" assertions="1" time="0.034396"/>
      </testsuite>
      <testsuite name="Tests\Unit\Playground\Stub\Console\Commands\PolicyMakeCommand\CommandTest" file="/app/tests/Unit/Console/Commands/PolicyMakeCommand/CommandTest.php" tests="1" assertions="1" errors="0" failures="0" skipped="0" time="0.032587">
        <testcase name="test_command_displays_help" file="/app/tests/Unit/Console/Commands/PolicyMakeCommand/CommandTest.php" line="19" class="Tests\Unit\Playground\Stub\Console\Commands\PolicyMakeCommand\CommandTest" classname="Tests.Unit.Playground.Stub.Console.Commands.PolicyMakeCommand.CommandTest" assertions="1" time="0.032587"/>
      </testsuite>
      <testsuite name="Tests\Unit\Playground\Stub\Console\Commands\SeederMakeCommand\CommandTest" file="/app/tests/Unit/Console/Commands/SeederMakeCommand/CommandTest.php" tests="1" assertions="1" errors="0" failures="0" skipped="0" time="0.031517">
        <testcase name="test_command_displays_help" file="/app/tests/Unit/Console/Commands/SeederMakeCommand/CommandTest.php" line="19" class="Tests\Unit\Playground\Stub\Console\Commands\SeederMakeCommand\CommandTest" classname="Tests.Unit.Playground.Stub.Console.Commands.SeederMakeCommand.CommandTest" assertions="1" time="0.031517"/>
      </testsuite>
      <testsuite name="Tests\Unit\Playground\Stub\Console\Commands\TestMakeCommand\CommandTest" file="/app/tests/Unit/Console/Commands/TestMakeCommand/CommandTest.php" tests="1" assertions="1" errors="0" failures="0" skipped="0" time="0.031616">
        <testcase name="test_command_displays_help" file="/app/tests/Unit/Console/Commands/TestMakeCommand/CommandTest.php" line="19" class="Tests\Unit\Playground\Stub\Console\Commands\TestMakeCommand\CommandTest" classname="Tests.Unit.Playground.Stub.Console.Commands.TestMakeCommand.CommandTest" assertions="1" time="0.031616"/>
      </testsuite>
    </testsuite>
    <testsuite name="Feature" tests="51" assertions="53" errors="0" failures="0" skipped="0" time="2.765919">
      <testsuite name="Tests\Feature\Playground\Stub\Console\Commands\About\CommandTest" file="/app/tests/Feature/Console/Commands/About/CommandTest.php" tests="1" assertions="2" errors="0" failures="0" skipped="0" time="0.116937">
        <testcase name="test_command_about_displays_package_information_and_succeed_with_code_0" file="/app/tests/Feature/Console/Commands/About/CommandTest.php" line="28" class="Tests\Feature\Playground\Stub\Console\Commands\About\CommandTest" classname="Tests.Feature.Playground.Stub.Console.Commands.About.CommandTest" assertions="2" time="0.116937"/>
      </testsuite>
      <testsuite name="Tests\Feature\Playground\Stub\Console\Commands\ControllerMakeCommand\CommandTest" file="/app/tests/Feature/Console/Commands/ControllerMakeCommand/CommandTest.php" tests="2" assertions="2" errors="0" failures="0" skipped="0" time="0.095301">
        <testcase name="test_command_without_options_or_arguments" file="/app/tests/Feature/Console/Commands/ControllerMakeCommand/CommandTest.php" line="24" class="Tests\Feature\Playground\Stub\Console\Commands\ControllerMakeCommand\CommandTest" classname="Tests.Feature.Playground.Stub.Console.Commands.ControllerMakeCommand.CommandTest" assertions="1" time="0.054918"/>
        <testcase name="test_command_skeleton" file="/app/tests/Feature/Console/Commands/ControllerMakeCommand/CommandTest.php" line="33" class="Tests\Feature\Playground\Stub\Console\Commands\ControllerMakeCommand\CommandTest" classname="Tests.Feature.Playground.Stub.Console.Commands.ControllerMakeCommand.CommandTest" assertions="1" time="0.040383"/>
      </testsuite>
      <testsuite name="Tests\Feature\Playground\Stub\Console\Commands\ControllerMakeCommand\ModelTest" file="/app/tests/Feature/Console/Commands/ControllerMakeCommand/ModelTest.php" tests="2" assertions="2" errors="0" failures="0" skipped="0" time="0.074091">
        <testcase name="test_command_make_controller_with_force_and_without_skeleton" file="/app/tests/Feature/Console/Commands/ControllerMakeCommand/ModelTest.php" line="23" class="Tests\Feature\Playground\Stub\Console\Commands\ControllerMakeCommand\ModelTest" classname="Tests.Feature.Playground.Stub.Console.Commands.ControllerMakeCommand.ModelTest" assertions="1" time="0.033718"/>
        <testcase name="test_command_make_controller_with_force_and_with_skeleton" file="/app/tests/Feature/Console/Commands/ControllerMakeCommand/ModelTest.php" line="37" class="Tests\Feature\Playground\Stub\Console\Commands\ControllerMakeCommand\ModelTest" classname="Tests.Feature.Playground.Stub.Console.Commands.ControllerMakeCommand.ModelTest" assertions="1" time="0.040373"/>
      </testsuite>
      <testsuite name="Tests\Feature\Playground\Stub\Console\Commands\FactoryMakeCommand\CommandTest" file="/app/tests/Feature/Console/Commands/FactoryMakeCommand/CommandTest.php" tests="2" assertions="2" errors="0" failures="0" skipped="0" time="0.058443">
        <testcase name="test_command_without_options_or_arguments" file="/app/tests/Feature/Console/Commands/FactoryMakeCommand/CommandTest.php" line="19" class="Tests\Feature\Playground\Stub\Console\Commands\FactoryMakeCommand\CommandTest" classname="Tests.Feature.Playground.Stub.Console.Commands.FactoryMakeCommand.CommandTest" assertions="1" time="0.027658"/>
        <testcase name="test_command_skeleton" file="/app/tests/Feature/Console/Commands/FactoryMakeCommand/CommandTest.php" line="28" class="Tests\Feature\Playground\Stub\Console\Commands\FactoryMakeCommand\CommandTest" classname="Tests.Feature.Playground.Stub.Console.Commands.FactoryMakeCommand.CommandTest" assertions="1" time="0.030785"/>
      </testsuite>
      <testsuite name="Tests\Feature\Playground\Stub\Console\Commands\FactoryMakeCommand\ModelTest" file="/app/tests/Feature/Console/Commands/FactoryMakeCommand/ModelTest.php" tests="2" assertions="2" errors="0" failures="0" skipped="0" time="0.061425">
        <testcase name="test_command_make_factory_with_force_and_without_skeleton" file="/app/tests/Feature/Console/Commands/FactoryMakeCommand/ModelTest.php" line="19" class="Tests\Feature\Playground\Stub\Console\Commands\FactoryMakeCommand\ModelTest" classname="Tests.Feature.Playground.Stub.Console.Commands.FactoryMakeCommand.ModelTest" assertions="1" time="0.030539"/>
        <testcase name="test_command_make_factory_with_force_and_with_skeleton" file="/app/tests/Feature/Console/Commands/FactoryMakeCommand/ModelTest.php" line="33" class="Tests\Feature\Playground\Stub\Console\Commands\FactoryMakeCommand\ModelTest" classname="Tests.Feature.Playground.Stub.Console.Commands.FactoryMakeCommand.ModelTest" assertions="1" time="0.030886"/>
      </testsuite>
      <testsuite name="Tests\Feature\Playground\Stub\Console\Commands\MigrationMakeCommand\CommandTest" file="/app/tests/Feature/Console/Commands/MigrationMakeCommand/CommandTest.php" tests="2" assertions="2" errors="0" failures="0" skipped="0" time="0.060088">
        <testcase name="test_command_without_options_or_arguments" file="/app/tests/Feature/Console/Commands/MigrationMakeCommand/CommandTest.php" line="19" class="Tests\Feature\Playground\Stub\Console\Commands\MigrationMakeCommand\CommandTest" classname="Tests.Feature.Playground.Stub.Console.Commands.MigrationMakeCommand.CommandTest" assertions="1" time="0.028357"/>
        <testcase name="test_command_skeleton" file="/app/tests/Feature/Console/Commands/MigrationMakeCommand/CommandTest.php" line="28" class="Tests\Feature\Playground\Stub\Console\Commands\MigrationMakeCommand\CommandTest" classname="Tests.Feature.Playground.Stub.Console.Commands.MigrationMakeCommand.CommandTest" assertions="1" time="0.031731"/>
      </testsuite>
      <testsuite name="Tests\Feature\Playground\Stub\Console\Commands\MigrationMakeCommand\ModelTest" file="/app/tests/Feature/Console/Commands/MigrationMakeCommand/ModelTest.php" tests="2" assertions="2" errors="0" failures="0" skipped="0" time="0.065386">
        <testcase name="test_command_make_factory_with_force_and_without_skeleton" file="/app/tests/Feature/Console/Commands/MigrationMakeCommand/ModelTest.php" line="19" class="Tests\Feature\Playground\Stub\Console\Commands\MigrationMakeCommand\ModelTest" classname="Tests.Feature.Playground.Stub.Console.Commands.MigrationMakeCommand.ModelTest" assertions="1" time="0.032011"/>
        <testcase name="test_command_make_factory_with_force_and_with_skeleton" file="/app/tests/Feature/Console/Commands/MigrationMakeCommand/ModelTest.php" line="33" class="Tests\Feature\Playground\Stub\Console\Commands\MigrationMakeCommand\ModelTest" classname="Tests.Feature.Playground.Stub.Console.Commands.MigrationMakeCommand.ModelTest" assertions="1" time="0.033375"/>
      </testsuite>
      <testsuite name="Tests\Feature\Playground\Stub\Console\Commands\ModelMakeCommand\CommandTest" file="/app/tests/Feature/Console/Commands/ModelMakeCommand/CommandTest.php" tests="2" assertions="2" errors="0" failures="0" skipped="0" time="0.064831">
        <testcase name="test_command_without_options_or_arguments" file="/app/tests/Feature/Console/Commands/ModelMakeCommand/CommandTest.php" line="23" class="Tests\Feature\Playground\Stub\Console\Commands\ModelMakeCommand\CommandTest" classname="Tests.Feature.Playground.Stub.Console.Commands.ModelMakeCommand.CommandTest" assertions="1" time="0.029818"/>
        <testcase name="test_command_skeleton" file="/app/tests/Feature/Console/Commands/ModelMakeCommand/CommandTest.php" line="32" class="Tests\Feature\Playground\Stub\Console\Commands\ModelMakeCommand\CommandTest" classname="Tests.Feature.Playground.Stub.Console.Commands.ModelMakeCommand.CommandTest" assertions="1" time="0.035013"/>
      </testsuite>
      <testsuite name="Tests\Feature\Playground\Stub\Console\Commands\ModelMakeCommand\ConfigurationTest" file="/app/tests/Feature/Console/Commands/ModelMakeCommand/ConfigurationTest.php" tests="1" assertions="1" errors="0" failures="0" skipped="0" time="0.076028">
        <testcase name="test_command_with_file_skeleton_and_force" file="/app/tests/Feature/Console/Commands/ModelMakeCommand/ConfigurationTest.php" line="24" class="Tests\Feature\Playground\Stub\Console\Commands\ModelMakeCommand\ConfigurationTest" classname="Tests.Feature.Playground.Stub.Console.Commands.ModelMakeCommand.ConfigurationTest" assertions="1" time="0.076028"/>
      </testsuite>
      <testsuite name="Tests\Feature\Playground\Stub\Console\Commands\ModelMakeCommand\ModelTest" file="/app/tests/Feature/Console/Commands/ModelMakeCommand/ModelTest.php" tests="5" assertions="5" errors="0" failures="0" skipped="0" time="0.994777">
        <testcase name="test_command_make_model_with_force" file="/app/tests/Feature/Console/Commands/ModelMakeCommand/ModelTest.php" line="23" class="Tests\Feature\Playground\Stub\Console\Commands\ModelMakeCommand\ModelTest" classname="Tests.Feature.Playground.Stub.Console.Commands.ModelMakeCommand.ModelTest" assertions="1" time="0.074291"/>
        <testcase name="test_command_make_playground_model_api_with_force" file="/app/tests/Feature/Console/Commands/ModelMakeCommand/ModelTest.php" line="37" class="Tests\Feature\Playground\Stub\Console\Commands\ModelMakeCommand\ModelTest" classname="Tests.Feature.Playground.Stub.Console.Commands.ModelMakeCommand.ModelTest" assertions="1" time="0.221090"/>
        <testcase name="test_command_make_playground_model_resource_with_force" file="/app/tests/Feature/Console/Commands/ModelMakeCommand/ModelTest.php" line="51" class="Tests\Feature\Playground\Stub\Console\Commands\ModelMakeCommand\ModelTest" classname="Tests.Feature.Playground.Stub.Console.Commands.ModelMakeCommand.ModelTest" assertions="1" time="0.214236"/>
        <testcase name="test_command_make_all_playground_model_api_with_force" file="/app/tests/Feature/Console/Commands/ModelMakeCommand/ModelTest.php" line="65" class="Tests\Feature\Playground\Stub\Console\Commands\ModelMakeCommand\ModelTest" classname="Tests.Feature.Playground.Stub.Console.Commands.ModelMakeCommand.ModelTest" assertions="1" time="0.244931"/>
        <testcase name="test_command_make_all_playground_model_resource_with_force" file="/app/tests/Feature/Console/Commands/ModelMakeCommand/ModelTest.php" line="79" class="Tests\Feature\Playground\Stub\Console\Commands\ModelMakeCommand\ModelTest" classname="Tests.Feature.Playground.Stub.Console.Commands.ModelMakeCommand.ModelTest" assertions="1" time="0.240228"/>
      </testsuite>
      <testsuite name="Tests\Feature\Playground\Stub\Console\Commands\ModelMakeCommand\OptionsTest" file="/app/tests/Feature/Console/Commands/ModelMakeCommand/OptionsTest.php" tests="10" assertions="10" errors="0" failures="0" skipped="0" time="0.455377">
        <testcase name="test_command_make_model_with_all_of_the_option_flags" file="/app/tests/Feature/Console/Commands/ModelMakeCommand/OptionsTest.php" line="23" class="Tests\Feature\Playground\Stub\Console\Commands\ModelMakeCommand\OptionsTest" classname="Tests.Feature.Playground.Stub.Console.Commands.ModelMakeCommand.OptionsTest" assertions="1" time="0.078538"/>
        <testcase name="test_command_make_model_with_pivot_type" file="/app/tests/Feature/Console/Commands/ModelMakeCommand/OptionsTest.php" line="34" class="Tests\Feature\Playground\Stub\Console\Commands\ModelMakeCommand\OptionsTest" classname="Tests.Feature.Playground.Stub.Console.Commands.ModelMakeCommand.OptionsTest" assertions="1" time="0.041292"/>
        <testcase name="test_command_make_model_with_pivot_option" file="/app/tests/Feature/Console/Commands/ModelMakeCommand/OptionsTest.php" line="45" class="Tests\Feature\Playground\Stub\Console\Commands\ModelMakeCommand\OptionsTest" classname="Tests.Feature.Playground.Stub.Console.Commands.ModelMakeCommand.OptionsTest" assertions="1" time="0.040853"/>
        <testcase name="test_command_make_model_with_morph_pivot_type" file="/app/tests/Feature/Console/Commands/ModelMakeCommand/OptionsTest.php" line="56" class="Tests\Feature\Playground\Stub\Console\Commands\ModelMakeCommand\OptionsTest" classname="Tests.Feature.Playground.Stub.Console.Commands.ModelMakeCommand.OptionsTest" assertions="1" time="0.041845"/>
        <testcase name="test_command_make_model_with_morph_pivot_option" file="/app/tests/Feature/Console/Commands/ModelMakeCommand/OptionsTest.php" line="67" class="Tests\Feature\Playground\Stub\Console\Commands\ModelMakeCommand\OptionsTest" classname="Tests.Feature.Playground.Stub.Console.Commands.ModelMakeCommand.OptionsTest" assertions="1" time="0.042713"/>
        <testcase name="test_command_make_model_with_api_type" file="/app/tests/Feature/Console/Commands/ModelMakeCommand/OptionsTest.php" line="78" class="Tests\Feature\Playground\Stub\Console\Commands\ModelMakeCommand\OptionsTest" classname="Tests.Feature.Playground.Stub.Console.Commands.ModelMakeCommand.OptionsTest" assertions="1" time="0.048875"/>
        <testcase name="test_command_make_model_with_abstract_type" file="/app/tests/Feature/Console/Commands/ModelMakeCommand/OptionsTest.php" line="89" class="Tests\Feature\Playground\Stub\Console\Commands\ModelMakeCommand\OptionsTest" classname="Tests.Feature.Playground.Stub.Console.Commands.ModelMakeCommand.OptionsTest" assertions="1" time="0.036310"/>
        <testcase name="test_command_make_model_with_model_type" file="/app/tests/Feature/Console/Commands/ModelMakeCommand/OptionsTest.php" line="100" class="Tests\Feature\Playground\Stub\Console\Commands\ModelMakeCommand\OptionsTest" classname="Tests.Feature.Playground.Stub.Console.Commands.ModelMakeCommand.OptionsTest" assertions="1" time="0.036690"/>
        <testcase name="test_command_make_model_with_api_controller_option" file="/app/tests/Feature/Console/Commands/ModelMakeCommand/OptionsTest.php" line="111" class="Tests\Feature\Playground\Stub\Console\Commands\ModelMakeCommand\OptionsTest" classname="Tests.Feature.Playground.Stub.Console.Commands.ModelMakeCommand.OptionsTest" assertions="1" time="0.044998"/>
        <testcase name="test_command_make_model_with_resource_controller_option" file="/app/tests/Feature/Console/Commands/ModelMakeCommand/OptionsTest.php" line="122" class="Tests\Feature\Playground\Stub\Console\Commands\ModelMakeCommand\OptionsTest" classname="Tests.Feature.Playground.Stub.Console.Commands.ModelMakeCommand.OptionsTest" assertions="1" time="0.043262"/>
      </testsuite>
      <testsuite name="Tests\Feature\Playground\Stub\Console\Commands\PolicyMakeCommand\CommandTest" file="/app/tests/Feature/Console/Commands/PolicyMakeCommand/CommandTest.php" tests="10" assertions="11" errors="0" failures="0" skipped="0" time="0.321735">
        <testcase name="test_command_without_options_or_arguments" file="/app/tests/Feature/Console/Commands/PolicyMakeCommand/CommandTest.php" line="19" class="Tests\Feature\Playground\Stub\Console\Commands\PolicyMakeCommand\CommandTest" classname="Tests.Feature.Playground.Stub.Console.Commands.PolicyMakeCommand.CommandTest" assertions="1" time="0.035172"/>
        <testcase name="test_command_skeleton" file="/app/tests/Feature/Console/Commands/PolicyMakeCommand/CommandTest.php" line="28" class="Tests\Feature\Playground\Stub\Console\Commands\PolicyMakeCommand\CommandTest" classname="Tests.Feature.Playground.Stub.Console.Commands.PolicyMakeCommand.CommandTest" assertions="1" time="0.032393"/>
        <testcase name="test_command_skeleton_with_roles_action" file="/app/tests/Feature/Console/Commands/PolicyMakeCommand/CommandTest.php" line="37" class="Tests\Feature\Playground\Stub\Console\Commands\PolicyMakeCommand\CommandTest" classname="Tests.Feature.Playground.Stub.Console.Commands.PolicyMakeCommand.CommandTest" assertions="1" time="0.031066"/>
        <testcase name="test_command_skeleton_with_roles_view" file="/app/tests/Feature/Console/Commands/PolicyMakeCommand/CommandTest.php" line="46" class="Tests\Feature\Playground\Stub\Console\Commands\PolicyMakeCommand\CommandTest" classname="Tests.Feature.Playground.Stub.Console.Commands.PolicyMakeCommand.CommandTest" assertions="1" time="0.030677"/>
        <testcase name="test_command_skeleton_with_roles_and_action_view" file="/app/tests/Feature/Console/Commands/PolicyMakeCommand/CommandTest.php" line="55" class="Tests\Feature\Playground\Stub\Console\Commands\PolicyMakeCommand\CommandTest" classname="Tests.Feature.Playground.Stub.Console.Commands.PolicyMakeCommand.CommandTest" assertions="1" time="0.031987"/>
        <testcase name="test_command_userProviderModelGuard_with_invalid_guard" file="/app/tests/Feature/Console/Commands/PolicyMakeCommand/CommandTest.php" line="64" class="Tests\Feature\Playground\Stub\Console\Commands\PolicyMakeCommand\CommandTest" classname="Tests.Feature.Playground.Stub.Console.Commands.PolicyMakeCommand.CommandTest" assertions="2" time="0.029072"/>
        <testcase name="test_command_skeleton_with_type_playground_resource" file="/app/tests/Feature/Console/Commands/PolicyMakeCommand/CommandTest.php" line="78" class="Tests\Feature\Playground\Stub\Console\Commands\PolicyMakeCommand\CommandTest" classname="Tests.Feature.Playground.Stub.Console.Commands.PolicyMakeCommand.CommandTest" assertions="1" time="0.032386"/>
        <testcase name="test_command_skeleton_with_type_playground_api" file="/app/tests/Feature/Console/Commands/PolicyMakeCommand/CommandTest.php" line="87" class="Tests\Feature\Playground\Stub\Console\Commands\PolicyMakeCommand\CommandTest" classname="Tests.Feature.Playground.Stub.Console.Commands.PolicyMakeCommand.CommandTest" assertions="1" time="0.032466"/>
        <testcase name="test_command_skeleton_with_type_api" file="/app/tests/Feature/Console/Commands/PolicyMakeCommand/CommandTest.php" line="96" class="Tests\Feature\Playground\Stub\Console\Commands\PolicyMakeCommand\CommandTest" classname="Tests.Feature.Playground.Stub.Console.Commands.PolicyMakeCommand.CommandTest" assertions="1" time="0.033541"/>
        <testcase name="test_command_skeleton_with_type_resource" file="/app/tests/Feature/Console/Commands/PolicyMakeCommand/CommandTest.php" line="105" class="Tests\Feature\Playground\Stub\Console\Commands\PolicyMakeCommand\CommandTest" classname="Tests.Feature.Playground.Stub.Console.Commands.PolicyMakeCommand.CommandTest" assertions="1" time="0.032975"/>
      </testsuite>
      <testsuite name="Tests\Feature\Playground\Stub\Console\Commands\PolicyMakeCommand\ModelTest" file="/app/tests/Feature/Console/Commands/PolicyMakeCommand/ModelTest.php" tests="2" assertions="2" errors="0" failures="0" skipped="0" time="0.065412">
        <testcase name="test_command_make_factory_with_force_and_without_skeleton" file="/app/tests/Feature/Console/Commands/PolicyMakeCommand/ModelTest.php" line="19" class="Tests\Feature\Playground\Stub\Console\Commands\PolicyMakeCommand\ModelTest" classname="Tests.Feature.Playground.Stub.Console.Commands.PolicyMakeCommand.ModelTest" assertions="1" time="0.032160"/>
        <testcase name="test_command_make_factory_with_force_and_with_skeleton" file="/app/tests/Feature/Console/Commands/PolicyMakeCommand/ModelTest.php" line="33" class="Tests\Feature\Playground\Stub\Console\Commands\PolicyMakeCommand\ModelTest" classname="Tests.Feature.Playground.Stub.Console.Commands.PolicyMakeCommand.ModelTest" assertions="1" time="0.033252"/>
      </testsuite>
      <testsuite name="Tests\Feature\Playground\Stub\Console\Commands\SeederMakeCommand\CommandTest" file="/app/tests/Feature/Console/Commands/SeederMakeCommand/CommandTest.php" tests="2" assertions="2" errors="0" failures="0" skipped="0" time="0.058413">
        <testcase name="test_command_without_options_or_arguments" file="/app/tests/Feature/Console/Commands/SeederMakeCommand/CommandTest.php" line="19" class="Tests\Feature\Playground\Stub\Console\Commands\SeederMakeCommand\CommandTest" classname="Tests.Feature.Playground.Stub.Console.Commands.SeederMakeCommand.CommandTest" assertions="1" time="0.027947"/>
        <testcase name="test_command_skeleton" file="/app/tests/Feature/Console/Commands/SeederMakeCommand/CommandTest.php" line="28" class="Tests\Feature\Playground\Stub\Console\Commands\SeederMakeCommand\CommandTest" classname="Tests.Feature.Playground.Stub.Console.Commands.SeederMakeCommand.CommandTest" assertions="1" time="0.030467"/>
      </testsuite>
      <testsuite name="Tests\Feature\Playground\Stub\Console\Commands\TestMakeCommand\CommandTest" file="/app/tests/Feature/Console/Commands/TestMakeCommand/CommandTest.php" tests="2" assertions="2" errors="0" failures="0" skipped="0" time="0.063083">
        <testcase name="test_command_without_options_or_arguments" file="/app/tests/Feature/Console/Commands/TestMakeCommand/CommandTest.php" line="19" class="Tests\Feature\Playground\Stub\Console\Commands\TestMakeCommand\CommandTest" classname="Tests.Feature.Playground.Stub.Console.Commands.TestMakeCommand.CommandTest" assertions="1" time="0.031139"/>
        <testcase name="test_command_skeleton" file="/app/tests/Feature/Console/Commands/TestMakeCommand/CommandTest.php" line="28" class="Tests\Feature\Playground\Stub\Console\Commands\TestMakeCommand\CommandTest" classname="Tests.Feature.Playground.Stub.Console.Commands.TestMakeCommand.CommandTest" assertions="1" time="0.031944"/>
      </testsuite>
      <testsuite name="Tests\Feature\Playground\Stub\Console\Commands\TestMakeCommand\ModelTest" file="/app/tests/Feature/Console/Commands/TestMakeCommand/ModelTest.php" tests="4" assertions="4" errors="0" failures="0" skipped="0" time="0.134593">
        <testcase name="test_command_make_test_with_force_and_without_skeleton" file="/app/tests/Feature/Console/Commands/TestMakeCommand/ModelTest.php" line="19" class="Tests\Feature\Playground\Stub\Console\Commands\TestMakeCommand\ModelTest" classname="Tests.Feature.Playground.Stub.Console.Commands.TestMakeCommand.ModelTest" assertions="1" time="0.032839"/>
        <testcase name="test_command_make_test_with_force_and_with_skeleton" file="/app/tests/Feature/Console/Commands/TestMakeCommand/ModelTest.php" line="33" class="Tests\Feature\Playground\Stub\Console\Commands\TestMakeCommand\ModelTest" classname="Tests.Feature.Playground.Stub.Console.Commands.TestMakeCommand.ModelTest" assertions="1" time="0.033291"/>
        <testcase name="test_command_make_playground_model_api_with_force" file="/app/tests/Feature/Console/Commands/TestMakeCommand/ModelTest.php" line="47" class="Tests\Feature\Playground\Stub\Console\Commands\TestMakeCommand\ModelTest" classname="Tests.Feature.Playground.Stub.Console.Commands.TestMakeCommand.ModelTest" assertions="1" time="0.033252"/>
        <testcase name="test_command_make_playground_model_resource_with_force" file="/app/tests/Feature/Console/Commands/TestMakeCommand/ModelTest.php" line="61" class="Tests\Feature\Playground\Stub\Console\Commands\TestMakeCommand\ModelTest" classname="Tests.Feature.Playground.Stub.Console.Commands.TestMakeCommand.ModelTest" assertions="1" time="0.035211"/>
      </testsuite>
    </testsuite>
  </testsuite>
</testsuites>
