<?xml version="1.0" encoding="UTF-8"?>
<testsuites>
  <testsuite name="/app/phpunit.xml.dist" tests="128" assertions="471" errors="0" failures="0" skipped="0" time="4.817446">
    <testsuite name="Unit" tests="114" assertions="456" errors="0" failures="0" skipped="0" time="3.819674">
      <testsuite name="Tests\Unit\Playground\Stub\Configuration\Configuration\AddClassFileToTest" file="/app/tests/Unit/Configuration/Configuration/AddClassFileToTest.php" tests="4" assertions="12" errors="0" failures="0" skipped="0" time="0.396398">
        <testcase name="test_addClassFileTo_without_property" file="/app/tests/Unit/Configuration/Configuration/AddClassFileToTest.php" line="23" class="Tests\Unit\Playground\Stub\Configuration\Configuration\AddClassFileToTest" classname="Tests.Unit.Playground.Stub.Configuration.Configuration.AddClassFileToTest" assertions="3" time="0.327532"/>
        <testcase name="test_addClassFileTo_without_file" file="/app/tests/Unit/Configuration/Configuration/AddClassFileToTest.php" line="43" class="Tests\Unit\Playground\Stub\Configuration\Configuration\AddClassFileToTest" classname="Tests.Unit.Playground.Stub.Configuration.Configuration.AddClassFileToTest" assertions="3" time="0.023793"/>
        <testcase name="test_addClassFileTo_with_missing_property" file="/app/tests/Unit/Configuration/Configuration/AddClassFileToTest.php" line="63" class="Tests\Unit\Playground\Stub\Configuration\Configuration\AddClassFileToTest" classname="Tests.Unit.Playground.Stub.Configuration.Configuration.AddClassFileToTest" assertions="3" time="0.022250"/>
        <testcase name="test_addClassFileTo_with_valid_parameters_and_succeed" file="/app/tests/Unit/Configuration/Configuration/AddClassFileToTest.php" line="83" class="Tests\Unit\Playground\Stub\Configuration\Configuration\AddClassFileToTest" classname="Tests.Unit.Playground.Stub.Configuration.Configuration.AddClassFileToTest" assertions="3" time="0.022823"/>
      </testsuite>
      <testsuite name="Tests\Unit\Playground\Stub\Configuration\Configuration\AddClassToTest" file="/app/tests/Unit/Configuration/Configuration/AddClassToTest.php" tests="4" assertions="12" errors="0" failures="0" skipped="0" time="0.101269">
        <testcase name="test_addClassTo_without_property" file="/app/tests/Unit/Configuration/Configuration/AddClassToTest.php" line="23" class="Tests\Unit\Playground\Stub\Configuration\Configuration\AddClassToTest" classname="Tests.Unit.Playground.Stub.Configuration.Configuration.AddClassToTest" assertions="3" time="0.031100"/>
        <testcase name="test_addClassTo_without_fqdn" file="/app/tests/Unit/Configuration/Configuration/AddClassToTest.php" line="43" class="Tests\Unit\Playground\Stub\Configuration\Configuration\AddClassToTest" classname="Tests.Unit.Playground.Stub.Configuration.Configuration.AddClassToTest" assertions="3" time="0.023163"/>
        <testcase name="test_addClassTo_with_missing_property" file="/app/tests/Unit/Configuration/Configuration/AddClassToTest.php" line="62" class="Tests\Unit\Playground\Stub\Configuration\Configuration\AddClassToTest" classname="Tests.Unit.Playground.Stub.Configuration.Configuration.AddClassToTest" assertions="3" time="0.024987"/>
        <testcase name="test_addClassTo_with_valid_parameters_and_succeed" file="/app/tests/Unit/Configuration/Configuration/AddClassToTest.php" line="82" class="Tests\Unit\Playground\Stub\Configuration\Configuration\AddClassToTest" classname="Tests.Unit.Playground.Stub.Configuration.Configuration.AddClassToTest" assertions="3" time="0.022019"/>
      </testsuite>
      <testsuite name="Tests\Unit\Playground\Stub\Configuration\Configuration\AddMappedClassToTest" file="/app/tests/Unit/Configuration/Configuration/AddMappedClassToTest.php" tests="5" assertions="15" errors="0" failures="0" skipped="0" time="0.112384">
        <testcase name="test_addMappedClassTo_without_property" file="/app/tests/Unit/Configuration/Configuration/AddMappedClassToTest.php" line="23" class="Tests\Unit\Playground\Stub\Configuration\Configuration\AddMappedClassToTest" classname="Tests.Unit.Playground.Stub.Configuration.Configuration.AddMappedClassToTest" assertions="3" time="0.021788"/>
        <testcase name="test_addMappedClassTo_without_key" file="/app/tests/Unit/Configuration/Configuration/AddMappedClassToTest.php" line="45" class="Tests\Unit\Playground\Stub\Configuration\Configuration\AddMappedClassToTest" classname="Tests.Unit.Playground.Stub.Configuration.Configuration.AddMappedClassToTest" assertions="3" time="0.022067"/>
        <testcase name="test_addMappedClassTo_without_value" file="/app/tests/Unit/Configuration/Configuration/AddMappedClassToTest.php" line="67" class="Tests\Unit\Playground\Stub\Configuration\Configuration\AddMappedClassToTest" classname="Tests.Unit.Playground.Stub.Configuration.Configuration.AddMappedClassToTest" assertions="3" time="0.022780"/>
        <testcase name="test_addMappedClassTo_with_missing_property" file="/app/tests/Unit/Configuration/Configuration/AddMappedClassToTest.php" line="89" class="Tests\Unit\Playground\Stub\Configuration\Configuration\AddMappedClassToTest" classname="Tests.Unit.Playground.Stub.Configuration.Configuration.AddMappedClassToTest" assertions="3" time="0.022843"/>
        <testcase name="test_addMappedClassTo_with_valid_parameters_and_succeed" file="/app/tests/Unit/Configuration/Configuration/AddMappedClassToTest.php" line="111" class="Tests\Unit\Playground\Stub\Configuration\Configuration\AddMappedClassToTest" classname="Tests.Unit.Playground.Stub.Configuration.Configuration.AddMappedClassToTest" assertions="3" time="0.022907"/>
      </testsuite>
      <testsuite name="Tests\Unit\Playground\Stub\Configuration\Configuration\AddToUseTest" file="/app/tests/Unit/Configuration/Configuration/AddToUseTest.php" tests="3" assertions="9" errors="0" failures="0" skipped="0" time="0.065922">
        <testcase name="test_addToUse_without_class" file="/app/tests/Unit/Configuration/Configuration/AddToUseTest.php" line="23" class="Tests\Unit\Playground\Stub\Configuration\Configuration\AddToUseTest" classname="Tests.Unit.Playground.Stub.Configuration.Configuration.AddToUseTest" assertions="3" time="0.021942"/>
        <testcase name="test_addToUse_without_key_and_succeed" file="/app/tests/Unit/Configuration/Configuration/AddToUseTest.php" line="43" class="Tests\Unit\Playground\Stub\Configuration\Configuration\AddToUseTest" classname="Tests.Unit.Playground.Stub.Configuration.Configuration.AddToUseTest" assertions="3" time="0.021589"/>
        <testcase name="test_addToUse_with_key_and_succeed" file="/app/tests/Unit/Configuration/Configuration/AddToUseTest.php" line="58" class="Tests\Unit\Playground\Stub\Configuration\Configuration\AddToUseTest" classname="Tests.Unit.Playground.Stub.Configuration.Configuration.AddToUseTest" assertions="3" time="0.022391"/>
      </testsuite>
      <testsuite name="Tests\Unit\Playground\Stub\Configuration\Configuration\InstanceTest" file="/app/tests/Unit/Configuration/Configuration/InstanceTest.php" tests="5" assertions="15" errors="0" failures="0" skipped="0" time="0.111104">
        <testcase name="test_instance" file="/app/tests/Unit/Configuration/Configuration/InstanceTest.php" line="21" class="Tests\Unit\Playground\Stub\Configuration\Configuration\InstanceTest" classname="Tests.Unit.Playground.Stub.Configuration.Configuration.InstanceTest" assertions="1" time="0.020874"/>
        <testcase name="test_instance_apply_without_options" file="/app/tests/Unit/Configuration/Configuration/InstanceTest.php" line="48" class="Tests\Unit\Playground\Stub\Configuration\Configuration\InstanceTest" classname="Tests.Unit.Playground.Stub.Configuration.Configuration.InstanceTest" assertions="4" time="0.021897"/>
        <testcase name="test_folder_is_empty_by_default" file="/app/tests/Unit/Configuration/Configuration/InstanceTest.php" line="65" class="Tests\Unit\Playground\Stub\Configuration\Configuration\InstanceTest" classname="Tests.Unit.Playground.Stub.Configuration.Configuration.InstanceTest" assertions="3" time="0.023652"/>
        <testcase name="test_folder_with_empty_setFolder" file="/app/tests/Unit/Configuration/Configuration/InstanceTest.php" line="75" class="Tests\Unit\Playground\Stub\Configuration\Configuration\InstanceTest" classname="Tests.Unit.Playground.Stub.Configuration.Configuration.InstanceTest" assertions="3" time="0.022249"/>
        <testcase name="test_folder_with_path_for_setFolder" file="/app/tests/Unit/Configuration/Configuration/InstanceTest.php" line="85" class="Tests\Unit\Playground\Stub\Configuration\Configuration\InstanceTest" classname="Tests.Unit.Playground.Stub.Configuration.Configuration.InstanceTest" assertions="4" time="0.022432"/>
      </testsuite>
      <testsuite name="Tests\Unit\Playground\Stub\Configuration\Configuration\PropertiesTest" file="/app/tests/Unit/Configuration/Configuration/PropertiesTest.php" tests="3" assertions="40" errors="0" failures="0" skipped="0" time="0.067008">
        <testcase name="test_properties" file="/app/tests/Unit/Configuration/Configuration/PropertiesTest.php" line="39" class="Tests\Unit\Playground\Stub\Configuration\Configuration\PropertiesTest" classname="Tests.Unit.Playground.Stub.Configuration.Configuration.PropertiesTest" assertions="5" time="0.022615"/>
        <testcase name="test_properties_with_all_options_without_apply" file="/app/tests/Unit/Configuration/Configuration/PropertiesTest.php" line="58" class="Tests\Unit\Playground\Stub\Configuration\Configuration\PropertiesTest" classname="Tests.Unit.Playground.Stub.Configuration.Configuration.PropertiesTest" assertions="17" time="0.021659"/>
        <testcase name="test_properties_with_all_options_with_apply" file="/app/tests/Unit/Configuration/Configuration/PropertiesTest.php" line="107" class="Tests\Unit\Playground\Stub\Configuration\Configuration\PropertiesTest" classname="Tests.Unit.Playground.Stub.Configuration.Configuration.PropertiesTest" assertions="18" time="0.022735"/>
      </testsuite>
      <testsuite name="Tests\Unit\Playground\Stub\Configuration\Configuration\SkeletonTest" file="/app/tests/Unit/Configuration/Configuration/SkeletonTest.php" tests="7" assertions="10" errors="0" failures="0" skipped="0" time="0.153713">
        <testcase name="test_skeleton" file="/app/tests/Unit/Configuration/Configuration/SkeletonTest.php" line="19" class="Tests\Unit\Playground\Stub\Configuration\Configuration\SkeletonTest" classname="Tests.Unit.Playground.Stub.Configuration.Configuration.SkeletonTest" assertions="2" time="0.023262"/>
        <testcase name="test_skeleton_withSkeleton" file="/app/tests/Unit/Configuration/Configuration/SkeletonTest.php" line="28" class="Tests\Unit\Playground\Stub\Configuration\Configuration\SkeletonTest" classname="Tests.Unit.Playground.Stub.Configuration.Configuration.SkeletonTest" assertions="2" time="0.021222"/>
        <testcase name="test_skeleton_option_as_false" file="/app/tests/Unit/Configuration/Configuration/SkeletonTest.php" line="39" class="Tests\Unit\Playground\Stub\Configuration\Configuration\SkeletonTest" classname="Tests.Unit.Playground.Stub.Configuration.Configuration.SkeletonTest" assertions="1" time="0.021347"/>
        <testcase name="test_skeleton_option_as_true" file="/app/tests/Unit/Configuration/Configuration/SkeletonTest.php" line="50" class="Tests\Unit\Playground\Stub\Configuration\Configuration\SkeletonTest" classname="Tests.Unit.Playground.Stub.Configuration.Configuration.SkeletonTest" assertions="1" time="0.022039"/>
        <testcase name="test_skeleton_parameter_as_true" file="/app/tests/Unit/Configuration/Configuration/SkeletonTest.php" line="61" class="Tests\Unit\Playground\Stub\Configuration\Configuration\SkeletonTest" classname="Tests.Unit.Playground.Stub.Configuration.Configuration.SkeletonTest" assertions="1" time="0.021847"/>
        <testcase name="test_skeleton_parameter_as_false_overrules_option" file="/app/tests/Unit/Configuration/Configuration/SkeletonTest.php" line="70" class="Tests\Unit\Playground\Stub\Configuration\Configuration\SkeletonTest" classname="Tests.Unit.Playground.Stub.Configuration.Configuration.SkeletonTest" assertions="1" time="0.021870"/>
        <testcase name="test_skeleton_parameter_as_true_overrules_option" file="/app/tests/Unit/Configuration/Configuration/SkeletonTest.php" line="81" class="Tests\Unit\Playground\Stub\Configuration\Configuration\SkeletonTest" classname="Tests.Unit.Playground.Stub.Configuration.Configuration.SkeletonTest" assertions="2" time="0.022127"/>
      </testsuite>
      <testsuite name="Tests\Unit\Playground\Stub\Configuration\Factory\InstanceTest" file="/app/tests/Unit/Configuration/Factory/InstanceTest.php" tests="4" assertions="21" errors="0" failures="0" skipped="0" time="0.095394">
        <testcase name="test_instance" file="/app/tests/Unit/Configuration/Factory/InstanceTest.php" line="19" class="Tests\Unit\Playground\Stub\Configuration\Factory\InstanceTest" classname="Tests.Unit.Playground.Stub.Configuration.Factory.InstanceTest" assertions="1" time="0.029064"/>
        <testcase name="test_instance_apply_without_options" file="/app/tests/Unit/Configuration/Factory/InstanceTest.php" line="46" class="Tests\Unit\Playground\Stub\Configuration\Factory\InstanceTest" classname="Tests.Unit.Playground.Stub.Configuration.Factory.InstanceTest" assertions="4" time="0.021396"/>
        <testcase name="test_folder_is_empty_by_default" file="/app/tests/Unit/Configuration/Factory/InstanceTest.php" line="63" class="Tests\Unit\Playground\Stub\Configuration\Factory\InstanceTest" classname="Tests.Unit.Playground.Stub.Configuration.Factory.InstanceTest" assertions="3" time="0.021210"/>
        <testcase name="test_factory_for_model_with_file_and_skeleton" file="/app/tests/Unit/Configuration/Factory/InstanceTest.php" line="73" class="Tests\Unit\Playground\Stub\Configuration\Factory\InstanceTest" classname="Tests.Unit.Playground.Stub.Configuration.Factory.InstanceTest" assertions="13" time="0.023723"/>
      </testsuite>
      <testsuite name="Tests\Unit\Playground\Stub\Configuration\Migration\InstanceTest" file="/app/tests/Unit/Configuration/Migration/InstanceTest.php" tests="4" assertions="22" errors="0" failures="0" skipped="0" time="0.095767">
        <testcase name="test_instance" file="/app/tests/Unit/Configuration/Migration/InstanceTest.php" line="19" class="Tests\Unit\Playground\Stub\Configuration\Migration\InstanceTest" classname="Tests.Unit.Playground.Stub.Configuration.Migration.InstanceTest" assertions="1" time="0.030746"/>
        <testcase name="test_instance_apply_without_options" file="/app/tests/Unit/Configuration/Migration/InstanceTest.php" line="49" class="Tests\Unit\Playground\Stub\Configuration\Migration\InstanceTest" classname="Tests.Unit.Playground.Stub.Configuration.Migration.InstanceTest" assertions="4" time="0.021466"/>
        <testcase name="test_folder_is_empty_by_default" file="/app/tests/Unit/Configuration/Migration/InstanceTest.php" line="66" class="Tests\Unit\Playground\Stub\Configuration\Migration\InstanceTest" classname="Tests.Unit.Playground.Stub.Configuration.Migration.InstanceTest" assertions="3" time="0.021326"/>
        <testcase name="test_migration_for_model_with_file_and_skeleton" file="/app/tests/Unit/Configuration/Migration/InstanceTest.php" line="76" class="Tests\Unit\Playground\Stub\Configuration\Migration\InstanceTest" classname="Tests.Unit.Playground.Stub.Configuration.Migration.InstanceTest" assertions="14" time="0.022230"/>
      </testsuite>
      <testsuite name="Tests\Unit\Playground\Stub\Configuration\Model\AttributesTest" file="/app/tests/Unit/Configuration/Model/AttributesTest.php" tests="6" assertions="19" errors="0" failures="0" skipped="0" time="0.230997">
        <testcase name="test_addModelProperties_with_empty_options" file="/app/tests/Unit/Configuration/Model/AttributesTest.php" line="21" class="Tests\Unit\Playground\Stub\Configuration\Model\AttributesTest" classname="Tests.Unit.Playground.Stub.Configuration.Model.AttributesTest" assertions="4" time="0.107624"/>
        <testcase name="test_addAttribute_with_invalid_column" file="/app/tests/Unit/Configuration/Model/AttributesTest.php" line="36" class="Tests\Unit\Playground\Stub\Configuration\Model\AttributesTest" classname="Tests.Unit.Playground.Stub.Configuration.Model.AttributesTest" assertions="3" time="0.029190"/>
        <testcase name="test_addAttribute_with_invalid_default_value_of_array" file="/app/tests/Unit/Configuration/Model/AttributesTest.php" line="56" class="Tests\Unit\Playground\Stub\Configuration\Model\AttributesTest" classname="Tests.Unit.Playground.Stub.Configuration.Model.AttributesTest" assertions="3" time="0.022604"/>
        <testcase name="test_addCast_with_invalid_column_and_set_empty_string" file="/app/tests/Unit/Configuration/Model/AttributesTest.php" line="74" class="Tests\Unit\Playground\Stub\Configuration\Model\AttributesTest" classname="Tests.Unit.Playground.Stub.Configuration.Model.AttributesTest" assertions="3" time="0.023110"/>
        <testcase name="test_addCast_with_invalid_cast_value_and_treat_as_string" file="/app/tests/Unit/Configuration/Model/AttributesTest.php" line="94" class="Tests\Unit\Playground\Stub\Configuration\Model\AttributesTest" classname="Tests.Unit.Playground.Stub.Configuration.Model.AttributesTest" assertions="3" time="0.024589"/>
        <testcase name="test_addFillable_with_invalid_column" file="/app/tests/Unit/Configuration/Model/AttributesTest.php" line="111" class="Tests\Unit\Playground\Stub\Configuration\Model\AttributesTest" classname="Tests.Unit.Playground.Stub.Configuration.Model.AttributesTest" assertions="3" time="0.023880"/>
      </testsuite>
      <testsuite name="Tests\Unit\Playground\Stub\Configuration\Model\ClassesTest" file="/app/tests/Unit/Configuration/Model/ClassesTest.php" tests="3" assertions="6" errors="0" failures="0" skipped="0" time="0.066546">
        <testcase name="test_addExtends_with_string" file="/app/tests/Unit/Configuration/Model/ClassesTest.php" line="21" class="Tests\Unit\Playground\Stub\Configuration\Model\ClassesTest" classname="Tests.Unit.Playground.Stub.Configuration.Model.ClassesTest" assertions="2" time="0.021076"/>
        <testcase name="test_addImplements_with_string" file="/app/tests/Unit/Configuration/Model/ClassesTest.php" line="36" class="Tests\Unit\Playground\Stub\Configuration\Model\ClassesTest" classname="Tests.Unit.Playground.Stub.Configuration.Model.ClassesTest" assertions="2" time="0.023801"/>
        <testcase name="test_addModels_with_string" file="/app/tests/Unit/Configuration/Model/ClassesTest.php" line="54" class="Tests\Unit\Playground\Stub\Configuration\Model\ClassesTest" classname="Tests.Unit.Playground.Stub.Configuration.Model.ClassesTest" assertions="2" time="0.021669"/>
      </testsuite>
      <testsuite name="Tests\Unit\Playground\Stub\Configuration\Model\CreateColumn\InstanceTest" file="/app/tests/Unit/Configuration/Model/Create/InstanceTest.php" tests="3" assertions="9" errors="0" failures="0" skipped="0" time="0.091936">
        <testcase name="test_instance" file="/app/tests/Unit/Configuration/Model/Create/InstanceTest.php" line="21" class="Tests\Unit\Playground\Stub\Configuration\Model\CreateColumn\InstanceTest" classname="Tests.Unit.Playground.Stub.Configuration.Model.CreateColumn.InstanceTest" assertions="1" time="0.047035"/>
        <testcase name="test_model_with_file_and_skeleton_jsonSerialize" file="/app/tests/Unit/Configuration/Model/Create/InstanceTest.php" line="43" class="Tests\Unit\Playground\Stub\Configuration\Model\CreateColumn\InstanceTest" classname="Tests.Unit.Playground.Stub.Configuration.Model.CreateColumn.InstanceTest" assertions="5" time="0.021710"/>
        <testcase name="test_setOptions_unsupported_primary_and_log_message" file="/app/tests/Unit/Configuration/Model/Create/InstanceTest.php" line="75" class="Tests\Unit\Playground\Stub\Configuration\Model\CreateColumn\InstanceTest" classname="Tests.Unit.Playground.Stub.Configuration.Model.CreateColumn.InstanceTest" assertions="3" time="0.023191"/>
      </testsuite>
      <testsuite name="Tests\Unit\Playground\Stub\Configuration\Model\Create\InstanceTest" file="/app/tests/Unit/Configuration/Model/CreateColumn/InstanceTest.php" tests="12" assertions="33" errors="0" failures="0" skipped="0" time="0.351510">
        <testcase name="test_instance" file="/app/tests/Unit/Configuration/Model/CreateColumn/InstanceTest.php" line="21" class="Tests\Unit\Playground\Stub\Configuration\Model\Create\InstanceTest" classname="Tests.Unit.Playground.Stub.Configuration.Model.Create.InstanceTest" assertions="1" time="0.070798"/>
        <testcase name="test_model_with_file_and_skeleton" file="/app/tests/Unit/Configuration/Model/CreateColumn/InstanceTest.php" line="48" class="Tests\Unit\Playground\Stub\Configuration\Model\Create\InstanceTest" classname="Tests.Unit.Playground.Stub.Configuration.Model.Create.InstanceTest" assertions="2" time="0.047943"/>
        <testcase name="test_setOptions_unsupported_primary_and_ignore" file="/app/tests/Unit/Configuration/Model/CreateColumn/InstanceTest.php" line="73" class="Tests\Unit\Playground\Stub\Configuration\Model\Create\InstanceTest" classname="Tests.Unit.Playground.Stub.Configuration.Model.Create.InstanceTest" assertions="3" time="0.022976"/>
        <testcase name="test_addId_with_empty_column" file="/app/tests/Unit/Configuration/Model/CreateColumn/InstanceTest.php" line="106" class="Tests\Unit\Playground\Stub\Configuration\Model\Create\InstanceTest" classname="Tests.Unit.Playground.Stub.Configuration.Model.Create.InstanceTest" assertions="3" time="0.022046"/>
        <testcase name="test_addUnique_with_empty_column" file="/app/tests/Unit/Configuration/Model/CreateColumn/InstanceTest.php" line="122" class="Tests\Unit\Playground\Stub\Configuration\Model\Create\InstanceTest" classname="Tests.Unit.Playground.Stub.Configuration.Model.Create.InstanceTest" assertions="3" time="0.023705"/>
        <testcase name="test_addDate_with_empty_column" file="/app/tests/Unit/Configuration/Model/CreateColumn/InstanceTest.php" line="138" class="Tests\Unit\Playground\Stub\Configuration\Model\Create\InstanceTest" classname="Tests.Unit.Playground.Stub.Configuration.Model.Create.InstanceTest" assertions="3" time="0.023066"/>
        <testcase name="test_addFlag_with_empty_column" file="/app/tests/Unit/Configuration/Model/CreateColumn/InstanceTest.php" line="154" class="Tests\Unit\Playground\Stub\Configuration\Model\Create\InstanceTest" classname="Tests.Unit.Playground.Stub.Configuration.Model.Create.InstanceTest" assertions="3" time="0.022632"/>
        <testcase name="test_addColumn_with_empty_column" file="/app/tests/Unit/Configuration/Model/CreateColumn/InstanceTest.php" line="170" class="Tests\Unit\Playground\Stub\Configuration\Model\Create\InstanceTest" classname="Tests.Unit.Playground.Stub.Configuration.Model.Create.InstanceTest" assertions="3" time="0.022493"/>
        <testcase name="test_addPermission_with_empty_column" file="/app/tests/Unit/Configuration/Model/CreateColumn/InstanceTest.php" line="186" class="Tests\Unit\Playground\Stub\Configuration\Model\Create\InstanceTest" classname="Tests.Unit.Playground.Stub.Configuration.Model.Create.InstanceTest" assertions="3" time="0.024240"/>
        <testcase name="test_addStatus_with_empty_column" file="/app/tests/Unit/Configuration/Model/CreateColumn/InstanceTest.php" line="202" class="Tests\Unit\Playground\Stub\Configuration\Model\Create\InstanceTest" classname="Tests.Unit.Playground.Stub.Configuration.Model.Create.InstanceTest" assertions="3" time="0.023275"/>
        <testcase name="test_addUi_with_empty_column" file="/app/tests/Unit/Configuration/Model/CreateColumn/InstanceTest.php" line="218" class="Tests\Unit\Playground\Stub\Configuration\Model\Create\InstanceTest" classname="Tests.Unit.Playground.Stub.Configuration.Model.Create.InstanceTest" assertions="3" time="0.024294"/>
        <testcase name="test_addJson_with_empty_column" file="/app/tests/Unit/Configuration/Model/CreateColumn/InstanceTest.php" line="234" class="Tests\Unit\Playground\Stub\Configuration\Model\Create\InstanceTest" classname="Tests.Unit.Playground.Stub.Configuration.Model.Create.InstanceTest" assertions="3" time="0.024044"/>
      </testsuite>
      <testsuite name="Tests\Unit\Playground\Stub\Configuration\Model\Filter\InstanceTest" file="/app/tests/Unit/Configuration/Model/Filter/InstanceTest.php" tests="2" assertions="2" errors="0" failures="0" skipped="0" time="0.099747">
        <testcase name="test_instance" file="/app/tests/Unit/Configuration/Model/Filter/InstanceTest.php" line="19" class="Tests\Unit\Playground\Stub\Configuration\Model\Filter\InstanceTest" classname="Tests.Unit.Playground.Stub.Configuration.Model.Filter.InstanceTest" assertions="1" time="0.033783"/>
        <testcase name="test_instance_apply_without_options" file="/app/tests/Unit/Configuration/Model/Filter/InstanceTest.php" line="26" class="Tests\Unit\Playground\Stub\Configuration\Model\Filter\InstanceTest" classname="Tests.Unit.Playground.Stub.Configuration.Model.Filter.InstanceTest" assertions="1" time="0.065964"/>
      </testsuite>
      <testsuite name="Tests\Unit\Playground\Stub\Configuration\Model\Filters\InstanceTest" file="/app/tests/Unit/Configuration/Model/Filters/InstanceTest.php" tests="13" assertions="38" errors="0" failures="0" skipped="0" time="0.303518">
        <testcase name="test_instance" file="/app/tests/Unit/Configuration/Model/Filters/InstanceTest.php" line="20" class="Tests\Unit\Playground\Stub\Configuration\Model\Filters\InstanceTest" classname="Tests.Unit.Playground.Stub.Configuration.Model.Filters.InstanceTest" assertions="1" time="0.021616"/>
        <testcase name="test_instance_apply_without_options" file="/app/tests/Unit/Configuration/Model/Filters/InstanceTest.php" line="47" class="Tests\Unit\Playground\Stub\Configuration\Model\Filters\InstanceTest" classname="Tests.Unit.Playground.Stub.Configuration.Model.Filters.InstanceTest" assertions="4" time="0.021358"/>
        <testcase name="test_model_with_file_and_skeleton" file="/app/tests/Unit/Configuration/Model/Filters/InstanceTest.php" line="64" class="Tests\Unit\Playground\Stub\Configuration\Model\Filters\InstanceTest" classname="Tests.Unit.Playground.Stub.Configuration.Model.Filters.InstanceTest" assertions="5" time="0.025505"/>
        <testcase name="test_setOptions_with_builder_in_options" file="/app/tests/Unit/Configuration/Model/Filters/InstanceTest.php" line="92" class="Tests\Unit\Playground\Stub\Configuration\Model\Filters\InstanceTest" classname="Tests.Unit.Playground.Stub.Configuration.Model.Filters.InstanceTest" assertions="1" time="0.021766"/>
        <testcase name="test_addId_with_empty_meta" file="/app/tests/Unit/Configuration/Model/Filters/InstanceTest.php" line="101" class="Tests\Unit\Playground\Stub\Configuration\Model\Filters\InstanceTest" classname="Tests.Unit.Playground.Stub.Configuration.Model.Filters.InstanceTest" assertions="3" time="0.022923"/>
        <testcase name="test_addDate_with_empty_meta" file="/app/tests/Unit/Configuration/Model/Filters/InstanceTest.php" line="117" class="Tests\Unit\Playground\Stub\Configuration\Model\Filters\InstanceTest" classname="Tests.Unit.Playground.Stub.Configuration.Model.Filters.InstanceTest" assertions="3" time="0.023764"/>
        <testcase name="test_addFlag_with_empty_meta" file="/app/tests/Unit/Configuration/Model/Filters/InstanceTest.php" line="133" class="Tests\Unit\Playground\Stub\Configuration\Model\Filters\InstanceTest" classname="Tests.Unit.Playground.Stub.Configuration.Model.Filters.InstanceTest" assertions="3" time="0.023574"/>
        <testcase name="test_handleTrash_with_empty_meta" file="/app/tests/Unit/Configuration/Model/Filters/InstanceTest.php" line="149" class="Tests\Unit\Playground\Stub\Configuration\Model\Filters\InstanceTest" classname="Tests.Unit.Playground.Stub.Configuration.Model.Filters.InstanceTest" assertions="3" time="0.023856"/>
        <testcase name="test_addColumn_with_empty_meta" file="/app/tests/Unit/Configuration/Model/Filters/InstanceTest.php" line="162" class="Tests\Unit\Playground\Stub\Configuration\Model\Filters\InstanceTest" classname="Tests.Unit.Playground.Stub.Configuration.Model.Filters.InstanceTest" assertions="3" time="0.023440"/>
        <testcase name="test_addPermission_with_empty_meta" file="/app/tests/Unit/Configuration/Model/Filters/InstanceTest.php" line="178" class="Tests\Unit\Playground\Stub\Configuration\Model\Filters\InstanceTest" classname="Tests.Unit.Playground.Stub.Configuration.Model.Filters.InstanceTest" assertions="3" time="0.023237"/>
        <testcase name="test_addStatus_with_empty_meta" file="/app/tests/Unit/Configuration/Model/Filters/InstanceTest.php" line="194" class="Tests\Unit\Playground\Stub\Configuration\Model\Filters\InstanceTest" classname="Tests.Unit.Playground.Stub.Configuration.Model.Filters.InstanceTest" assertions="3" time="0.023359"/>
        <testcase name="test_addUi_with_empty_meta" file="/app/tests/Unit/Configuration/Model/Filters/InstanceTest.php" line="210" class="Tests\Unit\Playground\Stub\Configuration\Model\Filters\InstanceTest" classname="Tests.Unit.Playground.Stub.Configuration.Model.Filters.InstanceTest" assertions="3" time="0.025307"/>
        <testcase name="test_addJson_with_empty_meta" file="/app/tests/Unit/Configuration/Model/Filters/InstanceTest.php" line="226" class="Tests\Unit\Playground\Stub\Configuration\Model\Filters\InstanceTest" classname="Tests.Unit.Playground.Stub.Configuration.Model.Filters.InstanceTest" assertions="3" time="0.023814"/>
      </testsuite>
      <testsuite name="Tests\Unit\Playground\Stub\Configuration\Model\InstanceTest" file="/app/tests/Unit/Configuration/Model/InstanceTest.php" tests="4" assertions="28" errors="0" failures="0" skipped="0" time="0.154869">
        <testcase name="test_instance" file="/app/tests/Unit/Configuration/Model/InstanceTest.php" line="36" class="Tests\Unit\Playground\Stub\Configuration\Model\InstanceTest" classname="Tests.Unit.Playground.Stub.Configuration.Model.InstanceTest" assertions="1" time="0.058225"/>
        <testcase name="test_instance_apply_without_options" file="/app/tests/Unit/Configuration/Model/InstanceTest.php" line="93" class="Tests\Unit\Playground\Stub\Configuration\Model\InstanceTest" classname="Tests.Unit.Playground.Stub.Configuration.Model.InstanceTest" assertions="4" time="0.024715"/>
        <testcase name="test_folder_is_empty_by_default" file="/app/tests/Unit/Configuration/Model/InstanceTest.php" line="110" class="Tests\Unit\Playground\Stub\Configuration\Model\InstanceTest" classname="Tests.Unit.Playground.Stub.Configuration.Model.InstanceTest" assertions="3" time="0.022858"/>
        <testcase name="test_model_with_file_and_skeleton" file="/app/tests/Unit/Configuration/Model/InstanceTest.php" line="120" class="Tests\Unit\Playground\Stub\Configuration\Model\InstanceTest" classname="Tests.Unit.Playground.Stub.Configuration.Model.InstanceTest" assertions="20" time="0.049072"/>
      </testsuite>
      <testsuite name="Tests\Unit\Playground\Stub\Configuration\Model\RelationshipsTest" file="/app/tests/Unit/Configuration/Model/RelationshipsTest.php" tests="4" assertions="12" errors="0" failures="0" skipped="0" time="0.089528">
        <testcase name="test_addRelationships_for_HasOne_with_invalid_accessor" file="/app/tests/Unit/Configuration/Model/RelationshipsTest.php" line="21" class="Tests\Unit\Playground\Stub\Configuration\Model\RelationshipsTest" classname="Tests.Unit.Playground.Stub.Configuration.Model.RelationshipsTest" assertions="3" time="0.022150"/>
        <testcase name="test_addRelationships_for_HasMany_with_invalid_accessor" file="/app/tests/Unit/Configuration/Model/RelationshipsTest.php" line="47" class="Tests\Unit\Playground\Stub\Configuration\Model\RelationshipsTest" classname="Tests.Unit.Playground.Stub.Configuration.Model.RelationshipsTest" assertions="3" time="0.022357"/>
        <testcase name="test_addHasOne_without_meta" file="/app/tests/Unit/Configuration/Model/RelationshipsTest.php" line="76" class="Tests\Unit\Playground\Stub\Configuration\Model\RelationshipsTest" classname="Tests.Unit.Playground.Stub.Configuration.Model.RelationshipsTest" assertions="3" time="0.022291"/>
        <testcase name="test_addHasMany_without_meta" file="/app/tests/Unit/Configuration/Model/RelationshipsTest.php" line="91" class="Tests\Unit\Playground\Stub\Configuration\Model\RelationshipsTest" classname="Tests.Unit.Playground.Stub.Configuration.Model.RelationshipsTest" assertions="3" time="0.022730"/>
      </testsuite>
      <testsuite name="Tests\Unit\Playground\Stub\Configuration\Model\ScopesTest" file="/app/tests/Unit/Configuration/Model/ScopesTest.php" tests="4" assertions="15" errors="0" failures="0" skipped="0" time="0.089100">
        <testcase name="test_addScopes_with_sort" file="/app/tests/Unit/Configuration/Model/ScopesTest.php" line="23" class="Tests\Unit\Playground\Stub\Configuration\Model\ScopesTest" classname="Tests.Unit.Playground.Stub.Configuration.Model.ScopesTest" assertions="3" time="0.021549"/>
        <testcase name="test_addScope_with_invalid_scope" file="/app/tests/Unit/Configuration/Model/ScopesTest.php" line="46" class="Tests\Unit\Playground\Stub\Configuration\Model\ScopesTest" classname="Tests.Unit.Playground.Stub.Configuration.Model.ScopesTest" assertions="4" time="0.022124"/>
        <testcase name="test_addScope_for_sort_without_meta" file="/app/tests/Unit/Configuration/Model/ScopesTest.php" line="65" class="Tests\Unit\Playground\Stub\Configuration\Model\ScopesTest" classname="Tests.Unit.Playground.Stub.Configuration.Model.ScopesTest" assertions="3" time="0.022622"/>
        <testcase name="test_addScope_unsupported_scope_and_ignore" file="/app/tests/Unit/Configuration/Model/ScopesTest.php" line="80" class="Tests\Unit\Playground\Stub\Configuration\Model\ScopesTest" classname="Tests.Unit.Playground.Stub.Configuration.Model.ScopesTest" assertions="5" time="0.022805"/>
      </testsuite>
      <testsuite name="Tests\Unit\Playground\Stub\Configuration\Model\SortingTest" file="/app/tests/Unit/Configuration/Model/SortingTest.php" tests="3" assertions="10" errors="0" failures="0" skipped="0" time="0.070491">
        <testcase name="test_addSortable_without_column" file="/app/tests/Unit/Configuration/Model/SortingTest.php" line="21" class="Tests\Unit\Playground\Stub\Configuration\Model\SortingTest" classname="Tests.Unit.Playground.Stub.Configuration.Model.SortingTest" assertions="4" time="0.023800"/>
        <testcase name="test_addSortable_with_index" file="/app/tests/Unit/Configuration/Model/SortingTest.php" line="40" class="Tests\Unit\Playground\Stub\Configuration\Model\SortingTest" classname="Tests.Unit.Playground.Stub.Configuration.Model.SortingTest" assertions="3" time="0.024081"/>
        <testcase name="test_addSortable_without_index" file="/app/tests/Unit/Configuration/Model/SortingTest.php" line="57" class="Tests\Unit\Playground\Stub\Configuration\Model\SortingTest" classname="Tests.Unit.Playground.Stub.Configuration.Model.SortingTest" assertions="3" time="0.022610"/>
      </testsuite>
      <testsuite name="Tests\Unit\Playground\Stub\Configuration\Package\InstanceTest" file="/app/tests/Unit/Configuration/Package/InstanceTest.php" tests="10" assertions="77" errors="0" failures="0" skipped="0" time="0.225821">
        <testcase name="test_instance" file="/app/tests/Unit/Configuration/Package/InstanceTest.php" line="21" class="Tests\Unit\Playground\Stub\Configuration\Package\InstanceTest" classname="Tests.Unit.Playground.Stub.Configuration.Package.InstanceTest" assertions="1" time="0.020863"/>
        <testcase name="test_instance_apply_without_options" file="/app/tests/Unit/Configuration/Package/InstanceTest.php" line="63" class="Tests\Unit\Playground\Stub\Configuration\Package\InstanceTest" classname="Tests.Unit.Playground.Stub.Configuration.Package.InstanceTest" assertions="4" time="0.022848"/>
        <testcase name="test_folder_is_empty_by_default" file="/app/tests/Unit/Configuration/Package/InstanceTest.php" line="80" class="Tests\Unit\Playground\Stub\Configuration\Package\InstanceTest" classname="Tests.Unit.Playground.Stub.Configuration.Package.InstanceTest" assertions="3" time="0.021213"/>
        <testcase name="test_package_for_model_with_file_and_skeleton" file="/app/tests/Unit/Configuration/Package/InstanceTest.php" line="90" class="Tests\Unit\Playground\Stub\Configuration\Package\InstanceTest" classname="Tests.Unit.Playground.Stub.Configuration.Package.InstanceTest" assertions="22" time="0.022460"/>
        <testcase name="test_package_for_api_with_file_and_skeleton" file="/app/tests/Unit/Configuration/Package/InstanceTest.php" line="153" class="Tests\Unit\Playground\Stub\Configuration\Package\InstanceTest" classname="Tests.Unit.Playground.Stub.Configuration.Package.InstanceTest" assertions="22" time="0.023139"/>
        <testcase name="test_addKeyword_with_invalid_keyword_and_log_message" file="/app/tests/Unit/Configuration/Package/InstanceTest.php" line="226" class="Tests\Unit\Playground\Stub\Configuration\Package\InstanceTest" classname="Tests.Unit.Playground.Stub.Configuration.Package.InstanceTest" assertions="5" time="0.022456"/>
        <testcase name="test_addRequire_with_invalid_package_and_log_message" file="/app/tests/Unit/Configuration/Package/InstanceTest.php" line="253" class="Tests\Unit\Playground\Stub\Configuration\Package\InstanceTest" classname="Tests.Unit.Playground.Stub.Configuration.Package.InstanceTest" assertions="5" time="0.022570"/>
        <testcase name="test_addRequire_with_invalid_version_and_log_message" file="/app/tests/Unit/Configuration/Package/InstanceTest.php" line="282" class="Tests\Unit\Playground\Stub\Configuration\Package\InstanceTest" classname="Tests.Unit.Playground.Stub.Configuration.Package.InstanceTest" assertions="5" time="0.022810"/>
        <testcase name="test_addRequireDev_with_invalid_package_and_log_message" file="/app/tests/Unit/Configuration/Package/InstanceTest.php" line="311" class="Tests\Unit\Playground\Stub\Configuration\Package\InstanceTest" classname="Tests.Unit.Playground.Stub.Configuration.Package.InstanceTest" assertions="5" time="0.024190"/>
        <testcase name="test_addRequireDev_with_invalid_version_and_log_message" file="/app/tests/Unit/Configuration/Package/InstanceTest.php" line="340" class="Tests\Unit\Playground\Stub\Configuration\Package\InstanceTest" classname="Tests.Unit.Playground.Stub.Configuration.Package.InstanceTest" assertions="5" time="0.023270"/>
      </testsuite>
      <testsuite name="Tests\Unit\Playground\Stub\Configuration\Policy\InstanceTest" file="/app/tests/Unit/Configuration/Policy/InstanceTest.php" tests="4" assertions="23" errors="0" failures="0" skipped="0" time="0.097651">
        <testcase name="test_instance" file="/app/tests/Unit/Configuration/Policy/InstanceTest.php" line="19" class="Tests\Unit\Playground\Stub\Configuration\Policy\InstanceTest" classname="Tests.Unit.Playground.Stub.Configuration.Policy.InstanceTest" assertions="1" time="0.031758"/>
        <testcase name="test_instance_apply_without_options" file="/app/tests/Unit/Configuration/Policy/InstanceTest.php" line="46" class="Tests\Unit\Playground\Stub\Configuration\Policy\InstanceTest" classname="Tests.Unit.Playground.Stub.Configuration.Policy.InstanceTest" assertions="4" time="0.022622"/>
        <testcase name="test_folder_is_empty_by_default" file="/app/tests/Unit/Configuration/Policy/InstanceTest.php" line="63" class="Tests\Unit\Playground\Stub\Configuration\Policy\InstanceTest" classname="Tests.Unit.Playground.Stub.Configuration.Policy.InstanceTest" assertions="3" time="0.021196"/>
        <testcase name="test_test_with_file_and_skeleton" file="/app/tests/Unit/Configuration/Policy/InstanceTest.php" line="73" class="Tests\Unit\Playground\Stub\Configuration\Policy\InstanceTest" classname="Tests.Unit.Playground.Stub.Configuration.Policy.InstanceTest" assertions="15" time="0.022075"/>
      </testsuite>
      <testsuite name="Tests\Unit\Playground\Stub\Configuration\Test\InstanceTest" file="/app/tests/Unit/Configuration/Test/InstanceTest.php" tests="4" assertions="25" errors="0" failures="0" skipped="0" time="0.094725">
        <testcase name="test_instance" file="/app/tests/Unit/Configuration/Test/InstanceTest.php" line="19" class="Tests\Unit\Playground\Stub\Configuration\Test\InstanceTest" classname="Tests.Unit.Playground.Stub.Configuration.Test.InstanceTest" assertions="1" time="0.022512"/>
        <testcase name="test_instance_apply_without_options" file="/app/tests/Unit/Configuration/Test/InstanceTest.php" line="48" class="Tests\Unit\Playground\Stub\Configuration\Test\InstanceTest" classname="Tests.Unit.Playground.Stub.Configuration.Test.InstanceTest" assertions="4" time="0.023103"/>
        <testcase name="test_folder_is_empty_by_default" file="/app/tests/Unit/Configuration/Test/InstanceTest.php" line="65" class="Tests\Unit\Playground\Stub\Configuration\Test\InstanceTest" classname="Tests.Unit.Playground.Stub.Configuration.Test.InstanceTest" assertions="3" time="0.025897"/>
        <testcase name="test_test_with_file_and_skeleton" file="/app/tests/Unit/Configuration/Test/InstanceTest.php" line="75" class="Tests\Unit\Playground\Stub\Configuration\Test\InstanceTest" classname="Tests.Unit.Playground.Stub.Configuration.Test.InstanceTest" assertions="17" time="0.023213"/>
      </testsuite>
      <testsuite name="Tests\Unit\Playground\Stub\Console\Commands\ModelMakeCommand\CommandTest" file="/app/tests/Unit/Console/Commands/ModelMakeCommand/CommandTest.php" tests="1" assertions="1" errors="0" failures="0" skipped="0" time="0.592580">
        <testcase name="test_command_displays_help" file="/app/tests/Unit/Console/Commands/ModelMakeCommand/CommandTest.php" line="19" class="Tests\Unit\Playground\Stub\Console\Commands\ModelMakeCommand\CommandTest" classname="Tests.Unit.Playground.Stub.Console.Commands.ModelMakeCommand.CommandTest" assertions="1" time="0.592580"/>
      </testsuite>
      <testsuite name="Tests\Unit\Playground\Stub\Console\Commands\SeederMakeCommand\CommandTest" file="/app/tests/Unit/Console/Commands/SeederMakeCommand/CommandTest.php" tests="1" assertions="1" errors="0" failures="0" skipped="0" time="0.031280">
        <testcase name="test_command_displays_help" file="/app/tests/Unit/Console/Commands/SeederMakeCommand/CommandTest.php" line="19" class="Tests\Unit\Playground\Stub\Console\Commands\SeederMakeCommand\CommandTest" classname="Tests.Unit.Playground.Stub.Console.Commands.SeederMakeCommand.CommandTest" assertions="1" time="0.031280"/>
      </testsuite>
      <testsuite name="Tests\Unit\Playground\Stub\Console\Commands\TestMakeCommand\CommandTest" file="/app/tests/Unit/Console/Commands/TestMakeCommand/CommandTest.php" tests="1" assertions="1" errors="0" failures="0" skipped="0" time="0.030414">
        <testcase name="test_command_displays_help" file="/app/tests/Unit/Console/Commands/TestMakeCommand/CommandTest.php" line="19" class="Tests\Unit\Playground\Stub\Console\Commands\TestMakeCommand\CommandTest" classname="Tests.Unit.Playground.Stub.Console.Commands.TestMakeCommand.CommandTest" assertions="1" time="0.030414"/>
      </testsuite>
    </testsuite>
    <testsuite name="Feature" tests="14" assertions="15" errors="0" failures="0" skipped="0" time="0.997773">
      <testsuite name="Tests\Feature\Playground\Stub\Console\Commands\About\CommandTest" file="/app/tests/Feature/Console/Commands/About/CommandTest.php" tests="1" assertions="2" errors="0" failures="0" skipped="0" time="0.113112">
        <testcase name="test_command_about_displays_package_information_and_succeed_with_code_0" file="/app/tests/Feature/Console/Commands/About/CommandTest.php" line="28" class="Tests\Feature\Playground\Stub\Console\Commands\About\CommandTest" classname="Tests.Feature.Playground.Stub.Console.Commands.About.CommandTest" assertions="2" time="0.113112"/>
      </testsuite>
      <testsuite name="Tests\Feature\Playground\Stub\Console\Commands\ModelMakeCommand\CommandTest" file="/app/tests/Feature/Console/Commands/ModelMakeCommand/CommandTest.php" tests="1" assertions="1" errors="0" failures="0" skipped="0" time="0.060044">
        <testcase name="test_command_skeleton" file="/app/tests/Feature/Console/Commands/ModelMakeCommand/CommandTest.php" line="19" class="Tests\Feature\Playground\Stub\Console\Commands\ModelMakeCommand\CommandTest" classname="Tests.Feature.Playground.Stub.Console.Commands.ModelMakeCommand.CommandTest" assertions="1" time="0.060044"/>
      </testsuite>
      <testsuite name="Tests\Feature\Playground\Stub\Console\Commands\ModelMakeCommand\ConfigurationTest" file="/app/tests/Feature/Console/Commands/ModelMakeCommand/ConfigurationTest.php" tests="1" assertions="1" errors="0" failures="0" skipped="0" time="0.122348">
        <testcase name="test_command_with_file_skeleton_and_force" file="/app/tests/Feature/Console/Commands/ModelMakeCommand/ConfigurationTest.php" line="20" class="Tests\Feature\Playground\Stub\Console\Commands\ModelMakeCommand\ConfigurationTest" classname="Tests.Feature.Playground.Stub.Console.Commands.ModelMakeCommand.ConfigurationTest" assertions="1" time="0.122348"/>
      </testsuite>
      <testsuite name="Tests\Feature\Playground\Stub\Console\Commands\ModelMakeCommand\ModelTest" file="/app/tests/Feature/Console/Commands/ModelMakeCommand/ModelTest.php" tests="5" assertions="5" errors="0" failures="0" skipped="0" time="0.514954">
        <testcase name="test_command_make_model_with_force" file="/app/tests/Feature/Console/Commands/ModelMakeCommand/ModelTest.php" line="19" class="Tests\Feature\Playground\Stub\Console\Commands\ModelMakeCommand\ModelTest" classname="Tests.Feature.Playground.Stub.Console.Commands.ModelMakeCommand.ModelTest" assertions="1" time="0.071363"/>
        <testcase name="test_command_make_playground_model_api_with_force" file="/app/tests/Feature/Console/Commands/ModelMakeCommand/ModelTest.php" line="33" class="Tests\Feature\Playground\Stub\Console\Commands\ModelMakeCommand\ModelTest" classname="Tests.Feature.Playground.Stub.Console.Commands.ModelMakeCommand.ModelTest" assertions="1" time="0.067584"/>
        <testcase name="test_command_make_playground_model_resource_with_force" file="/app/tests/Feature/Console/Commands/ModelMakeCommand/ModelTest.php" line="47" class="Tests\Feature\Playground\Stub\Console\Commands\ModelMakeCommand\ModelTest" classname="Tests.Feature.Playground.Stub.Console.Commands.ModelMakeCommand.ModelTest" assertions="1" time="0.067633"/>
        <testcase name="test_command_make_all_playground_model_api_with_force" file="/app/tests/Feature/Console/Commands/ModelMakeCommand/ModelTest.php" line="61" class="Tests\Feature\Playground\Stub\Console\Commands\ModelMakeCommand\ModelTest" classname="Tests.Feature.Playground.Stub.Console.Commands.ModelMakeCommand.ModelTest" assertions="1" time="0.155219"/>
        <testcase name="test_command_make_all_playground_model_resource_with_force" file="/app/tests/Feature/Console/Commands/ModelMakeCommand/ModelTest.php" line="75" class="Tests\Feature\Playground\Stub\Console\Commands\ModelMakeCommand\ModelTest" classname="Tests.Feature.Playground.Stub.Console.Commands.ModelMakeCommand.ModelTest" assertions="1" time="0.153155"/>
      </testsuite>
      <testsuite name="Tests\Feature\Playground\Stub\Console\Commands\SeederMakeCommand\CommandTest" file="/app/tests/Feature/Console/Commands/SeederMakeCommand/CommandTest.php" tests="1" assertions="1" errors="0" failures="0" skipped="0" time="0.030556">
        <testcase name="test_command_skeleton" file="/app/tests/Feature/Console/Commands/SeederMakeCommand/CommandTest.php" line="19" class="Tests\Feature\Playground\Stub\Console\Commands\SeederMakeCommand\CommandTest" classname="Tests.Feature.Playground.Stub.Console.Commands.SeederMakeCommand.CommandTest" assertions="1" time="0.030556"/>
      </testsuite>
      <testsuite name="Tests\Feature\Playground\Stub\Console\Commands\TestMakeCommand\CommandTest" file="/app/tests/Feature/Console/Commands/TestMakeCommand/CommandTest.php" tests="1" assertions="1" errors="0" failures="0" skipped="0" time="0.034762">
        <testcase name="test_command_skeleton" file="/app/tests/Feature/Console/Commands/TestMakeCommand/CommandTest.php" line="19" class="Tests\Feature\Playground\Stub\Console\Commands\TestMakeCommand\CommandTest" classname="Tests.Feature.Playground.Stub.Console.Commands.TestMakeCommand.CommandTest" assertions="1" time="0.034762"/>
      </testsuite>
      <testsuite name="Tests\Feature\Playground\Stub\Console\Commands\TestMakeCommand\ModelTest" file="/app/tests/Feature/Console/Commands/TestMakeCommand/ModelTest.php" tests="4" assertions="4" errors="0" failures="0" skipped="0" time="0.121998">
        <testcase name="test_command_make_test_with_force_and_without_skeleton" file="/app/tests/Feature/Console/Commands/TestMakeCommand/ModelTest.php" line="19" class="Tests\Feature\Playground\Stub\Console\Commands\TestMakeCommand\ModelTest" classname="Tests.Feature.Playground.Stub.Console.Commands.TestMakeCommand.ModelTest" assertions="1" time="0.030236"/>
        <testcase name="test_command_make_test_with_force_and_with_skeleton" file="/app/tests/Feature/Console/Commands/TestMakeCommand/ModelTest.php" line="33" class="Tests\Feature\Playground\Stub\Console\Commands\TestMakeCommand\ModelTest" classname="Tests.Feature.Playground.Stub.Console.Commands.TestMakeCommand.ModelTest" assertions="1" time="0.030255"/>
        <testcase name="test_command_make_playground_model_api_with_force" file="/app/tests/Feature/Console/Commands/TestMakeCommand/ModelTest.php" line="47" class="Tests\Feature\Playground\Stub\Console\Commands\TestMakeCommand\ModelTest" classname="Tests.Feature.Playground.Stub.Console.Commands.TestMakeCommand.ModelTest" assertions="1" time="0.030665"/>
        <testcase name="test_command_make_playground_model_resource_with_force" file="/app/tests/Feature/Console/Commands/TestMakeCommand/ModelTest.php" line="61" class="Tests\Feature\Playground\Stub\Console\Commands\TestMakeCommand\ModelTest" classname="Tests.Feature.Playground.Stub.Console.Commands.TestMakeCommand.ModelTest" assertions="1" time="0.030842"/>
      </testsuite>
    </testsuite>
  </testsuite>
</testsuites>
