<?xml version="1.0" encoding="UTF-8"?>
<testsuites>
  <testsuite name="/app/phpunit.xml.dist" tests="345" assertions="736" errors="0" failures="0" skipped="1" time="18.975590">
    <testsuite name="Unit" tests="129" assertions="490" errors="0" failures="0" skipped="0" time="5.651088">
      <testsuite name="Tests\Unit\Playground\Stub\Configuration\Configuration\InstanceTest" file="/app/tests/Unit/Configuration/Configuration/InstanceTest.php" tests="2" assertions="5" errors="0" failures="0" skipped="0" time="0.280729">
        <testcase name="test_instance" file="/app/tests/Unit/Configuration/Configuration/InstanceTest.php" line="21" class="Tests\Unit\Playground\Stub\Configuration\Configuration\InstanceTest" classname="Tests.Unit.Playground.Stub.Configuration.Configuration.InstanceTest" assertions="1" time="0.256495"/>
        <testcase name="test_instance_apply_without_options" file="/app/tests/Unit/Configuration/Configuration/InstanceTest.php" line="33" class="Tests\Unit\Playground\Stub\Configuration\Configuration\InstanceTest" classname="Tests.Unit.Playground.Stub.Configuration.Configuration.InstanceTest" assertions="4" time="0.024234"/>
      </testsuite>
      <testsuite name="Tests\Unit\Playground\Stub\Configuration\Configuration\PropertiesTest" file="/app/tests/Unit/Configuration/Configuration/PropertiesTest.php" tests="3" assertions="12" errors="0" failures="0" skipped="0" time="0.071458">
        <testcase name="test_properties" file="/app/tests/Unit/Configuration/Configuration/PropertiesTest.php" line="24" class="Tests\Unit\Playground\Stub\Configuration\Configuration\PropertiesTest" classname="Tests.Unit.Playground.Stub.Configuration.Configuration.PropertiesTest" assertions="5" time="0.024448"/>
        <testcase name="test_properties_with_all_options_without_apply" file="/app/tests/Unit/Configuration/Configuration/PropertiesTest.php" line="43" class="Tests\Unit\Playground\Stub\Configuration\Configuration\PropertiesTest" classname="Tests.Unit.Playground.Stub.Configuration.Configuration.PropertiesTest" assertions="3" time="0.023422"/>
        <testcase name="test_properties_with_all_options_with_apply" file="/app/tests/Unit/Configuration/Configuration/PropertiesTest.php" line="61" class="Tests\Unit\Playground\Stub\Configuration\Configuration\PropertiesTest" classname="Tests.Unit.Playground.Stub.Configuration.Configuration.PropertiesTest" assertions="4" time="0.023588"/>
      </testsuite>
      <testsuite name="Tests\Unit\Playground\Stub\Configuration\Factory\InstanceTest" file="/app/tests/Unit/Configuration/Factory/InstanceTest.php" tests="4" assertions="21" errors="0" failures="0" skipped="0" time="0.168136">
        <testcase name="test_instance" file="/app/tests/Unit/Configuration/Factory/InstanceTest.php" line="19" class="Tests\Unit\Playground\Stub\Configuration\Factory\InstanceTest" classname="Tests.Unit.Playground.Stub.Configuration.Factory.InstanceTest" assertions="1" time="0.097630"/>
        <testcase name="test_instance_apply_without_options" file="/app/tests/Unit/Configuration/Factory/InstanceTest.php" line="46" class="Tests\Unit\Playground\Stub\Configuration\Factory\InstanceTest" classname="Tests.Unit.Playground.Stub.Configuration.Factory.InstanceTest" assertions="4" time="0.023059"/>
        <testcase name="test_folder_is_empty_by_default" file="/app/tests/Unit/Configuration/Factory/InstanceTest.php" line="63" class="Tests\Unit\Playground\Stub\Configuration\Factory\InstanceTest" classname="Tests.Unit.Playground.Stub.Configuration.Factory.InstanceTest" assertions="3" time="0.023366"/>
        <testcase name="test_factory_for_model_with_file_and_skeleton" file="/app/tests/Unit/Configuration/Factory/InstanceTest.php" line="73" class="Tests\Unit\Playground\Stub\Configuration\Factory\InstanceTest" classname="Tests.Unit.Playground.Stub.Configuration.Factory.InstanceTest" assertions="13" time="0.024082"/>
      </testsuite>
      <testsuite name="Tests\Unit\Playground\Stub\Configuration\Migration\InstanceTest" file="/app/tests/Unit/Configuration/Migration/InstanceTest.php" tests="4" assertions="24" errors="0" failures="0" skipped="0" time="0.104757">
        <testcase name="test_instance" file="/app/tests/Unit/Configuration/Migration/InstanceTest.php" line="19" class="Tests\Unit\Playground\Stub\Configuration\Migration\InstanceTest" classname="Tests.Unit.Playground.Stub.Configuration.Migration.InstanceTest" assertions="1" time="0.035456"/>
        <testcase name="test_instance_apply_without_options" file="/app/tests/Unit/Configuration/Migration/InstanceTest.php" line="47" class="Tests\Unit\Playground\Stub\Configuration\Migration\InstanceTest" classname="Tests.Unit.Playground.Stub.Configuration.Migration.InstanceTest" assertions="4" time="0.023733"/>
        <testcase name="test_folder_is_empty_by_default" file="/app/tests/Unit/Configuration/Migration/InstanceTest.php" line="64" class="Tests\Unit\Playground\Stub\Configuration\Migration\InstanceTest" classname="Tests.Unit.Playground.Stub.Configuration.Migration.InstanceTest" assertions="3" time="0.022566"/>
        <testcase name="test_migration_for_model_with_file_and_skeleton" file="/app/tests/Unit/Configuration/Migration/InstanceTest.php" line="74" class="Tests\Unit\Playground\Stub\Configuration\Migration\InstanceTest" classname="Tests.Unit.Playground.Stub.Configuration.Migration.InstanceTest" assertions="16" time="0.023002"/>
      </testsuite>
      <testsuite name="Tests\Unit\Playground\Stub\Configuration\Model\AttributesTest" file="/app/tests/Unit/Configuration/Model/AttributesTest.php" tests="6" assertions="19" errors="0" failures="0" skipped="0" time="0.332382">
        <testcase name="test_addModelProperties_with_empty_options" file="/app/tests/Unit/Configuration/Model/AttributesTest.php" line="21" class="Tests\Unit\Playground\Stub\Configuration\Model\AttributesTest" classname="Tests.Unit.Playground.Stub.Configuration.Model.AttributesTest" assertions="4" time="0.150071"/>
        <testcase name="test_addAttribute_with_invalid_column" file="/app/tests/Unit/Configuration/Model/AttributesTest.php" line="36" class="Tests\Unit\Playground\Stub\Configuration\Model\AttributesTest" classname="Tests.Unit.Playground.Stub.Configuration.Model.AttributesTest" assertions="3" time="0.087344"/>
        <testcase name="test_addAttribute_with_invalid_default_value_of_array" file="/app/tests/Unit/Configuration/Model/AttributesTest.php" line="56" class="Tests\Unit\Playground\Stub\Configuration\Model\AttributesTest" classname="Tests.Unit.Playground.Stub.Configuration.Model.AttributesTest" assertions="3" time="0.023560"/>
        <testcase name="test_addCast_with_invalid_column_and_set_empty_string" file="/app/tests/Unit/Configuration/Model/AttributesTest.php" line="74" class="Tests\Unit\Playground\Stub\Configuration\Model\AttributesTest" classname="Tests.Unit.Playground.Stub.Configuration.Model.AttributesTest" assertions="3" time="0.023665"/>
        <testcase name="test_addCast_with_invalid_cast_value_and_treat_as_string" file="/app/tests/Unit/Configuration/Model/AttributesTest.php" line="94" class="Tests\Unit\Playground\Stub\Configuration\Model\AttributesTest" classname="Tests.Unit.Playground.Stub.Configuration.Model.AttributesTest" assertions="3" time="0.023494"/>
        <testcase name="test_addFillable_with_invalid_column" file="/app/tests/Unit/Configuration/Model/AttributesTest.php" line="111" class="Tests\Unit\Playground\Stub\Configuration\Model\AttributesTest" classname="Tests.Unit.Playground.Stub.Configuration.Model.AttributesTest" assertions="3" time="0.024248"/>
      </testsuite>
      <testsuite name="Tests\Unit\Playground\Stub\Configuration\Model\ClassesTest" file="/app/tests/Unit/Configuration/Model/ClassesTest.php" tests="3" assertions="6" errors="0" failures="0" skipped="0" time="0.067135">
        <testcase name="test_addExtends_with_string" file="/app/tests/Unit/Configuration/Model/ClassesTest.php" line="21" class="Tests\Unit\Playground\Stub\Configuration\Model\ClassesTest" classname="Tests.Unit.Playground.Stub.Configuration.Model.ClassesTest" assertions="2" time="0.021944"/>
        <testcase name="test_addImplements_with_string" file="/app/tests/Unit/Configuration/Model/ClassesTest.php" line="36" class="Tests\Unit\Playground\Stub\Configuration\Model\ClassesTest" classname="Tests.Unit.Playground.Stub.Configuration.Model.ClassesTest" assertions="2" time="0.022623"/>
        <testcase name="test_addModels_with_string" file="/app/tests/Unit/Configuration/Model/ClassesTest.php" line="54" class="Tests\Unit\Playground\Stub\Configuration\Model\ClassesTest" classname="Tests.Unit.Playground.Stub.Configuration.Model.ClassesTest" assertions="2" time="0.022567"/>
      </testsuite>
      <testsuite name="Tests\Unit\Playground\Stub\Configuration\Model\CreateColumn\InstanceTest" file="/app/tests/Unit/Configuration/Model/Create/InstanceTest.php" tests="3" assertions="8" errors="0" failures="0" skipped="0" time="0.102670">
        <testcase name="test_instance" file="/app/tests/Unit/Configuration/Model/Create/InstanceTest.php" line="21" class="Tests\Unit\Playground\Stub\Configuration\Model\CreateColumn\InstanceTest" classname="Tests.Unit.Playground.Stub.Configuration.Model.CreateColumn.InstanceTest" assertions="1" time="0.054476"/>
        <testcase name="test_model_with_file_jsonSerialize" file="/app/tests/Unit/Configuration/Model/Create/InstanceTest.php" line="43" class="Tests\Unit\Playground\Stub\Configuration\Model\CreateColumn\InstanceTest" classname="Tests.Unit.Playground.Stub.Configuration.Model.CreateColumn.InstanceTest" assertions="4" time="0.023998"/>
        <testcase name="test_setOptions_unsupported_primary_and_log_message" file="/app/tests/Unit/Configuration/Model/Create/InstanceTest.php" line="74" class="Tests\Unit\Playground\Stub\Configuration\Model\CreateColumn\InstanceTest" classname="Tests.Unit.Playground.Stub.Configuration.Model.CreateColumn.InstanceTest" assertions="3" time="0.024196"/>
      </testsuite>
      <testsuite name="Tests\Unit\Playground\Stub\Configuration\Model\Create\InstanceTest" file="/app/tests/Unit/Configuration/Model/CreateColumn/InstanceTest.php" tests="12" assertions="32" errors="0" failures="0" skipped="0" time="0.400977">
        <testcase name="test_instance" file="/app/tests/Unit/Configuration/Model/CreateColumn/InstanceTest.php" line="21" class="Tests\Unit\Playground\Stub\Configuration\Model\Create\InstanceTest" classname="Tests.Unit.Playground.Stub.Configuration.Model.Create.InstanceTest" assertions="1" time="0.091826"/>
        <testcase name="test_model_with_file" file="/app/tests/Unit/Configuration/Model/CreateColumn/InstanceTest.php" line="48" class="Tests\Unit\Playground\Stub\Configuration\Model\Create\InstanceTest" classname="Tests.Unit.Playground.Stub.Configuration.Model.Create.InstanceTest" assertions="1" time="0.066145"/>
        <testcase name="test_setOptions_unsupported_primary_and_ignore" file="/app/tests/Unit/Configuration/Model/CreateColumn/InstanceTest.php" line="59" class="Tests\Unit\Playground\Stub\Configuration\Model\Create\InstanceTest" classname="Tests.Unit.Playground.Stub.Configuration.Model.Create.InstanceTest" assertions="3" time="0.024032"/>
        <testcase name="test_addId_with_empty_column" file="/app/tests/Unit/Configuration/Model/CreateColumn/InstanceTest.php" line="91" class="Tests\Unit\Playground\Stub\Configuration\Model\Create\InstanceTest" classname="Tests.Unit.Playground.Stub.Configuration.Model.Create.InstanceTest" assertions="3" time="0.023107"/>
        <testcase name="test_addUnique_with_empty_column" file="/app/tests/Unit/Configuration/Model/CreateColumn/InstanceTest.php" line="107" class="Tests\Unit\Playground\Stub\Configuration\Model\Create\InstanceTest" classname="Tests.Unit.Playground.Stub.Configuration.Model.Create.InstanceTest" assertions="3" time="0.024260"/>
        <testcase name="test_addDate_with_empty_column" file="/app/tests/Unit/Configuration/Model/CreateColumn/InstanceTest.php" line="123" class="Tests\Unit\Playground\Stub\Configuration\Model\Create\InstanceTest" classname="Tests.Unit.Playground.Stub.Configuration.Model.Create.InstanceTest" assertions="3" time="0.025147"/>
        <testcase name="test_addFlag_with_empty_column" file="/app/tests/Unit/Configuration/Model/CreateColumn/InstanceTest.php" line="139" class="Tests\Unit\Playground\Stub\Configuration\Model\Create\InstanceTest" classname="Tests.Unit.Playground.Stub.Configuration.Model.Create.InstanceTest" assertions="3" time="0.023415"/>
        <testcase name="test_addColumn_with_empty_column" file="/app/tests/Unit/Configuration/Model/CreateColumn/InstanceTest.php" line="155" class="Tests\Unit\Playground\Stub\Configuration\Model\Create\InstanceTest" classname="Tests.Unit.Playground.Stub.Configuration.Model.Create.InstanceTest" assertions="3" time="0.023750"/>
        <testcase name="test_addPermission_with_empty_column" file="/app/tests/Unit/Configuration/Model/CreateColumn/InstanceTest.php" line="171" class="Tests\Unit\Playground\Stub\Configuration\Model\Create\InstanceTest" classname="Tests.Unit.Playground.Stub.Configuration.Model.Create.InstanceTest" assertions="3" time="0.024308"/>
        <testcase name="test_addStatus_with_empty_column" file="/app/tests/Unit/Configuration/Model/CreateColumn/InstanceTest.php" line="187" class="Tests\Unit\Playground\Stub\Configuration\Model\Create\InstanceTest" classname="Tests.Unit.Playground.Stub.Configuration.Model.Create.InstanceTest" assertions="3" time="0.024951"/>
        <testcase name="test_addUi_with_empty_column" file="/app/tests/Unit/Configuration/Model/CreateColumn/InstanceTest.php" line="203" class="Tests\Unit\Playground\Stub\Configuration\Model\Create\InstanceTest" classname="Tests.Unit.Playground.Stub.Configuration.Model.Create.InstanceTest" assertions="3" time="0.024732"/>
        <testcase name="test_addJson_with_empty_column" file="/app/tests/Unit/Configuration/Model/CreateColumn/InstanceTest.php" line="219" class="Tests\Unit\Playground\Stub\Configuration\Model\Create\InstanceTest" classname="Tests.Unit.Playground.Stub.Configuration.Model.Create.InstanceTest" assertions="3" time="0.025305"/>
      </testsuite>
      <testsuite name="Tests\Unit\Playground\Stub\Configuration\Model\Filter\InstanceTest" file="/app/tests/Unit/Configuration/Model/Filter/InstanceTest.php" tests="2" assertions="2" errors="0" failures="0" skipped="0" time="0.056699">
        <testcase name="test_instance" file="/app/tests/Unit/Configuration/Model/Filter/InstanceTest.php" line="19" class="Tests\Unit\Playground\Stub\Configuration\Model\Filter\InstanceTest" classname="Tests.Unit.Playground.Stub.Configuration.Model.Filter.InstanceTest" assertions="1" time="0.034720"/>
        <testcase name="test_instance_apply_without_options" file="/app/tests/Unit/Configuration/Model/Filter/InstanceTest.php" line="26" class="Tests\Unit\Playground\Stub\Configuration\Model\Filter\InstanceTest" classname="Tests.Unit.Playground.Stub.Configuration.Model.Filter.InstanceTest" assertions="1" time="0.021979"/>
      </testsuite>
      <testsuite name="Tests\Unit\Playground\Stub\Configuration\Model\Filters\InstanceTest" file="/app/tests/Unit/Configuration/Model/Filters/InstanceTest.php" tests="13" assertions="37" errors="0" failures="0" skipped="0" time="0.318035">
        <testcase name="test_instance" file="/app/tests/Unit/Configuration/Model/Filters/InstanceTest.php" line="20" class="Tests\Unit\Playground\Stub\Configuration\Model\Filters\InstanceTest" classname="Tests.Unit.Playground.Stub.Configuration.Model.Filters.InstanceTest" assertions="1" time="0.023046"/>
        <testcase name="test_instance_apply_without_options" file="/app/tests/Unit/Configuration/Model/Filters/InstanceTest.php" line="48" class="Tests\Unit\Playground\Stub\Configuration\Model\Filters\InstanceTest" classname="Tests.Unit.Playground.Stub.Configuration.Model.Filters.InstanceTest" assertions="4" time="0.022406"/>
        <testcase name="test_model_with_file" file="/app/tests/Unit/Configuration/Model/Filters/InstanceTest.php" line="65" class="Tests\Unit\Playground\Stub\Configuration\Model\Filters\InstanceTest" classname="Tests.Unit.Playground.Stub.Configuration.Model.Filters.InstanceTest" assertions="4" time="0.026246"/>
        <testcase name="test_setOptions_with_builder_in_options" file="/app/tests/Unit/Configuration/Model/Filters/InstanceTest.php" line="92" class="Tests\Unit\Playground\Stub\Configuration\Model\Filters\InstanceTest" classname="Tests.Unit.Playground.Stub.Configuration.Model.Filters.InstanceTest" assertions="1" time="0.022449"/>
        <testcase name="test_addId_with_empty_meta" file="/app/tests/Unit/Configuration/Model/Filters/InstanceTest.php" line="101" class="Tests\Unit\Playground\Stub\Configuration\Model\Filters\InstanceTest" classname="Tests.Unit.Playground.Stub.Configuration.Model.Filters.InstanceTest" assertions="3" time="0.024726"/>
        <testcase name="test_addDate_with_empty_meta" file="/app/tests/Unit/Configuration/Model/Filters/InstanceTest.php" line="117" class="Tests\Unit\Playground\Stub\Configuration\Model\Filters\InstanceTest" classname="Tests.Unit.Playground.Stub.Configuration.Model.Filters.InstanceTest" assertions="3" time="0.023212"/>
        <testcase name="test_addFlag_with_empty_meta" file="/app/tests/Unit/Configuration/Model/Filters/InstanceTest.php" line="133" class="Tests\Unit\Playground\Stub\Configuration\Model\Filters\InstanceTest" classname="Tests.Unit.Playground.Stub.Configuration.Model.Filters.InstanceTest" assertions="3" time="0.024811"/>
        <testcase name="test_handleTrash_with_empty_meta" file="/app/tests/Unit/Configuration/Model/Filters/InstanceTest.php" line="149" class="Tests\Unit\Playground\Stub\Configuration\Model\Filters\InstanceTest" classname="Tests.Unit.Playground.Stub.Configuration.Model.Filters.InstanceTest" assertions="3" time="0.024555"/>
        <testcase name="test_addColumn_with_empty_meta" file="/app/tests/Unit/Configuration/Model/Filters/InstanceTest.php" line="162" class="Tests\Unit\Playground\Stub\Configuration\Model\Filters\InstanceTest" classname="Tests.Unit.Playground.Stub.Configuration.Model.Filters.InstanceTest" assertions="3" time="0.027297"/>
        <testcase name="test_addPermission_with_empty_meta" file="/app/tests/Unit/Configuration/Model/Filters/InstanceTest.php" line="178" class="Tests\Unit\Playground\Stub\Configuration\Model\Filters\InstanceTest" classname="Tests.Unit.Playground.Stub.Configuration.Model.Filters.InstanceTest" assertions="3" time="0.024653"/>
        <testcase name="test_addStatus_with_empty_meta" file="/app/tests/Unit/Configuration/Model/Filters/InstanceTest.php" line="194" class="Tests\Unit\Playground\Stub\Configuration\Model\Filters\InstanceTest" classname="Tests.Unit.Playground.Stub.Configuration.Model.Filters.InstanceTest" assertions="3" time="0.024043"/>
        <testcase name="test_addUi_with_empty_meta" file="/app/tests/Unit/Configuration/Model/Filters/InstanceTest.php" line="210" class="Tests\Unit\Playground\Stub\Configuration\Model\Filters\InstanceTest" classname="Tests.Unit.Playground.Stub.Configuration.Model.Filters.InstanceTest" assertions="3" time="0.024330"/>
        <testcase name="test_addJson_with_empty_meta" file="/app/tests/Unit/Configuration/Model/Filters/InstanceTest.php" line="226" class="Tests\Unit\Playground\Stub\Configuration\Model\Filters\InstanceTest" classname="Tests.Unit.Playground.Stub.Configuration.Model.Filters.InstanceTest" assertions="3" time="0.026260"/>
      </testsuite>
      <testsuite name="Tests\Unit\Playground\Stub\Configuration\Model\InstanceTest" file="/app/tests/Unit/Configuration/Model/InstanceTest.php" tests="4" assertions="28" errors="0" failures="0" skipped="0" time="0.163686">
        <testcase name="test_instance" file="/app/tests/Unit/Configuration/Model/InstanceTest.php" line="36" class="Tests\Unit\Playground\Stub\Configuration\Model\InstanceTest" classname="Tests.Unit.Playground.Stub.Configuration.Model.InstanceTest" assertions="1" time="0.063090"/>
        <testcase name="test_instance_apply_without_options" file="/app/tests/Unit/Configuration/Model/InstanceTest.php" line="100" class="Tests\Unit\Playground\Stub\Configuration\Model\InstanceTest" classname="Tests.Unit.Playground.Stub.Configuration.Model.InstanceTest" assertions="4" time="0.025008"/>
        <testcase name="test_folder_is_empty_by_default" file="/app/tests/Unit/Configuration/Model/InstanceTest.php" line="117" class="Tests\Unit\Playground\Stub\Configuration\Model\InstanceTest" classname="Tests.Unit.Playground.Stub.Configuration.Model.InstanceTest" assertions="3" time="0.023749"/>
        <testcase name="test_model_with_file_and_skeleton" file="/app/tests/Unit/Configuration/Model/InstanceTest.php" line="127" class="Tests\Unit\Playground\Stub\Configuration\Model\InstanceTest" classname="Tests.Unit.Playground.Stub.Configuration.Model.InstanceTest" assertions="20" time="0.051840"/>
      </testsuite>
      <testsuite name="Tests\Unit\Playground\Stub\Configuration\Model\RelationshipsTest" file="/app/tests/Unit/Configuration/Model/RelationshipsTest.php" tests="4" assertions="12" errors="0" failures="0" skipped="0" time="0.099190">
        <testcase name="test_addRelationships_for_HasOne_with_invalid_accessor" file="/app/tests/Unit/Configuration/Model/RelationshipsTest.php" line="21" class="Tests\Unit\Playground\Stub\Configuration\Model\RelationshipsTest" classname="Tests.Unit.Playground.Stub.Configuration.Model.RelationshipsTest" assertions="3" time="0.025957"/>
        <testcase name="test_addRelationships_for_HasMany_with_invalid_accessor" file="/app/tests/Unit/Configuration/Model/RelationshipsTest.php" line="47" class="Tests\Unit\Playground\Stub\Configuration\Model\RelationshipsTest" classname="Tests.Unit.Playground.Stub.Configuration.Model.RelationshipsTest" assertions="3" time="0.024251"/>
        <testcase name="test_addHasOne_without_meta" file="/app/tests/Unit/Configuration/Model/RelationshipsTest.php" line="76" class="Tests\Unit\Playground\Stub\Configuration\Model\RelationshipsTest" classname="Tests.Unit.Playground.Stub.Configuration.Model.RelationshipsTest" assertions="3" time="0.024042"/>
        <testcase name="test_addHasMany_without_meta" file="/app/tests/Unit/Configuration/Model/RelationshipsTest.php" line="91" class="Tests\Unit\Playground\Stub\Configuration\Model\RelationshipsTest" classname="Tests.Unit.Playground.Stub.Configuration.Model.RelationshipsTest" assertions="3" time="0.024940"/>
      </testsuite>
      <testsuite name="Tests\Unit\Playground\Stub\Configuration\Model\ScopesTest" file="/app/tests/Unit/Configuration/Model/ScopesTest.php" tests="4" assertions="15" errors="0" failures="0" skipped="0" time="0.096615">
        <testcase name="test_addScopes_with_sort" file="/app/tests/Unit/Configuration/Model/ScopesTest.php" line="23" class="Tests\Unit\Playground\Stub\Configuration\Model\ScopesTest" classname="Tests.Unit.Playground.Stub.Configuration.Model.ScopesTest" assertions="3" time="0.023680"/>
        <testcase name="test_addScope_with_invalid_scope" file="/app/tests/Unit/Configuration/Model/ScopesTest.php" line="46" class="Tests\Unit\Playground\Stub\Configuration\Model\ScopesTest" classname="Tests.Unit.Playground.Stub.Configuration.Model.ScopesTest" assertions="4" time="0.024068"/>
        <testcase name="test_addScope_for_sort_without_meta" file="/app/tests/Unit/Configuration/Model/ScopesTest.php" line="65" class="Tests\Unit\Playground\Stub\Configuration\Model\ScopesTest" classname="Tests.Unit.Playground.Stub.Configuration.Model.ScopesTest" assertions="3" time="0.023281"/>
        <testcase name="test_addScope_unsupported_scope_and_ignore" file="/app/tests/Unit/Configuration/Model/ScopesTest.php" line="80" class="Tests\Unit\Playground\Stub\Configuration\Model\ScopesTest" classname="Tests.Unit.Playground.Stub.Configuration.Model.ScopesTest" assertions="5" time="0.025586"/>
      </testsuite>
      <testsuite name="Tests\Unit\Playground\Stub\Configuration\Model\SortingTest" file="/app/tests/Unit/Configuration/Model/SortingTest.php" tests="3" assertions="10" errors="0" failures="0" skipped="0" time="0.071935">
        <testcase name="test_addSortable_without_column" file="/app/tests/Unit/Configuration/Model/SortingTest.php" line="21" class="Tests\Unit\Playground\Stub\Configuration\Model\SortingTest" classname="Tests.Unit.Playground.Stub.Configuration.Model.SortingTest" assertions="4" time="0.024266"/>
        <testcase name="test_addSortable_with_index" file="/app/tests/Unit/Configuration/Model/SortingTest.php" line="40" class="Tests\Unit\Playground\Stub\Configuration\Model\SortingTest" classname="Tests.Unit.Playground.Stub.Configuration.Model.SortingTest" assertions="3" time="0.024113"/>
        <testcase name="test_addSortable_without_index" file="/app/tests/Unit/Configuration/Model/SortingTest.php" line="57" class="Tests\Unit\Playground\Stub\Configuration\Model\SortingTest" classname="Tests.Unit.Playground.Stub.Configuration.Model.SortingTest" assertions="3" time="0.023556"/>
      </testsuite>
      <testsuite name="Tests\Unit\Playground\Stub\Configuration\Package\InstanceTest" file="/app/tests/Unit/Configuration/Package/InstanceTest.php" tests="10" assertions="85" errors="0" failures="0" skipped="0" time="0.295215">
        <testcase name="test_instance" file="/app/tests/Unit/Configuration/Package/InstanceTest.php" line="21" class="Tests\Unit\Playground\Stub\Configuration\Package\InstanceTest" classname="Tests.Unit.Playground.Stub.Configuration.Package.InstanceTest" assertions="1" time="0.078430"/>
        <testcase name="test_instance_apply_without_options" file="/app/tests/Unit/Configuration/Package/InstanceTest.php" line="69" class="Tests\Unit\Playground\Stub\Configuration\Package\InstanceTest" classname="Tests.Unit.Playground.Stub.Configuration.Package.InstanceTest" assertions="4" time="0.023507"/>
        <testcase name="test_folder_is_empty_by_default" file="/app/tests/Unit/Configuration/Package/InstanceTest.php" line="86" class="Tests\Unit\Playground\Stub\Configuration\Package\InstanceTest" classname="Tests.Unit.Playground.Stub.Configuration.Package.InstanceTest" assertions="3" time="0.022560"/>
        <testcase name="test_package_for_model_with_file_and_skeleton" file="/app/tests/Unit/Configuration/Package/InstanceTest.php" line="96" class="Tests\Unit\Playground\Stub\Configuration\Package\InstanceTest" classname="Tests.Unit.Playground.Stub.Configuration.Package.InstanceTest" assertions="26" time="0.023850"/>
        <testcase name="test_package_for_api_with_file_and_skeleton" file="/app/tests/Unit/Configuration/Package/InstanceTest.php" line="163" class="Tests\Unit\Playground\Stub\Configuration\Package\InstanceTest" classname="Tests.Unit.Playground.Stub.Configuration.Package.InstanceTest" assertions="26" time="0.024076"/>
        <testcase name="test_addKeyword_with_invalid_keyword_and_log_message" file="/app/tests/Unit/Configuration/Package/InstanceTest.php" line="240" class="Tests\Unit\Playground\Stub\Configuration\Package\InstanceTest" classname="Tests.Unit.Playground.Stub.Configuration.Package.InstanceTest" assertions="5" time="0.025633"/>
        <testcase name="test_addRequire_with_invalid_package_and_log_message" file="/app/tests/Unit/Configuration/Package/InstanceTest.php" line="267" class="Tests\Unit\Playground\Stub\Configuration\Package\InstanceTest" classname="Tests.Unit.Playground.Stub.Configuration.Package.InstanceTest" assertions="5" time="0.023472"/>
        <testcase name="test_addRequire_with_invalid_version_and_log_message" file="/app/tests/Unit/Configuration/Package/InstanceTest.php" line="296" class="Tests\Unit\Playground\Stub\Configuration\Package\InstanceTest" classname="Tests.Unit.Playground.Stub.Configuration.Package.InstanceTest" assertions="5" time="0.023880"/>
        <testcase name="test_addRequireDev_with_invalid_package_and_log_message" file="/app/tests/Unit/Configuration/Package/InstanceTest.php" line="325" class="Tests\Unit\Playground\Stub\Configuration\Package\InstanceTest" classname="Tests.Unit.Playground.Stub.Configuration.Package.InstanceTest" assertions="5" time="0.023934"/>
        <testcase name="test_addRequireDev_with_invalid_version_and_log_message" file="/app/tests/Unit/Configuration/Package/InstanceTest.php" line="354" class="Tests\Unit\Playground\Stub\Configuration\Package\InstanceTest" classname="Tests.Unit.Playground.Stub.Configuration.Package.InstanceTest" assertions="5" time="0.025873"/>
      </testsuite>
      <testsuite name="Tests\Unit\Playground\Stub\Configuration\Policy\InstanceTest" file="/app/tests/Unit/Configuration/Policy/InstanceTest.php" tests="4" assertions="23" errors="0" failures="0" skipped="0" time="0.099415">
        <testcase name="test_instance" file="/app/tests/Unit/Configuration/Policy/InstanceTest.php" line="19" class="Tests\Unit\Playground\Stub\Configuration\Policy\InstanceTest" classname="Tests.Unit.Playground.Stub.Configuration.Policy.InstanceTest" assertions="1" time="0.032801"/>
        <testcase name="test_instance_apply_without_options" file="/app/tests/Unit/Configuration/Policy/InstanceTest.php" line="46" class="Tests\Unit\Playground\Stub\Configuration\Policy\InstanceTest" classname="Tests.Unit.Playground.Stub.Configuration.Policy.InstanceTest" assertions="4" time="0.022186"/>
        <testcase name="test_folder_is_empty_by_default" file="/app/tests/Unit/Configuration/Policy/InstanceTest.php" line="63" class="Tests\Unit\Playground\Stub\Configuration\Policy\InstanceTest" classname="Tests.Unit.Playground.Stub.Configuration.Policy.InstanceTest" assertions="3" time="0.021790"/>
        <testcase name="test_test_with_file_and_skeleton" file="/app/tests/Unit/Configuration/Policy/InstanceTest.php" line="73" class="Tests\Unit\Playground\Stub\Configuration\Policy\InstanceTest" classname="Tests.Unit.Playground.Stub.Configuration.Policy.InstanceTest" assertions="15" time="0.022638"/>
      </testsuite>
      <testsuite name="Tests\Unit\Playground\Stub\Configuration\PrimaryConfiguration\AddClassFileToTest" file="/app/tests/Unit/Configuration/PrimaryConfiguration/AddClassFileToTest.php" tests="4" assertions="12" errors="0" failures="0" skipped="0" time="0.094613">
        <testcase name="test_addClassFileTo_without_property" file="/app/tests/Unit/Configuration/PrimaryConfiguration/AddClassFileToTest.php" line="23" class="Tests\Unit\Playground\Stub\Configuration\PrimaryConfiguration\AddClassFileToTest" classname="Tests.Unit.Playground.Stub.Configuration.PrimaryConfiguration.AddClassFileToTest" assertions="3" time="0.023191"/>
        <testcase name="test_addClassFileTo_without_file" file="/app/tests/Unit/Configuration/PrimaryConfiguration/AddClassFileToTest.php" line="43" class="Tests\Unit\Playground\Stub\Configuration\PrimaryConfiguration\AddClassFileToTest" classname="Tests.Unit.Playground.Stub.Configuration.PrimaryConfiguration.AddClassFileToTest" assertions="3" time="0.023286"/>
        <testcase name="test_addClassFileTo_with_missing_property" file="/app/tests/Unit/Configuration/PrimaryConfiguration/AddClassFileToTest.php" line="63" class="Tests\Unit\Playground\Stub\Configuration\PrimaryConfiguration\AddClassFileToTest" classname="Tests.Unit.Playground.Stub.Configuration.PrimaryConfiguration.AddClassFileToTest" assertions="3" time="0.023866"/>
        <testcase name="test_addClassFileTo_with_valid_parameters_and_succeed" file="/app/tests/Unit/Configuration/PrimaryConfiguration/AddClassFileToTest.php" line="83" class="Tests\Unit\Playground\Stub\Configuration\PrimaryConfiguration\AddClassFileToTest" classname="Tests.Unit.Playground.Stub.Configuration.PrimaryConfiguration.AddClassFileToTest" assertions="3" time="0.024271"/>
      </testsuite>
      <testsuite name="Tests\Unit\Playground\Stub\Configuration\PrimaryConfiguration\AddClassToTest" file="/app/tests/Unit/Configuration/PrimaryConfiguration/AddClassToTest.php" tests="4" assertions="12" errors="0" failures="0" skipped="0" time="0.107964">
        <testcase name="test_addClassTo_without_property" file="/app/tests/Unit/Configuration/PrimaryConfiguration/AddClassToTest.php" line="23" class="Tests\Unit\Playground\Stub\Configuration\PrimaryConfiguration\AddClassToTest" classname="Tests.Unit.Playground.Stub.Configuration.PrimaryConfiguration.AddClassToTest" assertions="3" time="0.033932"/>
        <testcase name="test_addClassTo_without_fqdn" file="/app/tests/Unit/Configuration/PrimaryConfiguration/AddClassToTest.php" line="43" class="Tests\Unit\Playground\Stub\Configuration\PrimaryConfiguration\AddClassToTest" classname="Tests.Unit.Playground.Stub.Configuration.PrimaryConfiguration.AddClassToTest" assertions="3" time="0.023728"/>
        <testcase name="test_addClassTo_with_missing_property" file="/app/tests/Unit/Configuration/PrimaryConfiguration/AddClassToTest.php" line="62" class="Tests\Unit\Playground\Stub\Configuration\PrimaryConfiguration\AddClassToTest" classname="Tests.Unit.Playground.Stub.Configuration.PrimaryConfiguration.AddClassToTest" assertions="3" time="0.024092"/>
        <testcase name="test_addClassTo_with_valid_parameters_and_succeed" file="/app/tests/Unit/Configuration/PrimaryConfiguration/AddClassToTest.php" line="82" class="Tests\Unit\Playground\Stub\Configuration\PrimaryConfiguration\AddClassToTest" classname="Tests.Unit.Playground.Stub.Configuration.PrimaryConfiguration.AddClassToTest" assertions="3" time="0.026213"/>
      </testsuite>
      <testsuite name="Tests\Unit\Playground\Stub\Configuration\PrimaryConfiguration\AddMappedClassToTest" file="/app/tests/Unit/Configuration/PrimaryConfiguration/AddMappedClassToTest.php" tests="5" assertions="15" errors="0" failures="0" skipped="0" time="0.122450">
        <testcase name="test_addMappedClassTo_without_property" file="/app/tests/Unit/Configuration/PrimaryConfiguration/AddMappedClassToTest.php" line="23" class="Tests\Unit\Playground\Stub\Configuration\PrimaryConfiguration\AddMappedClassToTest" classname="Tests.Unit.Playground.Stub.Configuration.PrimaryConfiguration.AddMappedClassToTest" assertions="3" time="0.024324"/>
        <testcase name="test_addMappedClassTo_without_key" file="/app/tests/Unit/Configuration/PrimaryConfiguration/AddMappedClassToTest.php" line="45" class="Tests\Unit\Playground\Stub\Configuration\PrimaryConfiguration\AddMappedClassToTest" classname="Tests.Unit.Playground.Stub.Configuration.PrimaryConfiguration.AddMappedClassToTest" assertions="3" time="0.023866"/>
        <testcase name="test_addMappedClassTo_without_value" file="/app/tests/Unit/Configuration/PrimaryConfiguration/AddMappedClassToTest.php" line="67" class="Tests\Unit\Playground\Stub\Configuration\PrimaryConfiguration\AddMappedClassToTest" classname="Tests.Unit.Playground.Stub.Configuration.PrimaryConfiguration.AddMappedClassToTest" assertions="3" time="0.025825"/>
        <testcase name="test_addMappedClassTo_with_missing_property" file="/app/tests/Unit/Configuration/PrimaryConfiguration/AddMappedClassToTest.php" line="89" class="Tests\Unit\Playground\Stub\Configuration\PrimaryConfiguration\AddMappedClassToTest" classname="Tests.Unit.Playground.Stub.Configuration.PrimaryConfiguration.AddMappedClassToTest" assertions="3" time="0.025458"/>
        <testcase name="test_addMappedClassTo_with_valid_parameters_and_succeed" file="/app/tests/Unit/Configuration/PrimaryConfiguration/AddMappedClassToTest.php" line="111" class="Tests\Unit\Playground\Stub\Configuration\PrimaryConfiguration\AddMappedClassToTest" classname="Tests.Unit.Playground.Stub.Configuration.PrimaryConfiguration.AddMappedClassToTest" assertions="3" time="0.022976"/>
      </testsuite>
      <testsuite name="Tests\Unit\Playground\Stub\Configuration\PrimaryConfiguration\AddToUseTest" file="/app/tests/Unit/Configuration/PrimaryConfiguration/AddToUseTest.php" tests="3" assertions="9" errors="0" failures="0" skipped="0" time="0.067776">
        <testcase name="test_addToUse_without_class" file="/app/tests/Unit/Configuration/PrimaryConfiguration/AddToUseTest.php" line="23" class="Tests\Unit\Playground\Stub\Configuration\PrimaryConfiguration\AddToUseTest" classname="Tests.Unit.Playground.Stub.Configuration.PrimaryConfiguration.AddToUseTest" assertions="3" time="0.022870"/>
        <testcase name="test_addToUse_without_key_and_succeed" file="/app/tests/Unit/Configuration/PrimaryConfiguration/AddToUseTest.php" line="43" class="Tests\Unit\Playground\Stub\Configuration\PrimaryConfiguration\AddToUseTest" classname="Tests.Unit.Playground.Stub.Configuration.PrimaryConfiguration.AddToUseTest" assertions="3" time="0.022453"/>
        <testcase name="test_addToUse_with_key_and_succeed" file="/app/tests/Unit/Configuration/PrimaryConfiguration/AddToUseTest.php" line="58" class="Tests\Unit\Playground\Stub\Configuration\PrimaryConfiguration\AddToUseTest" classname="Tests.Unit.Playground.Stub.Configuration.PrimaryConfiguration.AddToUseTest" assertions="3" time="0.022453"/>
      </testsuite>
      <testsuite name="Tests\Unit\Playground\Stub\Configuration\PrimaryConfiguration\InstanceTest" file="/app/tests/Unit/Configuration/PrimaryConfiguration/InstanceTest.php" tests="5" assertions="15" errors="0" failures="0" skipped="0" time="0.112576">
        <testcase name="test_instance" file="/app/tests/Unit/Configuration/PrimaryConfiguration/InstanceTest.php" line="21" class="Tests\Unit\Playground\Stub\Configuration\PrimaryConfiguration\InstanceTest" classname="Tests.Unit.Playground.Stub.Configuration.PrimaryConfiguration.InstanceTest" assertions="1" time="0.021678"/>
        <testcase name="test_instance_apply_without_options" file="/app/tests/Unit/Configuration/PrimaryConfiguration/InstanceTest.php" line="48" class="Tests\Unit\Playground\Stub\Configuration\PrimaryConfiguration\InstanceTest" classname="Tests.Unit.Playground.Stub.Configuration.PrimaryConfiguration.InstanceTest" assertions="4" time="0.022162"/>
        <testcase name="test_folder_is_empty_by_default" file="/app/tests/Unit/Configuration/PrimaryConfiguration/InstanceTest.php" line="65" class="Tests\Unit\Playground\Stub\Configuration\PrimaryConfiguration\InstanceTest" classname="Tests.Unit.Playground.Stub.Configuration.PrimaryConfiguration.InstanceTest" assertions="3" time="0.022010"/>
        <testcase name="test_folder_with_empty_setFolder" file="/app/tests/Unit/Configuration/PrimaryConfiguration/InstanceTest.php" line="75" class="Tests\Unit\Playground\Stub\Configuration\PrimaryConfiguration\InstanceTest" classname="Tests.Unit.Playground.Stub.Configuration.PrimaryConfiguration.InstanceTest" assertions="3" time="0.023814"/>
        <testcase name="test_folder_with_path_for_setFolder" file="/app/tests/Unit/Configuration/PrimaryConfiguration/InstanceTest.php" line="85" class="Tests\Unit\Playground\Stub\Configuration\PrimaryConfiguration\InstanceTest" classname="Tests.Unit.Playground.Stub.Configuration.PrimaryConfiguration.InstanceTest" assertions="4" time="0.022913"/>
      </testsuite>
      <testsuite name="Tests\Unit\Playground\Stub\Configuration\PrimaryConfiguration\PropertiesTest" file="/app/tests/Unit/Configuration/PrimaryConfiguration/PropertiesTest.php" tests="3" assertions="40" errors="0" failures="0" skipped="0" time="0.069014">
        <testcase name="test_properties" file="/app/tests/Unit/Configuration/PrimaryConfiguration/PropertiesTest.php" line="39" class="Tests\Unit\Playground\Stub\Configuration\PrimaryConfiguration\PropertiesTest" classname="Tests.Unit.Playground.Stub.Configuration.PrimaryConfiguration.PropertiesTest" assertions="5" time="0.021952"/>
        <testcase name="test_properties_with_all_options_without_apply" file="/app/tests/Unit/Configuration/PrimaryConfiguration/PropertiesTest.php" line="58" class="Tests\Unit\Playground\Stub\Configuration\PrimaryConfiguration\PropertiesTest" classname="Tests.Unit.Playground.Stub.Configuration.PrimaryConfiguration.PropertiesTest" assertions="17" time="0.024130"/>
        <testcase name="test_properties_with_all_options_with_apply" file="/app/tests/Unit/Configuration/PrimaryConfiguration/PropertiesTest.php" line="107" class="Tests\Unit\Playground\Stub\Configuration\PrimaryConfiguration\PropertiesTest" classname="Tests.Unit.Playground.Stub.Configuration.PrimaryConfiguration.PropertiesTest" assertions="18" time="0.022931"/>
      </testsuite>
      <testsuite name="Tests\Unit\Playground\Stub\Configuration\PrimaryConfiguration\SkeletonTest" file="/app/tests/Unit/Configuration/PrimaryConfiguration/SkeletonTest.php" tests="7" assertions="10" errors="0" failures="0" skipped="0" time="0.167478">
        <testcase name="test_skeleton" file="/app/tests/Unit/Configuration/PrimaryConfiguration/SkeletonTest.php" line="19" class="Tests\Unit\Playground\Stub\Configuration\PrimaryConfiguration\SkeletonTest" classname="Tests.Unit.Playground.Stub.Configuration.PrimaryConfiguration.SkeletonTest" assertions="2" time="0.022161"/>
        <testcase name="test_skeleton_withSkeleton" file="/app/tests/Unit/Configuration/PrimaryConfiguration/SkeletonTest.php" line="28" class="Tests\Unit\Playground\Stub\Configuration\PrimaryConfiguration\SkeletonTest" classname="Tests.Unit.Playground.Stub.Configuration.PrimaryConfiguration.SkeletonTest" assertions="2" time="0.022592"/>
        <testcase name="test_skeleton_option_as_false" file="/app/tests/Unit/Configuration/PrimaryConfiguration/SkeletonTest.php" line="39" class="Tests\Unit\Playground\Stub\Configuration\PrimaryConfiguration\SkeletonTest" classname="Tests.Unit.Playground.Stub.Configuration.PrimaryConfiguration.SkeletonTest" assertions="1" time="0.023435"/>
        <testcase name="test_skeleton_option_as_true" file="/app/tests/Unit/Configuration/PrimaryConfiguration/SkeletonTest.php" line="50" class="Tests\Unit\Playground\Stub\Configuration\PrimaryConfiguration\SkeletonTest" classname="Tests.Unit.Playground.Stub.Configuration.PrimaryConfiguration.SkeletonTest" assertions="1" time="0.023844"/>
        <testcase name="test_skeleton_parameter_as_true" file="/app/tests/Unit/Configuration/PrimaryConfiguration/SkeletonTest.php" line="61" class="Tests\Unit\Playground\Stub\Configuration\PrimaryConfiguration\SkeletonTest" classname="Tests.Unit.Playground.Stub.Configuration.PrimaryConfiguration.SkeletonTest" assertions="1" time="0.024314"/>
        <testcase name="test_skeleton_parameter_as_false_overrules_option" file="/app/tests/Unit/Configuration/PrimaryConfiguration/SkeletonTest.php" line="70" class="Tests\Unit\Playground\Stub\Configuration\PrimaryConfiguration\SkeletonTest" classname="Tests.Unit.Playground.Stub.Configuration.PrimaryConfiguration.SkeletonTest" assertions="1" time="0.024377"/>
        <testcase name="test_skeleton_parameter_as_true_overrules_option" file="/app/tests/Unit/Configuration/PrimaryConfiguration/SkeletonTest.php" line="81" class="Tests\Unit\Playground\Stub\Configuration\PrimaryConfiguration\SkeletonTest" classname="Tests.Unit.Playground.Stub.Configuration.PrimaryConfiguration.SkeletonTest" assertions="2" time="0.026754"/>
      </testsuite>
      <testsuite name="Tests\Unit\Playground\Stub\Configuration\Test\InstanceTest" file="/app/tests/Unit/Configuration/Test/InstanceTest.php" tests="4" assertions="25" errors="0" failures="0" skipped="0" time="0.092171">
        <testcase name="test_instance" file="/app/tests/Unit/Configuration/Test/InstanceTest.php" line="19" class="Tests\Unit\Playground\Stub\Configuration\Test\InstanceTest" classname="Tests.Unit.Playground.Stub.Configuration.Test.InstanceTest" assertions="1" time="0.023800"/>
        <testcase name="test_instance_apply_without_options" file="/app/tests/Unit/Configuration/Test/InstanceTest.php" line="48" class="Tests\Unit\Playground\Stub\Configuration\Test\InstanceTest" classname="Tests.Unit.Playground.Stub.Configuration.Test.InstanceTest" assertions="4" time="0.022342"/>
        <testcase name="test_folder_is_empty_by_default" file="/app/tests/Unit/Configuration/Test/InstanceTest.php" line="65" class="Tests\Unit\Playground\Stub\Configuration\Test\InstanceTest" classname="Tests.Unit.Playground.Stub.Configuration.Test.InstanceTest" assertions="3" time="0.022646"/>
        <testcase name="test_test_with_file_and_skeleton" file="/app/tests/Unit/Configuration/Test/InstanceTest.php" line="75" class="Tests\Unit\Playground\Stub\Configuration\Test\InstanceTest" classname="Tests.Unit.Playground.Stub.Configuration.Test.InstanceTest" assertions="17" time="0.023382"/>
      </testsuite>
      <testsuite name="Tests\Unit\Playground\Stub\Console\Commands\ControllerMakeCommand\CommandTest" file="/app/tests/Unit/Console/Commands/ControllerMakeCommand/CommandTest.php" tests="1" assertions="1" errors="0" failures="0" skipped="0" time="1.691008">
        <testcase name="test_command_displays_help" file="/app/tests/Unit/Console/Commands/ControllerMakeCommand/CommandTest.php" line="19" class="Tests\Unit\Playground\Stub\Console\Commands\ControllerMakeCommand\CommandTest" classname="Tests.Unit.Playground.Stub.Console.Commands.ControllerMakeCommand.CommandTest" assertions="1" time="1.691008"/>
      </testsuite>
      <testsuite name="Tests\Unit\Playground\Stub\Console\Commands\FactoryMakeCommand\CommandTest" file="/app/tests/Unit/Console/Commands/FactoryMakeCommand/CommandTest.php" tests="1" assertions="1" errors="0" failures="0" skipped="0" time="0.031959">
        <testcase name="test_command_displays_help" file="/app/tests/Unit/Console/Commands/FactoryMakeCommand/CommandTest.php" line="19" class="Tests\Unit\Playground\Stub\Console\Commands\FactoryMakeCommand\CommandTest" classname="Tests.Unit.Playground.Stub.Console.Commands.FactoryMakeCommand.CommandTest" assertions="1" time="0.031959"/>
      </testsuite>
      <testsuite name="Tests\Unit\Playground\Stub\Console\Commands\MigrationMakeCommand\CommandTest" file="/app/tests/Unit/Console/Commands/MigrationMakeCommand/CommandTest.php" tests="1" assertions="1" errors="0" failures="0" skipped="0" time="0.032675">
        <testcase name="test_command_displays_help" file="/app/tests/Unit/Console/Commands/MigrationMakeCommand/CommandTest.php" line="19" class="Tests\Unit\Playground\Stub\Console\Commands\MigrationMakeCommand\CommandTest" classname="Tests.Unit.Playground.Stub.Console.Commands.MigrationMakeCommand.CommandTest" assertions="1" time="0.032675"/>
      </testsuite>
      <testsuite name="Tests\Unit\Playground\Stub\Console\Commands\ModelMakeCommand\CommandTest" file="/app/tests/Unit/Console/Commands/ModelMakeCommand/CommandTest.php" tests="1" assertions="1" errors="0" failures="0" skipped="0" time="0.036672">
        <testcase name="test_command_displays_help" file="/app/tests/Unit/Console/Commands/ModelMakeCommand/CommandTest.php" line="19" class="Tests\Unit\Playground\Stub\Console\Commands\ModelMakeCommand\CommandTest" classname="Tests.Unit.Playground.Stub.Console.Commands.ModelMakeCommand.CommandTest" assertions="1" time="0.036672"/>
      </testsuite>
      <testsuite name="Tests\Unit\Playground\Stub\Console\Commands\PackageMakeCommand\CommandTest" file="/app/tests/Unit/Console/Commands/PackageMakeCommand/CommandTest.php" tests="1" assertions="1" errors="0" failures="0" skipped="0" time="0.036494">
        <testcase name="test_command_displays_help" file="/app/tests/Unit/Console/Commands/PackageMakeCommand/CommandTest.php" line="19" class="Tests\Unit\Playground\Stub\Console\Commands\PackageMakeCommand\CommandTest" classname="Tests.Unit.Playground.Stub.Console.Commands.PackageMakeCommand.CommandTest" assertions="1" time="0.036494"/>
      </testsuite>
      <testsuite name="Tests\Unit\Playground\Stub\Console\Commands\PolicyMakeCommand\CommandTest" file="/app/tests/Unit/Console/Commands/PolicyMakeCommand/CommandTest.php" tests="1" assertions="1" errors="0" failures="0" skipped="0" time="0.033017">
        <testcase name="test_command_displays_help" file="/app/tests/Unit/Console/Commands/PolicyMakeCommand/CommandTest.php" line="19" class="Tests\Unit\Playground\Stub\Console\Commands\PolicyMakeCommand\CommandTest" classname="Tests.Unit.Playground.Stub.Console.Commands.PolicyMakeCommand.CommandTest" assertions="1" time="0.033017"/>
      </testsuite>
      <testsuite name="Tests\Unit\Playground\Stub\Console\Commands\RequestMakeCommand\CommandTest" file="/app/tests/Unit/Console/Commands/RequestMakeCommand/CommandTest.php" tests="1" assertions="1" errors="0" failures="0" skipped="0" time="0.035516">
        <testcase name="test_command_displays_help" file="/app/tests/Unit/Console/Commands/RequestMakeCommand/CommandTest.php" line="19" class="Tests\Unit\Playground\Stub\Console\Commands\RequestMakeCommand\CommandTest" classname="Tests.Unit.Playground.Stub.Console.Commands.RequestMakeCommand.CommandTest" assertions="1" time="0.035516"/>
      </testsuite>
      <testsuite name="Tests\Unit\Playground\Stub\Console\Commands\ResourceMakeCommand\CommandTest" file="/app/tests/Unit/Console/Commands/ResourceMakeCommand/CommandTest.php" tests="1" assertions="1" errors="0" failures="0" skipped="0" time="0.032130">
        <testcase name="test_command_displays_help" file="/app/tests/Unit/Console/Commands/ResourceMakeCommand/CommandTest.php" line="19" class="Tests\Unit\Playground\Stub\Console\Commands\ResourceMakeCommand\CommandTest" classname="Tests.Unit.Playground.Stub.Console.Commands.ResourceMakeCommand.CommandTest" assertions="1" time="0.032130"/>
      </testsuite>
      <testsuite name="Tests\Unit\Playground\Stub\Console\Commands\RouteMakeCommand\CommandTest" file="/app/tests/Unit/Console/Commands/RouteMakeCommand/CommandTest.php" tests="1" assertions="1" errors="0" failures="0" skipped="0" time="0.031604">
        <testcase name="test_command_displays_help" file="/app/tests/Unit/Console/Commands/RouteMakeCommand/CommandTest.php" line="19" class="Tests\Unit\Playground\Stub\Console\Commands\RouteMakeCommand\CommandTest" classname="Tests.Unit.Playground.Stub.Console.Commands.RouteMakeCommand.CommandTest" assertions="1" time="0.031604"/>
      </testsuite>
      <testsuite name="Tests\Unit\Playground\Stub\Console\Commands\SeederMakeCommand\CommandTest" file="/app/tests/Unit/Console/Commands/SeederMakeCommand/CommandTest.php" tests="1" assertions="1" errors="0" failures="0" skipped="0" time="0.031843">
        <testcase name="test_command_displays_help" file="/app/tests/Unit/Console/Commands/SeederMakeCommand/CommandTest.php" line="19" class="Tests\Unit\Playground\Stub\Console\Commands\SeederMakeCommand\CommandTest" classname="Tests.Unit.Playground.Stub.Console.Commands.SeederMakeCommand.CommandTest" assertions="1" time="0.031843"/>
      </testsuite>
      <testsuite name="Tests\Unit\Playground\Stub\Console\Commands\SwaggerMakeCommand\CommandTest" file="/app/tests/Unit/Console/Commands/SwaggerMakeCommand/CommandTest.php" tests="1" assertions="1" errors="0" failures="0" skipped="0" time="0.031980">
        <testcase name="test_command_displays_help" file="/app/tests/Unit/Console/Commands/SwaggerMakeCommand/CommandTest.php" line="19" class="Tests\Unit\Playground\Stub\Console\Commands\SwaggerMakeCommand\CommandTest" classname="Tests.Unit.Playground.Stub.Console.Commands.SwaggerMakeCommand.CommandTest" assertions="1" time="0.031980"/>
      </testsuite>
      <testsuite name="Tests\Unit\Playground\Stub\Console\Commands\TemplateMakeCommand\CommandTest" file="/app/tests/Unit/Console/Commands/TemplateMakeCommand/CommandTest.php" tests="1" assertions="1" errors="0" failures="0" skipped="0" time="0.031674">
        <testcase name="test_command_displays_help" file="/app/tests/Unit/Console/Commands/TemplateMakeCommand/CommandTest.php" line="19" class="Tests\Unit\Playground\Stub\Console\Commands\TemplateMakeCommand\CommandTest" classname="Tests.Unit.Playground.Stub.Console.Commands.TemplateMakeCommand.CommandTest" assertions="1" time="0.031674"/>
      </testsuite>
      <testsuite name="Tests\Unit\Playground\Stub\Console\Commands\TestMakeCommand\CommandTest" file="/app/tests/Unit/Console/Commands/TestMakeCommand/CommandTest.php" tests="1" assertions="1" errors="0" failures="0" skipped="0" time="0.031444">
        <testcase name="test_command_displays_help" file="/app/tests/Unit/Console/Commands/TestMakeCommand/CommandTest.php" line="19" class="Tests\Unit\Playground\Stub\Console\Commands\TestMakeCommand\CommandTest" classname="Tests.Unit.Playground.Stub.Console.Commands.TestMakeCommand.CommandTest" assertions="1" time="0.031444"/>
      </testsuite>
    </testsuite>
    <testsuite name="Feature" tests="216" assertions="246" errors="0" failures="0" skipped="1" time="13.324501">
      <testsuite name="Tests\Feature\Playground\Stub\Console\Commands\About\CommandTest" file="/app/tests/Feature/Console/Commands/About/CommandTest.php" tests="1" assertions="2" errors="0" failures="0" skipped="0" time="0.120351">
        <testcase name="test_command_about_displays_package_information_and_succeed_with_code_0" file="/app/tests/Feature/Console/Commands/About/CommandTest.php" line="28" class="Tests\Feature\Playground\Stub\Console\Commands\About\CommandTest" classname="Tests.Feature.Playground.Stub.Console.Commands.About.CommandTest" assertions="2" time="0.120351"/>
      </testsuite>
      <testsuite name="Tests\Feature\Playground\Stub\Console\Commands\ControllerMakeCommand\CommandTest" file="/app/tests/Feature/Console/Commands/ControllerMakeCommand/CommandTest.php" tests="2" assertions="3" errors="0" failures="0" skipped="0" time="0.242501">
        <testcase name="test_command_without_options_or_arguments" file="/app/tests/Feature/Console/Commands/ControllerMakeCommand/CommandTest.php" line="24" class="Tests\Feature\Playground\Stub\Console\Commands\ControllerMakeCommand\CommandTest" classname="Tests.Feature.Playground.Stub.Console.Commands.ControllerMakeCommand.CommandTest" assertions="2" time="0.064602"/>
        <testcase name="test_command_skeleton" file="/app/tests/Feature/Console/Commands/ControllerMakeCommand/CommandTest.php" line="34" class="Tests\Feature\Playground\Stub\Console\Commands\ControllerMakeCommand\CommandTest" classname="Tests.Feature.Playground.Stub.Console.Commands.ControllerMakeCommand.CommandTest" assertions="1" time="0.177899"/>
      </testsuite>
      <testsuite name="Tests\Feature\Playground\Stub\Console\Commands\ControllerMakeCommand\FileTest" file="/app/tests/Feature/Console/Commands/ControllerMakeCommand/FileTest.php" tests="2" assertions="2" errors="0" failures="0" skipped="0" time="0.867197">
        <testcase name="test_command_make_controller_with_force_and_without_skeleton" file="/app/tests/Feature/Console/Commands/ControllerMakeCommand/FileTest.php" line="24" class="Tests\Feature\Playground\Stub\Console\Commands\ControllerMakeCommand\FileTest" classname="Tests.Feature.Playground.Stub.Console.Commands.ControllerMakeCommand.FileTest" assertions="1" time="0.085681"/>
        <testcase name="test_command_make_controller_with_force_and_with_skeleton" file="/app/tests/Feature/Console/Commands/ControllerMakeCommand/FileTest.php" line="38" class="Tests\Feature\Playground\Stub\Console\Commands\ControllerMakeCommand\FileTest" classname="Tests.Feature.Playground.Stub.Console.Commands.ControllerMakeCommand.FileTest" assertions="1" time="0.781515"/>
      </testsuite>
      <testsuite name="Tests\Feature\Playground\Stub\Console\Commands\FactoryMakeCommand\CommandTest" file="/app/tests/Feature/Console/Commands/FactoryMakeCommand/CommandTest.php" tests="2" assertions="3" errors="0" failures="0" skipped="0" time="0.061113">
        <testcase name="test_command_without_options_or_arguments" file="/app/tests/Feature/Console/Commands/FactoryMakeCommand/CommandTest.php" line="19" class="Tests\Feature\Playground\Stub\Console\Commands\FactoryMakeCommand\CommandTest" classname="Tests.Feature.Playground.Stub.Console.Commands.FactoryMakeCommand.CommandTest" assertions="2" time="0.029663"/>
        <testcase name="test_command_skeleton" file="/app/tests/Feature/Console/Commands/FactoryMakeCommand/CommandTest.php" line="29" class="Tests\Feature\Playground\Stub\Console\Commands\FactoryMakeCommand\CommandTest" classname="Tests.Feature.Playground.Stub.Console.Commands.FactoryMakeCommand.CommandTest" assertions="1" time="0.031450"/>
      </testsuite>
      <testsuite name="Tests\Feature\Playground\Stub\Console\Commands\FactoryMakeCommand\ModelTest" file="/app/tests/Feature/Console/Commands/FactoryMakeCommand/ModelTest.php" tests="2" assertions="2" errors="0" failures="0" skipped="0" time="0.073250">
        <testcase name="test_command_make_factory_with_force_and_without_skeleton" file="/app/tests/Feature/Console/Commands/FactoryMakeCommand/ModelTest.php" line="19" class="Tests\Feature\Playground\Stub\Console\Commands\FactoryMakeCommand\ModelTest" classname="Tests.Feature.Playground.Stub.Console.Commands.FactoryMakeCommand.ModelTest" assertions="1" time="0.036173"/>
        <testcase name="test_command_make_factory_with_force_and_with_skeleton" file="/app/tests/Feature/Console/Commands/FactoryMakeCommand/ModelTest.php" line="33" class="Tests\Feature\Playground\Stub\Console\Commands\FactoryMakeCommand\ModelTest" classname="Tests.Feature.Playground.Stub.Console.Commands.FactoryMakeCommand.ModelTest" assertions="1" time="0.037076"/>
      </testsuite>
      <testsuite name="Tests\Feature\Playground\Stub\Console\Commands\MigrationMakeCommand\CommandTest" file="/app/tests/Feature/Console/Commands/MigrationMakeCommand/CommandTest.php" tests="7" assertions="10" errors="0" failures="0" skipped="1" time="0.245652">
        <testcase name="test_command_without_argument_and_with_table_option" file="/app/tests/Feature/Console/Commands/MigrationMakeCommand/CommandTest.php" line="17" class="Tests\Feature\Playground\Stub\Console\Commands\MigrationMakeCommand\CommandTest" classname="Tests.Feature.Playground.Stub.Console.Commands.MigrationMakeCommand.CommandTest" assertions="2" time="0.030285"/>
        <testcase name="test_command_with_reserved_name" file="/app/tests/Feature/Console/Commands/MigrationMakeCommand/CommandTest.php" line="27" class="Tests\Feature\Playground\Stub\Console\Commands\MigrationMakeCommand\CommandTest" classname="Tests.Feature.Playground.Stub.Console.Commands.MigrationMakeCommand.CommandTest" assertions="2" time="0.030184"/>
        <testcase name="test_command_skeleton" file="/app/tests/Feature/Console/Commands/MigrationMakeCommand/CommandTest.php" line="37" class="Tests\Feature\Playground\Stub\Console\Commands\MigrationMakeCommand\CommandTest" classname="Tests.Feature.Playground.Stub.Console.Commands.MigrationMakeCommand.CommandTest" assertions="1" time="0.033485"/>
        <testcase name="test_command_skeleton_without_force" file="/app/tests/Feature/Console/Commands/MigrationMakeCommand/CommandTest.php" line="46" class="Tests\Feature\Playground\Stub\Console\Commands\MigrationMakeCommand\CommandTest" classname="Tests.Feature.Playground.Stub.Console.Commands.MigrationMakeCommand.CommandTest" assertions="2" time="0.032942"/>
        <testcase name="test_command_skeleton_with_invalid_table_parameter" file="/app/tests/Feature/Console/Commands/MigrationMakeCommand/CommandTest.php" line="56" class="Tests\Feature\Playground\Stub\Console\Commands\MigrationMakeCommand\CommandTest" classname="Tests.Feature.Playground.Stub.Console.Commands.MigrationMakeCommand.CommandTest" assertions="2" time="0.039409"/>
        <testcase name="test_command_skeleton_with_invalid_table_in_file" file="/app/tests/Feature/Console/Commands/MigrationMakeCommand/CommandTest.php" line="67" class="Tests\Feature\Playground\Stub\Console\Commands\MigrationMakeCommand\CommandTest" classname="Tests.Feature.Playground.Stub.Console.Commands.MigrationMakeCommand.CommandTest" assertions="0" time="0.024347">
          <skipped/>
        </testcase>
        <testcase name="test_command_skeleton_with_empty_name_in_file" file="/app/tests/Feature/Console/Commands/MigrationMakeCommand/CommandTest.php" line="85" class="Tests\Feature\Playground\Stub\Console\Commands\MigrationMakeCommand\CommandTest" classname="Tests.Feature.Playground.Stub.Console.Commands.MigrationMakeCommand.CommandTest" assertions="1" time="0.055000"/>
      </testsuite>
      <testsuite name="Tests\Feature\Playground\Stub\Console\Commands\MigrationMakeCommand\InteractiveTest" file="/app/tests/Feature/Console/Commands/MigrationMakeCommand/InteractiveTest.php" tests="2" assertions="7" errors="0" failures="0" skipped="0" time="0.065977">
        <testcase name="test_command_with_interactive_option" file="/app/tests/Feature/Console/Commands/MigrationMakeCommand/InteractiveTest.php" line="23" class="Tests\Feature\Playground\Stub\Console\Commands\MigrationMakeCommand\InteractiveTest" classname="Tests.Feature.Playground.Stub.Console.Commands.MigrationMakeCommand.InteractiveTest" assertions="5" time="0.035286"/>
        <testcase name="test_command_with_interactive_option_and_cancel" file="/app/tests/Feature/Console/Commands/MigrationMakeCommand/InteractiveTest.php" line="39" class="Tests\Feature\Playground\Stub\Console\Commands\MigrationMakeCommand\InteractiveTest" classname="Tests.Feature.Playground.Stub.Console.Commands.MigrationMakeCommand.InteractiveTest" assertions="2" time="0.030692"/>
      </testsuite>
      <testsuite name="Tests\Feature\Playground\Stub\Console\Commands\MigrationMakeCommand\ModelTest" file="/app/tests/Feature/Console/Commands/MigrationMakeCommand/ModelTest.php" tests="10" assertions="12" errors="0" failures="0" skipped="0" time="0.479313">
        <testcase name="test_command_make_migration_without_name_with_force_and_without_skeleton" file="/app/tests/Feature/Console/Commands/MigrationMakeCommand/ModelTest.php" line="20" class="Tests\Feature\Playground\Stub\Console\Commands\MigrationMakeCommand\ModelTest" classname="Tests.Feature.Playground.Stub.Console.Commands.MigrationMakeCommand.ModelTest" assertions="2" time="0.046685"/>
        <testcase name="test_command_make_migration_with_force_and_with_skeleton" file="/app/tests/Feature/Console/Commands/MigrationMakeCommand/ModelTest.php" line="35" class="Tests\Feature\Playground\Stub\Console\Commands\MigrationMakeCommand\ModelTest" classname="Tests.Feature.Playground.Stub.Console.Commands.MigrationMakeCommand.ModelTest" assertions="1" time="0.053503"/>
        <testcase name="test_command_make_create_migration_with_force_and_without_skeleton" file="/app/tests/Feature/Console/Commands/MigrationMakeCommand/ModelTest.php" line="50" class="Tests\Feature\Playground\Stub\Console\Commands\MigrationMakeCommand\ModelTest" classname="Tests.Feature.Playground.Stub.Console.Commands.MigrationMakeCommand.ModelTest" assertions="1" time="0.047734"/>
        <testcase name="test_command_make_create_migration_without_name_with_force_and_without_skeleton" file="/app/tests/Feature/Console/Commands/MigrationMakeCommand/ModelTest.php" line="64" class="Tests\Feature\Playground\Stub\Console\Commands\MigrationMakeCommand\ModelTest" classname="Tests.Feature.Playground.Stub.Console.Commands.MigrationMakeCommand.ModelTest" assertions="2" time="0.045160"/>
        <testcase name="test_command_make_create_migration_with_force_and_with_skeleton" file="/app/tests/Feature/Console/Commands/MigrationMakeCommand/ModelTest.php" line="79" class="Tests\Feature\Playground\Stub\Console\Commands\MigrationMakeCommand\ModelTest" classname="Tests.Feature.Playground.Stub.Console.Commands.MigrationMakeCommand.ModelTest" assertions="1" time="0.054275"/>
        <testcase name="test_command_make_update_migration_with_force_and_without_skeleton" file="/app/tests/Feature/Console/Commands/MigrationMakeCommand/ModelTest.php" line="94" class="Tests\Feature\Playground\Stub\Console\Commands\MigrationMakeCommand\ModelTest" classname="Tests.Feature.Playground.Stub.Console.Commands.MigrationMakeCommand.ModelTest" assertions="1" time="0.047740"/>
        <testcase name="test_command_make_update_migration_with_force_and_with_skeleton" file="/app/tests/Feature/Console/Commands/MigrationMakeCommand/ModelTest.php" line="108" class="Tests\Feature\Playground\Stub\Console\Commands\MigrationMakeCommand\ModelTest" classname="Tests.Feature.Playground.Stub.Console.Commands.MigrationMakeCommand.ModelTest" assertions="1" time="0.055533"/>
        <testcase name="test_command_make_create_migration_and_load_model_from_migration_configuration" file="/app/tests/Feature/Console/Commands/MigrationMakeCommand/ModelTest.php" line="123" class="Tests\Feature\Playground\Stub\Console\Commands\MigrationMakeCommand\ModelTest" classname="Tests.Feature.Playground.Stub.Console.Commands.MigrationMakeCommand.ModelTest" assertions="1" time="0.054118"/>
        <testcase name="test_command_make_create_migration_with_bare_model_skeleton" file="/app/tests/Feature/Console/Commands/MigrationMakeCommand/ModelTest.php" line="139" class="Tests\Feature\Playground\Stub\Console\Commands\MigrationMakeCommand\ModelTest" classname="Tests.Feature.Playground.Stub.Console.Commands.MigrationMakeCommand.ModelTest" assertions="1" time="0.037301"/>
        <testcase name="test_command_make_create_migration_with_sparse_model_skeleton" file="/app/tests/Feature/Console/Commands/MigrationMakeCommand/ModelTest.php" line="153" class="Tests\Feature\Playground\Stub\Console\Commands\MigrationMakeCommand\ModelTest" classname="Tests.Feature.Playground.Stub.Console.Commands.MigrationMakeCommand.ModelTest" assertions="1" time="0.037264"/>
      </testsuite>
      <testsuite name="Tests\Feature\Playground\Stub\Console\Commands\ModelMakeCommand\CommandTest" file="/app/tests/Feature/Console/Commands/ModelMakeCommand/CommandTest.php" tests="3" assertions="4" errors="0" failures="0" skipped="0" time="0.173753">
        <testcase name="test_command_without_options_or_arguments" file="/app/tests/Feature/Console/Commands/ModelMakeCommand/CommandTest.php" line="23" class="Tests\Feature\Playground\Stub\Console\Commands\ModelMakeCommand\CommandTest" classname="Tests.Feature.Playground.Stub.Console.Commands.ModelMakeCommand.CommandTest" assertions="2" time="0.032041"/>
        <testcase name="test_command_skeleton" file="/app/tests/Feature/Console/Commands/ModelMakeCommand/CommandTest.php" line="33" class="Tests\Feature\Playground\Stub\Console\Commands\ModelMakeCommand\CommandTest" classname="Tests.Feature.Playground.Stub.Console.Commands.ModelMakeCommand.CommandTest" assertions="1" time="0.101497"/>
        <testcase name="test_command_with_invalid_file" file="/app/tests/Feature/Console/Commands/ModelMakeCommand/CommandTest.php" line="42" class="Tests\Feature\Playground\Stub\Console\Commands\ModelMakeCommand\CommandTest" classname="Tests.Feature.Playground.Stub.Console.Commands.ModelMakeCommand.CommandTest" assertions="1" time="0.040215"/>
      </testsuite>
      <testsuite name="Tests\Feature\Playground\Stub\Console\Commands\ModelMakeCommand\ConfigurationTest" file="/app/tests/Feature/Console/Commands/ModelMakeCommand/ConfigurationTest.php" tests="1" assertions="1" errors="0" failures="0" skipped="0" time="0.129046">
        <testcase name="test_command_with_file_skeleton_and_force" file="/app/tests/Feature/Console/Commands/ModelMakeCommand/ConfigurationTest.php" line="24" class="Tests\Feature\Playground\Stub\Console\Commands\ModelMakeCommand\ConfigurationTest" classname="Tests.Feature.Playground.Stub.Console.Commands.ModelMakeCommand.ConfigurationTest" assertions="1" time="0.129046"/>
      </testsuite>
      <testsuite name="Tests\Feature\Playground\Stub\Console\Commands\ModelMakeCommand\ModelTest" file="/app/tests/Feature/Console/Commands/ModelMakeCommand/ModelTest.php" tests="5" assertions="5" errors="0" failures="0" skipped="0" time="1.052703">
        <testcase name="test_command_make_model_with_force" file="/app/tests/Feature/Console/Commands/ModelMakeCommand/ModelTest.php" line="23" class="Tests\Feature\Playground\Stub\Console\Commands\ModelMakeCommand\ModelTest" classname="Tests.Feature.Playground.Stub.Console.Commands.ModelMakeCommand.ModelTest" assertions="1" time="0.082063"/>
        <testcase name="test_command_make_playground_model_api_with_force" file="/app/tests/Feature/Console/Commands/ModelMakeCommand/ModelTest.php" line="37" class="Tests\Feature\Playground\Stub\Console\Commands\ModelMakeCommand\ModelTest" classname="Tests.Feature.Playground.Stub.Console.Commands.ModelMakeCommand.ModelTest" assertions="1" time="0.207068"/>
        <testcase name="test_command_make_playground_model_resource_with_force" file="/app/tests/Feature/Console/Commands/ModelMakeCommand/ModelTest.php" line="51" class="Tests\Feature\Playground\Stub\Console\Commands\ModelMakeCommand\ModelTest" classname="Tests.Feature.Playground.Stub.Console.Commands.ModelMakeCommand.ModelTest" assertions="1" time="0.240434"/>
        <testcase name="test_command_make_all_playground_model_api_with_force" file="/app/tests/Feature/Console/Commands/ModelMakeCommand/ModelTest.php" line="65" class="Tests\Feature\Playground\Stub\Console\Commands\ModelMakeCommand\ModelTest" classname="Tests.Feature.Playground.Stub.Console.Commands.ModelMakeCommand.ModelTest" assertions="1" time="0.255660"/>
        <testcase name="test_command_make_all_playground_model_resource_with_force" file="/app/tests/Feature/Console/Commands/ModelMakeCommand/ModelTest.php" line="79" class="Tests\Feature\Playground\Stub\Console\Commands\ModelMakeCommand\ModelTest" classname="Tests.Feature.Playground.Stub.Console.Commands.ModelMakeCommand.ModelTest" assertions="1" time="0.267478"/>
      </testsuite>
      <testsuite name="Tests\Feature\Playground\Stub\Console\Commands\ModelMakeCommand\OptionsTest" file="/app/tests/Feature/Console/Commands/ModelMakeCommand/OptionsTest.php" tests="10" assertions="10" errors="0" failures="0" skipped="0" time="0.523623">
        <testcase name="test_command_make_model_with_all_of_the_option_flags" file="/app/tests/Feature/Console/Commands/ModelMakeCommand/OptionsTest.php" line="23" class="Tests\Feature\Playground\Stub\Console\Commands\ModelMakeCommand\OptionsTest" classname="Tests.Feature.Playground.Stub.Console.Commands.ModelMakeCommand.OptionsTest" assertions="1" time="0.079744"/>
        <testcase name="test_command_make_model_with_pivot_type" file="/app/tests/Feature/Console/Commands/ModelMakeCommand/OptionsTest.php" line="34" class="Tests\Feature\Playground\Stub\Console\Commands\ModelMakeCommand\OptionsTest" classname="Tests.Feature.Playground.Stub.Console.Commands.ModelMakeCommand.OptionsTest" assertions="1" time="0.042985"/>
        <testcase name="test_command_make_model_with_pivot_option" file="/app/tests/Feature/Console/Commands/ModelMakeCommand/OptionsTest.php" line="45" class="Tests\Feature\Playground\Stub\Console\Commands\ModelMakeCommand\OptionsTest" classname="Tests.Feature.Playground.Stub.Console.Commands.ModelMakeCommand.OptionsTest" assertions="1" time="0.043283"/>
        <testcase name="test_command_make_model_with_morph_pivot_type" file="/app/tests/Feature/Console/Commands/ModelMakeCommand/OptionsTest.php" line="56" class="Tests\Feature\Playground\Stub\Console\Commands\ModelMakeCommand\OptionsTest" classname="Tests.Feature.Playground.Stub.Console.Commands.ModelMakeCommand.OptionsTest" assertions="1" time="0.043432"/>
        <testcase name="test_command_make_model_with_morph_pivot_option" file="/app/tests/Feature/Console/Commands/ModelMakeCommand/OptionsTest.php" line="67" class="Tests\Feature\Playground\Stub\Console\Commands\ModelMakeCommand\OptionsTest" classname="Tests.Feature.Playground.Stub.Console.Commands.ModelMakeCommand.OptionsTest" assertions="1" time="0.043797"/>
        <testcase name="test_command_make_model_with_api_type" file="/app/tests/Feature/Console/Commands/ModelMakeCommand/OptionsTest.php" line="78" class="Tests\Feature\Playground\Stub\Console\Commands\ModelMakeCommand\OptionsTest" classname="Tests.Feature.Playground.Stub.Console.Commands.ModelMakeCommand.OptionsTest" assertions="1" time="0.039586"/>
        <testcase name="test_command_make_model_with_abstract_type" file="/app/tests/Feature/Console/Commands/ModelMakeCommand/OptionsTest.php" line="89" class="Tests\Feature\Playground\Stub\Console\Commands\ModelMakeCommand\OptionsTest" classname="Tests.Feature.Playground.Stub.Console.Commands.ModelMakeCommand.OptionsTest" assertions="1" time="0.038493"/>
        <testcase name="test_command_make_model_with_model_type" file="/app/tests/Feature/Console/Commands/ModelMakeCommand/OptionsTest.php" line="100" class="Tests\Feature\Playground\Stub\Console\Commands\ModelMakeCommand\OptionsTest" classname="Tests.Feature.Playground.Stub.Console.Commands.ModelMakeCommand.OptionsTest" assertions="1" time="0.038287"/>
        <testcase name="test_command_make_model_with_api_controller_option" file="/app/tests/Feature/Console/Commands/ModelMakeCommand/OptionsTest.php" line="111" class="Tests\Feature\Playground\Stub\Console\Commands\ModelMakeCommand\OptionsTest" classname="Tests.Feature.Playground.Stub.Console.Commands.ModelMakeCommand.OptionsTest" assertions="1" time="0.076141"/>
        <testcase name="test_command_make_model_with_resource_controller_option" file="/app/tests/Feature/Console/Commands/ModelMakeCommand/OptionsTest.php" line="122" class="Tests\Feature\Playground\Stub\Console\Commands\ModelMakeCommand\OptionsTest" classname="Tests.Feature.Playground.Stub.Console.Commands.ModelMakeCommand.OptionsTest" assertions="1" time="0.077876"/>
      </testsuite>
      <testsuite name="Tests\Acceptance\Playground\Stub\Console\Commands\PackageMakeCommand\ApiTest" file="/app/tests/Feature/Console/Commands/PackageMakeCommand/ApiTest.php" tests="2" assertions="2" errors="0" failures="0" skipped="0" time="0.245218">
        <testcase name="test_command_make_api_package_with_force_and_without_skeleton" file="/app/tests/Feature/Console/Commands/PackageMakeCommand/ApiTest.php" line="19" class="Tests\Acceptance\Playground\Stub\Console\Commands\PackageMakeCommand\ApiTest" classname="Tests.Acceptance.Playground.Stub.Console.Commands.PackageMakeCommand.ApiTest" assertions="1" time="0.122972"/>
        <testcase name="test_command_make_api_package_with_force_and_with_skeleton" file="/app/tests/Feature/Console/Commands/PackageMakeCommand/ApiTest.php" line="33" class="Tests\Acceptance\Playground\Stub\Console\Commands\PackageMakeCommand\ApiTest" classname="Tests.Acceptance.Playground.Stub.Console.Commands.PackageMakeCommand.ApiTest" assertions="1" time="0.122246"/>
      </testsuite>
      <testsuite name="Tests\Feature\Playground\Stub\Console\Commands\PackageMakeCommand\CommandTest" file="/app/tests/Feature/Console/Commands/PackageMakeCommand/CommandTest.php" tests="2" assertions="3" errors="0" failures="0" skipped="0" time="0.075800">
        <testcase name="test_command_without_options_or_arguments" file="/app/tests/Feature/Console/Commands/PackageMakeCommand/CommandTest.php" line="19" class="Tests\Feature\Playground\Stub\Console\Commands\PackageMakeCommand\CommandTest" classname="Tests.Feature.Playground.Stub.Console.Commands.PackageMakeCommand.CommandTest" assertions="2" time="0.031235"/>
        <testcase name="test_command_skeleton" file="/app/tests/Feature/Console/Commands/PackageMakeCommand/CommandTest.php" line="29" class="Tests\Feature\Playground\Stub\Console\Commands\PackageMakeCommand\CommandTest" classname="Tests.Feature.Playground.Stub.Console.Commands.PackageMakeCommand.CommandTest" assertions="1" time="0.044565"/>
      </testsuite>
      <testsuite name="Tests\Feature\Playground\Stub\Console\Commands\PackageMakeCommand\OptionsTest" file="/app/tests/Feature/Console/Commands/PackageMakeCommand/OptionsTest.php" tests="24" assertions="24" errors="0" failures="0" skipped="0" time="1.983471">
        <testcase name="test_command_make_package_with_force_and_with_factories" file="/app/tests/Feature/Console/Commands/PackageMakeCommand/OptionsTest.php" line="19" class="Tests\Feature\Playground\Stub\Console\Commands\PackageMakeCommand\OptionsTest" classname="Tests.Feature.Playground.Stub.Console.Commands.PackageMakeCommand.OptionsTest" assertions="1" time="0.115900"/>
        <testcase name="test_command_make_package_with_force_with_factories_and_with_skeleton" file="/app/tests/Feature/Console/Commands/PackageMakeCommand/OptionsTest.php" line="33" class="Tests\Feature\Playground\Stub\Console\Commands\PackageMakeCommand\OptionsTest" classname="Tests.Feature.Playground.Stub.Console.Commands.PackageMakeCommand.OptionsTest" assertions="1" time="0.115923"/>
        <testcase name="test_command_make_package_with_force_and_with_factories_without_file" file="/app/tests/Feature/Console/Commands/PackageMakeCommand/OptionsTest.php" line="47" class="Tests\Feature\Playground\Stub\Console\Commands\PackageMakeCommand\OptionsTest" classname="Tests.Feature.Playground.Stub.Console.Commands.PackageMakeCommand.OptionsTest" assertions="1" time="0.045040"/>
        <testcase name="test_command_make_package_with_force_with_factories_and_with_skeleton_without_file" file="/app/tests/Feature/Console/Commands/PackageMakeCommand/OptionsTest.php" line="58" class="Tests\Feature\Playground\Stub\Console\Commands\PackageMakeCommand\OptionsTest" classname="Tests.Feature.Playground.Stub.Console.Commands.PackageMakeCommand.OptionsTest" assertions="1" time="0.046629"/>
        <testcase name="test_command_make_package_with_force_and_with_policies" file="/app/tests/Feature/Console/Commands/PackageMakeCommand/OptionsTest.php" line="69" class="Tests\Feature\Playground\Stub\Console\Commands\PackageMakeCommand\OptionsTest" classname="Tests.Feature.Playground.Stub.Console.Commands.PackageMakeCommand.OptionsTest" assertions="1" time="0.112647"/>
        <testcase name="test_command_make_package_with_force_with_policies_and_with_skeleton" file="/app/tests/Feature/Console/Commands/PackageMakeCommand/OptionsTest.php" line="83" class="Tests\Feature\Playground\Stub\Console\Commands\PackageMakeCommand\OptionsTest" classname="Tests.Feature.Playground.Stub.Console.Commands.PackageMakeCommand.OptionsTest" assertions="1" time="0.119067"/>
        <testcase name="test_command_make_package_with_force_and_with_policies_without_file" file="/app/tests/Feature/Console/Commands/PackageMakeCommand/OptionsTest.php" line="97" class="Tests\Feature\Playground\Stub\Console\Commands\PackageMakeCommand\OptionsTest" classname="Tests.Feature.Playground.Stub.Console.Commands.PackageMakeCommand.OptionsTest" assertions="1" time="0.045819"/>
        <testcase name="test_command_make_package_with_force_with_policies_and_with_skeleton_without_file" file="/app/tests/Feature/Console/Commands/PackageMakeCommand/OptionsTest.php" line="108" class="Tests\Feature\Playground\Stub\Console\Commands\PackageMakeCommand\OptionsTest" classname="Tests.Feature.Playground.Stub.Console.Commands.PackageMakeCommand.OptionsTest" assertions="1" time="0.048993"/>
        <testcase name="test_command_make_package_with_force_and_with_controllers" file="/app/tests/Feature/Console/Commands/PackageMakeCommand/OptionsTest.php" line="119" class="Tests\Feature\Playground\Stub\Console\Commands\PackageMakeCommand\OptionsTest" classname="Tests.Feature.Playground.Stub.Console.Commands.PackageMakeCommand.OptionsTest" assertions="1" time="0.122671"/>
        <testcase name="test_command_make_package_with_force_with_controllers_and_with_skeleton" file="/app/tests/Feature/Console/Commands/PackageMakeCommand/OptionsTest.php" line="133" class="Tests\Feature\Playground\Stub\Console\Commands\PackageMakeCommand\OptionsTest" classname="Tests.Feature.Playground.Stub.Console.Commands.PackageMakeCommand.OptionsTest" assertions="1" time="0.114730"/>
        <testcase name="test_command_make_package_with_force_and_with_controllers_without_file" file="/app/tests/Feature/Console/Commands/PackageMakeCommand/OptionsTest.php" line="147" class="Tests\Feature\Playground\Stub\Console\Commands\PackageMakeCommand\OptionsTest" classname="Tests.Feature.Playground.Stub.Console.Commands.PackageMakeCommand.OptionsTest" assertions="1" time="0.045293"/>
        <testcase name="test_command_make_package_with_force_with_controllers_and_with_skeleton_without_file" file="/app/tests/Feature/Console/Commands/PackageMakeCommand/OptionsTest.php" line="158" class="Tests\Feature\Playground\Stub\Console\Commands\PackageMakeCommand\OptionsTest" classname="Tests.Feature.Playground.Stub.Console.Commands.PackageMakeCommand.OptionsTest" assertions="1" time="0.047334"/>
        <testcase name="test_command_make_package_with_force_and_with_migrations" file="/app/tests/Feature/Console/Commands/PackageMakeCommand/OptionsTest.php" line="169" class="Tests\Feature\Playground\Stub\Console\Commands\PackageMakeCommand\OptionsTest" classname="Tests.Feature.Playground.Stub.Console.Commands.PackageMakeCommand.OptionsTest" assertions="1" time="0.117425"/>
        <testcase name="test_command_make_package_with_force_with_migrations_and_with_skeleton" file="/app/tests/Feature/Console/Commands/PackageMakeCommand/OptionsTest.php" line="183" class="Tests\Feature\Playground\Stub\Console\Commands\PackageMakeCommand\OptionsTest" classname="Tests.Feature.Playground.Stub.Console.Commands.PackageMakeCommand.OptionsTest" assertions="1" time="0.117783"/>
        <testcase name="test_command_make_package_with_force_and_with_migrations_without_file" file="/app/tests/Feature/Console/Commands/PackageMakeCommand/OptionsTest.php" line="197" class="Tests\Feature\Playground\Stub\Console\Commands\PackageMakeCommand\OptionsTest" classname="Tests.Feature.Playground.Stub.Console.Commands.PackageMakeCommand.OptionsTest" assertions="1" time="0.045734"/>
        <testcase name="test_command_make_package_with_force_with_migrations_and_with_skeleton_without_file" file="/app/tests/Feature/Console/Commands/PackageMakeCommand/OptionsTest.php" line="208" class="Tests\Feature\Playground\Stub\Console\Commands\PackageMakeCommand\OptionsTest" classname="Tests.Feature.Playground.Stub.Console.Commands.PackageMakeCommand.OptionsTest" assertions="1" time="0.047074"/>
        <testcase name="test_command_make_package_with_force_and_with_models" file="/app/tests/Feature/Console/Commands/PackageMakeCommand/OptionsTest.php" line="219" class="Tests\Feature\Playground\Stub\Console\Commands\PackageMakeCommand\OptionsTest" classname="Tests.Feature.Playground.Stub.Console.Commands.PackageMakeCommand.OptionsTest" assertions="1" time="0.123971"/>
        <testcase name="test_command_make_package_with_force_with_models_and_with_skeleton" file="/app/tests/Feature/Console/Commands/PackageMakeCommand/OptionsTest.php" line="233" class="Tests\Feature\Playground\Stub\Console\Commands\PackageMakeCommand\OptionsTest" classname="Tests.Feature.Playground.Stub.Console.Commands.PackageMakeCommand.OptionsTest" assertions="1" time="0.117605"/>
        <testcase name="test_command_make_package_with_force_and_with_models_without_file" file="/app/tests/Feature/Console/Commands/PackageMakeCommand/OptionsTest.php" line="247" class="Tests\Feature\Playground\Stub\Console\Commands\PackageMakeCommand\OptionsTest" classname="Tests.Feature.Playground.Stub.Console.Commands.PackageMakeCommand.OptionsTest" assertions="1" time="0.047029"/>
        <testcase name="test_command_make_package_with_force_with_models_and_with_skeleton_without_file" file="/app/tests/Feature/Console/Commands/PackageMakeCommand/OptionsTest.php" line="258" class="Tests\Feature\Playground\Stub\Console\Commands\PackageMakeCommand\OptionsTest" classname="Tests.Feature.Playground.Stub.Console.Commands.PackageMakeCommand.OptionsTest" assertions="1" time="0.046854"/>
        <testcase name="test_command_make_package_with_force_and_with_license" file="/app/tests/Feature/Console/Commands/PackageMakeCommand/OptionsTest.php" line="269" class="Tests\Feature\Playground\Stub\Console\Commands\PackageMakeCommand\OptionsTest" classname="Tests.Feature.Playground.Stub.Console.Commands.PackageMakeCommand.OptionsTest" assertions="1" time="0.117538"/>
        <testcase name="test_command_make_package_with_force_with_license_and_with_skeleton" file="/app/tests/Feature/Console/Commands/PackageMakeCommand/OptionsTest.php" line="283" class="Tests\Feature\Playground\Stub\Console\Commands\PackageMakeCommand\OptionsTest" classname="Tests.Feature.Playground.Stub.Console.Commands.PackageMakeCommand.OptionsTest" assertions="1" time="0.120847"/>
        <testcase name="test_command_make_package_with_force_and_with_license_without_file" file="/app/tests/Feature/Console/Commands/PackageMakeCommand/OptionsTest.php" line="297" class="Tests\Feature\Playground\Stub\Console\Commands\PackageMakeCommand\OptionsTest" classname="Tests.Feature.Playground.Stub.Console.Commands.PackageMakeCommand.OptionsTest" assertions="1" time="0.051635"/>
        <testcase name="test_command_make_package_with_force_with_license_and_with_skeleton_without_file" file="/app/tests/Feature/Console/Commands/PackageMakeCommand/OptionsTest.php" line="308" class="Tests\Feature\Playground\Stub\Console\Commands\PackageMakeCommand\OptionsTest" classname="Tests.Feature.Playground.Stub.Console.Commands.PackageMakeCommand.OptionsTest" assertions="1" time="0.049928"/>
      </testsuite>
      <testsuite name="Tests\Feature\Playground\Stub\Console\Commands\PackageMakeCommand\TypesTest" file="/app/tests/Feature/Console/Commands/PackageMakeCommand/TypesTest.php" tests="32" assertions="32" errors="0" failures="0" skipped="0" time="2.686871">
        <testcase name="test_command_make_package_with_force_and_with_playground_type" file="/app/tests/Feature/Console/Commands/PackageMakeCommand/TypesTest.php" line="19" class="Tests\Feature\Playground\Stub\Console\Commands\PackageMakeCommand\TypesTest" classname="Tests.Feature.Playground.Stub.Console.Commands.PackageMakeCommand.TypesTest" assertions="1" time="0.120405"/>
        <testcase name="test_command_make_package_with_force_with_playground_type_and_with_skeleton" file="/app/tests/Feature/Console/Commands/PackageMakeCommand/TypesTest.php" line="33" class="Tests\Feature\Playground\Stub\Console\Commands\PackageMakeCommand\TypesTest" classname="Tests.Feature.Playground.Stub.Console.Commands.PackageMakeCommand.TypesTest" assertions="1" time="0.127421"/>
        <testcase name="test_command_make_package_with_force_and_with_playground_type_without_file" file="/app/tests/Feature/Console/Commands/PackageMakeCommand/TypesTest.php" line="47" class="Tests\Feature\Playground\Stub\Console\Commands\PackageMakeCommand\TypesTest" classname="Tests.Feature.Playground.Stub.Console.Commands.PackageMakeCommand.TypesTest" assertions="1" time="0.044502"/>
        <testcase name="test_command_make_package_with_force_with_playground_type_and_with_skeleton_without_file" file="/app/tests/Feature/Console/Commands/PackageMakeCommand/TypesTest.php" line="58" class="Tests\Feature\Playground\Stub\Console\Commands\PackageMakeCommand\TypesTest" classname="Tests.Feature.Playground.Stub.Console.Commands.PackageMakeCommand.TypesTest" assertions="1" time="0.044687"/>
        <testcase name="test_command_make_package_with_force_and_with_playground_model_type" file="/app/tests/Feature/Console/Commands/PackageMakeCommand/TypesTest.php" line="69" class="Tests\Feature\Playground\Stub\Console\Commands\PackageMakeCommand\TypesTest" classname="Tests.Feature.Playground.Stub.Console.Commands.PackageMakeCommand.TypesTest" assertions="1" time="0.115911"/>
        <testcase name="test_command_make_package_with_force_with_playground_model_type_and_with_skeleton" file="/app/tests/Feature/Console/Commands/PackageMakeCommand/TypesTest.php" line="83" class="Tests\Feature\Playground\Stub\Console\Commands\PackageMakeCommand\TypesTest" classname="Tests.Feature.Playground.Stub.Console.Commands.PackageMakeCommand.TypesTest" assertions="1" time="0.116487"/>
        <testcase name="test_command_make_package_with_force_and_with_playground_model_type_without_file" file="/app/tests/Feature/Console/Commands/PackageMakeCommand/TypesTest.php" line="97" class="Tests\Feature\Playground\Stub\Console\Commands\PackageMakeCommand\TypesTest" classname="Tests.Feature.Playground.Stub.Console.Commands.PackageMakeCommand.TypesTest" assertions="1" time="0.045028"/>
        <testcase name="test_command_make_package_with_force_with_playground_model_type_and_with_skeleton_without_file" file="/app/tests/Feature/Console/Commands/PackageMakeCommand/TypesTest.php" line="108" class="Tests\Feature\Playground\Stub\Console\Commands\PackageMakeCommand\TypesTest" classname="Tests.Feature.Playground.Stub.Console.Commands.PackageMakeCommand.TypesTest" assertions="1" time="0.045816"/>
        <testcase name="test_command_make_package_with_force_and_with_playground_api_type" file="/app/tests/Feature/Console/Commands/PackageMakeCommand/TypesTest.php" line="119" class="Tests\Feature\Playground\Stub\Console\Commands\PackageMakeCommand\TypesTest" classname="Tests.Feature.Playground.Stub.Console.Commands.PackageMakeCommand.TypesTest" assertions="1" time="0.116473"/>
        <testcase name="test_command_make_package_with_force_with_playground_api_type_and_with_skeleton" file="/app/tests/Feature/Console/Commands/PackageMakeCommand/TypesTest.php" line="133" class="Tests\Feature\Playground\Stub\Console\Commands\PackageMakeCommand\TypesTest" classname="Tests.Feature.Playground.Stub.Console.Commands.PackageMakeCommand.TypesTest" assertions="1" time="0.114931"/>
        <testcase name="test_command_make_package_with_force_and_with_playground_api_type_without_file" file="/app/tests/Feature/Console/Commands/PackageMakeCommand/TypesTest.php" line="147" class="Tests\Feature\Playground\Stub\Console\Commands\PackageMakeCommand\TypesTest" classname="Tests.Feature.Playground.Stub.Console.Commands.PackageMakeCommand.TypesTest" assertions="1" time="0.045526"/>
        <testcase name="test_command_make_package_with_force_with_playground_api_type_and_with_skeleton_without_file" file="/app/tests/Feature/Console/Commands/PackageMakeCommand/TypesTest.php" line="158" class="Tests\Feature\Playground\Stub\Console\Commands\PackageMakeCommand\TypesTest" classname="Tests.Feature.Playground.Stub.Console.Commands.PackageMakeCommand.TypesTest" assertions="1" time="0.046482"/>
        <testcase name="test_command_make_package_with_force_and_with_playground_resource_type" file="/app/tests/Feature/Console/Commands/PackageMakeCommand/TypesTest.php" line="169" class="Tests\Feature\Playground\Stub\Console\Commands\PackageMakeCommand\TypesTest" classname="Tests.Feature.Playground.Stub.Console.Commands.PackageMakeCommand.TypesTest" assertions="1" time="0.127247"/>
        <testcase name="test_command_make_package_with_force_with_playground_resource_type_and_with_skeleton" file="/app/tests/Feature/Console/Commands/PackageMakeCommand/TypesTest.php" line="183" class="Tests\Feature\Playground\Stub\Console\Commands\PackageMakeCommand\TypesTest" classname="Tests.Feature.Playground.Stub.Console.Commands.PackageMakeCommand.TypesTest" assertions="1" time="0.116234"/>
        <testcase name="test_command_make_package_with_force_and_with_playground_resource_type_without_file" file="/app/tests/Feature/Console/Commands/PackageMakeCommand/TypesTest.php" line="197" class="Tests\Feature\Playground\Stub\Console\Commands\PackageMakeCommand\TypesTest" classname="Tests.Feature.Playground.Stub.Console.Commands.PackageMakeCommand.TypesTest" assertions="1" time="0.046491"/>
        <testcase name="test_command_make_package_with_force_with_playground_resource_type_and_with_skeleton_without_file" file="/app/tests/Feature/Console/Commands/PackageMakeCommand/TypesTest.php" line="208" class="Tests\Feature\Playground\Stub\Console\Commands\PackageMakeCommand\TypesTest" classname="Tests.Feature.Playground.Stub.Console.Commands.PackageMakeCommand.TypesTest" assertions="1" time="0.047580"/>
        <testcase name="test_command_make_package_with_force_and_with_api_type" file="/app/tests/Feature/Console/Commands/PackageMakeCommand/TypesTest.php" line="219" class="Tests\Feature\Playground\Stub\Console\Commands\PackageMakeCommand\TypesTest" classname="Tests.Feature.Playground.Stub.Console.Commands.PackageMakeCommand.TypesTest" assertions="1" time="0.119452"/>
        <testcase name="test_command_make_package_with_force_with_api_type_and_with_skeleton" file="/app/tests/Feature/Console/Commands/PackageMakeCommand/TypesTest.php" line="233" class="Tests\Feature\Playground\Stub\Console\Commands\PackageMakeCommand\TypesTest" classname="Tests.Feature.Playground.Stub.Console.Commands.PackageMakeCommand.TypesTest" assertions="1" time="0.116682"/>
        <testcase name="test_command_make_package_with_force_and_with_api_type_without_file" file="/app/tests/Feature/Console/Commands/PackageMakeCommand/TypesTest.php" line="247" class="Tests\Feature\Playground\Stub\Console\Commands\PackageMakeCommand\TypesTest" classname="Tests.Feature.Playground.Stub.Console.Commands.PackageMakeCommand.TypesTest" assertions="1" time="0.046370"/>
        <testcase name="test_command_make_package_with_force_with_api_type_and_with_skeleton_without_file" file="/app/tests/Feature/Console/Commands/PackageMakeCommand/TypesTest.php" line="258" class="Tests\Feature\Playground\Stub\Console\Commands\PackageMakeCommand\TypesTest" classname="Tests.Feature.Playground.Stub.Console.Commands.PackageMakeCommand.TypesTest" assertions="1" time="0.048534"/>
        <testcase name="test_command_make_package_with_force_and_with_resource_type" file="/app/tests/Feature/Console/Commands/PackageMakeCommand/TypesTest.php" line="269" class="Tests\Feature\Playground\Stub\Console\Commands\PackageMakeCommand\TypesTest" classname="Tests.Feature.Playground.Stub.Console.Commands.PackageMakeCommand.TypesTest" assertions="1" time="0.121258"/>
        <testcase name="test_command_make_package_with_force_with_resource_type_and_with_skeleton" file="/app/tests/Feature/Console/Commands/PackageMakeCommand/TypesTest.php" line="283" class="Tests\Feature\Playground\Stub\Console\Commands\PackageMakeCommand\TypesTest" classname="Tests.Feature.Playground.Stub.Console.Commands.PackageMakeCommand.TypesTest" assertions="1" time="0.125098"/>
        <testcase name="test_command_make_package_with_force_and_with_resource_type_without_file" file="/app/tests/Feature/Console/Commands/PackageMakeCommand/TypesTest.php" line="297" class="Tests\Feature\Playground\Stub\Console\Commands\PackageMakeCommand\TypesTest" classname="Tests.Feature.Playground.Stub.Console.Commands.PackageMakeCommand.TypesTest" assertions="1" time="0.048003"/>
        <testcase name="test_command_make_package_with_force_with_resource_type_and_with_skeleton_without_file" file="/app/tests/Feature/Console/Commands/PackageMakeCommand/TypesTest.php" line="308" class="Tests\Feature\Playground\Stub\Console\Commands\PackageMakeCommand\TypesTest" classname="Tests.Feature.Playground.Stub.Console.Commands.PackageMakeCommand.TypesTest" assertions="1" time="0.048831"/>
        <testcase name="test_command_make_package_with_force_and_with_default_type" file="/app/tests/Feature/Console/Commands/PackageMakeCommand/TypesTest.php" line="319" class="Tests\Feature\Playground\Stub\Console\Commands\PackageMakeCommand\TypesTest" classname="Tests.Feature.Playground.Stub.Console.Commands.PackageMakeCommand.TypesTest" assertions="1" time="0.126888"/>
        <testcase name="test_command_make_package_with_force_with_default_type_and_with_skeleton" file="/app/tests/Feature/Console/Commands/PackageMakeCommand/TypesTest.php" line="333" class="Tests\Feature\Playground\Stub\Console\Commands\PackageMakeCommand\TypesTest" classname="Tests.Feature.Playground.Stub.Console.Commands.PackageMakeCommand.TypesTest" assertions="1" time="0.125510"/>
        <testcase name="test_command_make_package_with_force_and_with_default_type_without_file" file="/app/tests/Feature/Console/Commands/PackageMakeCommand/TypesTest.php" line="347" class="Tests\Feature\Playground\Stub\Console\Commands\PackageMakeCommand\TypesTest" classname="Tests.Feature.Playground.Stub.Console.Commands.PackageMakeCommand.TypesTest" assertions="1" time="0.048604"/>
        <testcase name="test_command_make_package_with_force_with_default_type_and_with_skeleton_without_file" file="/app/tests/Feature/Console/Commands/PackageMakeCommand/TypesTest.php" line="358" class="Tests\Feature\Playground\Stub\Console\Commands\PackageMakeCommand\TypesTest" classname="Tests.Feature.Playground.Stub.Console.Commands.PackageMakeCommand.TypesTest" assertions="1" time="0.049307"/>
        <testcase name="test_command_make_package_with_force_and_with_default_type_with_policies" file="/app/tests/Feature/Console/Commands/PackageMakeCommand/TypesTest.php" line="369" class="Tests\Feature\Playground\Stub\Console\Commands\PackageMakeCommand\TypesTest" classname="Tests.Feature.Playground.Stub.Console.Commands.PackageMakeCommand.TypesTest" assertions="1" time="0.123429"/>
        <testcase name="test_command_make_package_with_force_with_playground_model_type_and_with_skeleton_with_policies" file="/app/tests/Feature/Console/Commands/PackageMakeCommand/TypesTest.php" line="383" class="Tests\Feature\Playground\Stub\Console\Commands\PackageMakeCommand\TypesTest" classname="Tests.Feature.Playground.Stub.Console.Commands.PackageMakeCommand.TypesTest" assertions="1" time="0.118001"/>
        <testcase name="test_command_make_package_with_force_and_with_playground_model_type_without_file_with_policies" file="/app/tests/Feature/Console/Commands/PackageMakeCommand/TypesTest.php" line="397" class="Tests\Feature\Playground\Stub\Console\Commands\PackageMakeCommand\TypesTest" classname="Tests.Feature.Playground.Stub.Console.Commands.PackageMakeCommand.TypesTest" assertions="1" time="0.049686"/>
        <testcase name="test_command_make_package_with_force_with_playground_model_type_and_with_skeleton_without_file_with_policies" file="/app/tests/Feature/Console/Commands/PackageMakeCommand/TypesTest.php" line="408" class="Tests\Feature\Playground\Stub\Console\Commands\PackageMakeCommand\TypesTest" classname="Tests.Feature.Playground.Stub.Console.Commands.PackageMakeCommand.TypesTest" assertions="1" time="0.049997"/>
      </testsuite>
      <testsuite name="Tests\Feature\Playground\Stub\Console\Commands\PolicyMakeCommand\CommandTest" file="/app/tests/Feature/Console/Commands/PolicyMakeCommand/CommandTest.php" tests="10" assertions="12" errors="0" failures="0" skipped="0" time="0.327896">
        <testcase name="test_command_without_options_or_arguments" file="/app/tests/Feature/Console/Commands/PolicyMakeCommand/CommandTest.php" line="19" class="Tests\Feature\Playground\Stub\Console\Commands\PolicyMakeCommand\CommandTest" classname="Tests.Feature.Playground.Stub.Console.Commands.PolicyMakeCommand.CommandTest" assertions="2" time="0.029482"/>
        <testcase name="test_command_skeleton" file="/app/tests/Feature/Console/Commands/PolicyMakeCommand/CommandTest.php" line="29" class="Tests\Feature\Playground\Stub\Console\Commands\PolicyMakeCommand\CommandTest" classname="Tests.Feature.Playground.Stub.Console.Commands.PolicyMakeCommand.CommandTest" assertions="1" time="0.031721"/>
        <testcase name="test_command_skeleton_with_roles_action" file="/app/tests/Feature/Console/Commands/PolicyMakeCommand/CommandTest.php" line="38" class="Tests\Feature\Playground\Stub\Console\Commands\PolicyMakeCommand\CommandTest" classname="Tests.Feature.Playground.Stub.Console.Commands.PolicyMakeCommand.CommandTest" assertions="1" time="0.033556"/>
        <testcase name="test_command_skeleton_with_roles_view" file="/app/tests/Feature/Console/Commands/PolicyMakeCommand/CommandTest.php" line="47" class="Tests\Feature\Playground\Stub\Console\Commands\PolicyMakeCommand\CommandTest" classname="Tests.Feature.Playground.Stub.Console.Commands.PolicyMakeCommand.CommandTest" assertions="1" time="0.033903"/>
        <testcase name="test_command_skeleton_with_roles_and_action_view" file="/app/tests/Feature/Console/Commands/PolicyMakeCommand/CommandTest.php" line="56" class="Tests\Feature\Playground\Stub\Console\Commands\PolicyMakeCommand\CommandTest" classname="Tests.Feature.Playground.Stub.Console.Commands.PolicyMakeCommand.CommandTest" assertions="1" time="0.033156"/>
        <testcase name="test_command_userProviderModelGuard_with_invalid_guard" file="/app/tests/Feature/Console/Commands/PolicyMakeCommand/CommandTest.php" line="65" class="Tests\Feature\Playground\Stub\Console\Commands\PolicyMakeCommand\CommandTest" classname="Tests.Feature.Playground.Stub.Console.Commands.PolicyMakeCommand.CommandTest" assertions="2" time="0.030066"/>
        <testcase name="test_command_skeleton_with_type_playground_resource" file="/app/tests/Feature/Console/Commands/PolicyMakeCommand/CommandTest.php" line="79" class="Tests\Feature\Playground\Stub\Console\Commands\PolicyMakeCommand\CommandTest" classname="Tests.Feature.Playground.Stub.Console.Commands.PolicyMakeCommand.CommandTest" assertions="1" time="0.033903"/>
        <testcase name="test_command_skeleton_with_type_playground_api" file="/app/tests/Feature/Console/Commands/PolicyMakeCommand/CommandTest.php" line="88" class="Tests\Feature\Playground\Stub\Console\Commands\PolicyMakeCommand\CommandTest" classname="Tests.Feature.Playground.Stub.Console.Commands.PolicyMakeCommand.CommandTest" assertions="1" time="0.033419"/>
        <testcase name="test_command_skeleton_with_type_api" file="/app/tests/Feature/Console/Commands/PolicyMakeCommand/CommandTest.php" line="97" class="Tests\Feature\Playground\Stub\Console\Commands\PolicyMakeCommand\CommandTest" classname="Tests.Feature.Playground.Stub.Console.Commands.PolicyMakeCommand.CommandTest" assertions="1" time="0.033183"/>
        <testcase name="test_command_skeleton_with_type_resource" file="/app/tests/Feature/Console/Commands/PolicyMakeCommand/CommandTest.php" line="106" class="Tests\Feature\Playground\Stub\Console\Commands\PolicyMakeCommand\CommandTest" classname="Tests.Feature.Playground.Stub.Console.Commands.PolicyMakeCommand.CommandTest" assertions="1" time="0.035507"/>
      </testsuite>
      <testsuite name="Tests\Feature\Playground\Stub\Console\Commands\PolicyMakeCommand\FileTest" file="/app/tests/Feature/Console/Commands/PolicyMakeCommand/FileTest.php" tests="2" assertions="2" errors="0" failures="0" skipped="0" time="0.069711">
        <testcase name="test_command_make_policy_with_force_and_without_skeleton" file="/app/tests/Feature/Console/Commands/PolicyMakeCommand/FileTest.php" line="19" class="Tests\Feature\Playground\Stub\Console\Commands\PolicyMakeCommand\FileTest" classname="Tests.Feature.Playground.Stub.Console.Commands.PolicyMakeCommand.FileTest" assertions="1" time="0.034805"/>
        <testcase name="test_command_make_policy_with_force_and_with_skeleton" file="/app/tests/Feature/Console/Commands/PolicyMakeCommand/FileTest.php" line="33" class="Tests\Feature\Playground\Stub\Console\Commands\PolicyMakeCommand\FileTest" classname="Tests.Feature.Playground.Stub.Console.Commands.PolicyMakeCommand.FileTest" assertions="1" time="0.034905"/>
      </testsuite>
      <testsuite name="Tests\Feature\Playground\Stub\Console\Commands\RequestMakeCommand\AbstractTest" file="/app/tests/Feature/Console/Commands/RequestMakeCommand/AbstractTest.php" tests="6" assertions="6" errors="0" failures="0" skipped="0" time="0.209217">
        <testcase name="test_command_make_abstract_request_with_force_and_without_skeleton" file="/app/tests/Feature/Console/Commands/RequestMakeCommand/AbstractTest.php" line="19" class="Tests\Feature\Playground\Stub\Console\Commands\RequestMakeCommand\AbstractTest" classname="Tests.Feature.Playground.Stub.Console.Commands.RequestMakeCommand.AbstractTest" assertions="1" time="0.035236"/>
        <testcase name="test_command_make_abstract_request_with_force_and_with_skeleton" file="/app/tests/Feature/Console/Commands/RequestMakeCommand/AbstractTest.php" line="30" class="Tests\Feature\Playground\Stub\Console\Commands\RequestMakeCommand\AbstractTest" classname="Tests.Feature.Playground.Stub.Console.Commands.RequestMakeCommand.AbstractTest" assertions="1" time="0.034359"/>
        <testcase name="test_command_make_abstract_index_request_with_force_and_without_skeleton" file="/app/tests/Feature/Console/Commands/RequestMakeCommand/AbstractTest.php" line="41" class="Tests\Feature\Playground\Stub\Console\Commands\RequestMakeCommand\AbstractTest" classname="Tests.Feature.Playground.Stub.Console.Commands.RequestMakeCommand.AbstractTest" assertions="1" time="0.034795"/>
        <testcase name="test_command_make_abstract_index_request_with_force_and_with_skeleton" file="/app/tests/Feature/Console/Commands/RequestMakeCommand/AbstractTest.php" line="52" class="Tests\Feature\Playground\Stub\Console\Commands\RequestMakeCommand\AbstractTest" classname="Tests.Feature.Playground.Stub.Console.Commands.RequestMakeCommand.AbstractTest" assertions="1" time="0.034676"/>
        <testcase name="test_command_make_abstract_store_request_with_force_and_without_skeleton" file="/app/tests/Feature/Console/Commands/RequestMakeCommand/AbstractTest.php" line="63" class="Tests\Feature\Playground\Stub\Console\Commands\RequestMakeCommand\AbstractTest" classname="Tests.Feature.Playground.Stub.Console.Commands.RequestMakeCommand.AbstractTest" assertions="1" time="0.035259"/>
        <testcase name="test_command_make_abstract_store_request_with_force_and_with_skeleton" file="/app/tests/Feature/Console/Commands/RequestMakeCommand/AbstractTest.php" line="74" class="Tests\Feature\Playground\Stub\Console\Commands\RequestMakeCommand\AbstractTest" classname="Tests.Feature.Playground.Stub.Console.Commands.RequestMakeCommand.AbstractTest" assertions="1" time="0.034892"/>
      </testsuite>
      <testsuite name="Tests\Feature\Playground\Stub\Console\Commands\RequestMakeCommand\CommandTest" file="/app/tests/Feature/Console/Commands/RequestMakeCommand/CommandTest.php" tests="2" assertions="3" errors="0" failures="0" skipped="0" time="0.064860">
        <testcase name="test_command_without_options_or_arguments" file="/app/tests/Feature/Console/Commands/RequestMakeCommand/CommandTest.php" line="19" class="Tests\Feature\Playground\Stub\Console\Commands\RequestMakeCommand\CommandTest" classname="Tests.Feature.Playground.Stub.Console.Commands.RequestMakeCommand.CommandTest" assertions="2" time="0.031044"/>
        <testcase name="test_command_skeleton" file="/app/tests/Feature/Console/Commands/RequestMakeCommand/CommandTest.php" line="29" class="Tests\Feature\Playground\Stub\Console\Commands\RequestMakeCommand\CommandTest" classname="Tests.Feature.Playground.Stub.Console.Commands.RequestMakeCommand.CommandTest" assertions="1" time="0.033816"/>
      </testsuite>
      <testsuite name="Tests\Feature\Playground\Stub\Console\Commands\RequestMakeCommand\CrudTest" file="/app/tests/Feature/Console/Commands/RequestMakeCommand/CrudTest.php" tests="12" assertions="12" errors="0" failures="0" skipped="0" time="0.424520">
        <testcase name="test_command_make_destroy_request_with_force_and_without_skeleton" file="/app/tests/Feature/Console/Commands/RequestMakeCommand/CrudTest.php" line="19" class="Tests\Feature\Playground\Stub\Console\Commands\RequestMakeCommand\CrudTest" classname="Tests.Feature.Playground.Stub.Console.Commands.RequestMakeCommand.CrudTest" assertions="1" time="0.034073"/>
        <testcase name="test_command_make_destroy_request_with_force_and_with_skeleton" file="/app/tests/Feature/Console/Commands/RequestMakeCommand/CrudTest.php" line="30" class="Tests\Feature\Playground\Stub\Console\Commands\RequestMakeCommand\CrudTest" classname="Tests.Feature.Playground.Stub.Console.Commands.RequestMakeCommand.CrudTest" assertions="1" time="0.034980"/>
        <testcase name="test_command_make_index_request_with_force_and_without_skeleton" file="/app/tests/Feature/Console/Commands/RequestMakeCommand/CrudTest.php" line="41" class="Tests\Feature\Playground\Stub\Console\Commands\RequestMakeCommand\CrudTest" classname="Tests.Feature.Playground.Stub.Console.Commands.RequestMakeCommand.CrudTest" assertions="1" time="0.034515"/>
        <testcase name="test_command_make_index_request_with_force_and_with_skeleton" file="/app/tests/Feature/Console/Commands/RequestMakeCommand/CrudTest.php" line="52" class="Tests\Feature\Playground\Stub\Console\Commands\RequestMakeCommand\CrudTest" classname="Tests.Feature.Playground.Stub.Console.Commands.RequestMakeCommand.CrudTest" assertions="1" time="0.034377"/>
        <testcase name="test_command_make_store_request_with_force_and_without_skeleton" file="/app/tests/Feature/Console/Commands/RequestMakeCommand/CrudTest.php" line="63" class="Tests\Feature\Playground\Stub\Console\Commands\RequestMakeCommand\CrudTest" classname="Tests.Feature.Playground.Stub.Console.Commands.RequestMakeCommand.CrudTest" assertions="1" time="0.034693"/>
        <testcase name="test_command_make_store_request_with_force_and_with_skeleton" file="/app/tests/Feature/Console/Commands/RequestMakeCommand/CrudTest.php" line="74" class="Tests\Feature\Playground\Stub\Console\Commands\RequestMakeCommand\CrudTest" classname="Tests.Feature.Playground.Stub.Console.Commands.RequestMakeCommand.CrudTest" assertions="1" time="0.037166"/>
        <testcase name="test_command_make_update_request_with_force_and_without_skeleton" file="/app/tests/Feature/Console/Commands/RequestMakeCommand/CrudTest.php" line="85" class="Tests\Feature\Playground\Stub\Console\Commands\RequestMakeCommand\CrudTest" classname="Tests.Feature.Playground.Stub.Console.Commands.RequestMakeCommand.CrudTest" assertions="1" time="0.034386"/>
        <testcase name="test_command_make_update_request_with_force_and_with_skeleton" file="/app/tests/Feature/Console/Commands/RequestMakeCommand/CrudTest.php" line="96" class="Tests\Feature\Playground\Stub\Console\Commands\RequestMakeCommand\CrudTest" classname="Tests.Feature.Playground.Stub.Console.Commands.RequestMakeCommand.CrudTest" assertions="1" time="0.035193"/>
        <testcase name="test_command_make_other_request_with_force_and_without_skeleton" file="/app/tests/Feature/Console/Commands/RequestMakeCommand/CrudTest.php" line="107" class="Tests\Feature\Playground\Stub\Console\Commands\RequestMakeCommand\CrudTest" classname="Tests.Feature.Playground.Stub.Console.Commands.RequestMakeCommand.CrudTest" assertions="1" time="0.035278"/>
        <testcase name="test_command_make_other_request_with_force_and_with_skeleton" file="/app/tests/Feature/Console/Commands/RequestMakeCommand/CrudTest.php" line="118" class="Tests\Feature\Playground\Stub\Console\Commands\RequestMakeCommand\CrudTest" classname="Tests.Feature.Playground.Stub.Console.Commands.RequestMakeCommand.CrudTest" assertions="1" time="0.039058"/>
        <testcase name="test_command_make_default_request_with_force_and_without_skeleton" file="/app/tests/Feature/Console/Commands/RequestMakeCommand/CrudTest.php" line="129" class="Tests\Feature\Playground\Stub\Console\Commands\RequestMakeCommand\CrudTest" classname="Tests.Feature.Playground.Stub.Console.Commands.RequestMakeCommand.CrudTest" assertions="1" time="0.035091"/>
        <testcase name="test_command_make_default_request_with_force_and_with_skeleton" file="/app/tests/Feature/Console/Commands/RequestMakeCommand/CrudTest.php" line="140" class="Tests\Feature\Playground\Stub\Console\Commands\RequestMakeCommand\CrudTest" classname="Tests.Feature.Playground.Stub.Console.Commands.RequestMakeCommand.CrudTest" assertions="1" time="0.035708"/>
      </testsuite>
      <testsuite name="Tests\Feature\Playground\Stub\Console\Commands\RequestMakeCommand\FileTest" file="/app/tests/Feature/Console/Commands/RequestMakeCommand/FileTest.php" tests="2" assertions="2" errors="0" failures="0" skipped="0" time="0.077486">
        <testcase name="test_command_make_request_with_force_and_without_skeleton" file="/app/tests/Feature/Console/Commands/RequestMakeCommand/FileTest.php" line="19" class="Tests\Feature\Playground\Stub\Console\Commands\RequestMakeCommand\FileTest" classname="Tests.Feature.Playground.Stub.Console.Commands.RequestMakeCommand.FileTest" assertions="1" time="0.041931"/>
        <testcase name="test_command_make_request_with_force_and_with_skeleton" file="/app/tests/Feature/Console/Commands/RequestMakeCommand/FileTest.php" line="33" class="Tests\Feature\Playground\Stub\Console\Commands\RequestMakeCommand\FileTest" classname="Tests.Feature.Playground.Stub.Console.Commands.RequestMakeCommand.FileTest" assertions="1" time="0.035554"/>
      </testsuite>
      <testsuite name="Tests\Feature\Playground\Stub\Console\Commands\RequestMakeCommand\IndexTest" file="/app/tests/Feature/Console/Commands/RequestMakeCommand/IndexTest.php" tests="3" assertions="3" errors="0" failures="0" skipped="0" time="0.108449">
        <testcase name="test_command_make_FormRequest" file="/app/tests/Feature/Console/Commands/RequestMakeCommand/IndexTest.php" line="19" class="Tests\Feature\Playground\Stub\Console\Commands\RequestMakeCommand\IndexTest" classname="Tests.Feature.Playground.Stub.Console.Commands.RequestMakeCommand.IndexTest" assertions="1" time="0.035329"/>
        <testcase name="test_command_make_AbstractIndexRequest" file="/app/tests/Feature/Console/Commands/RequestMakeCommand/IndexTest.php" line="30" class="Tests\Feature\Playground\Stub\Console\Commands\RequestMakeCommand\IndexTest" classname="Tests.Feature.Playground.Stub.Console.Commands.RequestMakeCommand.IndexTest" assertions="1" time="0.038009"/>
        <testcase name="test_command_make_AbstractStoreRequest" file="/app/tests/Feature/Console/Commands/RequestMakeCommand/IndexTest.php" line="41" class="Tests\Feature\Playground\Stub\Console\Commands\RequestMakeCommand\IndexTest" classname="Tests.Feature.Playground.Stub.Console.Commands.RequestMakeCommand.IndexTest" assertions="1" time="0.035111"/>
      </testsuite>
      <testsuite name="Tests\Feature\Playground\Stub\Console\Commands\RequestMakeCommand\ModelTest" file="/app/tests/Feature/Console/Commands/RequestMakeCommand/ModelTest.php" tests="4" assertions="4" errors="0" failures="0" skipped="0" time="0.198714">
        <testcase name="test_command_make_CreateRequest_with_force_and_without_skeleton" file="/app/tests/Feature/Console/Commands/RequestMakeCommand/ModelTest.php" line="19" class="Tests\Feature\Playground\Stub\Console\Commands\RequestMakeCommand\ModelTest" classname="Tests.Feature.Playground.Stub.Console.Commands.RequestMakeCommand.ModelTest" assertions="1" time="0.067044"/>
        <testcase name="test_command_make_IndexRequest_with_force_and_with_skeleton" file="/app/tests/Feature/Console/Commands/RequestMakeCommand/ModelTest.php" line="30" class="Tests\Feature\Playground\Stub\Console\Commands\RequestMakeCommand\ModelTest" classname="Tests.Feature.Playground.Stub.Console.Commands.RequestMakeCommand.ModelTest" assertions="1" time="0.060356"/>
        <testcase name="test_command_make_IndexRequest_with_force_and_with_skeleton_without_model_file" file="/app/tests/Feature/Console/Commands/RequestMakeCommand/ModelTest.php" line="41" class="Tests\Feature\Playground\Stub\Console\Commands\RequestMakeCommand\ModelTest" classname="Tests.Feature.Playground.Stub.Console.Commands.RequestMakeCommand.ModelTest" assertions="1" time="0.035464"/>
        <testcase name="test_command_make_IndexRequest_under_Subfolder_with_force_and_with_skeleton_without_model_file" file="/app/tests/Feature/Console/Commands/RequestMakeCommand/ModelTest.php" line="52" class="Tests\Feature\Playground\Stub\Console\Commands\RequestMakeCommand\ModelTest" classname="Tests.Feature.Playground.Stub.Console.Commands.RequestMakeCommand.ModelTest" assertions="1" time="0.035849"/>
      </testsuite>
      <testsuite name="Tests\Feature\Playground\Stub\Console\Commands\ResourceMakeCommand\AbstractTest" file="/app/tests/Feature/Console/Commands/ResourceMakeCommand/AbstractTest.php" tests="4" assertions="4" errors="0" failures="0" skipped="0" time="0.132161">
        <testcase name="test_command_make_abstract_resource_with_force_and_without_skeleton" file="/app/tests/Feature/Console/Commands/ResourceMakeCommand/AbstractTest.php" line="19" class="Tests\Feature\Playground\Stub\Console\Commands\ResourceMakeCommand\AbstractTest" classname="Tests.Feature.Playground.Stub.Console.Commands.ResourceMakeCommand.AbstractTest" assertions="1" time="0.032301"/>
        <testcase name="test_command_make_abstract_resource_with_force_and_with_skeleton" file="/app/tests/Feature/Console/Commands/ResourceMakeCommand/AbstractTest.php" line="30" class="Tests\Feature\Playground\Stub\Console\Commands\ResourceMakeCommand\AbstractTest" classname="Tests.Feature.Playground.Stub.Console.Commands.ResourceMakeCommand.AbstractTest" assertions="1" time="0.032739"/>
        <testcase name="test_command_make_abstract_keys_resource_with_force_and_without_skeleton" file="/app/tests/Feature/Console/Commands/ResourceMakeCommand/AbstractTest.php" line="41" class="Tests\Feature\Playground\Stub\Console\Commands\ResourceMakeCommand\AbstractTest" classname="Tests.Feature.Playground.Stub.Console.Commands.ResourceMakeCommand.AbstractTest" assertions="1" time="0.032921"/>
        <testcase name="test_command_make_abstract_keys_resource_with_force_and_with_skeleton" file="/app/tests/Feature/Console/Commands/ResourceMakeCommand/AbstractTest.php" line="52" class="Tests\Feature\Playground\Stub\Console\Commands\ResourceMakeCommand\AbstractTest" classname="Tests.Feature.Playground.Stub.Console.Commands.ResourceMakeCommand.AbstractTest" assertions="1" time="0.034200"/>
      </testsuite>
      <testsuite name="Tests\Feature\Playground\Stub\Console\Commands\ResourceMakeCommand\CollectionTest" file="/app/tests/Feature/Console/Commands/ResourceMakeCommand/CollectionTest.php" tests="5" assertions="5" errors="0" failures="0" skipped="0" time="0.167790">
        <testcase name="test_command_make_resource_with_force_and_without_skeleton" file="/app/tests/Feature/Console/Commands/ResourceMakeCommand/CollectionTest.php" line="19" class="Tests\Feature\Playground\Stub\Console\Commands\ResourceMakeCommand\CollectionTest" classname="Tests.Feature.Playground.Stub.Console.Commands.ResourceMakeCommand.CollectionTest" assertions="1" time="0.033251"/>
        <testcase name="test_command_make_collection_resource_with_force_and_with_skeleton" file="/app/tests/Feature/Console/Commands/ResourceMakeCommand/CollectionTest.php" line="30" class="Tests\Feature\Playground\Stub\Console\Commands\ResourceMakeCommand\CollectionTest" classname="Tests.Feature.Playground.Stub.Console.Commands.ResourceMakeCommand.CollectionTest" assertions="1" time="0.032705"/>
        <testcase name="test_command_make_named_collection_resource_with_force_and_with_skeleton" file="/app/tests/Feature/Console/Commands/ResourceMakeCommand/CollectionTest.php" line="41" class="Tests\Feature\Playground\Stub\Console\Commands\ResourceMakeCommand\CollectionTest" classname="Tests.Feature.Playground.Stub.Console.Commands.ResourceMakeCommand.CollectionTest" assertions="1" time="0.033032"/>
        <testcase name="test_command_make_named_collection_resource_with_option_with_force_and_with_skeleton" file="/app/tests/Feature/Console/Commands/ResourceMakeCommand/CollectionTest.php" line="52" class="Tests\Feature\Playground\Stub\Console\Commands\ResourceMakeCommand\CollectionTest" classname="Tests.Feature.Playground.Stub.Console.Commands.ResourceMakeCommand.CollectionTest" assertions="1" time="0.033537"/>
        <testcase name="test_command_make_collection_resource_with_option_with_force_and_with_skeleton" file="/app/tests/Feature/Console/Commands/ResourceMakeCommand/CollectionTest.php" line="63" class="Tests\Feature\Playground\Stub\Console\Commands\ResourceMakeCommand\CollectionTest" classname="Tests.Feature.Playground.Stub.Console.Commands.ResourceMakeCommand.CollectionTest" assertions="1" time="0.035266"/>
      </testsuite>
      <testsuite name="Tests\Feature\Playground\Stub\Console\Commands\ResourceMakeCommand\CommandTest" file="/app/tests/Feature/Console/Commands/ResourceMakeCommand/CommandTest.php" tests="2" assertions="3" errors="0" failures="0" skipped="0" time="0.065138">
        <testcase name="test_command_without_options_or_arguments" file="/app/tests/Feature/Console/Commands/ResourceMakeCommand/CommandTest.php" line="19" class="Tests\Feature\Playground\Stub\Console\Commands\ResourceMakeCommand\CommandTest" classname="Tests.Feature.Playground.Stub.Console.Commands.ResourceMakeCommand.CommandTest" assertions="2" time="0.032313"/>
        <testcase name="test_command_skeleton" file="/app/tests/Feature/Console/Commands/ResourceMakeCommand/CommandTest.php" line="29" class="Tests\Feature\Playground\Stub\Console\Commands\ResourceMakeCommand\CommandTest" classname="Tests.Feature.Playground.Stub.Console.Commands.ResourceMakeCommand.CommandTest" assertions="1" time="0.032824"/>
      </testsuite>
      <testsuite name="Tests\Feature\Playground\Stub\Console\Commands\ResourceMakeCommand\KeysTest" file="/app/tests/Feature/Console/Commands/ResourceMakeCommand/KeysTest.php" tests="2" assertions="2" errors="0" failures="0" skipped="0" time="0.067260">
        <testcase name="test_command_make_keys_resource_with_force_and_without_skeleton" file="/app/tests/Feature/Console/Commands/ResourceMakeCommand/KeysTest.php" line="19" class="Tests\Feature\Playground\Stub\Console\Commands\ResourceMakeCommand\KeysTest" classname="Tests.Feature.Playground.Stub.Console.Commands.ResourceMakeCommand.KeysTest" assertions="1" time="0.034515"/>
        <testcase name="test_command_make_keys_resource_with_force_and_with_skeleton" file="/app/tests/Feature/Console/Commands/ResourceMakeCommand/KeysTest.php" line="30" class="Tests\Feature\Playground\Stub\Console\Commands\ResourceMakeCommand\KeysTest" classname="Tests.Feature.Playground.Stub.Console.Commands.ResourceMakeCommand.KeysTest" assertions="1" time="0.032745"/>
      </testsuite>
      <testsuite name="Tests\Feature\Playground\Stub\Console\Commands\ResourceMakeCommand\StubTest" file="/app/tests/Feature/Console/Commands/ResourceMakeCommand/StubTest.php" tests="2" assertions="5" errors="0" failures="0" skipped="0" time="0.068133">
        <testcase name="test_command_with_invalid_stubs_path_in_the_config" file="/app/tests/Feature/Console/Commands/ResourceMakeCommand/StubTest.php" line="23" class="Tests\Feature\Playground\Stub\Console\Commands\ResourceMakeCommand\StubTest" classname="Tests.Feature.Playground.Stub.Console.Commands.ResourceMakeCommand.StubTest" assertions="2" time="0.033774"/>
        <testcase name="test_command_with_invalid_path_to_stub_in_the_config" file="/app/tests/Feature/Console/Commands/ResourceMakeCommand/StubTest.php" line="45" class="Tests\Feature\Playground\Stub\Console\Commands\ResourceMakeCommand\StubTest" classname="Tests.Feature.Playground.Stub.Console.Commands.ResourceMakeCommand.StubTest" assertions="3" time="0.034359"/>
      </testsuite>
      <testsuite name="Tests\Feature\Playground\Stub\Console\Commands\RouteMakeCommand\ApiTest" file="/app/tests/Feature/Console/Commands/RouteMakeCommand/ApiTest.php" tests="3" assertions="4" errors="0" failures="0" skipped="0" time="0.141119">
        <testcase name="test_command_make_playground_api_route_with_force_and_without_skeleton" file="/app/tests/Feature/Console/Commands/RouteMakeCommand/ApiTest.php" line="19" class="Tests\Feature\Playground\Stub\Console\Commands\RouteMakeCommand\ApiTest" classname="Tests.Feature.Playground.Stub.Console.Commands.RouteMakeCommand.ApiTest" assertions="1" time="0.059161"/>
        <testcase name="test_command_make_api_route_with_force_and_with_skeleton" file="/app/tests/Feature/Console/Commands/RouteMakeCommand/ApiTest.php" line="33" class="Tests\Feature\Playground\Stub\Console\Commands\RouteMakeCommand\ApiTest" classname="Tests.Feature.Playground.Stub.Console.Commands.RouteMakeCommand.ApiTest" assertions="1" time="0.053001"/>
        <testcase name="test_command_make_api_route_without_model_file" file="/app/tests/Feature/Console/Commands/RouteMakeCommand/ApiTest.php" line="47" class="Tests\Feature\Playground\Stub\Console\Commands\RouteMakeCommand\ApiTest" classname="Tests.Feature.Playground.Stub.Console.Commands.RouteMakeCommand.ApiTest" assertions="2" time="0.028957"/>
      </testsuite>
      <testsuite name="Tests\Feature\Playground\Stub\Console\Commands\RouteMakeCommand\CommandTest" file="/app/tests/Feature/Console/Commands/RouteMakeCommand/CommandTest.php" tests="3" assertions="4" errors="0" failures="0" skipped="0" time="0.099711">
        <testcase name="test_command_without_options_or_arguments" file="/app/tests/Feature/Console/Commands/RouteMakeCommand/CommandTest.php" line="19" class="Tests\Feature\Playground\Stub\Console\Commands\RouteMakeCommand\CommandTest" classname="Tests.Feature.Playground.Stub.Console.Commands.RouteMakeCommand.CommandTest" assertions="2" time="0.032725"/>
        <testcase name="test_command_skeleton" file="/app/tests/Feature/Console/Commands/RouteMakeCommand/CommandTest.php" line="29" class="Tests\Feature\Playground\Stub\Console\Commands\RouteMakeCommand\CommandTest" classname="Tests.Feature.Playground.Stub.Console.Commands.RouteMakeCommand.CommandTest" assertions="1" time="0.033475"/>
        <testcase name="test_command_with_options" file="/app/tests/Feature/Console/Commands/RouteMakeCommand/CommandTest.php" line="38" class="Tests\Feature\Playground\Stub\Console\Commands\RouteMakeCommand\CommandTest" classname="Tests.Feature.Playground.Stub.Console.Commands.RouteMakeCommand.CommandTest" assertions="1" time="0.033511"/>
      </testsuite>
      <testsuite name="Tests\Feature\Playground\Stub\Console\Commands\RouteMakeCommand\FileTest" file="/app/tests/Feature/Console/Commands/RouteMakeCommand/FileTest.php" tests="2" assertions="2" errors="0" failures="0" skipped="0" time="0.128241">
        <testcase name="test_command_make_route_with_force_and_without_skeleton" file="/app/tests/Feature/Console/Commands/RouteMakeCommand/FileTest.php" line="19" class="Tests\Feature\Playground\Stub\Console\Commands\RouteMakeCommand\FileTest" classname="Tests.Feature.Playground.Stub.Console.Commands.RouteMakeCommand.FileTest" assertions="1" time="0.063209"/>
        <testcase name="test_command_make_route_with_force_and_with_skeleton" file="/app/tests/Feature/Console/Commands/RouteMakeCommand/FileTest.php" line="33" class="Tests\Feature\Playground\Stub\Console\Commands\RouteMakeCommand\FileTest" classname="Tests.Feature.Playground.Stub.Console.Commands.RouteMakeCommand.FileTest" assertions="1" time="0.065032"/>
      </testsuite>
      <testsuite name="Tests\Feature\Playground\Stub\Console\Commands\RouteMakeCommand\ResourceTest" file="/app/tests/Feature/Console/Commands/RouteMakeCommand/ResourceTest.php" tests="6" assertions="7" errors="0" failures="0" skipped="0" time="0.276989">
        <testcase name="test_command_make_playground_resource_route_with_force_and_without_skeleton" file="/app/tests/Feature/Console/Commands/RouteMakeCommand/ResourceTest.php" line="19" class="Tests\Feature\Playground\Stub\Console\Commands\RouteMakeCommand\ResourceTest" classname="Tests.Feature.Playground.Stub.Console.Commands.RouteMakeCommand.ResourceTest" assertions="1" time="0.053112"/>
        <testcase name="test_command_make_resource_route_with_force_and_with_skeleton" file="/app/tests/Feature/Console/Commands/RouteMakeCommand/ResourceTest.php" line="33" class="Tests\Feature\Playground\Stub\Console\Commands\RouteMakeCommand\ResourceTest" classname="Tests.Feature.Playground.Stub.Console.Commands.RouteMakeCommand.ResourceTest" assertions="1" time="0.052968"/>
        <testcase name="test_command_make_resource_route_without_model_file" file="/app/tests/Feature/Console/Commands/RouteMakeCommand/ResourceTest.php" line="47" class="Tests\Feature\Playground\Stub\Console\Commands\RouteMakeCommand\ResourceTest" classname="Tests.Feature.Playground.Stub.Console.Commands.RouteMakeCommand.ResourceTest" assertions="2" time="0.030654"/>
        <testcase name="test_command_make_playground_resource_index_route_with_force_and_without_skeleton" file="/app/tests/Feature/Console/Commands/RouteMakeCommand/ResourceTest.php" line="57" class="Tests\Feature\Playground\Stub\Console\Commands\RouteMakeCommand\ResourceTest" classname="Tests.Feature.Playground.Stub.Console.Commands.RouteMakeCommand.ResourceTest" assertions="1" time="0.053062"/>
        <testcase name="test_command_make_resource_index_route_with_force_and_with_skeleton" file="/app/tests/Feature/Console/Commands/RouteMakeCommand/ResourceTest.php" line="71" class="Tests\Feature\Playground\Stub\Console\Commands\RouteMakeCommand\ResourceTest" classname="Tests.Feature.Playground.Stub.Console.Commands.RouteMakeCommand.ResourceTest" assertions="1" time="0.053068"/>
        <testcase name="test_command_make_resource_index_route_without_model_file" file="/app/tests/Feature/Console/Commands/RouteMakeCommand/ResourceTest.php" line="85" class="Tests\Feature\Playground\Stub\Console\Commands\RouteMakeCommand\ResourceTest" classname="Tests.Feature.Playground.Stub.Console.Commands.RouteMakeCommand.ResourceTest" assertions="1" time="0.034124"/>
      </testsuite>
      <testsuite name="Tests\Feature\Playground\Stub\Console\Commands\SeederMakeCommand\CommandTest" file="/app/tests/Feature/Console/Commands/SeederMakeCommand/CommandTest.php" tests="2" assertions="3" errors="0" failures="0" skipped="0" time="0.062347">
        <testcase name="test_command_without_options_or_arguments" file="/app/tests/Feature/Console/Commands/SeederMakeCommand/CommandTest.php" line="19" class="Tests\Feature\Playground\Stub\Console\Commands\SeederMakeCommand\CommandTest" classname="Tests.Feature.Playground.Stub.Console.Commands.SeederMakeCommand.CommandTest" assertions="2" time="0.029903"/>
        <testcase name="test_command_skeleton" file="/app/tests/Feature/Console/Commands/SeederMakeCommand/CommandTest.php" line="29" class="Tests\Feature\Playground\Stub\Console\Commands\SeederMakeCommand\CommandTest" classname="Tests.Feature.Playground.Stub.Console.Commands.SeederMakeCommand.CommandTest" assertions="1" time="0.032444"/>
      </testsuite>
      <testsuite name="Tests\Feature\Playground\Stub\Console\Commands\SwaggerMakeCommand\ApiTest" file="/app/tests/Feature/Console/Commands/SwaggerMakeCommand/ApiTest.php" tests="2" assertions="2" errors="0" failures="0" skipped="0" time="0.074302">
        <testcase name="test_command_make_swagger_with_force_and_without_skeleton" file="/app/tests/Feature/Console/Commands/SwaggerMakeCommand/ApiTest.php" line="19" class="Tests\Feature\Playground\Stub\Console\Commands\SwaggerMakeCommand\ApiTest" classname="Tests.Feature.Playground.Stub.Console.Commands.SwaggerMakeCommand.ApiTest" assertions="1" time="0.037463"/>
        <testcase name="test_command_make_swagger_with_force_and_with_skeleton" file="/app/tests/Feature/Console/Commands/SwaggerMakeCommand/ApiTest.php" line="33" class="Tests\Feature\Playground\Stub\Console\Commands\SwaggerMakeCommand\ApiTest" classname="Tests.Feature.Playground.Stub.Console.Commands.SwaggerMakeCommand.ApiTest" assertions="1" time="0.036839"/>
      </testsuite>
      <testsuite name="Tests\Feature\Playground\Stub\Console\Commands\SwaggerMakeCommand\CommandTest" file="/app/tests/Feature/Console/Commands/SwaggerMakeCommand/CommandTest.php" tests="2" assertions="2" errors="0" failures="0" skipped="0" time="0.065569">
        <testcase name="test_command_without_options_or_arguments" file="/app/tests/Feature/Console/Commands/SwaggerMakeCommand/CommandTest.php" line="19" class="Tests\Feature\Playground\Stub\Console\Commands\SwaggerMakeCommand\CommandTest" classname="Tests.Feature.Playground.Stub.Console.Commands.SwaggerMakeCommand.CommandTest" assertions="1" time="0.033774"/>
        <testcase name="test_command_skeleton" file="/app/tests/Feature/Console/Commands/SwaggerMakeCommand/CommandTest.php" line="28" class="Tests\Feature\Playground\Stub\Console\Commands\SwaggerMakeCommand\CommandTest" classname="Tests.Feature.Playground.Stub.Console.Commands.SwaggerMakeCommand.CommandTest" assertions="1" time="0.031795"/>
      </testsuite>
      <testsuite name="Tests\Feature\Playground\Stub\Console\Commands\SwaggerMakeCommand\ModelTest" file="/app/tests/Feature/Console/Commands/SwaggerMakeCommand/ModelTest.php" tests="5" assertions="6" errors="0" failures="0" skipped="0" time="0.316811">
        <testcase name="test_command_make_swagger_with_force_and_without_skeleton" file="/app/tests/Feature/Console/Commands/SwaggerMakeCommand/ModelTest.php" line="19" class="Tests\Feature\Playground\Stub\Console\Commands\SwaggerMakeCommand\ModelTest" classname="Tests.Feature.Playground.Stub.Console.Commands.SwaggerMakeCommand.ModelTest" assertions="1" time="0.073592"/>
        <testcase name="test_command_make_swagger_with_force_and_with_skeleton" file="/app/tests/Feature/Console/Commands/SwaggerMakeCommand/ModelTest.php" line="34" class="Tests\Feature\Playground\Stub\Console\Commands\SwaggerMakeCommand\ModelTest" classname="Tests.Feature.Playground.Stub.Console.Commands.SwaggerMakeCommand.ModelTest" assertions="1" time="0.073932"/>
        <testcase name="test_command_make_swagger_model_with_force_and_without_skeleton" file="/app/tests/Feature/Console/Commands/SwaggerMakeCommand/ModelTest.php" line="48" class="Tests\Feature\Playground\Stub\Console\Commands\SwaggerMakeCommand\ModelTest" classname="Tests.Feature.Playground.Stub.Console.Commands.SwaggerMakeCommand.ModelTest" assertions="1" time="0.066683"/>
        <testcase name="test_command_make_swagger_model_with_force_and_with_skeleton" file="/app/tests/Feature/Console/Commands/SwaggerMakeCommand/ModelTest.php" line="62" class="Tests\Feature\Playground\Stub\Console\Commands\SwaggerMakeCommand\ModelTest" classname="Tests.Feature.Playground.Stub.Console.Commands.SwaggerMakeCommand.ModelTest" assertions="1" time="0.069503"/>
        <testcase name="test_command_make_swagger_model_without_model_file" file="/app/tests/Feature/Console/Commands/SwaggerMakeCommand/ModelTest.php" line="76" class="Tests\Feature\Playground\Stub\Console\Commands\SwaggerMakeCommand\ModelTest" classname="Tests.Feature.Playground.Stub.Console.Commands.SwaggerMakeCommand.ModelTest" assertions="2" time="0.033102"/>
      </testsuite>
      <testsuite name="Tests\Feature\Playground\Stub\Console\Commands\SwaggerMakeCommand\ResourceTest" file="/app/tests/Feature/Console/Commands/SwaggerMakeCommand/ResourceTest.php" tests="2" assertions="2" errors="0" failures="0" skipped="0" time="0.182293">
        <testcase name="test_command_make_swagger_with_force_and_without_skeleton" file="/app/tests/Feature/Console/Commands/SwaggerMakeCommand/ResourceTest.php" line="19" class="Tests\Feature\Playground\Stub\Console\Commands\SwaggerMakeCommand\ResourceTest" classname="Tests.Feature.Playground.Stub.Console.Commands.SwaggerMakeCommand.ResourceTest" assertions="1" time="0.090400"/>
        <testcase name="test_command_make_swagger_with_force_and_with_skeleton" file="/app/tests/Feature/Console/Commands/SwaggerMakeCommand/ResourceTest.php" line="33" class="Tests\Feature\Playground\Stub\Console\Commands\SwaggerMakeCommand\ResourceTest" classname="Tests.Feature.Playground.Stub.Console.Commands.SwaggerMakeCommand.ResourceTest" assertions="1" time="0.091893"/>
      </testsuite>
      <testsuite name="Tests\Feature\Playground\Stub\Console\Commands\TemplateMakeCommand\CommandTest" file="/app/tests/Feature/Console/Commands/TemplateMakeCommand/CommandTest.php" tests="2" assertions="3" errors="0" failures="0" skipped="0" time="0.065854">
        <testcase name="test_command_without_options_or_arguments" file="/app/tests/Feature/Console/Commands/TemplateMakeCommand/CommandTest.php" line="19" class="Tests\Feature\Playground\Stub\Console\Commands\TemplateMakeCommand\CommandTest" classname="Tests.Feature.Playground.Stub.Console.Commands.TemplateMakeCommand.CommandTest" assertions="2" time="0.030958"/>
        <testcase name="test_command_skeleton" file="/app/tests/Feature/Console/Commands/TemplateMakeCommand/CommandTest.php" line="29" class="Tests\Feature\Playground\Stub\Console\Commands\TemplateMakeCommand\CommandTest" classname="Tests.Feature.Playground.Stub.Console.Commands.TemplateMakeCommand.CommandTest" assertions="1" time="0.034895"/>
      </testsuite>
      <testsuite name="Tests\Feature\Playground\Stub\Console\Commands\TemplateMakeCommand\OptionsTest" file="/app/tests/Feature/Console/Commands/TemplateMakeCommand/OptionsTest.php" tests="1" assertions="1" errors="0" failures="0" skipped="0" time="0.038109">
        <testcase name="test_command_with_options" file="/app/tests/Feature/Console/Commands/TemplateMakeCommand/OptionsTest.php" line="19" class="Tests\Feature\Playground\Stub\Console\Commands\TemplateMakeCommand\OptionsTest" classname="Tests.Feature.Playground.Stub.Console.Commands.TemplateMakeCommand.OptionsTest" assertions="1" time="0.038109"/>
      </testsuite>
      <testsuite name="Tests\Feature\Playground\Stub\Console\Commands\TemplateMakeCommand\ResourceTest" file="/app/tests/Feature/Console/Commands/TemplateMakeCommand/ResourceTest.php" tests="9" assertions="10" errors="0" failures="0" skipped="0" time="0.354087">
        <testcase name="test_command_make_playground_resource_template_with_force_and_without_skeleton" file="/app/tests/Feature/Console/Commands/TemplateMakeCommand/ResourceTest.php" line="19" class="Tests\Feature\Playground\Stub\Console\Commands\TemplateMakeCommand\ResourceTest" classname="Tests.Feature.Playground.Stub.Console.Commands.TemplateMakeCommand.ResourceTest" assertions="1" time="0.042952"/>
        <testcase name="test_command_make_playground_resource_template_with_force_and_with_skeleton" file="/app/tests/Feature/Console/Commands/TemplateMakeCommand/ResourceTest.php" line="33" class="Tests\Feature\Playground\Stub\Console\Commands\TemplateMakeCommand\ResourceTest" classname="Tests.Feature.Playground.Stub.Console.Commands.TemplateMakeCommand.ResourceTest" assertions="1" time="0.044549"/>
        <testcase name="test_command_make_playground_resource_template_without_name_with_force_and_without_skeleton_without_file" file="/app/tests/Feature/Console/Commands/TemplateMakeCommand/ResourceTest.php" line="47" class="Tests\Feature\Playground\Stub\Console\Commands\TemplateMakeCommand\ResourceTest" classname="Tests.Feature.Playground.Stub.Console.Commands.TemplateMakeCommand.ResourceTest" assertions="2" time="0.031247"/>
        <testcase name="test_command_make_playground_resource_template_with_force_and_without_skeleton_without_file" file="/app/tests/Feature/Console/Commands/TemplateMakeCommand/ResourceTest.php" line="59" class="Tests\Feature\Playground\Stub\Console\Commands\TemplateMakeCommand\ResourceTest" classname="Tests.Feature.Playground.Stub.Console.Commands.TemplateMakeCommand.ResourceTest" assertions="1" time="0.047268"/>
        <testcase name="test_command_make_playground_resource_template_with_force_and_with_skeleton_without_file" file="/app/tests/Feature/Console/Commands/TemplateMakeCommand/ResourceTest.php" line="70" class="Tests\Feature\Playground\Stub\Console\Commands\TemplateMakeCommand\ResourceTest" classname="Tests.Feature.Playground.Stub.Console.Commands.TemplateMakeCommand.ResourceTest" assertions="1" time="0.041409"/>
        <testcase name="test_command_make_playground_resource_index_template_with_force_and_without_skeleton" file="/app/tests/Feature/Console/Commands/TemplateMakeCommand/ResourceTest.php" line="81" class="Tests\Feature\Playground\Stub\Console\Commands\TemplateMakeCommand\ResourceTest" classname="Tests.Feature.Playground.Stub.Console.Commands.TemplateMakeCommand.ResourceTest" assertions="1" time="0.037764"/>
        <testcase name="test_command_make_playground_resource_index_template_with_force_and_with_skeleton" file="/app/tests/Feature/Console/Commands/TemplateMakeCommand/ResourceTest.php" line="95" class="Tests\Feature\Playground\Stub\Console\Commands\TemplateMakeCommand\ResourceTest" classname="Tests.Feature.Playground.Stub.Console.Commands.TemplateMakeCommand.ResourceTest" assertions="1" time="0.037370"/>
        <testcase name="test_command_make_playground_resource_index_template_with_force_and_without_skeleton_without_file" file="/app/tests/Feature/Console/Commands/TemplateMakeCommand/ResourceTest.php" line="109" class="Tests\Feature\Playground\Stub\Console\Commands\TemplateMakeCommand\ResourceTest" classname="Tests.Feature.Playground.Stub.Console.Commands.TemplateMakeCommand.ResourceTest" assertions="1" time="0.035676"/>
        <testcase name="test_command_make_playground_resource_index_template_with_force_and_with_skeleton_without_file" file="/app/tests/Feature/Console/Commands/TemplateMakeCommand/ResourceTest.php" line="120" class="Tests\Feature\Playground\Stub\Console\Commands\TemplateMakeCommand\ResourceTest" classname="Tests.Feature.Playground.Stub.Console.Commands.TemplateMakeCommand.ResourceTest" assertions="1" time="0.035853"/>
      </testsuite>
      <testsuite name="Tests\Feature\Playground\Stub\Console\Commands\TemplateMakeCommand\SiteTest" file="/app/tests/Feature/Console/Commands/TemplateMakeCommand/SiteTest.php" tests="8" assertions="8" errors="0" failures="0" skipped="0" time="0.288595">
        <testcase name="test_command_make_site_template_with_force_and_without_skeleton" file="/app/tests/Feature/Console/Commands/TemplateMakeCommand/SiteTest.php" line="19" class="Tests\Feature\Playground\Stub\Console\Commands\TemplateMakeCommand\SiteTest" classname="Tests.Feature.Playground.Stub.Console.Commands.TemplateMakeCommand.SiteTest" assertions="1" time="0.035692"/>
        <testcase name="test_command_make_site_template_with_force_and_with_skeleton" file="/app/tests/Feature/Console/Commands/TemplateMakeCommand/SiteTest.php" line="33" class="Tests\Feature\Playground\Stub\Console\Commands\TemplateMakeCommand\SiteTest" classname="Tests.Feature.Playground.Stub.Console.Commands.TemplateMakeCommand.SiteTest" assertions="1" time="0.035747"/>
        <testcase name="test_command_make_site_template_with_force_and_without_skeleton_without_file" file="/app/tests/Feature/Console/Commands/TemplateMakeCommand/SiteTest.php" line="47" class="Tests\Feature\Playground\Stub\Console\Commands\TemplateMakeCommand\SiteTest" classname="Tests.Feature.Playground.Stub.Console.Commands.TemplateMakeCommand.SiteTest" assertions="1" time="0.034976"/>
        <testcase name="test_command_make_site_template_with_force_and_with_skeleton_without_file" file="/app/tests/Feature/Console/Commands/TemplateMakeCommand/SiteTest.php" line="58" class="Tests\Feature\Playground\Stub\Console\Commands\TemplateMakeCommand\SiteTest" classname="Tests.Feature.Playground.Stub.Console.Commands.TemplateMakeCommand.SiteTest" assertions="1" time="0.036741"/>
        <testcase name="test_command_make_playground_template_with_force_and_without_skeleton" file="/app/tests/Feature/Console/Commands/TemplateMakeCommand/SiteTest.php" line="69" class="Tests\Feature\Playground\Stub\Console\Commands\TemplateMakeCommand\SiteTest" classname="Tests.Feature.Playground.Stub.Console.Commands.TemplateMakeCommand.SiteTest" assertions="1" time="0.036472"/>
        <testcase name="test_command_make_playground_template_with_force_and_with_skeleton" file="/app/tests/Feature/Console/Commands/TemplateMakeCommand/SiteTest.php" line="83" class="Tests\Feature\Playground\Stub\Console\Commands\TemplateMakeCommand\SiteTest" classname="Tests.Feature.Playground.Stub.Console.Commands.TemplateMakeCommand.SiteTest" assertions="1" time="0.036968"/>
        <testcase name="test_command_make_playground_template_with_force_and_without_skeleton_without_file" file="/app/tests/Feature/Console/Commands/TemplateMakeCommand/SiteTest.php" line="97" class="Tests\Feature\Playground\Stub\Console\Commands\TemplateMakeCommand\SiteTest" classname="Tests.Feature.Playground.Stub.Console.Commands.TemplateMakeCommand.SiteTest" assertions="1" time="0.036053"/>
        <testcase name="test_command_make_playground_template_with_force_and_with_skeleton_without_file" file="/app/tests/Feature/Console/Commands/TemplateMakeCommand/SiteTest.php" line="108" class="Tests\Feature\Playground\Stub\Console\Commands\TemplateMakeCommand\SiteTest" classname="Tests.Feature.Playground.Stub.Console.Commands.TemplateMakeCommand.SiteTest" assertions="1" time="0.035947"/>
      </testsuite>
      <testsuite name="Tests\Feature\Playground\Stub\Console\Commands\TestMakeCommand\CommandTest" file="/app/tests/Feature/Console/Commands/TestMakeCommand/CommandTest.php" tests="2" assertions="3" errors="0" failures="0" skipped="0" time="0.065437">
        <testcase name="test_command_without_options_or_arguments" file="/app/tests/Feature/Console/Commands/TestMakeCommand/CommandTest.php" line="19" class="Tests\Feature\Playground\Stub\Console\Commands\TestMakeCommand\CommandTest" classname="Tests.Feature.Playground.Stub.Console.Commands.TestMakeCommand.CommandTest" assertions="2" time="0.031152"/>
        <testcase name="test_command_skeleton" file="/app/tests/Feature/Console/Commands/TestMakeCommand/CommandTest.php" line="29" class="Tests\Feature\Playground\Stub\Console\Commands\TestMakeCommand\CommandTest" classname="Tests.Feature.Playground.Stub.Console.Commands.TestMakeCommand.CommandTest" assertions="1" time="0.034285"/>
      </testsuite>
      <testsuite name="Tests\Feature\Playground\Stub\Console\Commands\TestMakeCommand\ModelTest" file="/app/tests/Feature/Console/Commands/TestMakeCommand/ModelTest.php" tests="4" assertions="4" errors="0" failures="0" skipped="0" time="0.157869">
        <testcase name="test_command_make_test_with_force_and_without_skeleton" file="/app/tests/Feature/Console/Commands/TestMakeCommand/ModelTest.php" line="19" class="Tests\Feature\Playground\Stub\Console\Commands\TestMakeCommand\ModelTest" classname="Tests.Feature.Playground.Stub.Console.Commands.TestMakeCommand.ModelTest" assertions="1" time="0.039089"/>
        <testcase name="test_command_make_test_with_force_and_with_skeleton" file="/app/tests/Feature/Console/Commands/TestMakeCommand/ModelTest.php" line="33" class="Tests\Feature\Playground\Stub\Console\Commands\TestMakeCommand\ModelTest" classname="Tests.Feature.Playground.Stub.Console.Commands.TestMakeCommand.ModelTest" assertions="1" time="0.038731"/>
        <testcase name="test_command_make_playground_model_api_with_force" file="/app/tests/Feature/Console/Commands/TestMakeCommand/ModelTest.php" line="47" class="Tests\Feature\Playground\Stub\Console\Commands\TestMakeCommand\ModelTest" classname="Tests.Feature.Playground.Stub.Console.Commands.TestMakeCommand.ModelTest" assertions="1" time="0.040551"/>
        <testcase name="test_command_make_playground_model_resource_with_force" file="/app/tests/Feature/Console/Commands/TestMakeCommand/ModelTest.php" line="61" class="Tests\Feature\Playground\Stub\Console\Commands\TestMakeCommand\ModelTest" classname="Tests.Feature.Playground.Stub.Console.Commands.TestMakeCommand.ModelTest" assertions="1" time="0.039497"/>
      </testsuite>
    </testsuite>
  </testsuite>
</testsuites>
